[0.069s] DEBUG:colcon:Command line arguments: ['/usr/bin/colcon', 'build']
[0.069s] DEBUG:colcon:Parsed command line arguments: Namespace(log_base=None, log_level=None, verb_name='build', build_base='build', install_base='install', merge_install=False, symlink_install=False, test_result_base=None, continue_on_error=False, executor='parallel', parallel_workers=24, event_handlers=None, ignore_user_meta=False, metas=['./colcon.meta'], base_paths=['.'], packages_ignore=None, packages_ignore_regex=None, paths=None, packages_up_to=None, packages_up_to_regex=None, packages_above=None, packages_above_and_dependencies=None, packages_above_depth=None, packages_select_by_dep=None, packages_skip_by_dep=None, packages_skip_up_to=None, packages_select_build_failed=False, packages_skip_build_finished=False, packages_select_test_failures=False, packages_skip_test_passed=False, packages_select=None, packages_skip=None, packages_select_regex=None, packages_skip_regex=None, packages_start=None, packages_end=None, allow_overriding=[], cmake_args=None, cmake_target=None, cmake_target_skip_unavailable=False, cmake_clean_cache=False, cmake_clean_first=False, cmake_force_configure=False, ament_cmake_args=None, catkin_cmake_args=None, catkin_skip_building_tests=False, mixin_files=None, mixin=None, verb_parser=<colcon_mixin.mixin.mixin_argument.MixinArgumentDecorator object at 0x71de2906bac0>, verb_extension=<colcon_core.verb.build.BuildVerb object at 0x71de291aca00>, main=<bound method BuildVerb.main of <colcon_core.verb.build.BuildVerb object at 0x71de291aca00>>, mixin_verb=('build',))
[0.185s] Level 1:colcon.colcon_core.package_discovery:discover_packages(colcon_meta) check parameters
[0.185s] Level 1:colcon.colcon_core.package_discovery:discover_packages(recursive) check parameters
[0.185s] Level 1:colcon.colcon_core.package_discovery:discover_packages(ignore) check parameters
[0.185s] Level 1:colcon.colcon_core.package_discovery:discover_packages(path) check parameters
[0.185s] Level 1:colcon.colcon_core.package_discovery:discover_packages(colcon_meta) discover
[0.185s] Level 1:colcon.colcon_core.package_discovery:discover_packages(recursive) discover
[0.185s] INFO:colcon.colcon_core.package_discovery:Crawling recursively for packages in '/home/raz/tehiru/Tehiru-Homework-assignment/drone_ws'
[0.185s] Level 1:colcon.colcon_core.package_identification:_identify(.) by extensions ['ignore', 'ignore_ament_install']
[0.185s] Level 1:colcon.colcon_core.package_identification:_identify(.) by extension 'ignore'
[0.185s] Level 1:colcon.colcon_core.package_identification:_identify(.) by extension 'ignore_ament_install'
[0.185s] Level 1:colcon.colcon_core.package_identification:_identify(.) by extensions ['colcon_pkg']
[0.185s] Level 1:colcon.colcon_core.package_identification:_identify(.) by extension 'colcon_pkg'
[0.185s] Level 1:colcon.colcon_core.package_identification:_identify(.) by extensions ['colcon_meta']
[0.185s] Level 1:colcon.colcon_core.package_identification:_identify(.) by extension 'colcon_meta'
[0.185s] Level 1:colcon.colcon_core.package_identification:_identify(.) by extensions ['ros']
[0.185s] Level 1:colcon.colcon_core.package_identification:_identify(.) by extension 'ros'
[0.197s] Level 1:colcon.colcon_core.package_identification:_identify(.) by extensions ['cmake', 'python']
[0.197s] Level 1:colcon.colcon_core.package_identification:_identify(.) by extension 'cmake'
[0.197s] Level 1:colcon.colcon_core.package_identification:_identify(.) by extension 'python'
[0.197s] Level 1:colcon.colcon_core.package_identification:_identify(.) by extensions ['python_setup_py']
[0.198s] Level 1:colcon.colcon_core.package_identification:_identify(.) by extension 'python_setup_py'
[0.198s] Level 1:colcon.colcon_core.package_identification:_identify(build) by extensions ['ignore', 'ignore_ament_install']
[0.198s] Level 1:colcon.colcon_core.package_identification:_identify(build) by extension 'ignore'
[0.198s] Level 1:colcon.colcon_core.package_identification:_identify(build) ignored
[0.198s] Level 1:colcon.colcon_core.package_identification:_identify(install) by extensions ['ignore', 'ignore_ament_install']
[0.198s] Level 1:colcon.colcon_core.package_identification:_identify(install) by extension 'ignore'
[0.198s] Level 1:colcon.colcon_core.package_identification:_identify(install) ignored
[0.198s] Level 1:colcon.colcon_core.package_identification:_identify(log) by extensions ['ignore', 'ignore_ament_install']
[0.198s] Level 1:colcon.colcon_core.package_identification:_identify(log) by extension 'ignore'
[0.198s] Level 1:colcon.colcon_core.package_identification:_identify(log) ignored
[0.198s] Level 1:colcon.colcon_core.package_identification:_identify(src) by extensions ['ignore', 'ignore_ament_install']
[0.198s] Level 1:colcon.colcon_core.package_identification:_identify(src) by extension 'ignore'
[0.198s] Level 1:colcon.colcon_core.package_identification:_identify(src) by extension 'ignore_ament_install'
[0.198s] Level 1:colcon.colcon_core.package_identification:_identify(src) by extensions ['colcon_pkg']
[0.198s] Level 1:colcon.colcon_core.package_identification:_identify(src) by extension 'colcon_pkg'
[0.198s] Level 1:colcon.colcon_core.package_identification:_identify(src) by extensions ['colcon_meta']
[0.198s] Level 1:colcon.colcon_core.package_identification:_identify(src) by extension 'colcon_meta'
[0.198s] Level 1:colcon.colcon_core.package_identification:_identify(src) by extensions ['ros']
[0.198s] Level 1:colcon.colcon_core.package_identification:_identify(src) by extension 'ros'
[0.198s] Level 1:colcon.colcon_core.package_identification:_identify(src) by extensions ['cmake', 'python']
[0.198s] Level 1:colcon.colcon_core.package_identification:_identify(src) by extension 'cmake'
[0.198s] Level 1:colcon.colcon_core.package_identification:_identify(src) by extension 'python'
[0.198s] Level 1:colcon.colcon_core.package_identification:_identify(src) by extensions ['python_setup_py']
[0.198s] Level 1:colcon.colcon_core.package_identification:_identify(src) by extension 'python_setup_py'
[0.198s] Level 1:colcon.colcon_core.package_identification:_identify(src/liftoff_interface) by extensions ['ignore', 'ignore_ament_install']
[0.198s] Level 1:colcon.colcon_core.package_identification:_identify(src/liftoff_interface) by extension 'ignore'
[0.198s] Level 1:colcon.colcon_core.package_identification:_identify(src/liftoff_interface) by extension 'ignore_ament_install'
[0.199s] Level 1:colcon.colcon_core.package_identification:_identify(src/liftoff_interface) by extensions ['colcon_pkg']
[0.199s] Level 1:colcon.colcon_core.package_identification:_identify(src/liftoff_interface) by extension 'colcon_pkg'
[0.199s] Level 1:colcon.colcon_core.package_identification:_identify(src/liftoff_interface) by extensions ['colcon_meta']
[0.199s] Level 1:colcon.colcon_core.package_identification:_identify(src/liftoff_interface) by extension 'colcon_meta'
[0.199s] Level 1:colcon.colcon_core.package_identification:_identify(src/liftoff_interface) by extensions ['ros']
[0.199s] Level 1:colcon.colcon_core.package_identification:_identify(src/liftoff_interface) by extension 'ros'
[0.200s] DEBUG:colcon.colcon_core.package_identification:Package 'src/liftoff_interface' with type 'ros.ament_python' and name 'liftoff_interface'
[0.201s] Level 1:colcon.colcon_core.package_identification:_identify(src/liftoff_telemetry) by extensions ['ignore', 'ignore_ament_install']
[0.201s] Level 1:colcon.colcon_core.package_identification:_identify(src/liftoff_telemetry) by extension 'ignore'
[0.201s] Level 1:colcon.colcon_core.package_identification:_identify(src/liftoff_telemetry) by extension 'ignore_ament_install'
[0.201s] Level 1:colcon.colcon_core.package_identification:_identify(src/liftoff_telemetry) by extensions ['colcon_pkg']
[0.201s] Level 1:colcon.colcon_core.package_identification:_identify(src/liftoff_telemetry) by extension 'colcon_pkg'
[0.201s] Level 1:colcon.colcon_core.package_identification:_identify(src/liftoff_telemetry) by extensions ['colcon_meta']
[0.201s] Level 1:colcon.colcon_core.package_identification:_identify(src/liftoff_telemetry) by extension 'colcon_meta'
[0.201s] Level 1:colcon.colcon_core.package_identification:_identify(src/liftoff_telemetry) by extensions ['ros']
[0.201s] Level 1:colcon.colcon_core.package_identification:_identify(src/liftoff_telemetry) by extension 'ros'
[0.201s] DEBUG:colcon.colcon_core.package_identification:Package 'src/liftoff_telemetry' with type 'ros.ament_python' and name 'liftoff_telemetry'
[0.202s] Level 1:colcon.colcon_core.package_identification:_identify(src/liftoff_utils) by extensions ['ignore', 'ignore_ament_install']
[0.202s] Level 1:colcon.colcon_core.package_identification:_identify(src/liftoff_utils) by extension 'ignore'
[0.202s] Level 1:colcon.colcon_core.package_identification:_identify(src/liftoff_utils) by extension 'ignore_ament_install'
[0.202s] Level 1:colcon.colcon_core.package_identification:_identify(src/liftoff_utils) by extensions ['colcon_pkg']
[0.202s] Level 1:colcon.colcon_core.package_identification:_identify(src/liftoff_utils) by extension 'colcon_pkg'
[0.202s] Level 1:colcon.colcon_core.package_identification:_identify(src/liftoff_utils) by extensions ['colcon_meta']
[0.202s] Level 1:colcon.colcon_core.package_identification:_identify(src/liftoff_utils) by extension 'colcon_meta'
[0.202s] Level 1:colcon.colcon_core.package_identification:_identify(src/liftoff_utils) by extensions ['ros']
[0.202s] Level 1:colcon.colcon_core.package_identification:_identify(src/liftoff_utils) by extension 'ros'
[0.202s] DEBUG:colcon.colcon_core.package_identification:Package 'src/liftoff_utils' with type 'ros.ament_cmake' and name 'liftoff_utils'
[0.202s] Level 1:colcon.colcon_core.package_identification:_identify(src/virtual_controller) by extensions ['ignore', 'ignore_ament_install']
[0.202s] Level 1:colcon.colcon_core.package_identification:_identify(src/virtual_controller) by extension 'ignore'
[0.203s] Level 1:colcon.colcon_core.package_identification:_identify(src/virtual_controller) by extension 'ignore_ament_install'
[0.203s] Level 1:colcon.colcon_core.package_identification:_identify(src/virtual_controller) by extensions ['colcon_pkg']
[0.203s] Level 1:colcon.colcon_core.package_identification:_identify(src/virtual_controller) by extension 'colcon_pkg'
[0.203s] Level 1:colcon.colcon_core.package_identification:_identify(src/virtual_controller) by extensions ['colcon_meta']
[0.203s] Level 1:colcon.colcon_core.package_identification:_identify(src/virtual_controller) by extension 'colcon_meta'
[0.203s] Level 1:colcon.colcon_core.package_identification:_identify(src/virtual_controller) by extensions ['ros']
[0.203s] Level 1:colcon.colcon_core.package_identification:_identify(src/virtual_controller) by extension 'ros'
[0.203s] DEBUG:colcon.colcon_core.package_identification:Package 'src/virtual_controller' with type 'ros.ament_python' and name 'virtual_controller'
[0.203s] Level 1:colcon.colcon_core.package_identification:_identify(src/virtual_ps_controller) by extensions ['ignore', 'ignore_ament_install']
[0.203s] Level 1:colcon.colcon_core.package_identification:_identify(src/virtual_ps_controller) by extension 'ignore'
[0.203s] Level 1:colcon.colcon_core.package_identification:_identify(src/virtual_ps_controller) by extension 'ignore_ament_install'
[0.203s] Level 1:colcon.colcon_core.package_identification:_identify(src/virtual_ps_controller) by extensions ['colcon_pkg']
[0.203s] Level 1:colcon.colcon_core.package_identification:_identify(src/virtual_ps_controller) by extension 'colcon_pkg'
[0.203s] Level 1:colcon.colcon_core.package_identification:_identify(src/virtual_ps_controller) by extensions ['colcon_meta']
[0.203s] Level 1:colcon.colcon_core.package_identification:_identify(src/virtual_ps_controller) by extension 'colcon_meta'
[0.203s] Level 1:colcon.colcon_core.package_identification:_identify(src/virtual_ps_controller) by extensions ['ros']
[0.203s] Level 1:colcon.colcon_core.package_identification:_identify(src/virtual_ps_controller) by extension 'ros'
[0.204s] DEBUG:colcon.colcon_core.package_identification:Package 'src/virtual_ps_controller' with type 'ros.ament_cmake' and name 'virtual_ps_controller'
[0.204s] Level 1:colcon.colcon_core.package_discovery:discover_packages(recursive) using defaults
[0.204s] Level 1:colcon.colcon_core.package_discovery:discover_packages(ignore) discover
[0.204s] Level 1:colcon.colcon_core.package_discovery:discover_packages(ignore) using defaults
[0.204s] Level 1:colcon.colcon_core.package_discovery:discover_packages(path) discover
[0.204s] Level 1:colcon.colcon_core.package_discovery:discover_packages(path) using defaults
[0.218s] Level 1:colcon.colcon_core.package_discovery:discover_packages(prefix_path) check parameters
[0.218s] Level 1:colcon.colcon_core.package_discovery:discover_packages(prefix_path) discover
[0.219s] DEBUG:colcon.colcon_installed_package_information.package_discovery:Found 5 installed packages in /home/raz/tehiru/Tehiru-Homework-assignment/drone_ws/install
[0.220s] DEBUG:colcon.colcon_installed_package_information.package_discovery:Found 462 installed packages in /opt/ros/humble
[0.221s] Level 1:colcon.colcon_core.package_discovery:discover_packages(prefix_path) using defaults
[0.253s] Level 5:colcon.colcon_core.verb:set package 'liftoff_interface' build argument 'cmake_args' from command line to 'None'
[0.253s] Level 5:colcon.colcon_core.verb:set package 'liftoff_interface' build argument 'cmake_target' from command line to 'None'
[0.253s] Level 5:colcon.colcon_core.verb:set package 'liftoff_interface' build argument 'cmake_target_skip_unavailable' from command line to 'False'
[0.253s] Level 5:colcon.colcon_core.verb:set package 'liftoff_interface' build argument 'cmake_clean_cache' from command line to 'False'
[0.253s] Level 5:colcon.colcon_core.verb:set package 'liftoff_interface' build argument 'cmake_clean_first' from command line to 'False'
[0.253s] Level 5:colcon.colcon_core.verb:set package 'liftoff_interface' build argument 'cmake_force_configure' from command line to 'False'
[0.253s] Level 5:colcon.colcon_core.verb:set package 'liftoff_interface' build argument 'ament_cmake_args' from command line to 'None'
[0.253s] Level 5:colcon.colcon_core.verb:set package 'liftoff_interface' build argument 'catkin_cmake_args' from command line to 'None'
[0.253s] Level 5:colcon.colcon_core.verb:set package 'liftoff_interface' build argument 'catkin_skip_building_tests' from command line to 'False'
[0.253s] DEBUG:colcon.colcon_core.verb:Building package 'liftoff_interface' with the following arguments: {'ament_cmake_args': None, 'build_base': '/home/raz/tehiru/Tehiru-Homework-assignment/drone_ws/build/liftoff_interface', 'catkin_cmake_args': None, 'catkin_skip_building_tests': False, 'cmake_args': None, 'cmake_clean_cache': False, 'cmake_clean_first': False, 'cmake_force_configure': False, 'cmake_target': None, 'cmake_target_skip_unavailable': False, 'install_base': '/home/raz/tehiru/Tehiru-Homework-assignment/drone_ws/install/liftoff_interface', 'merge_install': False, 'path': '/home/raz/tehiru/Tehiru-Homework-assignment/drone_ws/src/liftoff_interface', 'symlink_install': False, 'test_result_base': None}
[0.253s] Level 5:colcon.colcon_core.verb:set package 'liftoff_telemetry' build argument 'cmake_args' from command line to 'None'
[0.253s] Level 5:colcon.colcon_core.verb:set package 'liftoff_telemetry' build argument 'cmake_target' from command line to 'None'
[0.253s] Level 5:colcon.colcon_core.verb:set package 'liftoff_telemetry' build argument 'cmake_target_skip_unavailable' from command line to 'False'
[0.253s] Level 5:colcon.colcon_core.verb:set package 'liftoff_telemetry' build argument 'cmake_clean_cache' from command line to 'False'
[0.253s] Level 5:colcon.colcon_core.verb:set package 'liftoff_telemetry' build argument 'cmake_clean_first' from command line to 'False'
[0.253s] Level 5:colcon.colcon_core.verb:set package 'liftoff_telemetry' build argument 'cmake_force_configure' from command line to 'False'
[0.253s] Level 5:colcon.colcon_core.verb:set package 'liftoff_telemetry' build argument 'ament_cmake_args' from command line to 'None'
[0.253s] Level 5:colcon.colcon_core.verb:set package 'liftoff_telemetry' build argument 'catkin_cmake_args' from command line to 'None'
[0.253s] Level 5:colcon.colcon_core.verb:set package 'liftoff_telemetry' build argument 'catkin_skip_building_tests' from command line to 'False'
[0.253s] DEBUG:colcon.colcon_core.verb:Building package 'liftoff_telemetry' with the following arguments: {'ament_cmake_args': None, 'build_base': '/home/raz/tehiru/Tehiru-Homework-assignment/drone_ws/build/liftoff_telemetry', 'catkin_cmake_args': None, 'catkin_skip_building_tests': False, 'cmake_args': None, 'cmake_clean_cache': False, 'cmake_clean_first': False, 'cmake_force_configure': False, 'cmake_target': None, 'cmake_target_skip_unavailable': False, 'install_base': '/home/raz/tehiru/Tehiru-Homework-assignment/drone_ws/install/liftoff_telemetry', 'merge_install': False, 'path': '/home/raz/tehiru/Tehiru-Homework-assignment/drone_ws/src/liftoff_telemetry', 'symlink_install': False, 'test_result_base': None}
[0.254s] Level 5:colcon.colcon_core.verb:set package 'liftoff_utils' build argument 'cmake_args' from command line to 'None'
[0.254s] Level 5:colcon.colcon_core.verb:set package 'liftoff_utils' build argument 'cmake_target' from command line to 'None'
[0.254s] Level 5:colcon.colcon_core.verb:set package 'liftoff_utils' build argument 'cmake_target_skip_unavailable' from command line to 'False'
[0.254s] Level 5:colcon.colcon_core.verb:set package 'liftoff_utils' build argument 'cmake_clean_cache' from command line to 'False'
[0.254s] Level 5:colcon.colcon_core.verb:set package 'liftoff_utils' build argument 'cmake_clean_first' from command line to 'False'
[0.254s] Level 5:colcon.colcon_core.verb:set package 'liftoff_utils' build argument 'cmake_force_configure' from command line to 'False'
[0.254s] Level 5:colcon.colcon_core.verb:set package 'liftoff_utils' build argument 'ament_cmake_args' from command line to 'None'
[0.254s] Level 5:colcon.colcon_core.verb:set package 'liftoff_utils' build argument 'catkin_cmake_args' from command line to 'None'
[0.254s] Level 5:colcon.colcon_core.verb:set package 'liftoff_utils' build argument 'catkin_skip_building_tests' from command line to 'False'
[0.254s] DEBUG:colcon.colcon_core.verb:Building package 'liftoff_utils' with the following arguments: {'ament_cmake_args': None, 'build_base': '/home/raz/tehiru/Tehiru-Homework-assignment/drone_ws/build/liftoff_utils', 'catkin_cmake_args': None, 'catkin_skip_building_tests': False, 'cmake_args': None, 'cmake_clean_cache': False, 'cmake_clean_first': False, 'cmake_force_configure': False, 'cmake_target': None, 'cmake_target_skip_unavailable': False, 'install_base': '/home/raz/tehiru/Tehiru-Homework-assignment/drone_ws/install/liftoff_utils', 'merge_install': False, 'path': '/home/raz/tehiru/Tehiru-Homework-assignment/drone_ws/src/liftoff_utils', 'symlink_install': False, 'test_result_base': None}
[0.254s] Level 5:colcon.colcon_core.verb:set package 'virtual_controller' build argument 'cmake_args' from command line to 'None'
[0.254s] Level 5:colcon.colcon_core.verb:set package 'virtual_controller' build argument 'cmake_target' from command line to 'None'
[0.254s] Level 5:colcon.colcon_core.verb:set package 'virtual_controller' build argument 'cmake_target_skip_unavailable' from command line to 'False'
[0.254s] Level 5:colcon.colcon_core.verb:set package 'virtual_controller' build argument 'cmake_clean_cache' from command line to 'False'
[0.254s] Level 5:colcon.colcon_core.verb:set package 'virtual_controller' build argument 'cmake_clean_first' from command line to 'False'
[0.254s] Level 5:colcon.colcon_core.verb:set package 'virtual_controller' build argument 'cmake_force_configure' from command line to 'False'
[0.254s] Level 5:colcon.colcon_core.verb:set package 'virtual_controller' build argument 'ament_cmake_args' from command line to 'None'
[0.254s] Level 5:colcon.colcon_core.verb:set package 'virtual_controller' build argument 'catkin_cmake_args' from command line to 'None'
[0.254s] Level 5:colcon.colcon_core.verb:set package 'virtual_controller' build argument 'catkin_skip_building_tests' from command line to 'False'
[0.254s] DEBUG:colcon.colcon_core.verb:Building package 'virtual_controller' with the following arguments: {'ament_cmake_args': None, 'build_base': '/home/raz/tehiru/Tehiru-Homework-assignment/drone_ws/build/virtual_controller', 'catkin_cmake_args': None, 'catkin_skip_building_tests': False, 'cmake_args': None, 'cmake_clean_cache': False, 'cmake_clean_first': False, 'cmake_force_configure': False, 'cmake_target': None, 'cmake_target_skip_unavailable': False, 'install_base': '/home/raz/tehiru/Tehiru-Homework-assignment/drone_ws/install/virtual_controller', 'merge_install': False, 'path': '/home/raz/tehiru/Tehiru-Homework-assignment/drone_ws/src/virtual_controller', 'symlink_install': False, 'test_result_base': None}
[0.254s] Level 5:colcon.colcon_core.verb:set package 'virtual_ps_controller' build argument 'cmake_args' from command line to 'None'
[0.254s] Level 5:colcon.colcon_core.verb:set package 'virtual_ps_controller' build argument 'cmake_target' from command line to 'None'
[0.254s] Level 5:colcon.colcon_core.verb:set package 'virtual_ps_controller' build argument 'cmake_target_skip_unavailable' from command line to 'False'
[0.254s] Level 5:colcon.colcon_core.verb:set package 'virtual_ps_controller' build argument 'cmake_clean_cache' from command line to 'False'
[0.254s] Level 5:colcon.colcon_core.verb:set package 'virtual_ps_controller' build argument 'cmake_clean_first' from command line to 'False'
[0.254s] Level 5:colcon.colcon_core.verb:set package 'virtual_ps_controller' build argument 'cmake_force_configure' from command line to 'False'
[0.254s] Level 5:colcon.colcon_core.verb:set package 'virtual_ps_controller' build argument 'ament_cmake_args' from command line to 'None'
[0.254s] Level 5:colcon.colcon_core.verb:set package 'virtual_ps_controller' build argument 'catkin_cmake_args' from command line to 'None'
[0.254s] Level 5:colcon.colcon_core.verb:set package 'virtual_ps_controller' build argument 'catkin_skip_building_tests' from command line to 'False'
[0.254s] DEBUG:colcon.colcon_core.verb:Building package 'virtual_ps_controller' with the following arguments: {'ament_cmake_args': None, 'build_base': '/home/raz/tehiru/Tehiru-Homework-assignment/drone_ws/build/virtual_ps_controller', 'catkin_cmake_args': None, 'catkin_skip_building_tests': False, 'cmake_args': None, 'cmake_clean_cache': False, 'cmake_clean_first': False, 'cmake_force_configure': False, 'cmake_target': None, 'cmake_target_skip_unavailable': False, 'install_base': '/home/raz/tehiru/Tehiru-Homework-assignment/drone_ws/install/virtual_ps_controller', 'merge_install': False, 'path': '/home/raz/tehiru/Tehiru-Homework-assignment/drone_ws/src/virtual_ps_controller', 'symlink_install': False, 'test_result_base': None}
[0.254s] INFO:colcon.colcon_core.executor:Executing jobs using 'parallel' executor
[0.255s] DEBUG:colcon.colcon_parallel_executor.executor.parallel:run_until_complete
[0.255s] INFO:colcon.colcon_ros.task.ament_python.build:Building ROS package in '/home/raz/tehiru/Tehiru-Homework-assignment/drone_ws/src/liftoff_interface' with build type 'ament_python'
[0.256s] Level 1:colcon.colcon_core.shell:create_environment_hook('liftoff_interface', 'ament_prefix_path')
[0.257s] INFO:colcon.colcon_core.plugin_system:Skipping extension 'colcon_core.shell.bat': Not used on non-Windows systems
[0.257s] INFO:colcon.colcon_core.shell:Creating environment hook '/home/raz/tehiru/Tehiru-Homework-assignment/drone_ws/install/liftoff_interface/share/liftoff_interface/hook/ament_prefix_path.ps1'
[0.258s] INFO:colcon.colcon_core.shell:Creating environment descriptor '/home/raz/tehiru/Tehiru-Homework-assignment/drone_ws/install/liftoff_interface/share/liftoff_interface/hook/ament_prefix_path.dsv'
[0.258s] INFO:colcon.colcon_core.shell:Creating environment hook '/home/raz/tehiru/Tehiru-Homework-assignment/drone_ws/install/liftoff_interface/share/liftoff_interface/hook/ament_prefix_path.sh'
[0.258s] INFO:colcon.colcon_core.shell:Skip shell extension 'powershell' for command environment: Not usable outside of PowerShell
[0.258s] DEBUG:colcon.colcon_core.shell:Skip shell extension 'dsv' for command environment
[0.261s] INFO:colcon.colcon_ros.task.ament_python.build:Building ROS package in '/home/raz/tehiru/Tehiru-Homework-assignment/drone_ws/src/liftoff_telemetry' with build type 'ament_python'
[0.261s] Level 1:colcon.colcon_core.shell:create_environment_hook('liftoff_telemetry', 'ament_prefix_path')
[0.261s] INFO:colcon.colcon_core.shell:Creating environment hook '/home/raz/tehiru/Tehiru-Homework-assignment/drone_ws/install/liftoff_telemetry/share/liftoff_telemetry/hook/ament_prefix_path.ps1'
[0.261s] INFO:colcon.colcon_core.shell:Creating environment descriptor '/home/raz/tehiru/Tehiru-Homework-assignment/drone_ws/install/liftoff_telemetry/share/liftoff_telemetry/hook/ament_prefix_path.dsv'
[0.261s] INFO:colcon.colcon_core.shell:Creating environment hook '/home/raz/tehiru/Tehiru-Homework-assignment/drone_ws/install/liftoff_telemetry/share/liftoff_telemetry/hook/ament_prefix_path.sh'
[0.262s] INFO:colcon.colcon_core.shell:Skip shell extension 'powershell' for command environment: Not usable outside of PowerShell
[0.262s] DEBUG:colcon.colcon_core.shell:Skip shell extension 'dsv' for command environment
[0.264s] INFO:colcon.colcon_ros.task.ament_cmake.build:Building ROS package in '/home/raz/tehiru/Tehiru-Homework-assignment/drone_ws/src/liftoff_utils' with build type 'ament_cmake'
[0.264s] INFO:colcon.colcon_cmake.task.cmake.build:Building CMake package in '/home/raz/tehiru/Tehiru-Homework-assignment/drone_ws/src/liftoff_utils'
[0.264s] INFO:colcon.colcon_core.shell:Skip shell extension 'powershell' for command environment: Not usable outside of PowerShell
[0.264s] DEBUG:colcon.colcon_core.shell:Skip shell extension 'dsv' for command environment
[0.266s] INFO:colcon.colcon_ros.task.ament_python.build:Building ROS package in '/home/raz/tehiru/Tehiru-Homework-assignment/drone_ws/src/virtual_controller' with build type 'ament_python'
[0.266s] Level 1:colcon.colcon_core.shell:create_environment_hook('virtual_controller', 'ament_prefix_path')
[0.267s] INFO:colcon.colcon_core.shell:Creating environment hook '/home/raz/tehiru/Tehiru-Homework-assignment/drone_ws/install/virtual_controller/share/virtual_controller/hook/ament_prefix_path.ps1'
[0.267s] INFO:colcon.colcon_core.shell:Creating environment descriptor '/home/raz/tehiru/Tehiru-Homework-assignment/drone_ws/install/virtual_controller/share/virtual_controller/hook/ament_prefix_path.dsv'
[0.267s] INFO:colcon.colcon_core.shell:Creating environment hook '/home/raz/tehiru/Tehiru-Homework-assignment/drone_ws/install/virtual_controller/share/virtual_controller/hook/ament_prefix_path.sh'
[0.267s] INFO:colcon.colcon_core.shell:Skip shell extension 'powershell' for command environment: Not usable outside of PowerShell
[0.267s] DEBUG:colcon.colcon_core.shell:Skip shell extension 'dsv' for command environment
[0.270s] INFO:colcon.colcon_ros.task.ament_cmake.build:Building ROS package in '/home/raz/tehiru/Tehiru-Homework-assignment/drone_ws/src/virtual_ps_controller' with build type 'ament_cmake'
[0.270s] INFO:colcon.colcon_cmake.task.cmake.build:Building CMake package in '/home/raz/tehiru/Tehiru-Homework-assignment/drone_ws/src/virtual_ps_controller'
[0.270s] INFO:colcon.colcon_core.shell:Skip shell extension 'powershell' for command environment: Not usable outside of PowerShell
[0.270s] DEBUG:colcon.colcon_core.shell:Skip shell extension 'dsv' for command environment
[0.442s] INFO:colcon.colcon_core.task.python.build:Building Python package in '/home/raz/tehiru/Tehiru-Homework-assignment/drone_ws/src/liftoff_interface'
[0.443s] INFO:colcon.colcon_core.shell:Skip shell extension 'powershell' for command environment: Not usable outside of PowerShell
[0.443s] DEBUG:colcon.colcon_core.shell:Skip shell extension 'dsv' for command environment
[0.616s] INFO:colcon.colcon_core.task.python.build:Building Python package in '/home/raz/tehiru/Tehiru-Homework-assignment/drone_ws/src/liftoff_telemetry'
[0.617s] INFO:colcon.colcon_core.shell:Skip shell extension 'powershell' for command environment: Not usable outside of PowerShell
[0.617s] DEBUG:colcon.colcon_core.shell:Skip shell extension 'dsv' for command environment
[0.623s] DEBUG:colcon.colcon_core.event_handler.log_command:Invoking command in '/home/raz/tehiru/Tehiru-Homework-assignment/drone_ws/build/liftoff_utils': CMAKE_PREFIX_PATH=${CMAKE_PREFIX_PATH}:/home/raz/tehiru/Tehiru-Homework-assignment/drone_ws/install/virtual_controller:/home/raz/tehiru/Tehiru-Homework-assignment/drone_ws/install/liftoff_telemetry:/home/raz/tehiru/Tehiru-Homework-assignment/drone_ws/install/liftoff_interface:/opt/ros/humble /usr/bin/cmake --build /home/raz/tehiru/Tehiru-Homework-assignment/drone_ws/build/liftoff_utils -- -j24 -l24
[0.795s] INFO:colcon.colcon_core.task.python.build:Building Python package in '/home/raz/tehiru/Tehiru-Homework-assignment/drone_ws/src/virtual_controller'
[0.795s] INFO:colcon.colcon_core.shell:Skip shell extension 'powershell' for command environment: Not usable outside of PowerShell
[0.795s] DEBUG:colcon.colcon_core.shell:Skip shell extension 'dsv' for command environment
[0.803s] DEBUG:colcon.colcon_core.event_handler.log_command:Invoking command in '/home/raz/tehiru/Tehiru-Homework-assignment/drone_ws/build/virtual_ps_controller': CMAKE_PREFIX_PATH=${CMAKE_PREFIX_PATH}:/home/raz/tehiru/Tehiru-Homework-assignment/drone_ws/install/virtual_controller:/home/raz/tehiru/Tehiru-Homework-assignment/drone_ws/install/liftoff_telemetry:/home/raz/tehiru/Tehiru-Homework-assignment/drone_ws/install/liftoff_interface:/opt/ros/humble /usr/bin/cmake --build /home/raz/tehiru/Tehiru-Homework-assignment/drone_ws/build/virtual_ps_controller -- -j24 -l24
[0.856s] DEBUG:colcon.colcon_core.event_handler.log_command:Invoked command in '/home/raz/tehiru/Tehiru-Homework-assignment/drone_ws/build/liftoff_utils' returned '0': CMAKE_PREFIX_PATH=${CMAKE_PREFIX_PATH}:/home/raz/tehiru/Tehiru-Homework-assignment/drone_ws/install/virtual_controller:/home/raz/tehiru/Tehiru-Homework-assignment/drone_ws/install/liftoff_telemetry:/home/raz/tehiru/Tehiru-Homework-assignment/drone_ws/install/liftoff_interface:/opt/ros/humble /usr/bin/cmake --build /home/raz/tehiru/Tehiru-Homework-assignment/drone_ws/build/liftoff_utils -- -j24 -l24
[0.864s] DEBUG:colcon.colcon_core.event_handler.log_command:Invoking command in '/home/raz/tehiru/Tehiru-Homework-assignment/drone_ws/build/liftoff_utils': CMAKE_PREFIX_PATH=${CMAKE_PREFIX_PATH}:/home/raz/tehiru/Tehiru-Homework-assignment/drone_ws/install/virtual_controller:/home/raz/tehiru/Tehiru-Homework-assignment/drone_ws/install/liftoff_telemetry:/home/raz/tehiru/Tehiru-Homework-assignment/drone_ws/install/liftoff_interface:/opt/ros/humble /usr/bin/cmake --install /home/raz/tehiru/Tehiru-Homework-assignment/drone_ws/build/liftoff_utils
[0.922s] Level 1:colcon.colcon_core.environment:create_environment_scripts_only(liftoff_utils)
[0.922s] DEBUG:colcon.colcon_core.event_handler.log_command:Invoked command in '/home/raz/tehiru/Tehiru-Homework-assignment/drone_ws/build/liftoff_utils' returned '0': CMAKE_PREFIX_PATH=${CMAKE_PREFIX_PATH}:/home/raz/tehiru/Tehiru-Homework-assignment/drone_ws/install/virtual_controller:/home/raz/tehiru/Tehiru-Homework-assignment/drone_ws/install/liftoff_telemetry:/home/raz/tehiru/Tehiru-Homework-assignment/drone_ws/install/liftoff_interface:/opt/ros/humble /usr/bin/cmake --install /home/raz/tehiru/Tehiru-Homework-assignment/drone_ws/build/liftoff_utils
[0.924s] Level 1:colcon.colcon_core.environment:checking '/home/raz/tehiru/Tehiru-Homework-assignment/drone_ws/install/liftoff_utils' for CMake module files
[0.925s] Level 1:colcon.colcon_core.environment:checking '/home/raz/tehiru/Tehiru-Homework-assignment/drone_ws/install/liftoff_utils' for CMake config files
[0.926s] Level 1:colcon.colcon_core.shell:create_environment_hook('liftoff_utils', 'cmake_prefix_path')
[0.926s] INFO:colcon.colcon_core.shell:Creating environment hook '/home/raz/tehiru/Tehiru-Homework-assignment/drone_ws/install/liftoff_utils/share/liftoff_utils/hook/cmake_prefix_path.ps1'
[0.926s] INFO:colcon.colcon_core.shell:Creating environment descriptor '/home/raz/tehiru/Tehiru-Homework-assignment/drone_ws/install/liftoff_utils/share/liftoff_utils/hook/cmake_prefix_path.dsv'
[0.927s] INFO:colcon.colcon_core.shell:Creating environment hook '/home/raz/tehiru/Tehiru-Homework-assignment/drone_ws/install/liftoff_utils/share/liftoff_utils/hook/cmake_prefix_path.sh'
[0.927s] Level 1:colcon.colcon_core.environment:checking '/home/raz/tehiru/Tehiru-Homework-assignment/drone_ws/install/liftoff_utils/lib'
[0.927s] Level 1:colcon.colcon_core.shell:create_environment_hook('liftoff_utils', 'ld_library_path_lib')
[0.928s] INFO:colcon.colcon_core.shell:Creating environment hook '/home/raz/tehiru/Tehiru-Homework-assignment/drone_ws/install/liftoff_utils/share/liftoff_utils/hook/ld_library_path_lib.ps1'
[0.928s] INFO:colcon.colcon_core.shell:Creating environment descriptor '/home/raz/tehiru/Tehiru-Homework-assignment/drone_ws/install/liftoff_utils/share/liftoff_utils/hook/ld_library_path_lib.dsv'
[0.928s] INFO:colcon.colcon_core.shell:Creating environment hook '/home/raz/tehiru/Tehiru-Homework-assignment/drone_ws/install/liftoff_utils/share/liftoff_utils/hook/ld_library_path_lib.sh'
[0.929s] Level 1:colcon.colcon_core.environment:checking '/home/raz/tehiru/Tehiru-Homework-assignment/drone_ws/install/liftoff_utils/bin'
[0.929s] Level 1:colcon.colcon_core.environment:checking '/home/raz/tehiru/Tehiru-Homework-assignment/drone_ws/install/liftoff_utils/lib/pkgconfig/liftoff_utils.pc'
[0.929s] Level 1:colcon.colcon_core.environment:checking '/home/raz/tehiru/Tehiru-Homework-assignment/drone_ws/install/liftoff_utils/lib/python3.10/site-packages'
[0.929s] Level 1:colcon.colcon_core.environment:checking '/home/raz/tehiru/Tehiru-Homework-assignment/drone_ws/install/liftoff_utils/bin'
[0.930s] INFO:colcon.colcon_core.shell:Creating package script '/home/raz/tehiru/Tehiru-Homework-assignment/drone_ws/install/liftoff_utils/share/liftoff_utils/package.ps1'
[0.930s] INFO:colcon.colcon_core.shell:Creating package descriptor '/home/raz/tehiru/Tehiru-Homework-assignment/drone_ws/install/liftoff_utils/share/liftoff_utils/package.dsv'
[0.931s] INFO:colcon.colcon_core.shell:Creating package script '/home/raz/tehiru/Tehiru-Homework-assignment/drone_ws/install/liftoff_utils/share/liftoff_utils/package.sh'
[0.932s] INFO:colcon.colcon_core.shell:Creating package script '/home/raz/tehiru/Tehiru-Homework-assignment/drone_ws/install/liftoff_utils/share/liftoff_utils/package.bash'
[0.932s] INFO:colcon.colcon_core.shell:Creating package script '/home/raz/tehiru/Tehiru-Homework-assignment/drone_ws/install/liftoff_utils/share/liftoff_utils/package.zsh'
[0.933s] Level 1:colcon.colcon_core.environment:create_file_with_runtime_dependencies(/home/raz/tehiru/Tehiru-Homework-assignment/drone_ws/install/liftoff_utils/share/colcon-core/packages/liftoff_utils)
[0.934s] Level 1:colcon.colcon_core.environment:create_environment_scripts_only(liftoff_utils)
[0.934s] Level 1:colcon.colcon_core.environment:checking '/home/raz/tehiru/Tehiru-Homework-assignment/drone_ws/install/liftoff_utils' for CMake module files
[0.935s] Level 1:colcon.colcon_core.environment:checking '/home/raz/tehiru/Tehiru-Homework-assignment/drone_ws/install/liftoff_utils' for CMake config files
[0.936s] Level 1:colcon.colcon_core.shell:create_environment_hook('liftoff_utils', 'cmake_prefix_path')
[0.936s] INFO:colcon.colcon_core.shell:Creating environment hook '/home/raz/tehiru/Tehiru-Homework-assignment/drone_ws/install/liftoff_utils/share/liftoff_utils/hook/cmake_prefix_path.ps1'
[0.936s] INFO:colcon.colcon_core.shell:Creating environment descriptor '/home/raz/tehiru/Tehiru-Homework-assignment/drone_ws/install/liftoff_utils/share/liftoff_utils/hook/cmake_prefix_path.dsv'
[0.937s] INFO:colcon.colcon_core.shell:Creating environment hook '/home/raz/tehiru/Tehiru-Homework-assignment/drone_ws/install/liftoff_utils/share/liftoff_utils/hook/cmake_prefix_path.sh'
[0.937s] Level 1:colcon.colcon_core.environment:checking '/home/raz/tehiru/Tehiru-Homework-assignment/drone_ws/install/liftoff_utils/lib'
[0.937s] Level 1:colcon.colcon_core.shell:create_environment_hook('liftoff_utils', 'ld_library_path_lib')
[0.937s] INFO:colcon.colcon_core.shell:Creating environment hook '/home/raz/tehiru/Tehiru-Homework-assignment/drone_ws/install/liftoff_utils/share/liftoff_utils/hook/ld_library_path_lib.ps1'
[0.938s] INFO:colcon.colcon_core.shell:Creating environment descriptor '/home/raz/tehiru/Tehiru-Homework-assignment/drone_ws/install/liftoff_utils/share/liftoff_utils/hook/ld_library_path_lib.dsv'
[0.938s] INFO:colcon.colcon_core.shell:Creating environment hook '/home/raz/tehiru/Tehiru-Homework-assignment/drone_ws/install/liftoff_utils/share/liftoff_utils/hook/ld_library_path_lib.sh'
[0.938s] Level 1:colcon.colcon_core.environment:checking '/home/raz/tehiru/Tehiru-Homework-assignment/drone_ws/install/liftoff_utils/bin'
[0.938s] Level 1:colcon.colcon_core.environment:checking '/home/raz/tehiru/Tehiru-Homework-assignment/drone_ws/install/liftoff_utils/lib/pkgconfig/liftoff_utils.pc'
[0.939s] Level 1:colcon.colcon_core.environment:checking '/home/raz/tehiru/Tehiru-Homework-assignment/drone_ws/install/liftoff_utils/lib/python3.10/site-packages'
[0.939s] Level 1:colcon.colcon_core.environment:checking '/home/raz/tehiru/Tehiru-Homework-assignment/drone_ws/install/liftoff_utils/bin'
[0.939s] INFO:colcon.colcon_core.shell:Creating package script '/home/raz/tehiru/Tehiru-Homework-assignment/drone_ws/install/liftoff_utils/share/liftoff_utils/package.ps1'
[0.940s] INFO:colcon.colcon_core.shell:Creating package descriptor '/home/raz/tehiru/Tehiru-Homework-assignment/drone_ws/install/liftoff_utils/share/liftoff_utils/package.dsv'
[0.940s] INFO:colcon.colcon_core.shell:Creating package script '/home/raz/tehiru/Tehiru-Homework-assignment/drone_ws/install/liftoff_utils/share/liftoff_utils/package.sh'
[0.940s] INFO:colcon.colcon_core.shell:Creating package script '/home/raz/tehiru/Tehiru-Homework-assignment/drone_ws/install/liftoff_utils/share/liftoff_utils/package.bash'
[0.941s] INFO:colcon.colcon_core.shell:Creating package script '/home/raz/tehiru/Tehiru-Homework-assignment/drone_ws/install/liftoff_utils/share/liftoff_utils/package.zsh'
[0.941s] Level 1:colcon.colcon_core.environment:create_file_with_runtime_dependencies(/home/raz/tehiru/Tehiru-Homework-assignment/drone_ws/install/liftoff_utils/share/colcon-core/packages/liftoff_utils)
[1.035s] DEBUG:colcon.colcon_core.event_handler.log_command:Invoking command in '/home/raz/tehiru/Tehiru-Homework-assignment/drone_ws/src/liftoff_interface': PYTHONPATH=/home/raz/tehiru/Tehiru-Homework-assignment/drone_ws/build/liftoff_interface/prefix_override:/usr/lib/python3/dist-packages/colcon_core/task/python/colcon_distutils_commands:/home/raz/tehiru/Tehiru-Homework-assignment/drone_ws/install/liftoff_interface/lib/python3.10/site-packages:${PYTHONPATH} /usr/bin/python3 -W ignore:setup.py install is deprecated -W ignore:easy_install command is deprecated setup.py egg_info --egg-base ../../build/liftoff_interface build --build-base /home/raz/tehiru/Tehiru-Homework-assignment/drone_ws/build/liftoff_interface/build install --record /home/raz/tehiru/Tehiru-Homework-assignment/drone_ws/build/liftoff_interface/install.log --single-version-externally-managed install_data
[1.037s] DEBUG:colcon.colcon_core.event_handler.log_command:Invoking command in '/home/raz/tehiru/Tehiru-Homework-assignment/drone_ws/src/virtual_controller': PYTHONPATH=/home/raz/tehiru/Tehiru-Homework-assignment/drone_ws/build/virtual_controller/prefix_override:/usr/lib/python3/dist-packages/colcon_core/task/python/colcon_distutils_commands:/home/raz/tehiru/Tehiru-Homework-assignment/drone_ws/install/virtual_controller/lib/python3.10/site-packages:${PYTHONPATH} /usr/bin/python3 -W ignore:setup.py install is deprecated -W ignore:easy_install command is deprecated setup.py egg_info --egg-base ../../build/virtual_controller build --build-base /home/raz/tehiru/Tehiru-Homework-assignment/drone_ws/build/virtual_controller/build install --record /home/raz/tehiru/Tehiru-Homework-assignment/drone_ws/build/virtual_controller/install.log --single-version-externally-managed install_data
[1.048s] DEBUG:colcon.colcon_core.event_handler.log_command:Invoking command in '/home/raz/tehiru/Tehiru-Homework-assignment/drone_ws/src/liftoff_telemetry': PYTHONPATH=/home/raz/tehiru/Tehiru-Homework-assignment/drone_ws/build/liftoff_telemetry/prefix_override:/usr/lib/python3/dist-packages/colcon_core/task/python/colcon_distutils_commands:/home/raz/tehiru/Tehiru-Homework-assignment/drone_ws/install/liftoff_telemetry/lib/python3.10/site-packages:${PYTHONPATH} /usr/bin/python3 -W ignore:setup.py install is deprecated -W ignore:easy_install command is deprecated setup.py egg_info --egg-base ../../build/liftoff_telemetry build --build-base /home/raz/tehiru/Tehiru-Homework-assignment/drone_ws/build/liftoff_telemetry/build install --record /home/raz/tehiru/Tehiru-Homework-assignment/drone_ws/build/liftoff_telemetry/install.log --single-version-externally-managed install_data
[1.060s] DEBUG:colcon.colcon_core.event_handler.log_command:Invoked command in '/home/raz/tehiru/Tehiru-Homework-assignment/drone_ws/build/virtual_ps_controller' returned '0': CMAKE_PREFIX_PATH=${CMAKE_PREFIX_PATH}:/home/raz/tehiru/Tehiru-Homework-assignment/drone_ws/install/virtual_controller:/home/raz/tehiru/Tehiru-Homework-assignment/drone_ws/install/liftoff_telemetry:/home/raz/tehiru/Tehiru-Homework-assignment/drone_ws/install/liftoff_interface:/opt/ros/humble /usr/bin/cmake --build /home/raz/tehiru/Tehiru-Homework-assignment/drone_ws/build/virtual_ps_controller -- -j24 -l24
[1.062s] DEBUG:colcon.colcon_core.event_handler.log_command:Invoking command in '/home/raz/tehiru/Tehiru-Homework-assignment/drone_ws/build/virtual_ps_controller': CMAKE_PREFIX_PATH=${CMAKE_PREFIX_PATH}:/home/raz/tehiru/Tehiru-Homework-assignment/drone_ws/install/virtual_controller:/home/raz/tehiru/Tehiru-Homework-assignment/drone_ws/install/liftoff_telemetry:/home/raz/tehiru/Tehiru-Homework-assignment/drone_ws/install/liftoff_interface:/opt/ros/humble /usr/bin/cmake --install /home/raz/tehiru/Tehiru-Homework-assignment/drone_ws/build/virtual_ps_controller
[1.101s] Level 1:colcon.colcon_core.environment:create_environment_scripts_only(virtual_ps_controller)
[1.101s] DEBUG:colcon.colcon_core.event_handler.log_command:Invoked command in '/home/raz/tehiru/Tehiru-Homework-assignment/drone_ws/build/virtual_ps_controller' returned '0': CMAKE_PREFIX_PATH=${CMAKE_PREFIX_PATH}:/home/raz/tehiru/Tehiru-Homework-assignment/drone_ws/install/virtual_controller:/home/raz/tehiru/Tehiru-Homework-assignment/drone_ws/install/liftoff_telemetry:/home/raz/tehiru/Tehiru-Homework-assignment/drone_ws/install/liftoff_interface:/opt/ros/humble /usr/bin/cmake --install /home/raz/tehiru/Tehiru-Homework-assignment/drone_ws/build/virtual_ps_controller
[1.101s] Level 1:colcon.colcon_core.environment:checking '/home/raz/tehiru/Tehiru-Homework-assignment/drone_ws/install/virtual_ps_controller' for CMake module files
[1.102s] Level 1:colcon.colcon_core.environment:checking '/home/raz/tehiru/Tehiru-Homework-assignment/drone_ws/install/virtual_ps_controller' for CMake config files
[1.102s] Level 1:colcon.colcon_core.shell:create_environment_hook('virtual_ps_controller', 'cmake_prefix_path')
[1.102s] INFO:colcon.colcon_core.shell:Creating environment hook '/home/raz/tehiru/Tehiru-Homework-assignment/drone_ws/install/virtual_ps_controller/share/virtual_ps_controller/hook/cmake_prefix_path.ps1'
[1.103s] INFO:colcon.colcon_core.shell:Creating environment descriptor '/home/raz/tehiru/Tehiru-Homework-assignment/drone_ws/install/virtual_ps_controller/share/virtual_ps_controller/hook/cmake_prefix_path.dsv'
[1.103s] INFO:colcon.colcon_core.shell:Creating environment hook '/home/raz/tehiru/Tehiru-Homework-assignment/drone_ws/install/virtual_ps_controller/share/virtual_ps_controller/hook/cmake_prefix_path.sh'
[1.103s] Level 1:colcon.colcon_core.environment:checking '/home/raz/tehiru/Tehiru-Homework-assignment/drone_ws/install/virtual_ps_controller/lib'
[1.103s] Level 1:colcon.colcon_core.shell:create_environment_hook('virtual_ps_controller', 'ld_library_path_lib')
[1.103s] INFO:colcon.colcon_core.shell:Creating environment hook '/home/raz/tehiru/Tehiru-Homework-assignment/drone_ws/install/virtual_ps_controller/share/virtual_ps_controller/hook/ld_library_path_lib.ps1'
[1.103s] INFO:colcon.colcon_core.shell:Creating environment descriptor '/home/raz/tehiru/Tehiru-Homework-assignment/drone_ws/install/virtual_ps_controller/share/virtual_ps_controller/hook/ld_library_path_lib.dsv'
[1.104s] INFO:colcon.colcon_core.shell:Creating environment hook '/home/raz/tehiru/Tehiru-Homework-assignment/drone_ws/install/virtual_ps_controller/share/virtual_ps_controller/hook/ld_library_path_lib.sh'
[1.104s] Level 1:colcon.colcon_core.environment:checking '/home/raz/tehiru/Tehiru-Homework-assignment/drone_ws/install/virtual_ps_controller/bin'
[1.104s] Level 1:colcon.colcon_core.environment:checking '/home/raz/tehiru/Tehiru-Homework-assignment/drone_ws/install/virtual_ps_controller/lib/pkgconfig/virtual_ps_controller.pc'
[1.104s] Level 1:colcon.colcon_core.environment:checking '/home/raz/tehiru/Tehiru-Homework-assignment/drone_ws/install/virtual_ps_controller/lib/python3.10/site-packages'
[1.104s] Level 1:colcon.colcon_core.environment:checking '/home/raz/tehiru/Tehiru-Homework-assignment/drone_ws/install/virtual_ps_controller/bin'
[1.104s] INFO:colcon.colcon_core.shell:Creating package script '/home/raz/tehiru/Tehiru-Homework-assignment/drone_ws/install/virtual_ps_controller/share/virtual_ps_controller/package.ps1'
[1.105s] INFO:colcon.colcon_core.shell:Creating package descriptor '/home/raz/tehiru/Tehiru-Homework-assignment/drone_ws/install/virtual_ps_controller/share/virtual_ps_controller/package.dsv'
[1.105s] INFO:colcon.colcon_core.shell:Creating package script '/home/raz/tehiru/Tehiru-Homework-assignment/drone_ws/install/virtual_ps_controller/share/virtual_ps_controller/package.sh'
[1.105s] INFO:colcon.colcon_core.shell:Creating package script '/home/raz/tehiru/Tehiru-Homework-assignment/drone_ws/install/virtual_ps_controller/share/virtual_ps_controller/package.bash'
[1.105s] INFO:colcon.colcon_core.shell:Creating package script '/home/raz/tehiru/Tehiru-Homework-assignment/drone_ws/install/virtual_ps_controller/share/virtual_ps_controller/package.zsh'
[1.105s] Level 1:colcon.colcon_core.environment:create_file_with_runtime_dependencies(/home/raz/tehiru/Tehiru-Homework-assignment/drone_ws/install/virtual_ps_controller/share/colcon-core/packages/virtual_ps_controller)
[1.106s] Level 1:colcon.colcon_core.environment:create_environment_scripts_only(virtual_ps_controller)
[1.106s] Level 1:colcon.colcon_core.environment:checking '/home/raz/tehiru/Tehiru-Homework-assignment/drone_ws/install/virtual_ps_controller' for CMake module files
[1.106s] Level 1:colcon.colcon_core.environment:checking '/home/raz/tehiru/Tehiru-Homework-assignment/drone_ws/install/virtual_ps_controller' for CMake config files
[1.107s] Level 1:colcon.colcon_core.shell:create_environment_hook('virtual_ps_controller', 'cmake_prefix_path')
[1.107s] INFO:colcon.colcon_core.shell:Creating environment hook '/home/raz/tehiru/Tehiru-Homework-assignment/drone_ws/install/virtual_ps_controller/share/virtual_ps_controller/hook/cmake_prefix_path.ps1'
[1.107s] INFO:colcon.colcon_core.shell:Creating environment descriptor '/home/raz/tehiru/Tehiru-Homework-assignment/drone_ws/install/virtual_ps_controller/share/virtual_ps_controller/hook/cmake_prefix_path.dsv'
[1.107s] INFO:colcon.colcon_core.shell:Creating environment hook '/home/raz/tehiru/Tehiru-Homework-assignment/drone_ws/install/virtual_ps_controller/share/virtual_ps_controller/hook/cmake_prefix_path.sh'
[1.107s] Level 1:colcon.colcon_core.environment:checking '/home/raz/tehiru/Tehiru-Homework-assignment/drone_ws/install/virtual_ps_controller/lib'
[1.108s] Level 1:colcon.colcon_core.shell:create_environment_hook('virtual_ps_controller', 'ld_library_path_lib')
[1.108s] INFO:colcon.colcon_core.shell:Creating environment hook '/home/raz/tehiru/Tehiru-Homework-assignment/drone_ws/install/virtual_ps_controller/share/virtual_ps_controller/hook/ld_library_path_lib.ps1'
[1.108s] INFO:colcon.colcon_core.shell:Creating environment descriptor '/home/raz/tehiru/Tehiru-Homework-assignment/drone_ws/install/virtual_ps_controller/share/virtual_ps_controller/hook/ld_library_path_lib.dsv'
[1.108s] INFO:colcon.colcon_core.shell:Creating environment hook '/home/raz/tehiru/Tehiru-Homework-assignment/drone_ws/install/virtual_ps_controller/share/virtual_ps_controller/hook/ld_library_path_lib.sh'
[1.108s] Level 1:colcon.colcon_core.environment:checking '/home/raz/tehiru/Tehiru-Homework-assignment/drone_ws/install/virtual_ps_controller/bin'
[1.108s] Level 1:colcon.colcon_core.environment:checking '/home/raz/tehiru/Tehiru-Homework-assignment/drone_ws/install/virtual_ps_controller/lib/pkgconfig/virtual_ps_controller.pc'
[1.108s] Level 1:colcon.colcon_core.environment:checking '/home/raz/tehiru/Tehiru-Homework-assignment/drone_ws/install/virtual_ps_controller/lib/python3.10/site-packages'
[1.109s] Level 1:colcon.colcon_core.environment:checking '/home/raz/tehiru/Tehiru-Homework-assignment/drone_ws/install/virtual_ps_controller/bin'
[1.109s] INFO:colcon.colcon_core.shell:Creating package script '/home/raz/tehiru/Tehiru-Homework-assignment/drone_ws/install/virtual_ps_controller/share/virtual_ps_controller/package.ps1'
[1.109s] INFO:colcon.colcon_core.shell:Creating package descriptor '/home/raz/tehiru/Tehiru-Homework-assignment/drone_ws/install/virtual_ps_controller/share/virtual_ps_controller/package.dsv'
[1.109s] INFO:colcon.colcon_core.shell:Creating package script '/home/raz/tehiru/Tehiru-Homework-assignment/drone_ws/install/virtual_ps_controller/share/virtual_ps_controller/package.sh'
[1.110s] INFO:colcon.colcon_core.shell:Creating package script '/home/raz/tehiru/Tehiru-Homework-assignment/drone_ws/install/virtual_ps_controller/share/virtual_ps_controller/package.bash'
[1.110s] INFO:colcon.colcon_core.shell:Creating package script '/home/raz/tehiru/Tehiru-Homework-assignment/drone_ws/install/virtual_ps_controller/share/virtual_ps_controller/package.zsh'
[1.110s] Level 1:colcon.colcon_core.environment:create_file_with_runtime_dependencies(/home/raz/tehiru/Tehiru-Homework-assignment/drone_ws/install/virtual_ps_controller/share/colcon-core/packages/virtual_ps_controller)
[1.225s] Level 1:colcon.colcon_core.environment:checking '/home/raz/tehiru/Tehiru-Homework-assignment/drone_ws/install/liftoff_interface' for CMake module files
[1.226s] DEBUG:colcon.colcon_core.event_handler.log_command:Invoked command in '/home/raz/tehiru/Tehiru-Homework-assignment/drone_ws/src/liftoff_interface' returned '0': PYTHONPATH=/home/raz/tehiru/Tehiru-Homework-assignment/drone_ws/build/liftoff_interface/prefix_override:/usr/lib/python3/dist-packages/colcon_core/task/python/colcon_distutils_commands:/home/raz/tehiru/Tehiru-Homework-assignment/drone_ws/install/liftoff_interface/lib/python3.10/site-packages:${PYTHONPATH} /usr/bin/python3 -W ignore:setup.py install is deprecated -W ignore:easy_install command is deprecated setup.py egg_info --egg-base ../../build/liftoff_interface build --build-base /home/raz/tehiru/Tehiru-Homework-assignment/drone_ws/build/liftoff_interface/build install --record /home/raz/tehiru/Tehiru-Homework-assignment/drone_ws/build/liftoff_interface/install.log --single-version-externally-managed install_data
[1.226s] Level 1:colcon.colcon_core.environment:checking '/home/raz/tehiru/Tehiru-Homework-assignment/drone_ws/install/liftoff_interface' for CMake config files
[1.226s] Level 1:colcon.colcon_core.environment:checking '/home/raz/tehiru/Tehiru-Homework-assignment/drone_ws/install/liftoff_interface/lib'
[1.226s] Level 1:colcon.colcon_core.environment:checking '/home/raz/tehiru/Tehiru-Homework-assignment/drone_ws/install/liftoff_interface/bin'
[1.226s] Level 1:colcon.colcon_core.environment:checking '/home/raz/tehiru/Tehiru-Homework-assignment/drone_ws/install/liftoff_interface/lib/pkgconfig/liftoff_interface.pc'
[1.227s] Level 1:colcon.colcon_core.environment:checking '/home/raz/tehiru/Tehiru-Homework-assignment/drone_ws/install/liftoff_interface/lib/python3.10/site-packages'
[1.227s] Level 1:colcon.colcon_core.shell:create_environment_hook('liftoff_interface', 'pythonpath')
[1.227s] INFO:colcon.colcon_core.shell:Creating environment hook '/home/raz/tehiru/Tehiru-Homework-assignment/drone_ws/install/liftoff_interface/share/liftoff_interface/hook/pythonpath.ps1'
[1.227s] INFO:colcon.colcon_core.shell:Creating environment descriptor '/home/raz/tehiru/Tehiru-Homework-assignment/drone_ws/install/liftoff_interface/share/liftoff_interface/hook/pythonpath.dsv'
[1.227s] INFO:colcon.colcon_core.shell:Creating environment hook '/home/raz/tehiru/Tehiru-Homework-assignment/drone_ws/install/liftoff_interface/share/liftoff_interface/hook/pythonpath.sh'
[1.228s] Level 1:colcon.colcon_core.environment:checking '/home/raz/tehiru/Tehiru-Homework-assignment/drone_ws/install/liftoff_interface/bin'
[1.228s] Level 1:colcon.colcon_core.environment:create_environment_scripts_only(liftoff_interface)
[1.228s] INFO:colcon.colcon_core.shell:Creating package script '/home/raz/tehiru/Tehiru-Homework-assignment/drone_ws/install/liftoff_interface/share/liftoff_interface/package.ps1'
[1.228s] INFO:colcon.colcon_core.shell:Creating package descriptor '/home/raz/tehiru/Tehiru-Homework-assignment/drone_ws/install/liftoff_interface/share/liftoff_interface/package.dsv'
[1.228s] INFO:colcon.colcon_core.shell:Creating package script '/home/raz/tehiru/Tehiru-Homework-assignment/drone_ws/install/liftoff_interface/share/liftoff_interface/package.sh'
[1.229s] INFO:colcon.colcon_core.shell:Creating package script '/home/raz/tehiru/Tehiru-Homework-assignment/drone_ws/install/liftoff_interface/share/liftoff_interface/package.bash'
[1.229s] INFO:colcon.colcon_core.shell:Creating package script '/home/raz/tehiru/Tehiru-Homework-assignment/drone_ws/install/liftoff_interface/share/liftoff_interface/package.zsh'
[1.229s] Level 1:colcon.colcon_core.environment:create_file_with_runtime_dependencies(/home/raz/tehiru/Tehiru-Homework-assignment/drone_ws/install/liftoff_interface/share/colcon-core/packages/liftoff_interface)
[1.234s] Level 1:colcon.colcon_core.environment:checking '/home/raz/tehiru/Tehiru-Homework-assignment/drone_ws/install/virtual_controller' for CMake module files
[1.234s] DEBUG:colcon.colcon_core.event_handler.log_command:Invoked command in '/home/raz/tehiru/Tehiru-Homework-assignment/drone_ws/src/virtual_controller' returned '0': PYTHONPATH=/home/raz/tehiru/Tehiru-Homework-assignment/drone_ws/build/virtual_controller/prefix_override:/usr/lib/python3/dist-packages/colcon_core/task/python/colcon_distutils_commands:/home/raz/tehiru/Tehiru-Homework-assignment/drone_ws/install/virtual_controller/lib/python3.10/site-packages:${PYTHONPATH} /usr/bin/python3 -W ignore:setup.py install is deprecated -W ignore:easy_install command is deprecated setup.py egg_info --egg-base ../../build/virtual_controller build --build-base /home/raz/tehiru/Tehiru-Homework-assignment/drone_ws/build/virtual_controller/build install --record /home/raz/tehiru/Tehiru-Homework-assignment/drone_ws/build/virtual_controller/install.log --single-version-externally-managed install_data
[1.234s] Level 1:colcon.colcon_core.environment:checking '/home/raz/tehiru/Tehiru-Homework-assignment/drone_ws/install/virtual_controller' for CMake config files
[1.235s] Level 1:colcon.colcon_core.environment:checking '/home/raz/tehiru/Tehiru-Homework-assignment/drone_ws/install/virtual_controller/lib'
[1.235s] Level 1:colcon.colcon_core.environment:checking '/home/raz/tehiru/Tehiru-Homework-assignment/drone_ws/install/virtual_controller/bin'
[1.235s] Level 1:colcon.colcon_core.environment:checking '/home/raz/tehiru/Tehiru-Homework-assignment/drone_ws/install/virtual_controller/lib/pkgconfig/virtual_controller.pc'
[1.235s] Level 1:colcon.colcon_core.environment:checking '/home/raz/tehiru/Tehiru-Homework-assignment/drone_ws/install/virtual_controller/lib/python3.10/site-packages'
[1.235s] Level 1:colcon.colcon_core.shell:create_environment_hook('virtual_controller', 'pythonpath')
[1.235s] INFO:colcon.colcon_core.shell:Creating environment hook '/home/raz/tehiru/Tehiru-Homework-assignment/drone_ws/install/virtual_controller/share/virtual_controller/hook/pythonpath.ps1'
[1.235s] INFO:colcon.colcon_core.shell:Creating environment descriptor '/home/raz/tehiru/Tehiru-Homework-assignment/drone_ws/install/virtual_controller/share/virtual_controller/hook/pythonpath.dsv'
[1.236s] INFO:colcon.colcon_core.shell:Creating environment hook '/home/raz/tehiru/Tehiru-Homework-assignment/drone_ws/install/virtual_controller/share/virtual_controller/hook/pythonpath.sh'
[1.236s] Level 1:colcon.colcon_core.environment:checking '/home/raz/tehiru/Tehiru-Homework-assignment/drone_ws/install/virtual_controller/bin'
[1.236s] Level 1:colcon.colcon_core.environment:create_environment_scripts_only(virtual_controller)
[1.236s] INFO:colcon.colcon_core.shell:Creating package script '/home/raz/tehiru/Tehiru-Homework-assignment/drone_ws/install/virtual_controller/share/virtual_controller/package.ps1'
[1.237s] INFO:colcon.colcon_core.shell:Creating package descriptor '/home/raz/tehiru/Tehiru-Homework-assignment/drone_ws/install/virtual_controller/share/virtual_controller/package.dsv'
[1.237s] INFO:colcon.colcon_core.shell:Creating package script '/home/raz/tehiru/Tehiru-Homework-assignment/drone_ws/install/virtual_controller/share/virtual_controller/package.sh'
[1.237s] INFO:colcon.colcon_core.shell:Creating package script '/home/raz/tehiru/Tehiru-Homework-assignment/drone_ws/install/virtual_controller/share/virtual_controller/package.bash'
[1.237s] INFO:colcon.colcon_core.shell:Creating package script '/home/raz/tehiru/Tehiru-Homework-assignment/drone_ws/install/virtual_controller/share/virtual_controller/package.zsh'
[1.237s] Level 1:colcon.colcon_core.environment:create_file_with_runtime_dependencies(/home/raz/tehiru/Tehiru-Homework-assignment/drone_ws/install/virtual_controller/share/colcon-core/packages/virtual_controller)
[1.239s] Level 1:colcon.colcon_core.environment:checking '/home/raz/tehiru/Tehiru-Homework-assignment/drone_ws/install/liftoff_telemetry' for CMake module files
[1.240s] DEBUG:colcon.colcon_core.event_handler.log_command:Invoked command in '/home/raz/tehiru/Tehiru-Homework-assignment/drone_ws/src/liftoff_telemetry' returned '0': PYTHONPATH=/home/raz/tehiru/Tehiru-Homework-assignment/drone_ws/build/liftoff_telemetry/prefix_override:/usr/lib/python3/dist-packages/colcon_core/task/python/colcon_distutils_commands:/home/raz/tehiru/Tehiru-Homework-assignment/drone_ws/install/liftoff_telemetry/lib/python3.10/site-packages:${PYTHONPATH} /usr/bin/python3 -W ignore:setup.py install is deprecated -W ignore:easy_install command is deprecated setup.py egg_info --egg-base ../../build/liftoff_telemetry build --build-base /home/raz/tehiru/Tehiru-Homework-assignment/drone_ws/build/liftoff_telemetry/build install --record /home/raz/tehiru/Tehiru-Homework-assignment/drone_ws/build/liftoff_telemetry/install.log --single-version-externally-managed install_data
[1.240s] Level 1:colcon.colcon_core.environment:checking '/home/raz/tehiru/Tehiru-Homework-assignment/drone_ws/install/liftoff_telemetry' for CMake config files
[1.240s] Level 1:colcon.colcon_core.environment:checking '/home/raz/tehiru/Tehiru-Homework-assignment/drone_ws/install/liftoff_telemetry/lib'
[1.240s] Level 1:colcon.colcon_core.environment:checking '/home/raz/tehiru/Tehiru-Homework-assignment/drone_ws/install/liftoff_telemetry/bin'
[1.240s] Level 1:colcon.colcon_core.environment:checking '/home/raz/tehiru/Tehiru-Homework-assignment/drone_ws/install/liftoff_telemetry/lib/pkgconfig/liftoff_telemetry.pc'
[1.241s] Level 1:colcon.colcon_core.environment:checking '/home/raz/tehiru/Tehiru-Homework-assignment/drone_ws/install/liftoff_telemetry/lib/python3.10/site-packages'
[1.241s] Level 1:colcon.colcon_core.shell:create_environment_hook('liftoff_telemetry', 'pythonpath')
[1.241s] INFO:colcon.colcon_core.shell:Creating environment hook '/home/raz/tehiru/Tehiru-Homework-assignment/drone_ws/install/liftoff_telemetry/share/liftoff_telemetry/hook/pythonpath.ps1'
[1.241s] INFO:colcon.colcon_core.shell:Creating environment descriptor '/home/raz/tehiru/Tehiru-Homework-assignment/drone_ws/install/liftoff_telemetry/share/liftoff_telemetry/hook/pythonpath.dsv'
[1.241s] INFO:colcon.colcon_core.shell:Creating environment hook '/home/raz/tehiru/Tehiru-Homework-assignment/drone_ws/install/liftoff_telemetry/share/liftoff_telemetry/hook/pythonpath.sh'
[1.242s] Level 1:colcon.colcon_core.environment:checking '/home/raz/tehiru/Tehiru-Homework-assignment/drone_ws/install/liftoff_telemetry/bin'
[1.242s] Level 1:colcon.colcon_core.environment:create_environment_scripts_only(liftoff_telemetry)
[1.242s] INFO:colcon.colcon_core.shell:Creating package script '/home/raz/tehiru/Tehiru-Homework-assignment/drone_ws/install/liftoff_telemetry/share/liftoff_telemetry/package.ps1'
[1.242s] INFO:colcon.colcon_core.shell:Creating package descriptor '/home/raz/tehiru/Tehiru-Homework-assignment/drone_ws/install/liftoff_telemetry/share/liftoff_telemetry/package.dsv'
[1.242s] INFO:colcon.colcon_core.shell:Creating package script '/home/raz/tehiru/Tehiru-Homework-assignment/drone_ws/install/liftoff_telemetry/share/liftoff_telemetry/package.sh'
[1.243s] INFO:colcon.colcon_core.shell:Creating package script '/home/raz/tehiru/Tehiru-Homework-assignment/drone_ws/install/liftoff_telemetry/share/liftoff_telemetry/package.bash'
[1.243s] INFO:colcon.colcon_core.shell:Creating package script '/home/raz/tehiru/Tehiru-Homework-assignment/drone_ws/install/liftoff_telemetry/share/liftoff_telemetry/package.zsh'
[1.243s] Level 1:colcon.colcon_core.environment:create_file_with_runtime_dependencies(/home/raz/tehiru/Tehiru-Homework-assignment/drone_ws/install/liftoff_telemetry/share/colcon-core/packages/liftoff_telemetry)
[1.243s] DEBUG:colcon.colcon_parallel_executor.executor.parallel:closing loop
[1.243s] DEBUG:colcon.colcon_parallel_executor.executor.parallel:loop closed
[1.243s] DEBUG:colcon.colcon_parallel_executor.executor.parallel:run_until_complete finished with '0'
[1.243s] DEBUG:colcon.colcon_core.event_reactor:joining thread
[1.247s] INFO:colcon.colcon_core.plugin_system:Skipping extension 'colcon_notification.desktop_notification.terminal_notifier': Not used on non-Darwin systems
[1.247s] INFO:colcon.colcon_core.plugin_system:Skipping extension 'colcon_notification.desktop_notification.win32': Not used on non-Windows systems
[1.247s] INFO:colcon.colcon_notification.desktop_notification:Sending desktop notification using 'notify2'
[1.265s] DEBUG:colcon.colcon_core.event_reactor:joined thread
[1.266s] INFO:colcon.colcon_core.shell:Creating prefix script '/home/raz/tehiru/Tehiru-Homework-assignment/drone_ws/install/local_setup.ps1'
[1.266s] INFO:colcon.colcon_core.shell:Creating prefix util module '/home/raz/tehiru/Tehiru-Homework-assignment/drone_ws/install/_local_setup_util_ps1.py'
[1.267s] INFO:colcon.colcon_core.shell:Creating prefix chain script '/home/raz/tehiru/Tehiru-Homework-assignment/drone_ws/install/setup.ps1'
[1.268s] INFO:colcon.colcon_core.shell:Creating prefix script '/home/raz/tehiru/Tehiru-Homework-assignment/drone_ws/install/local_setup.sh'
[1.268s] INFO:colcon.colcon_core.shell:Creating prefix util module '/home/raz/tehiru/Tehiru-Homework-assignment/drone_ws/install/_local_setup_util_sh.py'
[1.268s] INFO:colcon.colcon_core.shell:Creating prefix chain script '/home/raz/tehiru/Tehiru-Homework-assignment/drone_ws/install/setup.sh'
[1.269s] INFO:colcon.colcon_core.shell:Creating prefix script '/home/raz/tehiru/Tehiru-Homework-assignment/drone_ws/install/local_setup.bash'
[1.269s] INFO:colcon.colcon_core.shell:Creating prefix chain script '/home/raz/tehiru/Tehiru-Homework-assignment/drone_ws/install/setup.bash'
[1.270s] INFO:colcon.colcon_core.shell:Creating prefix script '/home/raz/tehiru/Tehiru-Homework-assignment/drone_ws/install/local_setup.zsh'
[1.270s] INFO:colcon.colcon_core.shell:Creating prefix chain script '/home/raz/tehiru/Tehiru-Homework-assignment/drone_ws/install/setup.zsh'
