running egg_info
creating ../../build/virtual_controller/virtual_controller.egg-info
writing ../../build/virtual_controller/virtual_controller.egg-info/PKG-INFO
writing dependency_links to ../../build/virtual_controller/virtual_controller.egg-info/dependency_links.txt
writing entry points to ../../build/virtual_controller/virtual_controller.egg-info/entry_points.txt
writing requirements to ../../build/virtual_controller/virtual_controller.egg-info/requires.txt
writing top-level names to ../../build/virtual_controller/virtual_controller.egg-info/top_level.txt
writing manifest file '../../build/virtual_controller/virtual_controller.egg-info/SOURCES.txt'
reading manifest file '../../build/virtual_controller/virtual_controller.egg-info/SOURCES.txt'
writing manifest file '../../build/virtual_controller/virtual_controller.egg-info/SOURCES.txt'
running build
running build_py
creating /home/raz/tehiru/drone_ws/build/virtual_controller/build
creating /home/raz/tehiru/drone_ws/build/virtual_controller/build/lib
creating /home/raz/tehiru/drone_ws/build/virtual_controller/build/lib/virtual_controller
copying virtual_controller/__init__.py -> /home/raz/tehiru/drone_ws/build/virtual_controller/build/lib/virtual_controller
running install
running install_lib
creating /home/raz/tehiru/drone_ws/install/virtual_controller/lib/python3.10/site-packages/virtual_controller
copying /home/raz/tehiru/drone_ws/build/virtual_controller/build/lib/virtual_controller/__init__.py -> /home/raz/tehiru/drone_ws/install/virtual_controller/lib/python3.10/site-packages/virtual_controller
byte-compiling /home/raz/tehiru/drone_ws/install/virtual_controller/lib/python3.10/site-packages/virtual_controller/__init__.py to __init__.cpython-310.pyc
running install_data
creating /home/raz/tehiru/drone_ws/install/virtual_controller/share/ament_index
creating /home/raz/tehiru/drone_ws/install/virtual_controller/share/ament_index/resource_index
creating /home/raz/tehiru/drone_ws/install/virtual_controller/share/ament_index/resource_index/packages
copying resource/virtual_controller -> /home/raz/tehiru/drone_ws/install/virtual_controller/share/ament_index/resource_index/packages
copying package.xml -> /home/raz/tehiru/drone_ws/install/virtual_controller/share/virtual_controller
running install_egg_info
Copying ../../build/virtual_controller/virtual_controller.egg-info to /home/raz/tehiru/drone_ws/install/virtual_controller/lib/python3.10/site-packages/virtual_controller-0.0.0-py3.10.egg-info
running install_scripts
writing list of installed files to '/home/raz/tehiru/drone_ws/build/virtual_controller/install.log'
