[0.665s] Invoking command in '/home/raz/tehiru/drone_ws/src/virtual_controller': PYTHONPATH=/home/raz/tehiru/drone_ws/build/virtual_controller/prefix_override:/usr/lib/python3/dist-packages/colcon_core/task/python/colcon_distutils_commands:/home/raz/tehiru/drone_ws/install/virtual_controller/lib/python3.10/site-packages:${PYTHONPATH} /usr/bin/python3 -W ignore:setup.py install is deprecated -W ignore:easy_install command is deprecated setup.py egg_info --egg-base ../../build/virtual_controller build --build-base /home/raz/tehiru/drone_ws/build/virtual_controller/build install --record /home/raz/tehiru/drone_ws/build/virtual_controller/install.log --single-version-externally-managed install_data
[0.887s] running egg_info
[0.888s] creating ../../build/virtual_controller/virtual_controller.egg-info
[0.888s] writing ../../build/virtual_controller/virtual_controller.egg-info/PKG-INFO
[0.888s] writing dependency_links to ../../build/virtual_controller/virtual_controller.egg-info/dependency_links.txt
[0.888s] writing entry points to ../../build/virtual_controller/virtual_controller.egg-info/entry_points.txt
[0.889s] writing requirements to ../../build/virtual_controller/virtual_controller.egg-info/requires.txt
[0.889s] writing top-level names to ../../build/virtual_controller/virtual_controller.egg-info/top_level.txt
[0.889s] writing manifest file '../../build/virtual_controller/virtual_controller.egg-info/SOURCES.txt'
[0.890s] reading manifest file '../../build/virtual_controller/virtual_controller.egg-info/SOURCES.txt'
[0.891s] writing manifest file '../../build/virtual_controller/virtual_controller.egg-info/SOURCES.txt'
[0.891s] running build
[0.891s] running build_py
[0.891s] creating /home/raz/tehiru/drone_ws/build/virtual_controller/build
[0.891s] creating /home/raz/tehiru/drone_ws/build/virtual_controller/build/lib
[0.891s] creating /home/raz/tehiru/drone_ws/build/virtual_controller/build/lib/virtual_controller
[0.891s] copying virtual_controller/__init__.py -> /home/raz/tehiru/drone_ws/build/virtual_controller/build/lib/virtual_controller
[0.891s] running install
[0.892s] running install_lib
[0.892s] creating /home/raz/tehiru/drone_ws/install/virtual_controller/lib/python3.10/site-packages/virtual_controller
[0.892s] copying /home/raz/tehiru/drone_ws/build/virtual_controller/build/lib/virtual_controller/__init__.py -> /home/raz/tehiru/drone_ws/install/virtual_controller/lib/python3.10/site-packages/virtual_controller
[0.893s] byte-compiling /home/raz/tehiru/drone_ws/install/virtual_controller/lib/python3.10/site-packages/virtual_controller/__init__.py to __init__.cpython-310.pyc
[0.893s] running install_data
[0.893s] creating /home/raz/tehiru/drone_ws/install/virtual_controller/share/ament_index
[0.893s] creating /home/raz/tehiru/drone_ws/install/virtual_controller/share/ament_index/resource_index
[0.893s] creating /home/raz/tehiru/drone_ws/install/virtual_controller/share/ament_index/resource_index/packages
[0.893s] copying resource/virtual_controller -> /home/raz/tehiru/drone_ws/install/virtual_controller/share/ament_index/resource_index/packages
[0.893s] copying package.xml -> /home/raz/tehiru/drone_ws/install/virtual_controller/share/virtual_controller
[0.893s] running install_egg_info
[0.895s] Copying ../../build/virtual_controller/virtual_controller.egg-info to /home/raz/tehiru/drone_ws/install/virtual_controller/lib/python3.10/site-packages/virtual_controller-0.0.0-py3.10.egg-info
[0.896s] running install_scripts
[0.914s] writing list of installed files to '/home/raz/tehiru/drone_ws/build/virtual_controller/install.log'
[0.946s] Invoked command in '/home/raz/tehiru/drone_ws/src/virtual_controller' returned '0': PYTHONPATH=/home/raz/tehiru/drone_ws/build/virtual_controller/prefix_override:/usr/lib/python3/dist-packages/colcon_core/task/python/colcon_distutils_commands:/home/raz/tehiru/drone_ws/install/virtual_controller/lib/python3.10/site-packages:${PYTHONPATH} /usr/bin/python3 -W ignore:setup.py install is deprecated -W ignore:easy_install command is deprecated setup.py egg_info --egg-base ../../build/virtual_controller build --build-base /home/raz/tehiru/drone_ws/build/virtual_controller/build install --record /home/raz/tehiru/drone_ws/build/virtual_controller/install.log --single-version-externally-managed install_data
