running egg_info
creating ../../build/liftoff_interface/liftoff_interface.egg-info
writing ../../build/liftoff_interface/liftoff_interface.egg-info/PKG-INFO
writing dependency_links to ../../build/liftoff_interface/liftoff_interface.egg-info/dependency_links.txt
writing entry points to ../../build/liftoff_interface/liftoff_interface.egg-info/entry_points.txt
writing requirements to ../../build/liftoff_interface/liftoff_interface.egg-info/requires.txt
writing top-level names to ../../build/liftoff_interface/liftoff_interface.egg-info/top_level.txt
writing manifest file '../../build/liftoff_interface/liftoff_interface.egg-info/SOURCES.txt'
reading manifest file '../../build/liftoff_interface/liftoff_interface.egg-info/SOURCES.txt'
writing manifest file '../../build/liftoff_interface/liftoff_interface.egg-info/SOURCES.txt'
running build
running build_py
creating /home/raz/tehiru/drone_ws/build/liftoff_interface/build
creating /home/raz/tehiru/drone_ws/build/liftoff_interface/build/lib
creating /home/raz/tehiru/drone_ws/build/liftoff_interface/build/lib/liftoff_interface
copying liftoff_interface/__init__.py -> /home/raz/tehiru/drone_ws/build/liftoff_interface/build/lib/liftoff_interface
copying liftoff_interface/sensor_listener.py -> /home/raz/tehiru/drone_ws/build/liftoff_interface/build/lib/liftoff_interface
copying liftoff_interface/liftoff_interface_controller.py -> /home/raz/tehiru/drone_ws/build/liftoff_interface/build/lib/liftoff_interface
running install
running install_lib
creating /home/raz/tehiru/drone_ws/install/liftoff_interface/lib/python3.10/site-packages/liftoff_interface
copying /home/raz/tehiru/drone_ws/build/liftoff_interface/build/lib/liftoff_interface/__init__.py -> /home/raz/tehiru/drone_ws/install/liftoff_interface/lib/python3.10/site-packages/liftoff_interface
copying /home/raz/tehiru/drone_ws/build/liftoff_interface/build/lib/liftoff_interface/sensor_listener.py -> /home/raz/tehiru/drone_ws/install/liftoff_interface/lib/python3.10/site-packages/liftoff_interface
copying /home/raz/tehiru/drone_ws/build/liftoff_interface/build/lib/liftoff_interface/liftoff_interface_controller.py -> /home/raz/tehiru/drone_ws/install/liftoff_interface/lib/python3.10/site-packages/liftoff_interface
byte-compiling /home/raz/tehiru/drone_ws/install/liftoff_interface/lib/python3.10/site-packages/liftoff_interface/__init__.py to __init__.cpython-310.pyc
byte-compiling /home/raz/tehiru/drone_ws/install/liftoff_interface/lib/python3.10/site-packages/liftoff_interface/sensor_listener.py to sensor_listener.cpython-310.pyc
byte-compiling /home/raz/tehiru/drone_ws/install/liftoff_interface/lib/python3.10/site-packages/liftoff_interface/liftoff_interface_controller.py to liftoff_interface_controller.cpython-310.pyc
running install_data
creating /home/raz/tehiru/drone_ws/install/liftoff_interface/share/ament_index
creating /home/raz/tehiru/drone_ws/install/liftoff_interface/share/ament_index/resource_index
creating /home/raz/tehiru/drone_ws/install/liftoff_interface/share/ament_index/resource_index/packages
copying resource/liftoff_interface -> /home/raz/tehiru/drone_ws/install/liftoff_interface/share/ament_index/resource_index/packages
copying package.xml -> /home/raz/tehiru/drone_ws/install/liftoff_interface/share/liftoff_interface
running install_egg_info
Copying ../../build/liftoff_interface/liftoff_interface.egg-info to /home/raz/tehiru/drone_ws/install/liftoff_interface/lib/python3.10/site-packages/liftoff_interface-0.0.0-py3.10.egg-info
running install_scripts
Installing controller script to /home/raz/tehiru/drone_ws/install/liftoff_interface/lib/liftoff_interface
Installing sensor_listener script to /home/raz/tehiru/drone_ws/install/liftoff_interface/lib/liftoff_interface
writing list of installed files to '/home/raz/tehiru/drone_ws/build/liftoff_interface/install.log'
