/home/raz/tehiru/drone_ws/install/liftoff_interface/lib/python3.10/site-packages/liftoff_interface/__init__.py
/home/raz/tehiru/drone_ws/install/liftoff_interface/lib/python3.10/site-packages/liftoff_interface/sensor_listener.py
/home/raz/tehiru/drone_ws/install/liftoff_interface/lib/python3.10/site-packages/liftoff_interface/controller.py
/home/raz/tehiru/drone_ws/install/liftoff_interface/lib/python3.10/site-packages/liftoff_interface/liftoff_bridge.py
/home/raz/tehiru/drone_ws/install/liftoff_interface/lib/python3.10/site-packages/liftoff_interface/__pycache__/__init__.cpython-310.pyc
/home/raz/tehiru/drone_ws/install/liftoff_interface/lib/python3.10/site-packages/liftoff_interface/__pycache__/sensor_listener.cpython-310.pyc
/home/raz/tehiru/drone_ws/install/liftoff_interface/lib/python3.10/site-packages/liftoff_interface/__pycache__/controller.cpython-310.pyc
/home/raz/tehiru/drone_ws/install/liftoff_interface/lib/python3.10/site-packages/liftoff_interface/__pycache__/liftoff_bridge.cpython-310.pyc
/home/raz/tehiru/drone_ws/install/liftoff_interface/share/ament_index/resource_index/packages/liftoff_interface
/home/raz/tehiru/drone_ws/install/liftoff_interface/share/liftoff_interface/package.xml
/home/raz/tehiru/drone_ws/install/liftoff_interface/lib/python3.10/site-packages/liftoff_interface-0.0.0-py3.10.egg-info/dependency_links.txt
/home/raz/tehiru/drone_ws/install/liftoff_interface/lib/python3.10/site-packages/liftoff_interface-0.0.0-py3.10.egg-info/top_level.txt
/home/raz/tehiru/drone_ws/install/liftoff_interface/lib/python3.10/site-packages/liftoff_interface-0.0.0-py3.10.egg-info/zip-safe
/home/raz/tehiru/drone_ws/install/liftoff_interface/lib/python3.10/site-packages/liftoff_interface-0.0.0-py3.10.egg-info/SOURCES.txt
/home/raz/tehiru/drone_ws/install/liftoff_interface/lib/python3.10/site-packages/liftoff_interface-0.0.0-py3.10.egg-info/requires.txt
/home/raz/tehiru/drone_ws/install/liftoff_interface/lib/python3.10/site-packages/liftoff_interface-0.0.0-py3.10.egg-info/entry_points.txt
/home/raz/tehiru/drone_ws/install/liftoff_interface/lib/python3.10/site-packages/liftoff_interface-0.0.0-py3.10.egg-info/PKG-INFO
/home/raz/tehiru/drone_ws/install/liftoff_interface/lib/liftoff_interface/controller
/home/raz/tehiru/drone_ws/install/liftoff_interface/lib/liftoff_interface/liftoff_bridge
/home/raz/tehiru/drone_ws/install/liftoff_interface/lib/liftoff_interface/sensor_listener
