[0.352s] Invoking command in '/home/raz/tehiru/Tehiru-Homework-assignment/drone_ws/build/liftoff_utils': CMAKE_PREFIX_PATH=${CMAKE_PREFIX_PATH}:/home/raz/tehiru/Tehiru-Homework-assignment/drone_ws/install/virtual_controller:/home/raz/tehiru/Tehiru-Homework-assignment/drone_ws/install/liftoff_telemetry:/home/raz/tehiru/Tehiru-Homework-assignment/drone_ws/install/liftoff_interface:/opt/ros/humble /usr/bin/cmake --build /home/raz/tehiru/Tehiru-Homework-assignment/drone_ws/build/liftoff_utils -- -j24 -l24
[0.523s] -- Found ament_cmake: 1.3.11 (/opt/ros/humble/share/ament_cmake/cmake)
[0.523s] -- Override CMake install command with custom implementation using symlinks instead of copying resources
[0.523s] -- Found rclpy: 3.3.16 (/opt/ros/humble/share/rclpy/cmake)
[0.523s] -- Found std_srvs: 4.8.0 (/opt/ros/humble/share/std_srvs/cmake)
[0.524s] -- Found rosidl_generator_c: 3.1.6 (/opt/ros/humble/share/rosidl_generator_c/cmake)
[0.524s] -- Found rosidl_adapter: 3.1.6 (/opt/ros/humble/share/rosidl_adapter/cmake)
[0.524s] -- Found rosidl_generator_cpp: 3.1.6 (/opt/ros/humble/share/rosidl_generator_cpp/cmake)
[0.524s] -- Using all available rosidl_typesupport_c: rosidl_typesupport_fastrtps_c;rosidl_typesupport_introspection_c
[0.524s] -- Using all available rosidl_typesupport_cpp: rosidl_typesupport_fastrtps_cpp;rosidl_typesupport_introspection_cpp
[0.524s] -- Found std_msgs: 4.8.0 (/opt/ros/humble/share/std_msgs/cmake)
[0.524s] -- Found rosidl_default_generators: 1.2.0 (/opt/ros/humble/share/rosidl_default_generators/cmake)
[0.732s] -- Found ament_cmake_ros: 0.10.0 (/opt/ros/humble/share/ament_cmake_ros/cmake)
[1.009s] -- Using all available rosidl_typesupport_c: rosidl_typesupport_fastrtps_c;rosidl_typesupport_introspection_c
[1.113s] -- Using all available rosidl_typesupport_cpp: rosidl_typesupport_fastrtps_cpp;rosidl_typesupport_introspection_cpp
[1.131s] -- Found python_cmake_module: 0.10.0 (/opt/ros/humble/share/python_cmake_module/cmake)
[1.147s] -- Using PYTHON_EXECUTABLE: /usr/bin/python3
[1.147s] -- Using PYTHON_INCLUDE_DIRS: /usr/include/python3.10
[1.147s] -- Using PYTHON_LIBRARIES: /usr/lib/x86_64-linux-gnu/libpython3.10.so
[1.165s] -- Found ament_lint_auto: 0.12.12 (/opt/ros/humble/share/ament_lint_auto/cmake)
[1.171s] -- Added test 'lint_cmake' to check CMake code style
[1.172s] -- Added test 'xmllint' to check XML markup files
[1.173s] -- Configuring done
[1.191s] -- Generating done
[1.199s] -- Build files have been written to: /home/raz/tehiru/Tehiru-Homework-assignment/drone_ws/build/liftoff_utils
[1.220s] [35m[1mConsolidate compiler generated dependencies of target liftoff_utils__rosidl_generator_c[0m
[1.227s] [  3%] Built target liftoff_utils__cpp
[1.227s] [ 12%] Built target liftoff_utils__rosidl_generator_c
[1.233s] [ 12%] Built target ament_cmake_python_symlink_liftoff_utils
[1.234s] [35m[1mConsolidate compiler generated dependencies of target liftoff_utils__rosidl_typesupport_fastrtps_c[0m
[1.234s] [35m[1mConsolidate compiler generated dependencies of target liftoff_utils__rosidl_typesupport_introspection_cpp[0m
[1.235s] [35m[1mConsolidate compiler generated dependencies of target liftoff_utils__rosidl_typesupport_cpp[0m
[1.235s] [35m[1mConsolidate compiler generated dependencies of target liftoff_utils__rosidl_typesupport_fastrtps_cpp[0m
[1.240s] [35m[1mConsolidate compiler generated dependencies of target liftoff_utils__rosidl_typesupport_introspection_c[0m
[1.242s] [ 32%] Built target liftoff_utils__rosidl_typesupport_cpp
[1.242s] [ 32%] Built target liftoff_utils__rosidl_typesupport_introspection_cpp
[1.243s] [ 41%] Built target liftoff_utils__rosidl_typesupport_fastrtps_c
[1.243s] [ 51%] Built target liftoff_utils__rosidl_typesupport_fastrtps_cpp
[1.243s] [35m[1mConsolidate compiler generated dependencies of target liftoff_utils__rosidl_typesupport_c[0m
[1.248s] [ 61%] Built target liftoff_utils__rosidl_typesupport_introspection_c
[1.251s] [ 70%] Built target liftoff_utils__rosidl_typesupport_c
[1.267s] [ 70%] Built target liftoff_utils
[1.283s] [ 74%] Built target liftoff_utils__py
[1.293s] [35m[1mConsolidate compiler generated dependencies of target liftoff_utils__rosidl_generator_py[0m
[1.305s] [ 80%] Built target liftoff_utils__rosidl_generator_py
[1.313s] [35m[1mConsolidate compiler generated dependencies of target liftoff_utils__rosidl_typesupport_introspection_c__pyext[0m
[1.313s] [35m[1mConsolidate compiler generated dependencies of target liftoff_utils__rosidl_typesupport_c__pyext[0m
[1.313s] [35m[1mConsolidate compiler generated dependencies of target liftoff_utils__rosidl_typesupport_fastrtps_c__pyext[0m
[1.322s] [ 87%] Built target liftoff_utils__rosidl_typesupport_fastrtps_c__pyext
[1.323s] [ 93%] Built target liftoff_utils__rosidl_typesupport_c__pyext
[1.323s] [100%] Built target liftoff_utils__rosidl_typesupport_introspection_c__pyext
[1.396s] running egg_info
[1.396s] writing liftoff_utils.egg-info/PKG-INFO
[1.396s] writing dependency_links to liftoff_utils.egg-info/dependency_links.txt
[1.396s] writing top-level names to liftoff_utils.egg-info/top_level.txt
[1.398s] reading manifest file 'liftoff_utils.egg-info/SOURCES.txt'
[1.398s] writing manifest file 'liftoff_utils.egg-info/SOURCES.txt'
[1.417s] [100%] Built target ament_cmake_python_build_liftoff_utils_egg
[1.426s] Invoked command in '/home/raz/tehiru/Tehiru-Homework-assignment/drone_ws/build/liftoff_utils' returned '0': CMAKE_PREFIX_PATH=${CMAKE_PREFIX_PATH}:/home/raz/tehiru/Tehiru-Homework-assignment/drone_ws/install/virtual_controller:/home/raz/tehiru/Tehiru-Homework-assignment/drone_ws/install/liftoff_telemetry:/home/raz/tehiru/Tehiru-Homework-assignment/drone_ws/install/liftoff_interface:/opt/ros/humble /usr/bin/cmake --build /home/raz/tehiru/Tehiru-Homework-assignment/drone_ws/build/liftoff_utils -- -j24 -l24
[1.428s] Invoking command in '/home/raz/tehiru/Tehiru-Homework-assignment/drone_ws/build/liftoff_utils': CMAKE_PREFIX_PATH=${CMAKE_PREFIX_PATH}:/home/raz/tehiru/Tehiru-Homework-assignment/drone_ws/install/virtual_controller:/home/raz/tehiru/Tehiru-Homework-assignment/drone_ws/install/liftoff_telemetry:/home/raz/tehiru/Tehiru-Homework-assignment/drone_ws/install/liftoff_interface:/opt/ros/humble /usr/bin/cmake --install /home/raz/tehiru/Tehiru-Homework-assignment/drone_ws/build/liftoff_utils
[1.433s] -- Install configuration: ""
[1.434s] -- Execute custom install script
[1.434s] -- Up-to-date symlink: /home/raz/tehiru/Tehiru-Homework-assignment/drone_ws/install/liftoff_utils/share/ament_index/resource_index/rosidl_interfaces/liftoff_utils
[1.434s] -- Up-to-date symlink: /home/raz/tehiru/Tehiru-Homework-assignment/drone_ws/install/liftoff_utils/include/liftoff_utils/liftoff_utils/msg/rosidl_generator_c__visibility_control.h
[1.434s] -- Up-to-date symlink: /home/raz/tehiru/Tehiru-Homework-assignment/drone_ws/install/liftoff_utils/include/liftoff_utils/liftoff_utils/srv/detail/target_navigation__functions.h
[1.434s] -- Up-to-date symlink: /home/raz/tehiru/Tehiru-Homework-assignment/drone_ws/install/liftoff_utils/include/liftoff_utils/liftoff_utils/srv/detail/target_navigation__struct.h
[1.434s] -- Up-to-date symlink: /home/raz/tehiru/Tehiru-Homework-assignment/drone_ws/install/liftoff_utils/include/liftoff_utils/liftoff_utils/srv/detail/target_navigation__type_support.h
[1.434s] -- Up-to-date symlink: /home/raz/tehiru/Tehiru-Homework-assignment/drone_ws/install/liftoff_utils/include/liftoff_utils/liftoff_utils/srv/target_navigation.h
[1.434s] -- Up-to-date symlink: /home/raz/tehiru/Tehiru-Homework-assignment/drone_ws/install/liftoff_utils/share/liftoff_utils/environment/library_path.sh
[1.435s] -- Up-to-date symlink: /home/raz/tehiru/Tehiru-Homework-assignment/drone_ws/install/liftoff_utils/share/liftoff_utils/environment/library_path.dsv
[1.435s] -- Up-to-date symlink: /home/raz/tehiru/Tehiru-Homework-assignment/drone_ws/install/liftoff_utils/include/liftoff_utils/liftoff_utils/msg/rosidl_typesupport_fastrtps_c__visibility_control.h
[1.435s] -- Up-to-date symlink: /home/raz/tehiru/Tehiru-Homework-assignment/drone_ws/install/liftoff_utils/include/liftoff_utils/liftoff_utils/srv/detail/target_navigation__rosidl_typesupport_fastrtps_c.h
[1.435s] -- Up-to-date symlink: /home/raz/tehiru/Tehiru-Homework-assignment/drone_ws/install/liftoff_utils/include/liftoff_utils/liftoff_utils/msg/rosidl_generator_cpp__visibility_control.hpp
[1.435s] -- Up-to-date symlink: /home/raz/tehiru/Tehiru-Homework-assignment/drone_ws/install/liftoff_utils/include/liftoff_utils/liftoff_utils/srv/detail/target_navigation__builder.hpp
[1.435s] -- Up-to-date symlink: /home/raz/tehiru/Tehiru-Homework-assignment/drone_ws/install/liftoff_utils/include/liftoff_utils/liftoff_utils/srv/detail/target_navigation__struct.hpp
[1.435s] -- Up-to-date symlink: /home/raz/tehiru/Tehiru-Homework-assignment/drone_ws/install/liftoff_utils/include/liftoff_utils/liftoff_utils/srv/detail/target_navigation__traits.hpp
[1.436s] -- Up-to-date symlink: /home/raz/tehiru/Tehiru-Homework-assignment/drone_ws/install/liftoff_utils/include/liftoff_utils/liftoff_utils/srv/detail/target_navigation__type_support.hpp
[1.436s] -- Up-to-date symlink: /home/raz/tehiru/Tehiru-Homework-assignment/drone_ws/install/liftoff_utils/include/liftoff_utils/liftoff_utils/srv/target_navigation.hpp
[1.436s] -- Up-to-date symlink: /home/raz/tehiru/Tehiru-Homework-assignment/drone_ws/install/liftoff_utils/include/liftoff_utils/liftoff_utils/msg/rosidl_typesupport_fastrtps_cpp__visibility_control.h
[1.436s] -- Up-to-date symlink: /home/raz/tehiru/Tehiru-Homework-assignment/drone_ws/install/liftoff_utils/include/liftoff_utils/liftoff_utils/srv/detail/target_navigation__rosidl_typesupport_fastrtps_cpp.hpp
[1.436s] -- Up-to-date symlink: /home/raz/tehiru/Tehiru-Homework-assignment/drone_ws/install/liftoff_utils/include/liftoff_utils/liftoff_utils/msg/rosidl_typesupport_introspection_c__visibility_control.h
[1.436s] -- Up-to-date symlink: /home/raz/tehiru/Tehiru-Homework-assignment/drone_ws/install/liftoff_utils/include/liftoff_utils/liftoff_utils/srv/detail/target_navigation__rosidl_typesupport_introspection_c.h
[1.436s] -- Up-to-date symlink: /home/raz/tehiru/Tehiru-Homework-assignment/drone_ws/install/liftoff_utils/include/liftoff_utils/liftoff_utils/srv/detail/target_navigation__rosidl_typesupport_introspection_cpp.hpp
[1.436s] -- Up-to-date symlink: /home/raz/tehiru/Tehiru-Homework-assignment/drone_ws/install/liftoff_utils/share/liftoff_utils/environment/pythonpath.sh
[1.436s] -- Up-to-date symlink: /home/raz/tehiru/Tehiru-Homework-assignment/drone_ws/install/liftoff_utils/share/liftoff_utils/environment/pythonpath.dsv
[1.436s] -- Up-to-date symlink: /home/raz/tehiru/Tehiru-Homework-assignment/drone_ws/install/liftoff_utils/local/lib/python3.10/dist-packages/liftoff_utils-0.0.0-py3.10.egg-info/PKG-INFO
[1.436s] -- Up-to-date symlink: /home/raz/tehiru/Tehiru-Homework-assignment/drone_ws/install/liftoff_utils/local/lib/python3.10/dist-packages/liftoff_utils-0.0.0-py3.10.egg-info/SOURCES.txt
[1.436s] -- Up-to-date symlink: /home/raz/tehiru/Tehiru-Homework-assignment/drone_ws/install/liftoff_utils/local/lib/python3.10/dist-packages/liftoff_utils-0.0.0-py3.10.egg-info/dependency_links.txt
[1.436s] -- Up-to-date symlink: /home/raz/tehiru/Tehiru-Homework-assignment/drone_ws/install/liftoff_utils/local/lib/python3.10/dist-packages/liftoff_utils-0.0.0-py3.10.egg-info/top_level.txt
[1.437s] -- Up-to-date symlink: /home/raz/tehiru/Tehiru-Homework-assignment/drone_ws/install/liftoff_utils/local/lib/python3.10/dist-packages/liftoff_utils/__init__.py
[1.437s] -- Up-to-date symlink: /home/raz/tehiru/Tehiru-Homework-assignment/drone_ws/install/liftoff_utils/local/lib/python3.10/dist-packages/liftoff_utils/_liftoff_utils_s.ep.rosidl_typesupport_c.c
[1.437s] -- Up-to-date symlink: /home/raz/tehiru/Tehiru-Homework-assignment/drone_ws/install/liftoff_utils/local/lib/python3.10/dist-packages/liftoff_utils/_liftoff_utils_s.ep.rosidl_typesupport_fastrtps_c.c
[1.437s] -- Up-to-date symlink: /home/raz/tehiru/Tehiru-Homework-assignment/drone_ws/install/liftoff_utils/local/lib/python3.10/dist-packages/liftoff_utils/_liftoff_utils_s.ep.rosidl_typesupport_introspection_c.c
[1.437s] -- Up-to-date symlink: /home/raz/tehiru/Tehiru-Homework-assignment/drone_ws/install/liftoff_utils/local/lib/python3.10/dist-packages/liftoff_utils/libliftoff_utils__rosidl_generator_py.so
[1.437s] -- Up-to-date symlink: /home/raz/tehiru/Tehiru-Homework-assignment/drone_ws/install/liftoff_utils/local/lib/python3.10/dist-packages/liftoff_utils/liftoff_utils_s__rosidl_typesupport_c.cpython-310-x86_64-linux-gnu.so
[1.437s] -- Up-to-date symlink: /home/raz/tehiru/Tehiru-Homework-assignment/drone_ws/install/liftoff_utils/local/lib/python3.10/dist-packages/liftoff_utils/liftoff_utils_s__rosidl_typesupport_fastrtps_c.cpython-310-x86_64-linux-gnu.so
[1.437s] -- Up-to-date symlink: /home/raz/tehiru/Tehiru-Homework-assignment/drone_ws/install/liftoff_utils/local/lib/python3.10/dist-packages/liftoff_utils/liftoff_utils_s__rosidl_typesupport_introspection_c.cpython-310-x86_64-linux-gnu.so
[1.437s] -- Up-to-date symlink: /home/raz/tehiru/Tehiru-Homework-assignment/drone_ws/install/liftoff_utils/local/lib/python3.10/dist-packages/liftoff_utils/srv/__init__.py
[1.437s] -- Up-to-date symlink: /home/raz/tehiru/Tehiru-Homework-assignment/drone_ws/install/liftoff_utils/local/lib/python3.10/dist-packages/liftoff_utils/srv/_target_navigation.py
[1.437s] -- Up-to-date symlink: /home/raz/tehiru/Tehiru-Homework-assignment/drone_ws/install/liftoff_utils/local/lib/python3.10/dist-packages/liftoff_utils/srv/_target_navigation_s.c
[1.437s] -- Up-to-date symlink: /home/raz/tehiru/Tehiru-Homework-assignment/drone_ws/install/liftoff_utils/local/lib/python3.10/dist-packages/liftoff_utils/liftoff_utils_s__rosidl_typesupport_fastrtps_c.cpython-310-x86_64-linux-gnu.so
[1.438s] -- Up-to-date symlink: /home/raz/tehiru/Tehiru-Homework-assignment/drone_ws/install/liftoff_utils/local/lib/python3.10/dist-packages/liftoff_utils/liftoff_utils_s__rosidl_typesupport_introspection_c.cpython-310-x86_64-linux-gnu.so
[1.438s] -- Up-to-date symlink: /home/raz/tehiru/Tehiru-Homework-assignment/drone_ws/install/liftoff_utils/local/lib/python3.10/dist-packages/liftoff_utils/liftoff_utils_s__rosidl_typesupport_c.cpython-310-x86_64-linux-gnu.so
[1.438s] -- Up-to-date symlink: /home/raz/tehiru/Tehiru-Homework-assignment/drone_ws/install/liftoff_utils/share/liftoff_utils/srv/TargetNavigation.idl
[1.438s] -- Up-to-date symlink: /home/raz/tehiru/Tehiru-Homework-assignment/drone_ws/install/liftoff_utils/share/liftoff_utils/srv/TargetNavigation.srv
[1.438s] -- Up-to-date symlink: /home/raz/tehiru/Tehiru-Homework-assignment/drone_ws/install/liftoff_utils/share/liftoff_utils/srv/TargetNavigation_Request.msg
[1.438s] -- Up-to-date symlink: /home/raz/tehiru/Tehiru-Homework-assignment/drone_ws/install/liftoff_utils/share/liftoff_utils/srv/TargetNavigation_Response.msg
[1.438s] -- Up-to-date symlink: /home/raz/tehiru/Tehiru-Homework-assignment/drone_ws/install/liftoff_utils/share/ament_index/resource_index/package_run_dependencies/liftoff_utils
[1.438s] -- Up-to-date symlink: /home/raz/tehiru/Tehiru-Homework-assignment/drone_ws/install/liftoff_utils/share/ament_index/resource_index/parent_prefix_path/liftoff_utils
[1.438s] -- Up-to-date symlink: /home/raz/tehiru/Tehiru-Homework-assignment/drone_ws/install/liftoff_utils/share/liftoff_utils/environment/ament_prefix_path.sh
[1.438s] -- Up-to-date symlink: /home/raz/tehiru/Tehiru-Homework-assignment/drone_ws/install/liftoff_utils/share/liftoff_utils/environment/ament_prefix_path.dsv
[1.438s] -- Up-to-date symlink: /home/raz/tehiru/Tehiru-Homework-assignment/drone_ws/install/liftoff_utils/share/liftoff_utils/environment/path.sh
[1.438s] -- Up-to-date symlink: /home/raz/tehiru/Tehiru-Homework-assignment/drone_ws/install/liftoff_utils/share/liftoff_utils/environment/path.dsv
[1.439s] -- Up-to-date symlink: /home/raz/tehiru/Tehiru-Homework-assignment/drone_ws/install/liftoff_utils/share/liftoff_utils/local_setup.bash
[1.439s] -- Up-to-date symlink: /home/raz/tehiru/Tehiru-Homework-assignment/drone_ws/install/liftoff_utils/share/liftoff_utils/local_setup.sh
[1.439s] -- Up-to-date symlink: /home/raz/tehiru/Tehiru-Homework-assignment/drone_ws/install/liftoff_utils/share/liftoff_utils/local_setup.zsh
[1.439s] -- Up-to-date symlink: /home/raz/tehiru/Tehiru-Homework-assignment/drone_ws/install/liftoff_utils/share/liftoff_utils/local_setup.dsv
[1.439s] -- Symlinking: /home/raz/tehiru/Tehiru-Homework-assignment/drone_ws/install/liftoff_utils/share/liftoff_utils/package.dsv
[1.447s] -- Up-to-date symlink: /home/raz/tehiru/Tehiru-Homework-assignment/drone_ws/install/liftoff_utils/share/ament_index/resource_index/packages/liftoff_utils
[1.447s] -- Up-to-date symlink: /home/raz/tehiru/Tehiru-Homework-assignment/drone_ws/install/liftoff_utils/share/liftoff_utils/cmake/rosidl_cmake-extras.cmake
[1.447s] -- Up-to-date symlink: /home/raz/tehiru/Tehiru-Homework-assignment/drone_ws/install/liftoff_utils/share/liftoff_utils/cmake/ament_cmake_export_dependencies-extras.cmake
[1.447s] -- Up-to-date symlink: /home/raz/tehiru/Tehiru-Homework-assignment/drone_ws/install/liftoff_utils/share/liftoff_utils/cmake/ament_cmake_export_include_directories-extras.cmake
[1.447s] -- Up-to-date symlink: /home/raz/tehiru/Tehiru-Homework-assignment/drone_ws/install/liftoff_utils/share/liftoff_utils/cmake/ament_cmake_export_libraries-extras.cmake
[1.447s] -- Up-to-date symlink: /home/raz/tehiru/Tehiru-Homework-assignment/drone_ws/install/liftoff_utils/share/liftoff_utils/cmake/ament_cmake_export_targets-extras.cmake
[1.447s] -- Up-to-date symlink: /home/raz/tehiru/Tehiru-Homework-assignment/drone_ws/install/liftoff_utils/share/liftoff_utils/cmake/rosidl_cmake_export_typesupport_targets-extras.cmake
[1.447s] -- Up-to-date symlink: /home/raz/tehiru/Tehiru-Homework-assignment/drone_ws/install/liftoff_utils/share/liftoff_utils/cmake/rosidl_cmake_export_typesupport_libraries-extras.cmake
[1.447s] -- Up-to-date symlink: /home/raz/tehiru/Tehiru-Homework-assignment/drone_ws/install/liftoff_utils/share/liftoff_utils/cmake/liftoff_utilsConfig.cmake
[1.447s] -- Up-to-date symlink: /home/raz/tehiru/Tehiru-Homework-assignment/drone_ws/install/liftoff_utils/share/liftoff_utils/cmake/liftoff_utilsConfig-version.cmake
[1.447s] -- Up-to-date symlink: /home/raz/tehiru/Tehiru-Homework-assignment/drone_ws/install/liftoff_utils/share/liftoff_utils/package.xml
[1.447s] -- Up-to-date: /home/raz/tehiru/Tehiru-Homework-assignment/drone_ws/install/liftoff_utils/lib/libliftoff_utils__rosidl_generator_c.so
[1.447s] -- Up-to-date: /home/raz/tehiru/Tehiru-Homework-assignment/drone_ws/install/liftoff_utils/lib/libliftoff_utils__rosidl_typesupport_fastrtps_c.so
[1.448s] -- Up-to-date: /home/raz/tehiru/Tehiru-Homework-assignment/drone_ws/install/liftoff_utils/lib/libliftoff_utils__rosidl_typesupport_fastrtps_cpp.so
[1.448s] -- Up-to-date: /home/raz/tehiru/Tehiru-Homework-assignment/drone_ws/install/liftoff_utils/lib/libliftoff_utils__rosidl_typesupport_introspection_c.so
[1.448s] -- Up-to-date: /home/raz/tehiru/Tehiru-Homework-assignment/drone_ws/install/liftoff_utils/lib/libliftoff_utils__rosidl_typesupport_c.so
[1.448s] -- Up-to-date: /home/raz/tehiru/Tehiru-Homework-assignment/drone_ws/install/liftoff_utils/lib/libliftoff_utils__rosidl_typesupport_introspection_cpp.so
[1.448s] -- Up-to-date: /home/raz/tehiru/Tehiru-Homework-assignment/drone_ws/install/liftoff_utils/lib/libliftoff_utils__rosidl_typesupport_cpp.so
[1.472s] Listing '/home/raz/tehiru/Tehiru-Homework-assignment/drone_ws/install/liftoff_utils/local/lib/python3.10/dist-packages/liftoff_utils'...
[1.472s] Compiling '/home/raz/tehiru/Tehiru-Homework-assignment/drone_ws/install/liftoff_utils/local/lib/python3.10/dist-packages/liftoff_utils/__init__.py'...
[1.472s] Listing '/home/raz/tehiru/Tehiru-Homework-assignment/drone_ws/install/liftoff_utils/local/lib/python3.10/dist-packages/liftoff_utils/srv'...
[1.476s] -- Up-to-date: /home/raz/tehiru/Tehiru-Homework-assignment/drone_ws/install/liftoff_utils/lib/libliftoff_utils__rosidl_generator_py.so
[1.476s] -- Up-to-date: /home/raz/tehiru/Tehiru-Homework-assignment/drone_ws/install/liftoff_utils/share/liftoff_utils/cmake/export_liftoff_utils__rosidl_generator_cExport.cmake
[1.476s] -- Up-to-date: /home/raz/tehiru/Tehiru-Homework-assignment/drone_ws/install/liftoff_utils/share/liftoff_utils/cmake/export_liftoff_utils__rosidl_generator_cExport-noconfig.cmake
[1.476s] -- Up-to-date: /home/raz/tehiru/Tehiru-Homework-assignment/drone_ws/install/liftoff_utils/share/liftoff_utils/cmake/export_liftoff_utils__rosidl_typesupport_fastrtps_cExport.cmake
[1.476s] -- Up-to-date: /home/raz/tehiru/Tehiru-Homework-assignment/drone_ws/install/liftoff_utils/share/liftoff_utils/cmake/export_liftoff_utils__rosidl_typesupport_fastrtps_cExport-noconfig.cmake
[1.477s] -- Up-to-date: /home/raz/tehiru/Tehiru-Homework-assignment/drone_ws/install/liftoff_utils/share/liftoff_utils/cmake/export_liftoff_utils__rosidl_generator_cppExport.cmake
[1.477s] -- Up-to-date: /home/raz/tehiru/Tehiru-Homework-assignment/drone_ws/install/liftoff_utils/share/liftoff_utils/cmake/export_liftoff_utils__rosidl_typesupport_fastrtps_cppExport.cmake
[1.477s] -- Up-to-date: /home/raz/tehiru/Tehiru-Homework-assignment/drone_ws/install/liftoff_utils/share/liftoff_utils/cmake/export_liftoff_utils__rosidl_typesupport_fastrtps_cppExport-noconfig.cmake
[1.477s] -- Up-to-date: /home/raz/tehiru/Tehiru-Homework-assignment/drone_ws/install/liftoff_utils/share/liftoff_utils/cmake/liftoff_utils__rosidl_typesupport_introspection_cExport.cmake
[1.477s] -- Up-to-date: /home/raz/tehiru/Tehiru-Homework-assignment/drone_ws/install/liftoff_utils/share/liftoff_utils/cmake/liftoff_utils__rosidl_typesupport_introspection_cExport-noconfig.cmake
[1.477s] -- Up-to-date: /home/raz/tehiru/Tehiru-Homework-assignment/drone_ws/install/liftoff_utils/share/liftoff_utils/cmake/liftoff_utils__rosidl_typesupport_cExport.cmake
[1.477s] -- Up-to-date: /home/raz/tehiru/Tehiru-Homework-assignment/drone_ws/install/liftoff_utils/share/liftoff_utils/cmake/liftoff_utils__rosidl_typesupport_cExport-noconfig.cmake
[1.477s] -- Up-to-date: /home/raz/tehiru/Tehiru-Homework-assignment/drone_ws/install/liftoff_utils/share/liftoff_utils/cmake/liftoff_utils__rosidl_typesupport_introspection_cppExport.cmake
[1.477s] -- Up-to-date: /home/raz/tehiru/Tehiru-Homework-assignment/drone_ws/install/liftoff_utils/share/liftoff_utils/cmake/liftoff_utils__rosidl_typesupport_introspection_cppExport-noconfig.cmake
[1.477s] -- Up-to-date: /home/raz/tehiru/Tehiru-Homework-assignment/drone_ws/install/liftoff_utils/share/liftoff_utils/cmake/liftoff_utils__rosidl_typesupport_cppExport.cmake
[1.477s] -- Up-to-date: /home/raz/tehiru/Tehiru-Homework-assignment/drone_ws/install/liftoff_utils/share/liftoff_utils/cmake/liftoff_utils__rosidl_typesupport_cppExport-noconfig.cmake
[1.477s] -- Up-to-date: /home/raz/tehiru/Tehiru-Homework-assignment/drone_ws/install/liftoff_utils/share/liftoff_utils/cmake/export_liftoff_utils__rosidl_generator_pyExport.cmake
[1.477s] -- Up-to-date: /home/raz/tehiru/Tehiru-Homework-assignment/drone_ws/install/liftoff_utils/share/liftoff_utils/cmake/export_liftoff_utils__rosidl_generator_pyExport-noconfig.cmake
[1.479s] Invoked command in '/home/raz/tehiru/Tehiru-Homework-assignment/drone_ws/build/liftoff_utils' returned '0': CMAKE_PREFIX_PATH=${CMAKE_PREFIX_PATH}:/home/raz/tehiru/Tehiru-Homework-assignment/drone_ws/install/virtual_controller:/home/raz/tehiru/Tehiru-Homework-assignment/drone_ws/install/liftoff_telemetry:/home/raz/tehiru/Tehiru-Homework-assignment/drone_ws/install/liftoff_interface:/opt/ros/humble /usr/bin/cmake --install /home/raz/tehiru/Tehiru-Homework-assignment/drone_ws/build/liftoff_utils
