[0.007s] Invoking command in '/home/raz/tehiru/Tehiru-Homework-assignment/drone_ws/build/virtual_ps_controller': CMAKE_PREFIX_PATH=/opt/ros/humble /usr/bin/cmake --build /home/raz/tehiru/Tehiru-Homework-assignment/drone_ws/build/virtual_ps_controller -- -j24 -l24
[0.025s] -- Found ament_cmake: 1.3.11 (/opt/ros/humble/share/ament_cmake/cmake)
[0.110s] -- Found rclcpp: 16.0.12 (/opt/ros/humble/share/rclcpp/cmake)
[0.130s] -- Found rosidl_generator_c: 3.1.6 (/opt/ros/humble/share/rosidl_generator_c/cmake)
[0.131s] -- Found rosidl_adapter: 3.1.6 (/opt/ros/humble/share/rosidl_adapter/cmake)
[0.135s] -- Found rosidl_generator_cpp: 3.1.6 (/opt/ros/humble/share/rosidl_generator_cpp/cmake)
[0.141s] -- Using all available rosidl_typesupport_c: rosidl_typesupport_fastrtps_c;rosidl_typesupport_introspection_c
[0.148s] -- Using all available rosidl_typesupport_cpp: rosidl_typesupport_fastrtps_cpp;rosidl_typesupport_introspection_cpp
[0.169s] -- Found rmw_implementation_cmake: 6.1.2 (/opt/ros/humble/share/rmw_implementation_cmake/cmake)
[0.170s] -- Found rmw_fastrtps_cpp: 6.2.7 (/opt/ros/humble/share/rmw_fastrtps_cpp/cmake)
[0.244s] -- Using RMW implementation 'rmw_fastrtps_cpp' as default
[0.288s] -- Found sensor_msgs: 4.8.0 (/opt/ros/humble/share/sensor_msgs/cmake)
[0.306s] -- Found rosidl_default_generators: 1.2.0 (/opt/ros/humble/share/rosidl_default_generators/cmake)
[0.499s] -- Found ament_cmake_ros: 0.10.0 (/opt/ros/humble/share/ament_cmake_ros/cmake)
[0.761s] -- Using all available rosidl_typesupport_c: rosidl_typesupport_fastrtps_c;rosidl_typesupport_introspection_c
[0.887s] -- Using all available rosidl_typesupport_cpp: rosidl_typesupport_fastrtps_cpp;rosidl_typesupport_introspection_cpp
[0.908s] -- Found PythonInterp: /usr/bin/python3 (found suitable version "3.10.12", minimum required is "3.6") 
[0.909s] -- Found python_cmake_module: 0.10.0 (/opt/ros/humble/share/python_cmake_module/cmake)
[0.936s] -- Found PythonLibs: /usr/lib/x86_64-linux-gnu/libpython3.10.so (found suitable version "3.10.12", minimum required is "3.5") 
[0.936s] -- Using PYTHON_EXECUTABLE: /usr/bin/python3
[0.936s] -- Using PYTHON_INCLUDE_DIRS: /usr/include/python3.10
[0.936s] -- Using PYTHON_LIBRARIES: /usr/lib/x86_64-linux-gnu/libpython3.10.so
[0.953s] -- Found PythonExtra: .so  
[0.986s] -- Configuring done
[0.988s] [31mCMake Error at CMakeLists.txt:19 (add_executable):
[0.988s]   Cannot find source file:
[0.988s] 
[0.988s]     src/virtual_ps_controller_node.cpp
[0.988s] 
[0.988s]   Tried extensions .c .C .c++ .cc .cpp .cxx .cu .mpp .m .M .mm .ixx .cppm .h
[0.988s]   .hh .h++ .hm .hpp .hxx .in .txx .f .F .for .f77 .f90 .f95 .f03 .hip .ispc
[0.988s] 
[0.989s] [0m
[0.996s] [31mCMake Error at CMakeLists.txt:19 (add_executable):
[0.997s]   No SOURCES given to target: virtual_ps_controller_node
[0.997s] 
[0.997s] [0m
[0.997s] [0mCMake Generate step failed.  Build files cannot be regenerated correctly.[0m
[1.002s] gmake: *** [Makefile:226: cmake_check_build_system] Error 1
[1.004s] Invoked command in '/home/raz/tehiru/Tehiru-Homework-assignment/drone_ws/build/virtual_ps_controller' returned '2': CMAKE_PREFIX_PATH=/opt/ros/humble /usr/bin/cmake --build /home/raz/tehiru/Tehiru-Homework-assignment/drone_ws/build/virtual_ps_controller -- -j24 -l24
