[0.350s] Invoking command in '/home/raz/tehiru/Tehiru-Homework-assignment/drone_ws/build/liftoff_utils': CMAKE_PREFIX_PATH=/opt/ros/humble /usr/bin/cmake /home/raz/tehiru/Tehiru-Homework-assignment/drone_ws/src/liftoff_utils -DAMENT_CMAKE_SYMLINK_INSTALL=1 -DCMAKE_INSTALL_PREFIX=/home/raz/tehiru/Tehiru-Homework-assignment/drone_ws/install/liftoff_utils
[0.411s] -- The C compiler identification is GNU 11.4.0
[0.464s] -- The CXX compiler identification is GNU 11.4.0
[0.472s] -- Detecting C compiler ABI info
[0.530s] -- Detecting C compiler ABI info - done
[0.538s] -- Check for working C compiler: /usr/bin/cc - skipped
[0.538s] -- Detecting C compile features
[0.539s] -- Detecting C compile features - done
[0.541s] -- Detecting CXX compiler ABI info
[0.606s] -- Detecting CXX compiler ABI info - done
[0.611s] -- Check for working CXX compiler: /usr/bin/c++ - skipped
[0.612s] -- Detecting CXX compile features
[0.612s] -- Detecting CXX compile features - done
[0.614s] -- Found ament_cmake: 1.3.11 (/opt/ros/humble/share/ament_cmake/cmake)
[0.729s] -- Found Python3: /usr/bin/python3 (found version "3.10.12") found components: Interpreter 
[0.782s] -- Override CMake install command with custom implementation using symlinks instead of copying resources
[0.809s] -- Found rclpy: 3.3.16 (/opt/ros/humble/share/rclpy/cmake)
[0.811s] -- Found std_srvs: 4.8.0 (/opt/ros/humble/share/std_srvs/cmake)
[0.839s] -- Found rosidl_generator_c: 3.1.6 (/opt/ros/humble/share/rosidl_generator_c/cmake)
[0.844s] -- Found rosidl_adapter: 3.1.6 (/opt/ros/humble/share/rosidl_adapter/cmake)
[0.852s] -- Found rosidl_generator_cpp: 3.1.6 (/opt/ros/humble/share/rosidl_generator_cpp/cmake)
[0.864s] -- Using all available rosidl_typesupport_c: rosidl_typesupport_fastrtps_c;rosidl_typesupport_introspection_c
[0.877s] -- Using all available rosidl_typesupport_cpp: rosidl_typesupport_fastrtps_cpp;rosidl_typesupport_introspection_cpp
[0.889s] -- Found rosidl_default_generators: 1.2.0 (/opt/ros/humble/share/rosidl_default_generators/cmake)
[1.009s] [31mCMake Error at /opt/ros/humble/share/rosidl_adapter/cmake/rosidl_adapt_interfaces.cmake:59 (message):
[1.009s]   execute_process(/usr/bin/python3 -m rosidl_adapter --package-name
[1.009s]   liftoff_utils --arguments-file
[1.009s]   /home/raz/tehiru/Tehiru-Homework-assignment/drone_ws/build/liftoff_utils/rosidl_adapter__arguments__liftoff_utils.json
[1.009s]   --output-dir
[1.009s]   /home/raz/tehiru/Tehiru-Homework-assignment/drone_ws/build/liftoff_utils/rosidl_adapter/liftoff_utils
[1.009s]   --output-file
[1.009s]   /home/raz/tehiru/Tehiru-Homework-assignment/drone_ws/build/liftoff_utils/rosidl_adapter/liftoff_utils.idls)
[1.010s]   returned error code 1:
[1.010s] 
[1.010s]   Traceback (most recent call last):
[1.010s] 
[1.010s]     File "/usr/lib/python3.10/runpy.py", line 196, in _run_module_as_main
[1.010s]       return _run_code(code, main_globals, None,
[1.010s]     File "/usr/lib/python3.10/runpy.py", line 86, in _run_code
[1.010s]       exec(code, run_globals)
[1.010s]     File "/opt/ros/humble/local/lib/python3.10/dist-packages/rosidl_adapter/__main__.py", line 19, in <module>
[1.010s]       sys.exit(main())
[1.010s]     File "/opt/ros/humble/local/lib/python3.10/dist-packages/rosidl_adapter/main.py", line 53, in main
[1.010s]       abs_idl_file = convert_to_idl(
[1.010s]     File "/opt/ros/humble/local/lib/python3.10/dist-packages/rosidl_adapter/__init__.py", line 24, in convert_to_idl
[1.010s]       return convert_srv_to_idl(
[1.010s]     File "/opt/ros/humble/local/lib/python3.10/dist-packages/rosidl_adapter/srv/__init__.py", line 28, in convert_srv_to_idl
[1.010s]       srv = parse_service_string(package_name, input_file.stem, content)
[1.010s]     File "/opt/ros/humble/local/lib/python3.10/dist-packages/rosidl_adapter/parser.py", line 850, in parse_service_string
[1.011s]       raise InvalidServiceSpecification(
[1.011s] 
[1.011s]   rosidl_adapter.parser.InvalidServiceSpecification: Could not find separator
[1.011s]   '---' between request and response
[1.011s] 
[1.011s] Call Stack (most recent call first):
[1.011s]   /opt/ros/humble/share/rosidl_cmake/cmake/rosidl_generate_interfaces.cmake:130 (rosidl_adapt_interfaces)
[1.011s]   CMakeLists.txt:14 (rosidl_generate_interfaces)
[1.011s] 
[1.011s] [0m
[1.011s] -- Configuring incomplete, errors occurred!
[1.011s] See also "/home/raz/tehiru/Tehiru-Homework-assignment/drone_ws/build/liftoff_utils/CMakeFiles/CMakeOutput.log".
[1.014s] Invoked command in '/home/raz/tehiru/Tehiru-Homework-assignment/drone_ws/build/liftoff_utils' returned '1': CMAKE_PREFIX_PATH=/opt/ros/humble /usr/bin/cmake /home/raz/tehiru/Tehiru-Homework-assignment/drone_ws/src/liftoff_utils -DAMENT_CMAKE_SYMLINK_INSTALL=1 -DCMAKE_INSTALL_PREFIX=/home/raz/tehiru/Tehiru-Homework-assignment/drone_ws/install/liftoff_utils
