[0.564s] Invoking command in '/home/raz/tehiru/Tehiru-Homework-assignment/drone_ws/src/virtual_controller': PYTHONPATH=/home/raz/tehiru/Tehiru-Homework-assignment/drone_ws/build/virtual_controller/prefix_override:/usr/lib/python3/dist-packages/colcon_core/task/python/colcon_distutils_commands:/home/raz/tehiru/Tehiru-Homework-assignment/drone_ws/install/virtual_controller/lib/python3.10/site-packages:${PYTHONPATH} /usr/bin/python3 -W ignore:setup.py install is deprecated -W ignore:easy_install command is deprecated setup.py egg_info --egg-base ../../build/virtual_controller build --build-base /home/raz/tehiru/Tehiru-Homework-assignment/drone_ws/build/virtual_controller/build install --record /home/raz/tehiru/Tehiru-Homework-assignment/drone_ws/build/virtual_controller/install.log --single-version-externally-managed install_data
[0.709s] running egg_info
[0.709s] creating ../../build/virtual_controller/virtual_controller.egg-info
[0.709s] writing ../../build/virtual_controller/virtual_controller.egg-info/PKG-INFO
[0.709s] writing dependency_links to ../../build/virtual_controller/virtual_controller.egg-info/dependency_links.txt
[0.709s] writing entry points to ../../build/virtual_controller/virtual_controller.egg-info/entry_points.txt
[0.709s] writing requirements to ../../build/virtual_controller/virtual_controller.egg-info/requires.txt
[0.709s] writing top-level names to ../../build/virtual_controller/virtual_controller.egg-info/top_level.txt
[0.709s] writing manifest file '../../build/virtual_controller/virtual_controller.egg-info/SOURCES.txt'
[0.710s] reading manifest file '../../build/virtual_controller/virtual_controller.egg-info/SOURCES.txt'
[0.711s] writing manifest file '../../build/virtual_controller/virtual_controller.egg-info/SOURCES.txt'
[0.711s] running build
[0.711s] running build_py
[0.711s] creating /home/raz/tehiru/Tehiru-Homework-assignment/drone_ws/build/virtual_controller/build
[0.711s] creating /home/raz/tehiru/Tehiru-Homework-assignment/drone_ws/build/virtual_controller/build/lib
[0.711s] creating /home/raz/tehiru/Tehiru-Homework-assignment/drone_ws/build/virtual_controller/build/lib/virtual_controller
[0.711s] copying virtual_controller/__init__.py -> /home/raz/tehiru/Tehiru-Homework-assignment/drone_ws/build/virtual_controller/build/lib/virtual_controller
[0.711s] copying virtual_controller/virtual_controller_node.py -> /home/raz/tehiru/Tehiru-Homework-assignment/drone_ws/build/virtual_controller/build/lib/virtual_controller
[0.711s] running install
[0.711s] running install_lib
[0.712s] creating /home/raz/tehiru/Tehiru-Homework-assignment/drone_ws/install/virtual_controller/lib/python3.10/site-packages/virtual_controller
[0.712s] copying /home/raz/tehiru/Tehiru-Homework-assignment/drone_ws/build/virtual_controller/build/lib/virtual_controller/__init__.py -> /home/raz/tehiru/Tehiru-Homework-assignment/drone_ws/install/virtual_controller/lib/python3.10/site-packages/virtual_controller
[0.712s] copying /home/raz/tehiru/Tehiru-Homework-assignment/drone_ws/build/virtual_controller/build/lib/virtual_controller/virtual_controller_node.py -> /home/raz/tehiru/Tehiru-Homework-assignment/drone_ws/install/virtual_controller/lib/python3.10/site-packages/virtual_controller
[0.712s] byte-compiling /home/raz/tehiru/Tehiru-Homework-assignment/drone_ws/install/virtual_controller/lib/python3.10/site-packages/virtual_controller/__init__.py to __init__.cpython-310.pyc
[0.712s] byte-compiling /home/raz/tehiru/Tehiru-Homework-assignment/drone_ws/install/virtual_controller/lib/python3.10/site-packages/virtual_controller/virtual_controller_node.py to virtual_controller_node.cpython-310.pyc
[0.713s] running install_data
[0.713s] creating /home/raz/tehiru/Tehiru-Homework-assignment/drone_ws/install/virtual_controller/share/ament_index
[0.713s] creating /home/raz/tehiru/Tehiru-Homework-assignment/drone_ws/install/virtual_controller/share/ament_index/resource_index
[0.713s] creating /home/raz/tehiru/Tehiru-Homework-assignment/drone_ws/install/virtual_controller/share/ament_index/resource_index/packages
[0.713s] copying resource/virtual_controller -> /home/raz/tehiru/Tehiru-Homework-assignment/drone_ws/install/virtual_controller/share/ament_index/resource_index/packages
[0.713s] copying package.xml -> /home/raz/tehiru/Tehiru-Homework-assignment/drone_ws/install/virtual_controller/share/virtual_controller
[0.713s] running install_egg_info
[0.714s] Copying ../../build/virtual_controller/virtual_controller.egg-info to /home/raz/tehiru/Tehiru-Homework-assignment/drone_ws/install/virtual_controller/lib/python3.10/site-packages/virtual_controller-0.0.0-py3.10.egg-info
[0.714s] running install_scripts
[0.727s] Installing virtual_controller_node script to /home/raz/tehiru/Tehiru-Homework-assignment/drone_ws/install/virtual_controller/lib/virtual_controller
[0.728s] writing list of installed files to '/home/raz/tehiru/Tehiru-Homework-assignment/drone_ws/build/virtual_controller/install.log'
[0.743s] Invoked command in '/home/raz/tehiru/Tehiru-Homework-assignment/drone_ws/src/virtual_controller' returned '0': PYTHONPATH=/home/raz/tehiru/Tehiru-Homework-assignment/drone_ws/build/virtual_controller/prefix_override:/usr/lib/python3/dist-packages/colcon_core/task/python/colcon_distutils_commands:/home/raz/tehiru/Tehiru-Homework-assignment/drone_ws/install/virtual_controller/lib/python3.10/site-packages:${PYTHONPATH} /usr/bin/python3 -W ignore:setup.py install is deprecated -W ignore:easy_install command is deprecated setup.py egg_info --egg-base ../../build/virtual_controller build --build-base /home/raz/tehiru/Tehiru-Homework-assignment/drone_ws/build/virtual_controller/build install --record /home/raz/tehiru/Tehiru-Homework-assignment/drone_ws/build/virtual_controller/install.log --single-version-externally-managed install_data
