[0.617s] Invoking command in '/home/raz/tehiru/drone_ws/src/virtual_controller': PYTHONPATH=/home/raz/tehiru/drone_ws/build/virtual_controller/prefix_override:/usr/lib/python3/dist-packages/colcon_core/task/python/colcon_distutils_commands:/home/raz/tehiru/drone_ws/install/virtual_controller/lib/python3.10/site-packages:${PYTHONPATH} /usr/bin/python3 -W ignore:setup.py install is deprecated -W ignore:easy_install command is deprecated setup.py egg_info --egg-base ../../build/virtual_controller build --build-base /home/raz/tehiru/drone_ws/build/virtual_controller/build install --record /home/raz/tehiru/drone_ws/build/virtual_controller/install.log --single-version-externally-managed install_data
[0.834s] running egg_info
[0.835s] writing ../../build/virtual_controller/virtual_controller.egg-info/PKG-INFO
[0.835s] writing dependency_links to ../../build/virtual_controller/virtual_controller.egg-info/dependency_links.txt
[0.835s] writing entry points to ../../build/virtual_controller/virtual_controller.egg-info/entry_points.txt
[0.835s] writing requirements to ../../build/virtual_controller/virtual_controller.egg-info/requires.txt
[0.835s] writing top-level names to ../../build/virtual_controller/virtual_controller.egg-info/top_level.txt
[0.837s] reading manifest file '../../build/virtual_controller/virtual_controller.egg-info/SOURCES.txt'
[0.838s] writing manifest file '../../build/virtual_controller/virtual_controller.egg-info/SOURCES.txt'
[0.838s] running build
[0.838s] running build_py
[0.838s] copying virtual_controller/virtual_controller_node.py -> /home/raz/tehiru/drone_ws/build/virtual_controller/build/lib/virtual_controller
[0.838s] running install
[0.838s] running install_lib
[0.839s] copying /home/raz/tehiru/drone_ws/build/virtual_controller/build/lib/virtual_controller/virtual_controller_node.py -> /home/raz/tehiru/drone_ws/install/virtual_controller/lib/python3.10/site-packages/virtual_controller
[0.839s] byte-compiling /home/raz/tehiru/drone_ws/install/virtual_controller/lib/python3.10/site-packages/virtual_controller/virtual_controller_node.py to virtual_controller_node.cpython-310.pyc
[0.840s] running install_data
[0.841s] running install_egg_info
[0.842s] removing '/home/raz/tehiru/drone_ws/install/virtual_controller/lib/python3.10/site-packages/virtual_controller-0.0.0-py3.10.egg-info' (and everything under it)
[0.842s] Copying ../../build/virtual_controller/virtual_controller.egg-info to /home/raz/tehiru/drone_ws/install/virtual_controller/lib/python3.10/site-packages/virtual_controller-0.0.0-py3.10.egg-info
[0.843s] running install_scripts
[0.861s] Installing virtual_controller_node script to /home/raz/tehiru/drone_ws/install/virtual_controller/lib/virtual_controller
[0.861s] writing list of installed files to '/home/raz/tehiru/drone_ws/build/virtual_controller/install.log'
[0.889s] Invoked command in '/home/raz/tehiru/drone_ws/src/virtual_controller' returned '0': PYTHONPATH=/home/raz/tehiru/drone_ws/build/virtual_controller/prefix_override:/usr/lib/python3/dist-packages/colcon_core/task/python/colcon_distutils_commands:/home/raz/tehiru/drone_ws/install/virtual_controller/lib/python3.10/site-packages:${PYTHONPATH} /usr/bin/python3 -W ignore:setup.py install is deprecated -W ignore:easy_install command is deprecated setup.py egg_info --egg-base ../../build/virtual_controller build --build-base /home/raz/tehiru/drone_ws/build/virtual_controller/build install --record /home/raz/tehiru/drone_ws/build/virtual_controller/install.log --single-version-externally-managed install_data
