running develop
running egg_info
writing liftoff_interface.egg-info/PKG-INFO
writing dependency_links to liftoff_interface.egg-info/dependency_links.txt
writing entry points to liftoff_interface.egg-info/entry_points.txt
writing requirements to liftoff_interface.egg-info/requires.txt
writing top-level names to liftoff_interface.egg-info/top_level.txt
reading manifest file 'liftoff_interface.egg-info/SOURCES.txt'
writing manifest file 'liftoff_interface.egg-info/SOURCES.txt'
running build_ext
Creating /home/raz/tehiru/Tehiru-Homework-assignment/drone_ws/install/liftoff_interface/lib/python3.10/site-packages/liftoff-interface.egg-link (link to .)
Installing drone_controller script to /home/raz/tehiru/Tehiru-Homework-assignment/drone_ws/install/liftoff_interface/lib/liftoff_interface
Installing liftoff_bridge script to /home/raz/tehiru/Tehiru-Homework-assignment/drone_ws/install/liftoff_interface/lib/liftoff_interface
Installing mock_obstacle_publisher script to /home/raz/tehiru/Tehiru-Homework-assignment/drone_ws/install/liftoff_interface/lib/liftoff_interface
Installing sensor_listener script to /home/raz/tehiru/Tehiru-Homework-assignment/drone_ws/install/liftoff_interface/lib/liftoff_interface
Installing target_navigation_service script to /home/raz/tehiru/Tehiru-Homework-assignment/drone_ws/install/liftoff_interface/lib/liftoff_interface
Installing target_selector script to /home/raz/tehiru/Tehiru-Homework-assignment/drone_ws/install/liftoff_interface/lib/liftoff_interface

Installed /home/raz/tehiru/Tehiru-Homework-assignment/drone_ws/build/liftoff_interface
running symlink_data
symbolically linking /home/raz/tehiru/Tehiru-Homework-assignment/drone_ws/build/liftoff_interface/resource/liftoff_interface -> /home/raz/tehiru/Tehiru-Homework-assignment/drone_ws/install/liftoff_interface/share/ament_index/resource_index/packages
symbolically linking /home/raz/tehiru/Tehiru-Homework-assignment/drone_ws/build/liftoff_interface/package.xml -> /home/raz/tehiru/Tehiru-Homework-assignment/drone_ws/install/liftoff_interface/share/liftoff_interface
symbolically linking /home/raz/tehiru/Tehiru-Homework-assignment/drone_ws/build/liftoff_interface/launch/test_system.launch.py -> /home/raz/tehiru/Tehiru-Homework-assignment/drone_ws/install/liftoff_interface/share/liftoff_interface/launch
