running egg_info
writing ../../build/liftoff_interface/liftoff_interface.egg-info/PKG-INFO
writing dependency_links to ../../build/liftoff_interface/liftoff_interface.egg-info/dependency_links.txt
writing entry points to ../../build/liftoff_interface/liftoff_interface.egg-info/entry_points.txt
writing requirements to ../../build/liftoff_interface/liftoff_interface.egg-info/requires.txt
writing top-level names to ../../build/liftoff_interface/liftoff_interface.egg-info/top_level.txt
reading manifest file '../../build/liftoff_interface/liftoff_interface.egg-info/SOURCES.txt'
writing manifest file '../../build/liftoff_interface/liftoff_interface.egg-info/SOURCES.txt'
running build
running build_py
copying liftoff_interface/liftoff_bridge.py -> /home/raz/tehiru/drone_ws/build/liftoff_interface/build/lib/liftoff_interface
running install
running install_lib
copying /home/raz/tehiru/drone_ws/build/liftoff_interface/build/lib/liftoff_interface/liftoff_bridge.py -> /home/raz/tehiru/drone_ws/install/liftoff_interface/lib/python3.10/site-packages/liftoff_interface
byte-compiling /home/raz/tehiru/drone_ws/install/liftoff_interface/lib/python3.10/site-packages/liftoff_interface/liftoff_bridge.py to liftoff_bridge.cpython-310.pyc
running install_data
running install_egg_info
removing '/home/raz/tehiru/drone_ws/install/liftoff_interface/lib/python3.10/site-packages/liftoff_interface-0.0.0-py3.10.egg-info' (and everything under it)
Copying ../../build/liftoff_interface/liftoff_interface.egg-info to /home/raz/tehiru/drone_ws/install/liftoff_interface/lib/python3.10/site-packages/liftoff_interface-0.0.0-py3.10.egg-info
running install_scripts
Installing controller script to /home/raz/tehiru/drone_ws/install/liftoff_interface/lib/liftoff_interface
Installing liftoff_bridge script to /home/raz/tehiru/drone_ws/install/liftoff_interface/lib/liftoff_interface
Installing sensor_listener script to /home/raz/tehiru/drone_ws/install/liftoff_interface/lib/liftoff_interface
writing list of installed files to '/home/raz/tehiru/drone_ws/build/liftoff_interface/install.log'
