[0.758s] Invoking command in '/home/raz/tehiru/Tehiru-Homework-assignment/drone_ws/build/liftoff_interface': PYTHONPATH=/home/raz/tehiru/Tehiru-Homework-assignment/drone_ws/build/liftoff_interface/prefix_override:/usr/lib/python3/dist-packages/colcon_core/task/python/colcon_distutils_commands:/home/raz/tehiru/Tehiru-Homework-assignment/drone_ws/install/liftoff_interface/lib/python3.10/site-packages:${PYTHONPATH} /usr/bin/python3 -W ignore:setup.py install is deprecated -W ignore:easy_install command is deprecated setup.py develop --editable --build-directory /home/raz/tehiru/Tehiru-Homework-assignment/drone_ws/build/liftoff_interface/build --no-deps symlink_data --force
[0.922s] running develop
[1.033s] running egg_info
[1.033s] writing liftoff_interface.egg-info/PKG-INFO
[1.033s] writing dependency_links to liftoff_interface.egg-info/dependency_links.txt
[1.033s] writing entry points to liftoff_interface.egg-info/entry_points.txt
[1.033s] writing requirements to liftoff_interface.egg-info/requires.txt
[1.033s] writing top-level names to liftoff_interface.egg-info/top_level.txt
[1.034s] reading manifest file 'liftoff_interface.egg-info/SOURCES.txt'
[1.035s] writing manifest file 'liftoff_interface.egg-info/SOURCES.txt'
[1.036s] running build_ext
[1.036s] Creating /home/raz/tehiru/Tehiru-Homework-assignment/drone_ws/install/liftoff_interface/lib/python3.10/site-packages/liftoff-interface.egg-link (link to .)
[1.036s] Installing drone_controller script to /home/raz/tehiru/Tehiru-Homework-assignment/drone_ws/install/liftoff_interface/lib/liftoff_interface
[1.036s] Installing liftoff_bridge script to /home/raz/tehiru/Tehiru-Homework-assignment/drone_ws/install/liftoff_interface/lib/liftoff_interface
[1.037s] Installing mock_obstacle_publisher script to /home/raz/tehiru/Tehiru-Homework-assignment/drone_ws/install/liftoff_interface/lib/liftoff_interface
[1.037s] Installing sensor_listener script to /home/raz/tehiru/Tehiru-Homework-assignment/drone_ws/install/liftoff_interface/lib/liftoff_interface
[1.037s] Installing target_selector script to /home/raz/tehiru/Tehiru-Homework-assignment/drone_ws/install/liftoff_interface/lib/liftoff_interface
[1.037s] 
[1.037s] Installed /home/raz/tehiru/Tehiru-Homework-assignment/drone_ws/build/liftoff_interface
[1.037s] running symlink_data
[1.037s] symbolically linking /home/raz/tehiru/Tehiru-Homework-assignment/drone_ws/build/liftoff_interface/resource/liftoff_interface -> /home/raz/tehiru/Tehiru-Homework-assignment/drone_ws/install/liftoff_interface/share/ament_index/resource_index/packages
[1.037s] symbolically linking /home/raz/tehiru/Tehiru-Homework-assignment/drone_ws/build/liftoff_interface/package.xml -> /home/raz/tehiru/Tehiru-Homework-assignment/drone_ws/install/liftoff_interface/share/liftoff_interface
[1.037s] symbolically linking /home/raz/tehiru/Tehiru-Homework-assignment/drone_ws/build/liftoff_interface/launch/test_system.launch.py -> /home/raz/tehiru/Tehiru-Homework-assignment/drone_ws/install/liftoff_interface/share/liftoff_interface/launch
[1.057s] Invoked command in '/home/raz/tehiru/Tehiru-Homework-assignment/drone_ws/build/liftoff_interface' returned '0': PYTHONPATH=/home/raz/tehiru/Tehiru-Homework-assignment/drone_ws/build/liftoff_interface/prefix_override:/usr/lib/python3/dist-packages/colcon_core/task/python/colcon_distutils_commands:/home/raz/tehiru/Tehiru-Homework-assignment/drone_ws/install/liftoff_interface/lib/python3.10/site-packages:${PYTHONPATH} /usr/bin/python3 -W ignore:setup.py install is deprecated -W ignore:easy_install command is deprecated setup.py develop --editable --build-directory /home/raz/tehiru/Tehiru-Homework-assignment/drone_ws/build/liftoff_interface/build --no-deps symlink_data --force
