[0.742s] Invoking command in '/home/raz/tehiru/drone_ws/src/virtual_controller': PYTHONPATH=/home/raz/tehiru/drone_ws/build/virtual_controller/prefix_override:/usr/lib/python3/dist-packages/colcon_core/task/python/colcon_distutils_commands:/home/raz/tehiru/drone_ws/install/virtual_controller/lib/python3.10/site-packages:${PYTHONPATH} /usr/bin/python3 -W ignore:setup.py install is deprecated -W ignore:easy_install command is deprecated setup.py egg_info --egg-base ../../build/virtual_controller build --build-base /home/raz/tehiru/drone_ws/build/virtual_controller/build install --record /home/raz/tehiru/drone_ws/build/virtual_controller/install.log --single-version-externally-managed install_data
[1.000s] running egg_info
[1.000s] writing ../../build/virtual_controller/virtual_controller.egg-info/PKG-INFO
[1.001s] writing dependency_links to ../../build/virtual_controller/virtual_controller.egg-info/dependency_links.txt
[1.001s] writing entry points to ../../build/virtual_controller/virtual_controller.egg-info/entry_points.txt
[1.001s] writing requirements to ../../build/virtual_controller/virtual_controller.egg-info/requires.txt
[1.001s] writing top-level names to ../../build/virtual_controller/virtual_controller.egg-info/top_level.txt
[1.004s] reading manifest file '../../build/virtual_controller/virtual_controller.egg-info/SOURCES.txt'
[1.005s] writing manifest file '../../build/virtual_controller/virtual_controller.egg-info/SOURCES.txt'
[1.005s] running build
[1.006s] running build_py
[1.006s] copying virtual_controller/virtual_controller_node.py -> /home/raz/tehiru/drone_ws/build/virtual_controller/build/lib/virtual_controller
[1.006s] running install
[1.006s] running install_lib
[1.007s] copying /home/raz/tehiru/drone_ws/build/virtual_controller/build/lib/virtual_controller/virtual_controller_node.py -> /home/raz/tehiru/drone_ws/install/virtual_controller/lib/python3.10/site-packages/virtual_controller
[1.008s] byte-compiling /home/raz/tehiru/drone_ws/install/virtual_controller/lib/python3.10/site-packages/virtual_controller/virtual_controller_node.py to virtual_controller_node.cpython-310.pyc
[1.010s] running install_data
[1.010s] running install_egg_info
[1.013s] removing '/home/raz/tehiru/drone_ws/install/virtual_controller/lib/python3.10/site-packages/virtual_controller-0.0.0-py3.10.egg-info' (and everything under it)
[1.013s] Copying ../../build/virtual_controller/virtual_controller.egg-info to /home/raz/tehiru/drone_ws/install/virtual_controller/lib/python3.10/site-packages/virtual_controller-0.0.0-py3.10.egg-info
[1.014s] running install_scripts
[1.041s] Installing virtual_controller_node script to /home/raz/tehiru/drone_ws/install/virtual_controller/lib/virtual_controller
[1.042s] writing list of installed files to '/home/raz/tehiru/drone_ws/build/virtual_controller/install.log'
[1.104s] Invoked command in '/home/raz/tehiru/drone_ws/src/virtual_controller' returned '0': PYTHONPATH=/home/raz/tehiru/drone_ws/build/virtual_controller/prefix_override:/usr/lib/python3/dist-packages/colcon_core/task/python/colcon_distutils_commands:/home/raz/tehiru/drone_ws/install/virtual_controller/lib/python3.10/site-packages:${PYTHONPATH} /usr/bin/python3 -W ignore:setup.py install is deprecated -W ignore:easy_install command is deprecated setup.py egg_info --egg-base ../../build/virtual_controller build --build-base /home/raz/tehiru/drone_ws/build/virtual_controller/build install --record /home/raz/tehiru/drone_ws/build/virtual_controller/install.log --single-version-externally-managed install_data
