[0.816s] Invoking command in '/home/raz/tehiru/Tehiru-Homework-assignment/drone_ws/src/liftoff_telemetry': PYTHONPATH=/home/raz/tehiru/Tehiru-Homework-assignment/drone_ws/build/liftoff_telemetry/prefix_override:/usr/lib/python3/dist-packages/colcon_core/task/python/colcon_distutils_commands:/home/raz/tehiru/Tehiru-Homework-assignment/drone_ws/install/liftoff_telemetry/lib/python3.10/site-packages:${PYTHONPATH} /usr/bin/python3 -W ignore:setup.py install is deprecated -W ignore:easy_install command is deprecated setup.py egg_info --egg-base ../../build/liftoff_telemetry build --build-base /home/raz/tehiru/Tehiru-Homework-assignment/drone_ws/build/liftoff_telemetry/build install --record /home/raz/tehiru/Tehiru-Homework-assignment/drone_ws/build/liftoff_telemetry/install.log --single-version-externally-managed install_data
[0.970s] running egg_info
[0.971s] writing ../../build/liftoff_telemetry/liftoff_telemetry.egg-info/PKG-INFO
[0.971s] writing dependency_links to ../../build/liftoff_telemetry/liftoff_telemetry.egg-info/dependency_links.txt
[0.971s] writing entry points to ../../build/liftoff_telemetry/liftoff_telemetry.egg-info/entry_points.txt
[0.971s] writing requirements to ../../build/liftoff_telemetry/liftoff_telemetry.egg-info/requires.txt
[0.971s] writing top-level names to ../../build/liftoff_telemetry/liftoff_telemetry.egg-info/top_level.txt
[0.972s] reading manifest file '../../build/liftoff_telemetry/liftoff_telemetry.egg-info/SOURCES.txt'
[0.973s] writing manifest file '../../build/liftoff_telemetry/liftoff_telemetry.egg-info/SOURCES.txt'
[0.973s] running build
[0.973s] running build_py
[0.973s] copying liftoff_telemetry/liftoff_telemetry_node.py -> /home/raz/tehiru/Tehiru-Homework-assignment/drone_ws/build/liftoff_telemetry/build/lib/liftoff_telemetry
[0.973s] running install
[0.973s] running install_lib
[0.974s] copying /home/raz/tehiru/Tehiru-Homework-assignment/drone_ws/build/liftoff_telemetry/build/lib/liftoff_telemetry/liftoff_telemetry_node.py -> /home/raz/tehiru/Tehiru-Homework-assignment/drone_ws/install/liftoff_telemetry/lib/python3.10/site-packages/liftoff_telemetry
[0.974s] byte-compiling /home/raz/tehiru/Tehiru-Homework-assignment/drone_ws/install/liftoff_telemetry/lib/python3.10/site-packages/liftoff_telemetry/liftoff_telemetry_node.py to liftoff_telemetry_node.cpython-310.pyc
[0.975s] running install_data
[0.975s] copying package.xml -> /home/raz/tehiru/Tehiru-Homework-assignment/drone_ws/install/liftoff_telemetry/share/liftoff_telemetry
[0.975s] running install_egg_info
[0.976s] removing '/home/raz/tehiru/Tehiru-Homework-assignment/drone_ws/install/liftoff_telemetry/lib/python3.10/site-packages/liftoff_telemetry-0.0.0-py3.10.egg-info' (and everything under it)
[0.976s] Copying ../../build/liftoff_telemetry/liftoff_telemetry.egg-info to /home/raz/tehiru/Tehiru-Homework-assignment/drone_ws/install/liftoff_telemetry/lib/python3.10/site-packages/liftoff_telemetry-0.0.0-py3.10.egg-info
[0.976s] running install_scripts
[0.990s] Installing liftoff_telemetry_node script to /home/raz/tehiru/Tehiru-Homework-assignment/drone_ws/install/liftoff_telemetry/lib/liftoff_telemetry
[0.990s] writing list of installed files to '/home/raz/tehiru/Tehiru-Homework-assignment/drone_ws/build/liftoff_telemetry/install.log'
[1.013s] Invoked command in '/home/raz/tehiru/Tehiru-Homework-assignment/drone_ws/src/liftoff_telemetry' returned '0': PYTHONPATH=/home/raz/tehiru/Tehiru-Homework-assignment/drone_ws/build/liftoff_telemetry/prefix_override:/usr/lib/python3/dist-packages/colcon_core/task/python/colcon_distutils_commands:/home/raz/tehiru/Tehiru-Homework-assignment/drone_ws/install/liftoff_telemetry/lib/python3.10/site-packages:${PYTHONPATH} /usr/bin/python3 -W ignore:setup.py install is deprecated -W ignore:easy_install command is deprecated setup.py egg_info --egg-base ../../build/liftoff_telemetry build --build-base /home/raz/tehiru/Tehiru-Homework-assignment/drone_ws/build/liftoff_telemetry/build install --record /home/raz/tehiru/Tehiru-Homework-assignment/drone_ws/build/liftoff_telemetry/install.log --single-version-externally-managed install_data
