[0.356s] Invoking command in '/home/raz/tehiru/Tehiru-Homework-assignment/drone_ws/build/liftoff_utils': CMAKE_PREFIX_PATH=/opt/ros/humble /usr/bin/cmake /home/raz/tehiru/Tehiru-Homework-assignment/drone_ws/src/liftoff_utils -DAMENT_CMAKE_SYMLINK_INSTALL=1 -DCMAKE_INSTALL_PREFIX=/home/raz/tehiru/Tehiru-Homework-assignment/drone_ws/install/liftoff_utils
[0.364s] -- Found ament_cmake: 1.3.11 (/opt/ros/humble/share/ament_cmake/cmake)
[0.453s] -- Override CMake install command with custom implementation using symlinks instead of copying resources
[0.458s] -- Found rclpy: 3.3.16 (/opt/ros/humble/share/rclpy/cmake)
[0.458s] -- Found std_srvs: 4.8.0 (/opt/ros/humble/share/std_srvs/cmake)
[0.474s] -- Found rosidl_generator_c: 3.1.6 (/opt/ros/humble/share/rosidl_generator_c/cmake)
[0.475s] -- Found rosidl_adapter: 3.1.6 (/opt/ros/humble/share/rosidl_adapter/cmake)
[0.480s] -- Found rosidl_generator_cpp: 3.1.6 (/opt/ros/humble/share/rosidl_generator_cpp/cmake)
[0.486s] -- Using all available rosidl_typesupport_c: rosidl_typesupport_fastrtps_c;rosidl_typesupport_introspection_c
[0.494s] -- Using all available rosidl_typesupport_cpp: rosidl_typesupport_fastrtps_cpp;rosidl_typesupport_introspection_cpp
[0.503s] -- Found std_msgs: 4.8.0 (/opt/ros/humble/share/std_msgs/cmake)
[0.520s] -- Found rosidl_default_generators: 1.2.0 (/opt/ros/humble/share/rosidl_default_generators/cmake)
[0.663s] [31mCMake Error at /opt/ros/humble/share/rosidl_cmake/cmake/rosidl_generate_interfaces.cmake:229 (message):
[0.663s]   Packages installing interfaces must include
[0.663s]   '<member_of_group>rosidl_interface_packages</member_of_group>' in their
[0.663s]   package.xml
[0.663s] Call Stack (most recent call first):
[0.663s]   CMakeLists.txt:16 (rosidl_generate_interfaces)
[0.663s] 
[0.663s] [0m
[0.663s] -- Configuring incomplete, errors occurred!
[0.663s] See also "/home/raz/tehiru/Tehiru-Homework-assignment/drone_ws/build/liftoff_utils/CMakeFiles/CMakeOutput.log".
[0.667s] Invoked command in '/home/raz/tehiru/Tehiru-Homework-assignment/drone_ws/build/liftoff_utils' returned '1': CMAKE_PREFIX_PATH=/opt/ros/humble /usr/bin/cmake /home/raz/tehiru/Tehiru-Homework-assignment/drone_ws/src/liftoff_utils -DAMENT_CMAKE_SYMLINK_INSTALL=1 -DCMAKE_INSTALL_PREFIX=/home/raz/tehiru/Tehiru-Homework-assignment/drone_ws/install/liftoff_utils
