[0.532s] Invoking command in '/home/raz/tehiru/Tehiru-Homework-assignment/drone_ws/build/virtual_ps_controller': CMAKE_PREFIX_PATH=${CMAKE_PREFIX_PATH}:/home/raz/tehiru/Tehiru-Homework-assignment/drone_ws/install/virtual_controller:/home/raz/tehiru/Tehiru-Homework-assignment/drone_ws/install/liftoff_telemetry:/home/raz/tehiru/Tehiru-Homework-assignment/drone_ws/install/liftoff_interface:/opt/ros/humble /usr/bin/cmake --build /home/raz/tehiru/Tehiru-Homework-assignment/drone_ws/build/virtual_ps_controller -- -j24 -l24
[0.573s] [  2%] Built target virtual_ps_controller__cpp
[0.573s] [ 12%] Built target virtual_ps_controller__rosidl_generator_c
[0.581s] [ 12%] Built target ament_cmake_python_copy_virtual_ps_controller
[0.588s] [ 22%] Built target virtual_ps_controller__rosidl_typesupport_c
[0.590s] [ 32%] Built target virtual_ps_controller__rosidl_typesupport_introspection_c
[0.590s] [ 42%] Built target virtual_ps_controller__rosidl_typesupport_cpp
[0.590s] [ 52%] Built target virtual_ps_controller__rosidl_typesupport_introspection_cpp
[0.593s] [ 62%] Built target virtual_ps_controller__rosidl_typesupport_fastrtps_cpp
[0.600s] [ 72%] Built target virtual_ps_controller__rosidl_typesupport_fastrtps_c
[0.614s] [ 72%] Built target virtual_ps_controller
[0.629s] [ 74%] Built target virtual_ps_controller__py
[0.645s] [ 80%] Built target ps_controller_node
[0.647s] [ 88%] Built target virtual_ps_controller__rosidl_generator_py
[0.663s] [ 92%] Built target virtual_ps_controller__rosidl_typesupport_fastrtps_c__pyext
[0.664s] [ 96%] Built target virtual_ps_controller__rosidl_typesupport_introspection_c__pyext
[0.664s] [100%] Built target virtual_ps_controller__rosidl_typesupport_c__pyext
[0.755s] running egg_info
[0.756s] writing virtual_ps_controller.egg-info/PKG-INFO
[0.756s] writing dependency_links to virtual_ps_controller.egg-info/dependency_links.txt
[0.756s] writing top-level names to virtual_ps_controller.egg-info/top_level.txt
[0.758s] reading manifest file 'virtual_ps_controller.egg-info/SOURCES.txt'
[0.758s] writing manifest file 'virtual_ps_controller.egg-info/SOURCES.txt'
[0.778s] [100%] Built target ament_cmake_python_build_virtual_ps_controller_egg
[0.787s] Invoked command in '/home/raz/tehiru/Tehiru-Homework-assignment/drone_ws/build/virtual_ps_controller' returned '0': CMAKE_PREFIX_PATH=${CMAKE_PREFIX_PATH}:/home/raz/tehiru/Tehiru-Homework-assignment/drone_ws/install/virtual_controller:/home/raz/tehiru/Tehiru-Homework-assignment/drone_ws/install/liftoff_telemetry:/home/raz/tehiru/Tehiru-Homework-assignment/drone_ws/install/liftoff_interface:/opt/ros/humble /usr/bin/cmake --build /home/raz/tehiru/Tehiru-Homework-assignment/drone_ws/build/virtual_ps_controller -- -j24 -l24
[0.788s] Invoking command in '/home/raz/tehiru/Tehiru-Homework-assignment/drone_ws/build/virtual_ps_controller': CMAKE_PREFIX_PATH=${CMAKE_PREFIX_PATH}:/home/raz/tehiru/Tehiru-Homework-assignment/drone_ws/install/virtual_controller:/home/raz/tehiru/Tehiru-Homework-assignment/drone_ws/install/liftoff_telemetry:/home/raz/tehiru/Tehiru-Homework-assignment/drone_ws/install/liftoff_interface:/opt/ros/humble /usr/bin/cmake --install /home/raz/tehiru/Tehiru-Homework-assignment/drone_ws/build/virtual_ps_controller
[0.796s] -- Install configuration: ""
[0.796s] -- Up-to-date: /home/raz/tehiru/Tehiru-Homework-assignment/drone_ws/install/virtual_ps_controller/share/ament_index/resource_index/rosidl_interfaces/virtual_ps_controller
[0.796s] -- Up-to-date: /home/raz/tehiru/Tehiru-Homework-assignment/drone_ws/install/virtual_ps_controller/include/virtual_ps_controller/virtual_ps_controller
[0.796s] -- Up-to-date: /home/raz/tehiru/Tehiru-Homework-assignment/drone_ws/install/virtual_ps_controller/include/virtual_ps_controller/virtual_ps_controller/msg
[0.796s] -- Up-to-date: /home/raz/tehiru/Tehiru-Homework-assignment/drone_ws/install/virtual_ps_controller/include/virtual_ps_controller/virtual_ps_controller/msg/detail
[0.796s] -- Up-to-date: /home/raz/tehiru/Tehiru-Homework-assignment/drone_ws/install/virtual_ps_controller/include/virtual_ps_controller/virtual_ps_controller/msg/detail/controller_state__functions.h
[0.796s] -- Up-to-date: /home/raz/tehiru/Tehiru-Homework-assignment/drone_ws/install/virtual_ps_controller/include/virtual_ps_controller/virtual_ps_controller/msg/detail/controller_state__functions.c
[0.796s] -- Up-to-date: /home/raz/tehiru/Tehiru-Homework-assignment/drone_ws/install/virtual_ps_controller/include/virtual_ps_controller/virtual_ps_controller/msg/detail/controller_state__type_support.h
[0.796s] -- Up-to-date: /home/raz/tehiru/Tehiru-Homework-assignment/drone_ws/install/virtual_ps_controller/include/virtual_ps_controller/virtual_ps_controller/msg/detail/button_state__functions.c
[0.796s] -- Up-to-date: /home/raz/tehiru/Tehiru-Homework-assignment/drone_ws/install/virtual_ps_controller/include/virtual_ps_controller/virtual_ps_controller/msg/detail/button_state__type_support.h
[0.796s] -- Up-to-date: /home/raz/tehiru/Tehiru-Homework-assignment/drone_ws/install/virtual_ps_controller/include/virtual_ps_controller/virtual_ps_controller/msg/detail/controller_state__struct.h
[0.797s] -- Up-to-date: /home/raz/tehiru/Tehiru-Homework-assignment/drone_ws/install/virtual_ps_controller/include/virtual_ps_controller/virtual_ps_controller/msg/detail/button_state__struct.h
[0.797s] -- Up-to-date: /home/raz/tehiru/Tehiru-Homework-assignment/drone_ws/install/virtual_ps_controller/include/virtual_ps_controller/virtual_ps_controller/msg/detail/button_state__functions.h
[0.797s] -- Up-to-date: /home/raz/tehiru/Tehiru-Homework-assignment/drone_ws/install/virtual_ps_controller/include/virtual_ps_controller/virtual_ps_controller/msg/button_state.h
[0.797s] -- Up-to-date: /home/raz/tehiru/Tehiru-Homework-assignment/drone_ws/install/virtual_ps_controller/include/virtual_ps_controller/virtual_ps_controller/msg/rosidl_generator_c__visibility_control.h
[0.797s] -- Up-to-date: /home/raz/tehiru/Tehiru-Homework-assignment/drone_ws/install/virtual_ps_controller/include/virtual_ps_controller/virtual_ps_controller/msg/controller_state.h
[0.797s] -- Up-to-date: /home/raz/tehiru/Tehiru-Homework-assignment/drone_ws/install/virtual_ps_controller/include/virtual_ps_controller/virtual_ps_controller/srv
[0.797s] -- Up-to-date: /home/raz/tehiru/Tehiru-Homework-assignment/drone_ws/install/virtual_ps_controller/include/virtual_ps_controller/virtual_ps_controller/srv/detail
[0.797s] -- Up-to-date: /home/raz/tehiru/Tehiru-Homework-assignment/drone_ws/install/virtual_ps_controller/include/virtual_ps_controller/virtual_ps_controller/srv/detail/set_button__functions.h
[0.797s] -- Up-to-date: /home/raz/tehiru/Tehiru-Homework-assignment/drone_ws/install/virtual_ps_controller/include/virtual_ps_controller/virtual_ps_controller/srv/detail/set_button__struct.h
[0.797s] -- Up-to-date: /home/raz/tehiru/Tehiru-Homework-assignment/drone_ws/install/virtual_ps_controller/include/virtual_ps_controller/virtual_ps_controller/srv/detail/set_button__type_support.h
[0.797s] -- Up-to-date: /home/raz/tehiru/Tehiru-Homework-assignment/drone_ws/install/virtual_ps_controller/include/virtual_ps_controller/virtual_ps_controller/srv/detail/set_button__functions.c
[0.797s] -- Up-to-date: /home/raz/tehiru/Tehiru-Homework-assignment/drone_ws/install/virtual_ps_controller/include/virtual_ps_controller/virtual_ps_controller/srv/set_button.h
[0.797s] -- Up-to-date: /home/raz/tehiru/Tehiru-Homework-assignment/drone_ws/install/virtual_ps_controller/share/virtual_ps_controller/environment/library_path.sh
[0.797s] -- Up-to-date: /home/raz/tehiru/Tehiru-Homework-assignment/drone_ws/install/virtual_ps_controller/share/virtual_ps_controller/environment/library_path.dsv
[0.797s] -- Up-to-date: /home/raz/tehiru/Tehiru-Homework-assignment/drone_ws/install/virtual_ps_controller/lib/libvirtual_ps_controller__rosidl_generator_c.so
[0.797s] -- Up-to-date: /home/raz/tehiru/Tehiru-Homework-assignment/drone_ws/install/virtual_ps_controller/include/virtual_ps_controller/virtual_ps_controller
[0.797s] -- Up-to-date: /home/raz/tehiru/Tehiru-Homework-assignment/drone_ws/install/virtual_ps_controller/include/virtual_ps_controller/virtual_ps_controller/msg
[0.797s] -- Up-to-date: /home/raz/tehiru/Tehiru-Homework-assignment/drone_ws/install/virtual_ps_controller/include/virtual_ps_controller/virtual_ps_controller/msg/detail
[0.797s] -- Up-to-date: /home/raz/tehiru/Tehiru-Homework-assignment/drone_ws/install/virtual_ps_controller/include/virtual_ps_controller/virtual_ps_controller/msg/detail/controller_state__rosidl_typesupport_fastrtps_c.h
[0.798s] -- Up-to-date: /home/raz/tehiru/Tehiru-Homework-assignment/drone_ws/install/virtual_ps_controller/include/virtual_ps_controller/virtual_ps_controller/msg/detail/button_state__rosidl_typesupport_fastrtps_c.h
[0.798s] -- Up-to-date: /home/raz/tehiru/Tehiru-Homework-assignment/drone_ws/install/virtual_ps_controller/include/virtual_ps_controller/virtual_ps_controller/msg/rosidl_typesupport_fastrtps_c__visibility_control.h
[0.798s] -- Up-to-date: /home/raz/tehiru/Tehiru-Homework-assignment/drone_ws/install/virtual_ps_controller/include/virtual_ps_controller/virtual_ps_controller/srv
[0.798s] -- Up-to-date: /home/raz/tehiru/Tehiru-Homework-assignment/drone_ws/install/virtual_ps_controller/include/virtual_ps_controller/virtual_ps_controller/srv/detail
[0.798s] -- Up-to-date: /home/raz/tehiru/Tehiru-Homework-assignment/drone_ws/install/virtual_ps_controller/include/virtual_ps_controller/virtual_ps_controller/srv/detail/set_button__rosidl_typesupport_fastrtps_c.h
[0.798s] -- Up-to-date: /home/raz/tehiru/Tehiru-Homework-assignment/drone_ws/install/virtual_ps_controller/lib/libvirtual_ps_controller__rosidl_typesupport_fastrtps_c.so
[0.798s] -- Up-to-date: /home/raz/tehiru/Tehiru-Homework-assignment/drone_ws/install/virtual_ps_controller/include/virtual_ps_controller/virtual_ps_controller
[0.798s] -- Up-to-date: /home/raz/tehiru/Tehiru-Homework-assignment/drone_ws/install/virtual_ps_controller/include/virtual_ps_controller/virtual_ps_controller/msg
[0.798s] -- Up-to-date: /home/raz/tehiru/Tehiru-Homework-assignment/drone_ws/install/virtual_ps_controller/include/virtual_ps_controller/virtual_ps_controller/msg/button_state.hpp
[0.798s] -- Up-to-date: /home/raz/tehiru/Tehiru-Homework-assignment/drone_ws/install/virtual_ps_controller/include/virtual_ps_controller/virtual_ps_controller/msg/detail
[0.798s] -- Up-to-date: /home/raz/tehiru/Tehiru-Homework-assignment/drone_ws/install/virtual_ps_controller/include/virtual_ps_controller/virtual_ps_controller/msg/detail/button_state__type_support.hpp
[0.798s] -- Up-to-date: /home/raz/tehiru/Tehiru-Homework-assignment/drone_ws/install/virtual_ps_controller/include/virtual_ps_controller/virtual_ps_controller/msg/detail/controller_state__type_support.hpp
[0.798s] -- Up-to-date: /home/raz/tehiru/Tehiru-Homework-assignment/drone_ws/install/virtual_ps_controller/include/virtual_ps_controller/virtual_ps_controller/msg/detail/controller_state__traits.hpp
[0.798s] -- Up-to-date: /home/raz/tehiru/Tehiru-Homework-assignment/drone_ws/install/virtual_ps_controller/include/virtual_ps_controller/virtual_ps_controller/msg/detail/controller_state__builder.hpp
[0.798s] -- Up-to-date: /home/raz/tehiru/Tehiru-Homework-assignment/drone_ws/install/virtual_ps_controller/include/virtual_ps_controller/virtual_ps_controller/msg/detail/controller_state__struct.hpp
[0.798s] -- Up-to-date: /home/raz/tehiru/Tehiru-Homework-assignment/drone_ws/install/virtual_ps_controller/include/virtual_ps_controller/virtual_ps_controller/msg/detail/button_state__builder.hpp
[0.798s] -- Up-to-date: /home/raz/tehiru/Tehiru-Homework-assignment/drone_ws/install/virtual_ps_controller/include/virtual_ps_controller/virtual_ps_controller/msg/detail/button_state__traits.hpp
[0.798s] -- Up-to-date: /home/raz/tehiru/Tehiru-Homework-assignment/drone_ws/install/virtual_ps_controller/include/virtual_ps_controller/virtual_ps_controller/msg/detail/button_state__struct.hpp
[0.798s] -- Up-to-date: /home/raz/tehiru/Tehiru-Homework-assignment/drone_ws/install/virtual_ps_controller/include/virtual_ps_controller/virtual_ps_controller/msg/rosidl_generator_cpp__visibility_control.hpp
[0.798s] -- Up-to-date: /home/raz/tehiru/Tehiru-Homework-assignment/drone_ws/install/virtual_ps_controller/include/virtual_ps_controller/virtual_ps_controller/msg/controller_state.hpp
[0.798s] -- Up-to-date: /home/raz/tehiru/Tehiru-Homework-assignment/drone_ws/install/virtual_ps_controller/include/virtual_ps_controller/virtual_ps_controller/srv
[0.798s] -- Up-to-date: /home/raz/tehiru/Tehiru-Homework-assignment/drone_ws/install/virtual_ps_controller/include/virtual_ps_controller/virtual_ps_controller/srv/detail
[0.798s] -- Up-to-date: /home/raz/tehiru/Tehiru-Homework-assignment/drone_ws/install/virtual_ps_controller/include/virtual_ps_controller/virtual_ps_controller/srv/detail/set_button__builder.hpp
[0.798s] -- Up-to-date: /home/raz/tehiru/Tehiru-Homework-assignment/drone_ws/install/virtual_ps_controller/include/virtual_ps_controller/virtual_ps_controller/srv/detail/set_button__struct.hpp
[0.798s] -- Up-to-date: /home/raz/tehiru/Tehiru-Homework-assignment/drone_ws/install/virtual_ps_controller/include/virtual_ps_controller/virtual_ps_controller/srv/detail/set_button__traits.hpp
[0.798s] -- Up-to-date: /home/raz/tehiru/Tehiru-Homework-assignment/drone_ws/install/virtual_ps_controller/include/virtual_ps_controller/virtual_ps_controller/srv/detail/set_button__type_support.hpp
[0.798s] -- Up-to-date: /home/raz/tehiru/Tehiru-Homework-assignment/drone_ws/install/virtual_ps_controller/include/virtual_ps_controller/virtual_ps_controller/srv/set_button.hpp
[0.798s] -- Up-to-date: /home/raz/tehiru/Tehiru-Homework-assignment/drone_ws/install/virtual_ps_controller/include/virtual_ps_controller/virtual_ps_controller
[0.798s] -- Up-to-date: /home/raz/tehiru/Tehiru-Homework-assignment/drone_ws/install/virtual_ps_controller/include/virtual_ps_controller/virtual_ps_controller/msg
[0.798s] -- Up-to-date: /home/raz/tehiru/Tehiru-Homework-assignment/drone_ws/install/virtual_ps_controller/include/virtual_ps_controller/virtual_ps_controller/msg/detail
[0.798s] -- Up-to-date: /home/raz/tehiru/Tehiru-Homework-assignment/drone_ws/install/virtual_ps_controller/include/virtual_ps_controller/virtual_ps_controller/msg/detail/button_state__rosidl_typesupport_fastrtps_cpp.hpp
[0.798s] -- Up-to-date: /home/raz/tehiru/Tehiru-Homework-assignment/drone_ws/install/virtual_ps_controller/include/virtual_ps_controller/virtual_ps_controller/msg/detail/controller_state__rosidl_typesupport_fastrtps_cpp.hpp
[0.798s] -- Up-to-date: /home/raz/tehiru/Tehiru-Homework-assignment/drone_ws/install/virtual_ps_controller/include/virtual_ps_controller/virtual_ps_controller/msg/detail/dds_fastrtps
[0.799s] -- Up-to-date: /home/raz/tehiru/Tehiru-Homework-assignment/drone_ws/install/virtual_ps_controller/include/virtual_ps_controller/virtual_ps_controller/msg/rosidl_typesupport_fastrtps_cpp__visibility_control.h
[0.799s] -- Up-to-date: /home/raz/tehiru/Tehiru-Homework-assignment/drone_ws/install/virtual_ps_controller/include/virtual_ps_controller/virtual_ps_controller/srv
[0.799s] -- Up-to-date: /home/raz/tehiru/Tehiru-Homework-assignment/drone_ws/install/virtual_ps_controller/include/virtual_ps_controller/virtual_ps_controller/srv/detail
[0.799s] -- Up-to-date: /home/raz/tehiru/Tehiru-Homework-assignment/drone_ws/install/virtual_ps_controller/include/virtual_ps_controller/virtual_ps_controller/srv/detail/set_button__rosidl_typesupport_fastrtps_cpp.hpp
[0.799s] -- Up-to-date: /home/raz/tehiru/Tehiru-Homework-assignment/drone_ws/install/virtual_ps_controller/include/virtual_ps_controller/virtual_ps_controller/srv/detail/dds_fastrtps
[0.799s] -- Up-to-date: /home/raz/tehiru/Tehiru-Homework-assignment/drone_ws/install/virtual_ps_controller/lib/libvirtual_ps_controller__rosidl_typesupport_fastrtps_cpp.so
[0.799s] -- Up-to-date: /home/raz/tehiru/Tehiru-Homework-assignment/drone_ws/install/virtual_ps_controller/include/virtual_ps_controller/virtual_ps_controller
[0.799s] -- Up-to-date: /home/raz/tehiru/Tehiru-Homework-assignment/drone_ws/install/virtual_ps_controller/include/virtual_ps_controller/virtual_ps_controller/msg
[0.799s] -- Up-to-date: /home/raz/tehiru/Tehiru-Homework-assignment/drone_ws/install/virtual_ps_controller/include/virtual_ps_controller/virtual_ps_controller/msg/detail
[0.799s] -- Up-to-date: /home/raz/tehiru/Tehiru-Homework-assignment/drone_ws/install/virtual_ps_controller/include/virtual_ps_controller/virtual_ps_controller/msg/detail/button_state__rosidl_typesupport_introspection_c.h
[0.799s] -- Up-to-date: /home/raz/tehiru/Tehiru-Homework-assignment/drone_ws/install/virtual_ps_controller/include/virtual_ps_controller/virtual_ps_controller/msg/detail/controller_state__rosidl_typesupport_introspection_c.h
[0.799s] -- Up-to-date: /home/raz/tehiru/Tehiru-Homework-assignment/drone_ws/install/virtual_ps_controller/include/virtual_ps_controller/virtual_ps_controller/msg/detail/button_state__type_support.c
[0.799s] -- Up-to-date: /home/raz/tehiru/Tehiru-Homework-assignment/drone_ws/install/virtual_ps_controller/include/virtual_ps_controller/virtual_ps_controller/msg/detail/controller_state__type_support.c
[0.799s] -- Up-to-date: /home/raz/tehiru/Tehiru-Homework-assignment/drone_ws/install/virtual_ps_controller/include/virtual_ps_controller/virtual_ps_controller/msg/rosidl_typesupport_introspection_c__visibility_control.h
[0.799s] -- Up-to-date: /home/raz/tehiru/Tehiru-Homework-assignment/drone_ws/install/virtual_ps_controller/include/virtual_ps_controller/virtual_ps_controller/srv
[0.799s] -- Up-to-date: /home/raz/tehiru/Tehiru-Homework-assignment/drone_ws/install/virtual_ps_controller/include/virtual_ps_controller/virtual_ps_controller/srv/detail
[0.799s] -- Up-to-date: /home/raz/tehiru/Tehiru-Homework-assignment/drone_ws/install/virtual_ps_controller/include/virtual_ps_controller/virtual_ps_controller/srv/detail/set_button__rosidl_typesupport_introspection_c.h
[0.799s] -- Up-to-date: /home/raz/tehiru/Tehiru-Homework-assignment/drone_ws/install/virtual_ps_controller/include/virtual_ps_controller/virtual_ps_controller/srv/detail/set_button__type_support.c
[0.799s] -- Up-to-date: /home/raz/tehiru/Tehiru-Homework-assignment/drone_ws/install/virtual_ps_controller/lib/libvirtual_ps_controller__rosidl_typesupport_introspection_c.so
[0.799s] -- Up-to-date: /home/raz/tehiru/Tehiru-Homework-assignment/drone_ws/install/virtual_ps_controller/lib/libvirtual_ps_controller__rosidl_typesupport_c.so
[0.799s] -- Up-to-date: /home/raz/tehiru/Tehiru-Homework-assignment/drone_ws/install/virtual_ps_controller/include/virtual_ps_controller/virtual_ps_controller
[0.799s] -- Up-to-date: /home/raz/tehiru/Tehiru-Homework-assignment/drone_ws/install/virtual_ps_controller/include/virtual_ps_controller/virtual_ps_controller/msg
[0.799s] -- Up-to-date: /home/raz/tehiru/Tehiru-Homework-assignment/drone_ws/install/virtual_ps_controller/include/virtual_ps_controller/virtual_ps_controller/msg/detail
[0.799s] -- Up-to-date: /home/raz/tehiru/Tehiru-Homework-assignment/drone_ws/install/virtual_ps_controller/include/virtual_ps_controller/virtual_ps_controller/msg/detail/button_state__type_support.cpp
[0.799s] -- Up-to-date: /home/raz/tehiru/Tehiru-Homework-assignment/drone_ws/install/virtual_ps_controller/include/virtual_ps_controller/virtual_ps_controller/msg/detail/controller_state__rosidl_typesupport_introspection_cpp.hpp
[0.799s] -- Up-to-date: /home/raz/tehiru/Tehiru-Homework-assignment/drone_ws/install/virtual_ps_controller/include/virtual_ps_controller/virtual_ps_controller/msg/detail/button_state__rosidl_typesupport_introspection_cpp.hpp
[0.799s] -- Up-to-date: /home/raz/tehiru/Tehiru-Homework-assignment/drone_ws/install/virtual_ps_controller/include/virtual_ps_controller/virtual_ps_controller/msg/detail/controller_state__type_support.cpp
[0.799s] -- Up-to-date: /home/raz/tehiru/Tehiru-Homework-assignment/drone_ws/install/virtual_ps_controller/include/virtual_ps_controller/virtual_ps_controller/srv
[0.799s] -- Up-to-date: /home/raz/tehiru/Tehiru-Homework-assignment/drone_ws/install/virtual_ps_controller/include/virtual_ps_controller/virtual_ps_controller/srv/detail
[0.799s] -- Up-to-date: /home/raz/tehiru/Tehiru-Homework-assignment/drone_ws/install/virtual_ps_controller/include/virtual_ps_controller/virtual_ps_controller/srv/detail/set_button__rosidl_typesupport_introspection_cpp.hpp
[0.799s] -- Up-to-date: /home/raz/tehiru/Tehiru-Homework-assignment/drone_ws/install/virtual_ps_controller/include/virtual_ps_controller/virtual_ps_controller/srv/detail/set_button__type_support.cpp
[0.799s] -- Up-to-date: /home/raz/tehiru/Tehiru-Homework-assignment/drone_ws/install/virtual_ps_controller/lib/libvirtual_ps_controller__rosidl_typesupport_introspection_cpp.so
[0.799s] -- Up-to-date: /home/raz/tehiru/Tehiru-Homework-assignment/drone_ws/install/virtual_ps_controller/lib/libvirtual_ps_controller__rosidl_typesupport_cpp.so
[0.799s] -- Up-to-date: /home/raz/tehiru/Tehiru-Homework-assignment/drone_ws/install/virtual_ps_controller/share/virtual_ps_controller/environment/pythonpath.sh
[0.799s] -- Up-to-date: /home/raz/tehiru/Tehiru-Homework-assignment/drone_ws/install/virtual_ps_controller/share/virtual_ps_controller/environment/pythonpath.dsv
[0.799s] -- Up-to-date: /home/raz/tehiru/Tehiru-Homework-assignment/drone_ws/install/virtual_ps_controller/local/lib/python3.10/dist-packages/virtual_ps_controller-0.0.0-py3.10.egg-info
[0.799s] -- Installing: /home/raz/tehiru/Tehiru-Homework-assignment/drone_ws/install/virtual_ps_controller/local/lib/python3.10/dist-packages/virtual_ps_controller-0.0.0-py3.10.egg-info/PKG-INFO
[0.800s] -- Installing: /home/raz/tehiru/Tehiru-Homework-assignment/drone_ws/install/virtual_ps_controller/local/lib/python3.10/dist-packages/virtual_ps_controller-0.0.0-py3.10.egg-info/top_level.txt
[0.800s] -- Installing: /home/raz/tehiru/Tehiru-Homework-assignment/drone_ws/install/virtual_ps_controller/local/lib/python3.10/dist-packages/virtual_ps_controller-0.0.0-py3.10.egg-info/dependency_links.txt
[0.800s] -- Installing: /home/raz/tehiru/Tehiru-Homework-assignment/drone_ws/install/virtual_ps_controller/local/lib/python3.10/dist-packages/virtual_ps_controller-0.0.0-py3.10.egg-info/SOURCES.txt
[0.800s] -- Up-to-date: /home/raz/tehiru/Tehiru-Homework-assignment/drone_ws/install/virtual_ps_controller/local/lib/python3.10/dist-packages/virtual_ps_controller
[0.800s] -- Up-to-date: /home/raz/tehiru/Tehiru-Homework-assignment/drone_ws/install/virtual_ps_controller/local/lib/python3.10/dist-packages/virtual_ps_controller/virtual_ps_controller_s__rosidl_typesupport_c.cpython-310-x86_64-linux-gnu.so
[0.800s] -- Up-to-date: /home/raz/tehiru/Tehiru-Homework-assignment/drone_ws/install/virtual_ps_controller/local/lib/python3.10/dist-packages/virtual_ps_controller/virtual_ps_controller_s__rosidl_typesupport_fastrtps_c.cpython-310-x86_64-linux-gnu.so
[0.800s] -- Up-to-date: /home/raz/tehiru/Tehiru-Homework-assignment/drone_ws/install/virtual_ps_controller/local/lib/python3.10/dist-packages/virtual_ps_controller/virtual_ps_controller_s__rosidl_typesupport_introspection_c.cpython-310-x86_64-linux-gnu.so
[0.800s] -- Up-to-date: /home/raz/tehiru/Tehiru-Homework-assignment/drone_ws/install/virtual_ps_controller/local/lib/python3.10/dist-packages/virtual_ps_controller/_virtual_ps_controller_s.ep.rosidl_typesupport_c.c
[0.800s] -- Up-to-date: /home/raz/tehiru/Tehiru-Homework-assignment/drone_ws/install/virtual_ps_controller/local/lib/python3.10/dist-packages/virtual_ps_controller/msg
[0.800s] -- Up-to-date: /home/raz/tehiru/Tehiru-Homework-assignment/drone_ws/install/virtual_ps_controller/local/lib/python3.10/dist-packages/virtual_ps_controller/msg/_controller_state.py
[0.800s] -- Up-to-date: /home/raz/tehiru/Tehiru-Homework-assignment/drone_ws/install/virtual_ps_controller/local/lib/python3.10/dist-packages/virtual_ps_controller/msg/_button_state.py
[0.800s] -- Up-to-date: /home/raz/tehiru/Tehiru-Homework-assignment/drone_ws/install/virtual_ps_controller/local/lib/python3.10/dist-packages/virtual_ps_controller/msg/__init__.py
[0.800s] -- Up-to-date: /home/raz/tehiru/Tehiru-Homework-assignment/drone_ws/install/virtual_ps_controller/local/lib/python3.10/dist-packages/virtual_ps_controller/msg/_button_state_s.c
[0.800s] -- Up-to-date: /home/raz/tehiru/Tehiru-Homework-assignment/drone_ws/install/virtual_ps_controller/local/lib/python3.10/dist-packages/virtual_ps_controller/msg/_controller_state_s.c
[0.800s] -- Up-to-date: /home/raz/tehiru/Tehiru-Homework-assignment/drone_ws/install/virtual_ps_controller/local/lib/python3.10/dist-packages/virtual_ps_controller/_virtual_ps_controller_s.ep.rosidl_typesupport_introspection_c.c
[0.800s] -- Up-to-date: /home/raz/tehiru/Tehiru-Homework-assignment/drone_ws/install/virtual_ps_controller/local/lib/python3.10/dist-packages/virtual_ps_controller/__init__.py
[0.800s] -- Up-to-date: /home/raz/tehiru/Tehiru-Homework-assignment/drone_ws/install/virtual_ps_controller/local/lib/python3.10/dist-packages/virtual_ps_controller/_virtual_ps_controller_s.ep.rosidl_typesupport_fastrtps_c.c
[0.800s] -- Up-to-date: /home/raz/tehiru/Tehiru-Homework-assignment/drone_ws/install/virtual_ps_controller/local/lib/python3.10/dist-packages/virtual_ps_controller/srv
[0.800s] -- Up-to-date: /home/raz/tehiru/Tehiru-Homework-assignment/drone_ws/install/virtual_ps_controller/local/lib/python3.10/dist-packages/virtual_ps_controller/srv/_set_button.py
[0.800s] -- Up-to-date: /home/raz/tehiru/Tehiru-Homework-assignment/drone_ws/install/virtual_ps_controller/local/lib/python3.10/dist-packages/virtual_ps_controller/srv/__init__.py
[0.800s] -- Up-to-date: /home/raz/tehiru/Tehiru-Homework-assignment/drone_ws/install/virtual_ps_controller/local/lib/python3.10/dist-packages/virtual_ps_controller/srv/_set_button_s.c
[0.800s] -- Up-to-date: /home/raz/tehiru/Tehiru-Homework-assignment/drone_ws/install/virtual_ps_controller/local/lib/python3.10/dist-packages/virtual_ps_controller/libvirtual_ps_controller__rosidl_generator_py.so
[0.829s] Listing '/home/raz/tehiru/Tehiru-Homework-assignment/drone_ws/install/virtual_ps_controller/local/lib/python3.10/dist-packages/virtual_ps_controller'...
[0.829s] Listing '/home/raz/tehiru/Tehiru-Homework-assignment/drone_ws/install/virtual_ps_controller/local/lib/python3.10/dist-packages/virtual_ps_controller/msg'...
[0.829s] Listing '/home/raz/tehiru/Tehiru-Homework-assignment/drone_ws/install/virtual_ps_controller/local/lib/python3.10/dist-packages/virtual_ps_controller/srv'...
[0.832s] -- Up-to-date: /home/raz/tehiru/Tehiru-Homework-assignment/drone_ws/install/virtual_ps_controller/local/lib/python3.10/dist-packages/virtual_ps_controller/virtual_ps_controller_s__rosidl_typesupport_fastrtps_c.cpython-310-x86_64-linux-gnu.so
[0.832s] -- Up-to-date: /home/raz/tehiru/Tehiru-Homework-assignment/drone_ws/install/virtual_ps_controller/local/lib/python3.10/dist-packages/virtual_ps_controller/virtual_ps_controller_s__rosidl_typesupport_introspection_c.cpython-310-x86_64-linux-gnu.so
[0.833s] -- Up-to-date: /home/raz/tehiru/Tehiru-Homework-assignment/drone_ws/install/virtual_ps_controller/local/lib/python3.10/dist-packages/virtual_ps_controller/virtual_ps_controller_s__rosidl_typesupport_c.cpython-310-x86_64-linux-gnu.so
[0.833s] -- Up-to-date: /home/raz/tehiru/Tehiru-Homework-assignment/drone_ws/install/virtual_ps_controller/lib/libvirtual_ps_controller__rosidl_generator_py.so
[0.833s] -- Up-to-date: /home/raz/tehiru/Tehiru-Homework-assignment/drone_ws/install/virtual_ps_controller/share/virtual_ps_controller/msg/ButtonState.idl
[0.833s] -- Up-to-date: /home/raz/tehiru/Tehiru-Homework-assignment/drone_ws/install/virtual_ps_controller/share/virtual_ps_controller/msg/ControllerState.idl
[0.833s] -- Up-to-date: /home/raz/tehiru/Tehiru-Homework-assignment/drone_ws/install/virtual_ps_controller/share/virtual_ps_controller/srv/SetButton.idl
[0.833s] -- Up-to-date: /home/raz/tehiru/Tehiru-Homework-assignment/drone_ws/install/virtual_ps_controller/share/virtual_ps_controller/msg/ButtonState.msg
[0.833s] -- Up-to-date: /home/raz/tehiru/Tehiru-Homework-assignment/drone_ws/install/virtual_ps_controller/share/virtual_ps_controller/msg/ControllerState.msg
[0.833s] -- Up-to-date: /home/raz/tehiru/Tehiru-Homework-assignment/drone_ws/install/virtual_ps_controller/share/virtual_ps_controller/srv/SetButton.srv
[0.833s] -- Up-to-date: /home/raz/tehiru/Tehiru-Homework-assignment/drone_ws/install/virtual_ps_controller/share/virtual_ps_controller/srv/SetButton_Request.msg
[0.833s] -- Up-to-date: /home/raz/tehiru/Tehiru-Homework-assignment/drone_ws/install/virtual_ps_controller/share/virtual_ps_controller/srv/SetButton_Response.msg
[0.833s] -- Up-to-date: /home/raz/tehiru/Tehiru-Homework-assignment/drone_ws/install/virtual_ps_controller/lib/virtual_ps_controller/ps_controller_node
[0.833s] -- Up-to-date: /home/raz/tehiru/Tehiru-Homework-assignment/drone_ws/install/virtual_ps_controller/include/include
[0.833s] -- Up-to-date: /home/raz/tehiru/Tehiru-Homework-assignment/drone_ws/install/virtual_ps_controller/include/include/virtual_ps_controller
[0.833s] -- Up-to-date: /home/raz/tehiru/Tehiru-Homework-assignment/drone_ws/install/virtual_ps_controller/include/include/virtual_ps_controller/ps_controller.hpp
[0.833s] -- Up-to-date: /home/raz/tehiru/Tehiru-Homework-assignment/drone_ws/install/virtual_ps_controller/include/include/virtual_ps_controller/controller.hpp
[0.833s] -- Up-to-date: /home/raz/tehiru/Tehiru-Homework-assignment/drone_ws/install/virtual_ps_controller/share/virtual_ps_controller/launch
[0.833s] -- Up-to-date: /home/raz/tehiru/Tehiru-Homework-assignment/drone_ws/install/virtual_ps_controller/share/virtual_ps_controller/launch/virtual_ps_controller.launch.py
[0.833s] -- Up-to-date: /home/raz/tehiru/Tehiru-Homework-assignment/drone_ws/install/virtual_ps_controller/share/virtual_ps_controller/config
[0.833s] -- Up-to-date: /home/raz/tehiru/Tehiru-Homework-assignment/drone_ws/install/virtual_ps_controller/share/ament_index/resource_index/package_run_dependencies/virtual_ps_controller
[0.833s] -- Up-to-date: /home/raz/tehiru/Tehiru-Homework-assignment/drone_ws/install/virtual_ps_controller/share/ament_index/resource_index/parent_prefix_path/virtual_ps_controller
[0.833s] -- Up-to-date: /home/raz/tehiru/Tehiru-Homework-assignment/drone_ws/install/virtual_ps_controller/share/virtual_ps_controller/environment/ament_prefix_path.sh
[0.834s] -- Up-to-date: /home/raz/tehiru/Tehiru-Homework-assignment/drone_ws/install/virtual_ps_controller/share/virtual_ps_controller/environment/ament_prefix_path.dsv
[0.834s] -- Up-to-date: /home/raz/tehiru/Tehiru-Homework-assignment/drone_ws/install/virtual_ps_controller/share/virtual_ps_controller/environment/path.sh
[0.834s] -- Up-to-date: /home/raz/tehiru/Tehiru-Homework-assignment/drone_ws/install/virtual_ps_controller/share/virtual_ps_controller/environment/path.dsv
[0.834s] -- Up-to-date: /home/raz/tehiru/Tehiru-Homework-assignment/drone_ws/install/virtual_ps_controller/share/virtual_ps_controller/local_setup.bash
[0.834s] -- Up-to-date: /home/raz/tehiru/Tehiru-Homework-assignment/drone_ws/install/virtual_ps_controller/share/virtual_ps_controller/local_setup.sh
[0.834s] -- Up-to-date: /home/raz/tehiru/Tehiru-Homework-assignment/drone_ws/install/virtual_ps_controller/share/virtual_ps_controller/local_setup.zsh
[0.834s] -- Up-to-date: /home/raz/tehiru/Tehiru-Homework-assignment/drone_ws/install/virtual_ps_controller/share/virtual_ps_controller/local_setup.dsv
[0.834s] -- Installing: /home/raz/tehiru/Tehiru-Homework-assignment/drone_ws/install/virtual_ps_controller/share/virtual_ps_controller/package.dsv
[0.834s] -- Up-to-date: /home/raz/tehiru/Tehiru-Homework-assignment/drone_ws/install/virtual_ps_controller/share/ament_index/resource_index/packages/virtual_ps_controller
[0.834s] -- Up-to-date: /home/raz/tehiru/Tehiru-Homework-assignment/drone_ws/install/virtual_ps_controller/share/virtual_ps_controller/cmake/export_virtual_ps_controller__rosidl_generator_cExport.cmake
[0.834s] -- Up-to-date: /home/raz/tehiru/Tehiru-Homework-assignment/drone_ws/install/virtual_ps_controller/share/virtual_ps_controller/cmake/export_virtual_ps_controller__rosidl_generator_cExport-noconfig.cmake
[0.834s] -- Up-to-date: /home/raz/tehiru/Tehiru-Homework-assignment/drone_ws/install/virtual_ps_controller/share/virtual_ps_controller/cmake/export_virtual_ps_controller__rosidl_typesupport_fastrtps_cExport.cmake
[0.834s] -- Up-to-date: /home/raz/tehiru/Tehiru-Homework-assignment/drone_ws/install/virtual_ps_controller/share/virtual_ps_controller/cmake/export_virtual_ps_controller__rosidl_typesupport_fastrtps_cExport-noconfig.cmake
[0.834s] -- Up-to-date: /home/raz/tehiru/Tehiru-Homework-assignment/drone_ws/install/virtual_ps_controller/share/virtual_ps_controller/cmake/export_virtual_ps_controller__rosidl_generator_cppExport.cmake
[0.834s] -- Up-to-date: /home/raz/tehiru/Tehiru-Homework-assignment/drone_ws/install/virtual_ps_controller/share/virtual_ps_controller/cmake/export_virtual_ps_controller__rosidl_typesupport_fastrtps_cppExport.cmake
[0.834s] -- Up-to-date: /home/raz/tehiru/Tehiru-Homework-assignment/drone_ws/install/virtual_ps_controller/share/virtual_ps_controller/cmake/export_virtual_ps_controller__rosidl_typesupport_fastrtps_cppExport-noconfig.cmake
[0.834s] -- Up-to-date: /home/raz/tehiru/Tehiru-Homework-assignment/drone_ws/install/virtual_ps_controller/share/virtual_ps_controller/cmake/virtual_ps_controller__rosidl_typesupport_introspection_cExport.cmake
[0.834s] -- Up-to-date: /home/raz/tehiru/Tehiru-Homework-assignment/drone_ws/install/virtual_ps_controller/share/virtual_ps_controller/cmake/virtual_ps_controller__rosidl_typesupport_introspection_cExport-noconfig.cmake
[0.834s] -- Up-to-date: /home/raz/tehiru/Tehiru-Homework-assignment/drone_ws/install/virtual_ps_controller/share/virtual_ps_controller/cmake/virtual_ps_controller__rosidl_typesupport_cExport.cmake
[0.834s] -- Up-to-date: /home/raz/tehiru/Tehiru-Homework-assignment/drone_ws/install/virtual_ps_controller/share/virtual_ps_controller/cmake/virtual_ps_controller__rosidl_typesupport_cExport-noconfig.cmake
[0.834s] -- Up-to-date: /home/raz/tehiru/Tehiru-Homework-assignment/drone_ws/install/virtual_ps_controller/share/virtual_ps_controller/cmake/virtual_ps_controller__rosidl_typesupport_introspection_cppExport.cmake
[0.834s] -- Up-to-date: /home/raz/tehiru/Tehiru-Homework-assignment/drone_ws/install/virtual_ps_controller/share/virtual_ps_controller/cmake/virtual_ps_controller__rosidl_typesupport_introspection_cppExport-noconfig.cmake
[0.834s] -- Up-to-date: /home/raz/tehiru/Tehiru-Homework-assignment/drone_ws/install/virtual_ps_controller/share/virtual_ps_controller/cmake/virtual_ps_controller__rosidl_typesupport_cppExport.cmake
[0.834s] -- Up-to-date: /home/raz/tehiru/Tehiru-Homework-assignment/drone_ws/install/virtual_ps_controller/share/virtual_ps_controller/cmake/virtual_ps_controller__rosidl_typesupport_cppExport-noconfig.cmake
[0.834s] -- Up-to-date: /home/raz/tehiru/Tehiru-Homework-assignment/drone_ws/install/virtual_ps_controller/share/virtual_ps_controller/cmake/export_virtual_ps_controller__rosidl_generator_pyExport.cmake
[0.834s] -- Up-to-date: /home/raz/tehiru/Tehiru-Homework-assignment/drone_ws/install/virtual_ps_controller/share/virtual_ps_controller/cmake/export_virtual_ps_controller__rosidl_generator_pyExport-noconfig.cmake
[0.834s] -- Up-to-date: /home/raz/tehiru/Tehiru-Homework-assignment/drone_ws/install/virtual_ps_controller/share/virtual_ps_controller/cmake/rosidl_cmake-extras.cmake
[0.834s] -- Up-to-date: /home/raz/tehiru/Tehiru-Homework-assignment/drone_ws/install/virtual_ps_controller/share/virtual_ps_controller/cmake/ament_cmake_export_dependencies-extras.cmake
[0.834s] -- Up-to-date: /home/raz/tehiru/Tehiru-Homework-assignment/drone_ws/install/virtual_ps_controller/share/virtual_ps_controller/cmake/ament_cmake_export_include_directories-extras.cmake
[0.834s] -- Up-to-date: /home/raz/tehiru/Tehiru-Homework-assignment/drone_ws/install/virtual_ps_controller/share/virtual_ps_controller/cmake/ament_cmake_export_libraries-extras.cmake
[0.834s] -- Up-to-date: /home/raz/tehiru/Tehiru-Homework-assignment/drone_ws/install/virtual_ps_controller/share/virtual_ps_controller/cmake/ament_cmake_export_targets-extras.cmake
[0.835s] -- Up-to-date: /home/raz/tehiru/Tehiru-Homework-assignment/drone_ws/install/virtual_ps_controller/share/virtual_ps_controller/cmake/rosidl_cmake_export_typesupport_targets-extras.cmake
[0.835s] -- Up-to-date: /home/raz/tehiru/Tehiru-Homework-assignment/drone_ws/install/virtual_ps_controller/share/virtual_ps_controller/cmake/rosidl_cmake_export_typesupport_libraries-extras.cmake
[0.835s] -- Up-to-date: /home/raz/tehiru/Tehiru-Homework-assignment/drone_ws/install/virtual_ps_controller/share/virtual_ps_controller/cmake/virtual_ps_controllerConfig.cmake
[0.835s] -- Up-to-date: /home/raz/tehiru/Tehiru-Homework-assignment/drone_ws/install/virtual_ps_controller/share/virtual_ps_controller/cmake/virtual_ps_controllerConfig-version.cmake
[0.835s] -- Up-to-date: /home/raz/tehiru/Tehiru-Homework-assignment/drone_ws/install/virtual_ps_controller/share/virtual_ps_controller/package.xml
[0.836s] Invoked command in '/home/raz/tehiru/Tehiru-Homework-assignment/drone_ws/build/virtual_ps_controller' returned '0': CMAKE_PREFIX_PATH=${CMAKE_PREFIX_PATH}:/home/raz/tehiru/Tehiru-Homework-assignment/drone_ws/install/virtual_controller:/home/raz/tehiru/Tehiru-Homework-assignment/drone_ws/install/liftoff_telemetry:/home/raz/tehiru/Tehiru-Homework-assignment/drone_ws/install/liftoff_interface:/opt/ros/humble /usr/bin/cmake --install /home/raz/tehiru/Tehiru-Homework-assignment/drone_ws/build/virtual_ps_controller
