[0.379s] Invoking command in '/home/raz/tehiru/Tehiru-Homework-assignment/drone_ws/src/liftoff_interface': PYTHONPATH=/home/raz/tehiru/Tehiru-Homework-assignment/drone_ws/build/liftoff_interface/prefix_override:/usr/lib/python3/dist-packages/colcon_core/task/python/colcon_distutils_commands:/home/raz/tehiru/Tehiru-Homework-assignment/drone_ws/install/liftoff_interface/lib/python3.10/site-packages:${PYTHONPATH} /usr/bin/python3 -W ignore:setup.py install is deprecated -W ignore:easy_install command is deprecated setup.py egg_info --egg-base ../../build/liftoff_interface build --build-base /home/raz/tehiru/Tehiru-Homework-assignment/drone_ws/build/liftoff_interface/build install --record /home/raz/tehiru/Tehiru-Homework-assignment/drone_ws/build/liftoff_interface/install.log --single-version-externally-managed install_data
[0.533s] running egg_info
[0.534s] writing ../../build/liftoff_interface/liftoff_interface.egg-info/PKG-INFO
[0.534s] writing dependency_links to ../../build/liftoff_interface/liftoff_interface.egg-info/dependency_links.txt
[0.534s] writing entry points to ../../build/liftoff_interface/liftoff_interface.egg-info/entry_points.txt
[0.534s] writing requirements to ../../build/liftoff_interface/liftoff_interface.egg-info/requires.txt
[0.534s] writing top-level names to ../../build/liftoff_interface/liftoff_interface.egg-info/top_level.txt
[0.535s] reading manifest file '../../build/liftoff_interface/liftoff_interface.egg-info/SOURCES.txt'
[0.536s] writing manifest file '../../build/liftoff_interface/liftoff_interface.egg-info/SOURCES.txt'
[0.536s] running build
[0.536s] running build_py
[0.537s] running install
[0.537s] running install_lib
[0.538s] running install_data
[0.538s] copying launch/test_system.launch.py -> /home/raz/tehiru/Tehiru-Homework-assignment/drone_ws/install/liftoff_interface/share/liftoff_interface/launch
[0.538s] running install_egg_info
[0.539s] removing '/home/raz/tehiru/Tehiru-Homework-assignment/drone_ws/install/liftoff_interface/lib/python3.10/site-packages/liftoff_interface-0.0.0-py3.10.egg-info' (and everything under it)
[0.539s] Copying ../../build/liftoff_interface/liftoff_interface.egg-info to /home/raz/tehiru/Tehiru-Homework-assignment/drone_ws/install/liftoff_interface/lib/python3.10/site-packages/liftoff_interface-0.0.0-py3.10.egg-info
[0.540s] running install_scripts
[0.553s] Installing drone_controller script to /home/raz/tehiru/Tehiru-Homework-assignment/drone_ws/install/liftoff_interface/lib/liftoff_interface
[0.553s] Installing liftoff_bridge script to /home/raz/tehiru/Tehiru-Homework-assignment/drone_ws/install/liftoff_interface/lib/liftoff_interface
[0.554s] Installing mock_obstacle_publisher script to /home/raz/tehiru/Tehiru-Homework-assignment/drone_ws/install/liftoff_interface/lib/liftoff_interface
[0.554s] Installing sensor_listener script to /home/raz/tehiru/Tehiru-Homework-assignment/drone_ws/install/liftoff_interface/lib/liftoff_interface
[0.554s] Installing target_navigation_service script to /home/raz/tehiru/Tehiru-Homework-assignment/drone_ws/install/liftoff_interface/lib/liftoff_interface
[0.554s] Installing target_selector script to /home/raz/tehiru/Tehiru-Homework-assignment/drone_ws/install/liftoff_interface/lib/liftoff_interface
[0.554s] writing list of installed files to '/home/raz/tehiru/Tehiru-Homework-assignment/drone_ws/build/liftoff_interface/install.log'
[0.568s] Invoked command in '/home/raz/tehiru/Tehiru-Homework-assignment/drone_ws/src/liftoff_interface' returned '0': PYTHONPATH=/home/raz/tehiru/Tehiru-Homework-assignment/drone_ws/build/liftoff_interface/prefix_override:/usr/lib/python3/dist-packages/colcon_core/task/python/colcon_distutils_commands:/home/raz/tehiru/Tehiru-Homework-assignment/drone_ws/install/liftoff_interface/lib/python3.10/site-packages:${PYTHONPATH} /usr/bin/python3 -W ignore:setup.py install is deprecated -W ignore:easy_install command is deprecated setup.py egg_info --egg-base ../../build/liftoff_interface build --build-base /home/raz/tehiru/Tehiru-Homework-assignment/drone_ws/build/liftoff_interface/build install --record /home/raz/tehiru/Tehiru-Homework-assignment/drone_ws/build/liftoff_interface/install.log --single-version-externally-managed install_data
