[1.076s] Invoking command in '/home/raz/tehiru/drone_ws/src/liftoff_interface': PYTHONPATH=/home/raz/tehiru/drone_ws/build/liftoff_interface/prefix_override:/usr/lib/python3/dist-packages/colcon_core/task/python/colcon_distutils_commands:/home/raz/tehiru/drone_ws/install/liftoff_interface/lib/python3.10/site-packages:${PYTHONPATH} /usr/bin/python3 -W ignore:setup.py install is deprecated -W ignore:easy_install command is deprecated setup.py egg_info --egg-base ../../build/liftoff_interface build --build-base /home/raz/tehiru/drone_ws/build/liftoff_interface/build install --record /home/raz/tehiru/drone_ws/build/liftoff_interface/install.log --single-version-externally-managed install_data
[1.321s] running egg_info
[1.321s] writing ../../build/liftoff_interface/liftoff_interface.egg-info/PKG-INFO
[1.322s] writing dependency_links to ../../build/liftoff_interface/liftoff_interface.egg-info/dependency_links.txt
[1.322s] writing entry points to ../../build/liftoff_interface/liftoff_interface.egg-info/entry_points.txt
[1.322s] writing requirements to ../../build/liftoff_interface/liftoff_interface.egg-info/requires.txt
[1.322s] writing top-level names to ../../build/liftoff_interface/liftoff_interface.egg-info/top_level.txt
[1.324s] reading manifest file '../../build/liftoff_interface/liftoff_interface.egg-info/SOURCES.txt'
[1.325s] writing manifest file '../../build/liftoff_interface/liftoff_interface.egg-info/SOURCES.txt'
[1.325s] running build
[1.325s] running build_py
[1.325s] copying liftoff_interface/controller.py -> /home/raz/tehiru/drone_ws/build/liftoff_interface/build/lib/liftoff_interface
[1.325s] running install
[1.326s] running install_lib
[1.326s] copying /home/raz/tehiru/drone_ws/build/liftoff_interface/build/lib/liftoff_interface/controller.py -> /home/raz/tehiru/drone_ws/install/liftoff_interface/lib/python3.10/site-packages/liftoff_interface
[1.327s] byte-compiling /home/raz/tehiru/drone_ws/install/liftoff_interface/lib/python3.10/site-packages/liftoff_interface/controller.py to controller.cpython-310.pyc
[1.327s] running install_data
[1.327s] running install_egg_info
[1.329s] removing '/home/raz/tehiru/drone_ws/install/liftoff_interface/lib/python3.10/site-packages/liftoff_interface-0.0.0-py3.10.egg-info' (and everything under it)
[1.330s] Copying ../../build/liftoff_interface/liftoff_interface.egg-info to /home/raz/tehiru/drone_ws/install/liftoff_interface/lib/python3.10/site-packages/liftoff_interface-0.0.0-py3.10.egg-info
[1.331s] running install_scripts
[1.352s] Installing controller script to /home/raz/tehiru/drone_ws/install/liftoff_interface/lib/liftoff_interface
[1.353s] Installing sensor_listener script to /home/raz/tehiru/drone_ws/install/liftoff_interface/lib/liftoff_interface
[1.353s] writing list of installed files to '/home/raz/tehiru/drone_ws/build/liftoff_interface/install.log'
[1.401s] Invoked command in '/home/raz/tehiru/drone_ws/src/liftoff_interface' returned '0': PYTHONPATH=/home/raz/tehiru/drone_ws/build/liftoff_interface/prefix_override:/usr/lib/python3/dist-packages/colcon_core/task/python/colcon_distutils_commands:/home/raz/tehiru/drone_ws/install/liftoff_interface/lib/python3.10/site-packages:${PYTHONPATH} /usr/bin/python3 -W ignore:setup.py install is deprecated -W ignore:easy_install command is deprecated setup.py egg_info --egg-base ../../build/liftoff_interface build --build-base /home/raz/tehiru/drone_ws/build/liftoff_interface/build install --record /home/raz/tehiru/drone_ws/build/liftoff_interface/install.log --single-version-externally-managed install_data
