[0.714s] Invoking command in '/home/raz/tehiru/Tehiru-Homework-assignment/drone_ws/src/liftoff_telemetry': PYTHONPATH=/home/raz/tehiru/Tehiru-Homework-assignment/drone_ws/build/liftoff_telemetry/prefix_override:/usr/lib/python3/dist-packages/colcon_core/task/python/colcon_distutils_commands:/home/raz/tehiru/Tehiru-Homework-assignment/drone_ws/install/liftoff_telemetry/lib/python3.10/site-packages:${PYTHONPATH} /usr/bin/python3 -W ignore:setup.py install is deprecated -W ignore:easy_install command is deprecated setup.py egg_info --egg-base ../../build/liftoff_telemetry build --build-base /home/raz/tehiru/Tehiru-Homework-assignment/drone_ws/build/liftoff_telemetry/build install --record /home/raz/tehiru/Tehiru-Homework-assignment/drone_ws/build/liftoff_telemetry/install.log --single-version-externally-managed install_data
[0.861s] running egg_info
[0.861s] writing ../../build/liftoff_telemetry/liftoff_telemetry.egg-info/PKG-INFO
[0.861s] writing dependency_links to ../../build/liftoff_telemetry/liftoff_telemetry.egg-info/dependency_links.txt
[0.861s] writing entry points to ../../build/liftoff_telemetry/liftoff_telemetry.egg-info/entry_points.txt
[0.861s] writing requirements to ../../build/liftoff_telemetry/liftoff_telemetry.egg-info/requires.txt
[0.861s] writing top-level names to ../../build/liftoff_telemetry/liftoff_telemetry.egg-info/top_level.txt
[0.862s] reading manifest file '../../build/liftoff_telemetry/liftoff_telemetry.egg-info/SOURCES.txt'
[0.863s] writing manifest file '../../build/liftoff_telemetry/liftoff_telemetry.egg-info/SOURCES.txt'
[0.863s] running build
[0.863s] running build_py
[0.863s] copying liftoff_telemetry/telemetry.py -> /home/raz/tehiru/Tehiru-Homework-assignment/drone_ws/build/liftoff_telemetry/build/lib/liftoff_telemetry
[0.863s] running install
[0.864s] running install_lib
[0.864s] copying /home/raz/tehiru/Tehiru-Homework-assignment/drone_ws/build/liftoff_telemetry/build/lib/liftoff_telemetry/telemetry.py -> /home/raz/tehiru/Tehiru-Homework-assignment/drone_ws/install/liftoff_telemetry/lib/python3.10/site-packages/liftoff_telemetry
[0.864s] byte-compiling /home/raz/tehiru/Tehiru-Homework-assignment/drone_ws/install/liftoff_telemetry/lib/python3.10/site-packages/liftoff_telemetry/telemetry.py to telemetry.cpython-310.pyc
[0.864s] running install_data
[0.865s] running install_egg_info
[0.866s] removing '/home/raz/tehiru/Tehiru-Homework-assignment/drone_ws/install/liftoff_telemetry/lib/python3.10/site-packages/liftoff_telemetry-0.0.0-py3.10.egg-info' (and everything under it)
[0.866s] Copying ../../build/liftoff_telemetry/liftoff_telemetry.egg-info to /home/raz/tehiru/Tehiru-Homework-assignment/drone_ws/install/liftoff_telemetry/lib/python3.10/site-packages/liftoff_telemetry-0.0.0-py3.10.egg-info
[0.866s] running install_scripts
[0.880s] Installing liftoff_telemetry_node script to /home/raz/tehiru/Tehiru-Homework-assignment/drone_ws/install/liftoff_telemetry/lib/liftoff_telemetry
[0.880s] writing list of installed files to '/home/raz/tehiru/Tehiru-Homework-assignment/drone_ws/build/liftoff_telemetry/install.log'
[0.897s] Invoked command in '/home/raz/tehiru/Tehiru-Homework-assignment/drone_ws/src/liftoff_telemetry' returned '0': PYTHONPATH=/home/raz/tehiru/Tehiru-Homework-assignment/drone_ws/build/liftoff_telemetry/prefix_override:/usr/lib/python3/dist-packages/colcon_core/task/python/colcon_distutils_commands:/home/raz/tehiru/Tehiru-Homework-assignment/drone_ws/install/liftoff_telemetry/lib/python3.10/site-packages:${PYTHONPATH} /usr/bin/python3 -W ignore:setup.py install is deprecated -W ignore:easy_install command is deprecated setup.py egg_info --egg-base ../../build/liftoff_telemetry build --build-base /home/raz/tehiru/Tehiru-Homework-assignment/drone_ws/build/liftoff_telemetry/build install --record /home/raz/tehiru/Tehiru-Homework-assignment/drone_ws/build/liftoff_telemetry/install.log --single-version-externally-managed install_data
