-- Found ament_cmake: 1.3.11 (/opt/ros/humble/share/ament_cmake/cmake)
-- Found rclcpp: 16.0.12 (/opt/ros/humble/share/rclcpp/cmake)
-- Found rosidl_generator_c: 3.1.6 (/opt/ros/humble/share/rosidl_generator_c/cmake)
-- Found rosidl_adapter: 3.1.6 (/opt/ros/humble/share/rosidl_adapter/cmake)
-- Found rosidl_generator_cpp: 3.1.6 (/opt/ros/humble/share/rosidl_generator_cpp/cmake)
-- Using all available rosidl_typesupport_c: rosidl_typesupport_fastrtps_c;rosidl_typesupport_introspection_c
-- Using all available rosidl_typesupport_cpp: rosidl_typesupport_fastrtps_cpp;rosidl_typesupport_introspection_cpp
-- Found rmw_implementation_cmake: 6.1.2 (/opt/ros/humble/share/rmw_implementation_cmake/cmake)
-- Found rmw_fastrtps_cpp: 6.2.7 (/opt/ros/humble/share/rmw_fastrtps_cpp/cmake)
-- Using RMW implementation 'rmw_fastrtps_cpp' as default
-- Found sensor_msgs: 4.8.0 (/opt/ros/humble/share/sensor_msgs/cmake)
-- Found rosidl_default_generators: 1.2.0 (/opt/ros/humble/share/rosidl_default_generators/cmake)
-- Found PkgConfig: /usr/bin/pkg-config (found version "0.29.2") 
-- Checking for module 'libinput'
--   Found libinput, version 1.20.0
-- Found ament_cmake_ros: 0.10.0 (/opt/ros/humble/share/ament_cmake_ros/cmake)
-- Using all available rosidl_typesupport_c: rosidl_typesupport_fastrtps_c;rosidl_typesupport_introspection_c
-- Using all available rosidl_typesupport_cpp: rosidl_typesupport_fastrtps_cpp;rosidl_typesupport_introspection_cpp
-- Found python_cmake_module: 0.10.0 (/opt/ros/humble/share/python_cmake_module/cmake)
-- Using PYTHON_EXECUTABLE: /usr/bin/python3
-- Using PYTHON_INCLUDE_DIRS: /usr/include/python3.10
-- Using PYTHON_LIBRARIES: /usr/lib/x86_64-linux-gnu/libpython3.10.so
-- Configuring done
-- Generating done
-- Build files have been written to: /home/raz/tehiru/Tehiru-Homework-assignment/drone_ws/build/virtual_ps_controller
[35m[1mConsolidate compiler generated dependencies of target virtual_ps_controller__rosidl_generator_c[0m
[35m[1mConsolidate compiler generated dependencies of target ps_controller_node[0m
[  2%] Built target virtual_ps_controller__cpp
[ 12%] Built target virtual_ps_controller__rosidl_generator_c
[35m[1mConsolidate compiler generated dependencies of target virtual_ps_controller__rosidl_typesupport_fastrtps_cpp[0m
[ 12%] Built target ament_cmake_python_copy_virtual_ps_controller
[35m[1mConsolidate compiler generated dependencies of target virtual_ps_controller__rosidl_typesupport_cpp[0m
[35m[1mConsolidate compiler generated dependencies of target virtual_ps_controller__rosidl_typesupport_introspection_cpp[0m
[35m[1mConsolidate compiler generated dependencies of target virtual_ps_controller__rosidl_typesupport_fastrtps_c[0m
[35m[1mConsolidate compiler generated dependencies of target virtual_ps_controller__rosidl_typesupport_introspection_c[0m
[35m[1mConsolidate compiler generated dependencies of target virtual_ps_controller__rosidl_typesupport_c[0m
[ 22%] Built target virtual_ps_controller__rosidl_typesupport_introspection_c
[ 32%] Built target virtual_ps_controller__rosidl_typesupport_fastrtps_cpp
[ 42%] Built target virtual_ps_controller__rosidl_typesupport_introspection_cpp
[ 44%] [32m[1mLinking CXX executable ps_controller_node[0m
[ 60%] Built target virtual_ps_controller__rosidl_typesupport_c
[ 64%] Built target virtual_ps_controller__rosidl_typesupport_cpp
[ 74%] Built target virtual_ps_controller__rosidl_typesupport_fastrtps_c
[ 74%] Built target virtual_ps_controller
[ 76%] Built target virtual_ps_controller__py
[35m[1mConsolidate compiler generated dependencies of target virtual_ps_controller__rosidl_generator_py[0m
[ 84%] Built target virtual_ps_controller__rosidl_generator_py
[35m[1mConsolidate compiler generated dependencies of target virtual_ps_controller__rosidl_typesupport_fastrtps_c__pyext[0m
[35m[1mConsolidate compiler generated dependencies of target virtual_ps_controller__rosidl_typesupport_c__pyext[0m
[35m[1mConsolidate compiler generated dependencies of target virtual_ps_controller__rosidl_typesupport_introspection_c__pyext[0m
[ 88%] Built target virtual_ps_controller__rosidl_typesupport_introspection_c__pyext
[ 96%] Built target virtual_ps_controller__rosidl_typesupport_c__pyext
[ 96%] Built target virtual_ps_controller__rosidl_typesupport_fastrtps_c__pyext
running egg_info
writing virtual_ps_controller.egg-info/PKG-INFO
writing dependency_links to virtual_ps_controller.egg-info/dependency_links.txt
writing top-level names to virtual_ps_controller.egg-info/top_level.txt
reading manifest file 'virtual_ps_controller.egg-info/SOURCES.txt'
writing manifest file 'virtual_ps_controller.egg-info/SOURCES.txt'
[ 96%] Built target ament_cmake_python_build_virtual_ps_controller_egg
[100%] Built target ps_controller_node
-- Install configuration: ""
-- Installing: /home/raz/tehiru/Tehiru-Homework-assignment/drone_ws/install/virtual_ps_controller/share/ament_index/resource_index/rosidl_interfaces/virtual_ps_controller
-- Installing: /home/raz/tehiru/Tehiru-Homework-assignment/drone_ws/install/virtual_ps_controller/include/virtual_ps_controller/virtual_ps_controller
-- Installing: /home/raz/tehiru/Tehiru-Homework-assignment/drone_ws/install/virtual_ps_controller/include/virtual_ps_controller/virtual_ps_controller/msg
-- Installing: /home/raz/tehiru/Tehiru-Homework-assignment/drone_ws/install/virtual_ps_controller/include/virtual_ps_controller/virtual_ps_controller/msg/detail
-- Installing: /home/raz/tehiru/Tehiru-Homework-assignment/drone_ws/install/virtual_ps_controller/include/virtual_ps_controller/virtual_ps_controller/msg/detail/controller_state__functions.h
-- Installing: /home/raz/tehiru/Tehiru-Homework-assignment/drone_ws/install/virtual_ps_controller/include/virtual_ps_controller/virtual_ps_controller/msg/detail/controller_state__functions.c
-- Installing: /home/raz/tehiru/Tehiru-Homework-assignment/drone_ws/install/virtual_ps_controller/include/virtual_ps_controller/virtual_ps_controller/msg/detail/controller_state__type_support.h
-- Installing: /home/raz/tehiru/Tehiru-Homework-assignment/drone_ws/install/virtual_ps_controller/include/virtual_ps_controller/virtual_ps_controller/msg/detail/button_state__functions.c
-- Installing: /home/raz/tehiru/Tehiru-Homework-assignment/drone_ws/install/virtual_ps_controller/include/virtual_ps_controller/virtual_ps_controller/msg/detail/button_state__type_support.h
-- Installing: /home/raz/tehiru/Tehiru-Homework-assignment/drone_ws/install/virtual_ps_controller/include/virtual_ps_controller/virtual_ps_controller/msg/detail/controller_state__struct.h
-- Installing: /home/raz/tehiru/Tehiru-Homework-assignment/drone_ws/install/virtual_ps_controller/include/virtual_ps_controller/virtual_ps_controller/msg/detail/button_state__struct.h
-- Installing: /home/raz/tehiru/Tehiru-Homework-assignment/drone_ws/install/virtual_ps_controller/include/virtual_ps_controller/virtual_ps_controller/msg/detail/button_state__functions.h
-- Installing: /home/raz/tehiru/Tehiru-Homework-assignment/drone_ws/install/virtual_ps_controller/include/virtual_ps_controller/virtual_ps_controller/msg/button_state.h
-- Installing: /home/raz/tehiru/Tehiru-Homework-assignment/drone_ws/install/virtual_ps_controller/include/virtual_ps_controller/virtual_ps_controller/msg/rosidl_generator_c__visibility_control.h
-- Installing: /home/raz/tehiru/Tehiru-Homework-assignment/drone_ws/install/virtual_ps_controller/include/virtual_ps_controller/virtual_ps_controller/msg/controller_state.h
-- Installing: /home/raz/tehiru/Tehiru-Homework-assignment/drone_ws/install/virtual_ps_controller/include/virtual_ps_controller/virtual_ps_controller/srv
-- Installing: /home/raz/tehiru/Tehiru-Homework-assignment/drone_ws/install/virtual_ps_controller/include/virtual_ps_controller/virtual_ps_controller/srv/detail
-- Installing: /home/raz/tehiru/Tehiru-Homework-assignment/drone_ws/install/virtual_ps_controller/include/virtual_ps_controller/virtual_ps_controller/srv/detail/set_button__functions.h
-- Installing: /home/raz/tehiru/Tehiru-Homework-assignment/drone_ws/install/virtual_ps_controller/include/virtual_ps_controller/virtual_ps_controller/srv/detail/set_button__struct.h
-- Installing: /home/raz/tehiru/Tehiru-Homework-assignment/drone_ws/install/virtual_ps_controller/include/virtual_ps_controller/virtual_ps_controller/srv/detail/set_button__type_support.h
-- Installing: /home/raz/tehiru/Tehiru-Homework-assignment/drone_ws/install/virtual_ps_controller/include/virtual_ps_controller/virtual_ps_controller/srv/detail/set_button__functions.c
-- Installing: /home/raz/tehiru/Tehiru-Homework-assignment/drone_ws/install/virtual_ps_controller/include/virtual_ps_controller/virtual_ps_controller/srv/set_button.h
-- Installing: /home/raz/tehiru/Tehiru-Homework-assignment/drone_ws/install/virtual_ps_controller/share/virtual_ps_controller/environment/library_path.sh
-- Installing: /home/raz/tehiru/Tehiru-Homework-assignment/drone_ws/install/virtual_ps_controller/share/virtual_ps_controller/environment/library_path.dsv
-- Installing: /home/raz/tehiru/Tehiru-Homework-assignment/drone_ws/install/virtual_ps_controller/lib/libvirtual_ps_controller__rosidl_generator_c.so
-- Set runtime path of "/home/raz/tehiru/Tehiru-Homework-assignment/drone_ws/install/virtual_ps_controller/lib/libvirtual_ps_controller__rosidl_generator_c.so" to ""
-- Up-to-date: /home/raz/tehiru/Tehiru-Homework-assignment/drone_ws/install/virtual_ps_controller/include/virtual_ps_controller/virtual_ps_controller
-- Up-to-date: /home/raz/tehiru/Tehiru-Homework-assignment/drone_ws/install/virtual_ps_controller/include/virtual_ps_controller/virtual_ps_controller/msg
-- Up-to-date: /home/raz/tehiru/Tehiru-Homework-assignment/drone_ws/install/virtual_ps_controller/include/virtual_ps_controller/virtual_ps_controller/msg/detail
-- Installing: /home/raz/tehiru/Tehiru-Homework-assignment/drone_ws/install/virtual_ps_controller/include/virtual_ps_controller/virtual_ps_controller/msg/detail/controller_state__rosidl_typesupport_fastrtps_c.h
-- Installing: /home/raz/tehiru/Tehiru-Homework-assignment/drone_ws/install/virtual_ps_controller/include/virtual_ps_controller/virtual_ps_controller/msg/detail/button_state__rosidl_typesupport_fastrtps_c.h
-- Installing: /home/raz/tehiru/Tehiru-Homework-assignment/drone_ws/install/virtual_ps_controller/include/virtual_ps_controller/virtual_ps_controller/msg/rosidl_typesupport_fastrtps_c__visibility_control.h
-- Up-to-date: /home/raz/tehiru/Tehiru-Homework-assignment/drone_ws/install/virtual_ps_controller/include/virtual_ps_controller/virtual_ps_controller/srv
-- Up-to-date: /home/raz/tehiru/Tehiru-Homework-assignment/drone_ws/install/virtual_ps_controller/include/virtual_ps_controller/virtual_ps_controller/srv/detail
-- Installing: /home/raz/tehiru/Tehiru-Homework-assignment/drone_ws/install/virtual_ps_controller/include/virtual_ps_controller/virtual_ps_controller/srv/detail/set_button__rosidl_typesupport_fastrtps_c.h
-- Installing: /home/raz/tehiru/Tehiru-Homework-assignment/drone_ws/install/virtual_ps_controller/lib/libvirtual_ps_controller__rosidl_typesupport_fastrtps_c.so
-- Set runtime path of "/home/raz/tehiru/Tehiru-Homework-assignment/drone_ws/install/virtual_ps_controller/lib/libvirtual_ps_controller__rosidl_typesupport_fastrtps_c.so" to ""
-- Up-to-date: /home/raz/tehiru/Tehiru-Homework-assignment/drone_ws/install/virtual_ps_controller/include/virtual_ps_controller/virtual_ps_controller
-- Up-to-date: /home/raz/tehiru/Tehiru-Homework-assignment/drone_ws/install/virtual_ps_controller/include/virtual_ps_controller/virtual_ps_controller/msg
-- Installing: /home/raz/tehiru/Tehiru-Homework-assignment/drone_ws/install/virtual_ps_controller/include/virtual_ps_controller/virtual_ps_controller/msg/button_state.hpp
-- Up-to-date: /home/raz/tehiru/Tehiru-Homework-assignment/drone_ws/install/virtual_ps_controller/include/virtual_ps_controller/virtual_ps_controller/msg/detail
-- Installing: /home/raz/tehiru/Tehiru-Homework-assignment/drone_ws/install/virtual_ps_controller/include/virtual_ps_controller/virtual_ps_controller/msg/detail/button_state__type_support.hpp
-- Installing: /home/raz/tehiru/Tehiru-Homework-assignment/drone_ws/install/virtual_ps_controller/include/virtual_ps_controller/virtual_ps_controller/msg/detail/controller_state__type_support.hpp
-- Installing: /home/raz/tehiru/Tehiru-Homework-assignment/drone_ws/install/virtual_ps_controller/include/virtual_ps_controller/virtual_ps_controller/msg/detail/controller_state__traits.hpp
-- Installing: /home/raz/tehiru/Tehiru-Homework-assignment/drone_ws/install/virtual_ps_controller/include/virtual_ps_controller/virtual_ps_controller/msg/detail/controller_state__builder.hpp
-- Installing: /home/raz/tehiru/Tehiru-Homework-assignment/drone_ws/install/virtual_ps_controller/include/virtual_ps_controller/virtual_ps_controller/msg/detail/controller_state__struct.hpp
-- Installing: /home/raz/tehiru/Tehiru-Homework-assignment/drone_ws/install/virtual_ps_controller/include/virtual_ps_controller/virtual_ps_controller/msg/detail/button_state__builder.hpp
-- Installing: /home/raz/tehiru/Tehiru-Homework-assignment/drone_ws/install/virtual_ps_controller/include/virtual_ps_controller/virtual_ps_controller/msg/detail/button_state__traits.hpp
-- Installing: /home/raz/tehiru/Tehiru-Homework-assignment/drone_ws/install/virtual_ps_controller/include/virtual_ps_controller/virtual_ps_controller/msg/detail/button_state__struct.hpp
-- Installing: /home/raz/tehiru/Tehiru-Homework-assignment/drone_ws/install/virtual_ps_controller/include/virtual_ps_controller/virtual_ps_controller/msg/rosidl_generator_cpp__visibility_control.hpp
-- Installing: /home/raz/tehiru/Tehiru-Homework-assignment/drone_ws/install/virtual_ps_controller/include/virtual_ps_controller/virtual_ps_controller/msg/controller_state.hpp
-- Up-to-date: /home/raz/tehiru/Tehiru-Homework-assignment/drone_ws/install/virtual_ps_controller/include/virtual_ps_controller/virtual_ps_controller/srv
-- Up-to-date: /home/raz/tehiru/Tehiru-Homework-assignment/drone_ws/install/virtual_ps_controller/include/virtual_ps_controller/virtual_ps_controller/srv/detail
-- Installing: /home/raz/tehiru/Tehiru-Homework-assignment/drone_ws/install/virtual_ps_controller/include/virtual_ps_controller/virtual_ps_controller/srv/detail/set_button__builder.hpp
-- Installing: /home/raz/tehiru/Tehiru-Homework-assignment/drone_ws/install/virtual_ps_controller/include/virtual_ps_controller/virtual_ps_controller/srv/detail/set_button__struct.hpp
-- Installing: /home/raz/tehiru/Tehiru-Homework-assignment/drone_ws/install/virtual_ps_controller/include/virtual_ps_controller/virtual_ps_controller/srv/detail/set_button__traits.hpp
-- Installing: /home/raz/tehiru/Tehiru-Homework-assignment/drone_ws/install/virtual_ps_controller/include/virtual_ps_controller/virtual_ps_controller/srv/detail/set_button__type_support.hpp
-- Installing: /home/raz/tehiru/Tehiru-Homework-assignment/drone_ws/install/virtual_ps_controller/include/virtual_ps_controller/virtual_ps_controller/srv/set_button.hpp
-- Up-to-date: /home/raz/tehiru/Tehiru-Homework-assignment/drone_ws/install/virtual_ps_controller/include/virtual_ps_controller/virtual_ps_controller
-- Up-to-date: /home/raz/tehiru/Tehiru-Homework-assignment/drone_ws/install/virtual_ps_controller/include/virtual_ps_controller/virtual_ps_controller/msg
-- Up-to-date: /home/raz/tehiru/Tehiru-Homework-assignment/drone_ws/install/virtual_ps_controller/include/virtual_ps_controller/virtual_ps_controller/msg/detail
-- Installing: /home/raz/tehiru/Tehiru-Homework-assignment/drone_ws/install/virtual_ps_controller/include/virtual_ps_controller/virtual_ps_controller/msg/detail/button_state__rosidl_typesupport_fastrtps_cpp.hpp
-- Installing: /home/raz/tehiru/Tehiru-Homework-assignment/drone_ws/install/virtual_ps_controller/include/virtual_ps_controller/virtual_ps_controller/msg/detail/controller_state__rosidl_typesupport_fastrtps_cpp.hpp
-- Installing: /home/raz/tehiru/Tehiru-Homework-assignment/drone_ws/install/virtual_ps_controller/include/virtual_ps_controller/virtual_ps_controller/msg/detail/dds_fastrtps
-- Installing: /home/raz/tehiru/Tehiru-Homework-assignment/drone_ws/install/virtual_ps_controller/include/virtual_ps_controller/virtual_ps_controller/msg/rosidl_typesupport_fastrtps_cpp__visibility_control.h
-- Up-to-date: /home/raz/tehiru/Tehiru-Homework-assignment/drone_ws/install/virtual_ps_controller/include/virtual_ps_controller/virtual_ps_controller/srv
-- Up-to-date: /home/raz/tehiru/Tehiru-Homework-assignment/drone_ws/install/virtual_ps_controller/include/virtual_ps_controller/virtual_ps_controller/srv/detail
-- Installing: /home/raz/tehiru/Tehiru-Homework-assignment/drone_ws/install/virtual_ps_controller/include/virtual_ps_controller/virtual_ps_controller/srv/detail/set_button__rosidl_typesupport_fastrtps_cpp.hpp
-- Installing: /home/raz/tehiru/Tehiru-Homework-assignment/drone_ws/install/virtual_ps_controller/include/virtual_ps_controller/virtual_ps_controller/srv/detail/dds_fastrtps
-- Installing: /home/raz/tehiru/Tehiru-Homework-assignment/drone_ws/install/virtual_ps_controller/lib/libvirtual_ps_controller__rosidl_typesupport_fastrtps_cpp.so
-- Set runtime path of "/home/raz/tehiru/Tehiru-Homework-assignment/drone_ws/install/virtual_ps_controller/lib/libvirtual_ps_controller__rosidl_typesupport_fastrtps_cpp.so" to ""
-- Up-to-date: /home/raz/tehiru/Tehiru-Homework-assignment/drone_ws/install/virtual_ps_controller/include/virtual_ps_controller/virtual_ps_controller
-- Up-to-date: /home/raz/tehiru/Tehiru-Homework-assignment/drone_ws/install/virtual_ps_controller/include/virtual_ps_controller/virtual_ps_controller/msg
-- Up-to-date: /home/raz/tehiru/Tehiru-Homework-assignment/drone_ws/install/virtual_ps_controller/include/virtual_ps_controller/virtual_ps_controller/msg/detail
-- Installing: /home/raz/tehiru/Tehiru-Homework-assignment/drone_ws/install/virtual_ps_controller/include/virtual_ps_controller/virtual_ps_controller/msg/detail/button_state__rosidl_typesupport_introspection_c.h
-- Installing: /home/raz/tehiru/Tehiru-Homework-assignment/drone_ws/install/virtual_ps_controller/include/virtual_ps_controller/virtual_ps_controller/msg/detail/controller_state__rosidl_typesupport_introspection_c.h
-- Installing: /home/raz/tehiru/Tehiru-Homework-assignment/drone_ws/install/virtual_ps_controller/include/virtual_ps_controller/virtual_ps_controller/msg/detail/button_state__type_support.c
-- Installing: /home/raz/tehiru/Tehiru-Homework-assignment/drone_ws/install/virtual_ps_controller/include/virtual_ps_controller/virtual_ps_controller/msg/detail/controller_state__type_support.c
-- Installing: /home/raz/tehiru/Tehiru-Homework-assignment/drone_ws/install/virtual_ps_controller/include/virtual_ps_controller/virtual_ps_controller/msg/rosidl_typesupport_introspection_c__visibility_control.h
-- Up-to-date: /home/raz/tehiru/Tehiru-Homework-assignment/drone_ws/install/virtual_ps_controller/include/virtual_ps_controller/virtual_ps_controller/srv
-- Up-to-date: /home/raz/tehiru/Tehiru-Homework-assignment/drone_ws/install/virtual_ps_controller/include/virtual_ps_controller/virtual_ps_controller/srv/detail
-- Installing: /home/raz/tehiru/Tehiru-Homework-assignment/drone_ws/install/virtual_ps_controller/include/virtual_ps_controller/virtual_ps_controller/srv/detail/set_button__rosidl_typesupport_introspection_c.h
-- Installing: /home/raz/tehiru/Tehiru-Homework-assignment/drone_ws/install/virtual_ps_controller/include/virtual_ps_controller/virtual_ps_controller/srv/detail/set_button__type_support.c
-- Installing: /home/raz/tehiru/Tehiru-Homework-assignment/drone_ws/install/virtual_ps_controller/lib/libvirtual_ps_controller__rosidl_typesupport_introspection_c.so
-- Set runtime path of "/home/raz/tehiru/Tehiru-Homework-assignment/drone_ws/install/virtual_ps_controller/lib/libvirtual_ps_controller__rosidl_typesupport_introspection_c.so" to ""
-- Installing: /home/raz/tehiru/Tehiru-Homework-assignment/drone_ws/install/virtual_ps_controller/lib/libvirtual_ps_controller__rosidl_typesupport_c.so
-- Set runtime path of "/home/raz/tehiru/Tehiru-Homework-assignment/drone_ws/install/virtual_ps_controller/lib/libvirtual_ps_controller__rosidl_typesupport_c.so" to ""
-- Up-to-date: /home/raz/tehiru/Tehiru-Homework-assignment/drone_ws/install/virtual_ps_controller/include/virtual_ps_controller/virtual_ps_controller
-- Up-to-date: /home/raz/tehiru/Tehiru-Homework-assignment/drone_ws/install/virtual_ps_controller/include/virtual_ps_controller/virtual_ps_controller/msg
-- Up-to-date: /home/raz/tehiru/Tehiru-Homework-assignment/drone_ws/install/virtual_ps_controller/include/virtual_ps_controller/virtual_ps_controller/msg/detail
-- Installing: /home/raz/tehiru/Tehiru-Homework-assignment/drone_ws/install/virtual_ps_controller/include/virtual_ps_controller/virtual_ps_controller/msg/detail/button_state__type_support.cpp
-- Installing: /home/raz/tehiru/Tehiru-Homework-assignment/drone_ws/install/virtual_ps_controller/include/virtual_ps_controller/virtual_ps_controller/msg/detail/controller_state__rosidl_typesupport_introspection_cpp.hpp
-- Installing: /home/raz/tehiru/Tehiru-Homework-assignment/drone_ws/install/virtual_ps_controller/include/virtual_ps_controller/virtual_ps_controller/msg/detail/button_state__rosidl_typesupport_introspection_cpp.hpp
-- Installing: /home/raz/tehiru/Tehiru-Homework-assignment/drone_ws/install/virtual_ps_controller/include/virtual_ps_controller/virtual_ps_controller/msg/detail/controller_state__type_support.cpp
-- Up-to-date: /home/raz/tehiru/Tehiru-Homework-assignment/drone_ws/install/virtual_ps_controller/include/virtual_ps_controller/virtual_ps_controller/srv
-- Up-to-date: /home/raz/tehiru/Tehiru-Homework-assignment/drone_ws/install/virtual_ps_controller/include/virtual_ps_controller/virtual_ps_controller/srv/detail
-- Installing: /home/raz/tehiru/Tehiru-Homework-assignment/drone_ws/install/virtual_ps_controller/include/virtual_ps_controller/virtual_ps_controller/srv/detail/set_button__rosidl_typesupport_introspection_cpp.hpp
-- Installing: /home/raz/tehiru/Tehiru-Homework-assignment/drone_ws/install/virtual_ps_controller/include/virtual_ps_controller/virtual_ps_controller/srv/detail/set_button__type_support.cpp
-- Installing: /home/raz/tehiru/Tehiru-Homework-assignment/drone_ws/install/virtual_ps_controller/lib/libvirtual_ps_controller__rosidl_typesupport_introspection_cpp.so
-- Set runtime path of "/home/raz/tehiru/Tehiru-Homework-assignment/drone_ws/install/virtual_ps_controller/lib/libvirtual_ps_controller__rosidl_typesupport_introspection_cpp.so" to ""
-- Installing: /home/raz/tehiru/Tehiru-Homework-assignment/drone_ws/install/virtual_ps_controller/lib/libvirtual_ps_controller__rosidl_typesupport_cpp.so
-- Set runtime path of "/home/raz/tehiru/Tehiru-Homework-assignment/drone_ws/install/virtual_ps_controller/lib/libvirtual_ps_controller__rosidl_typesupport_cpp.so" to ""
-- Installing: /home/raz/tehiru/Tehiru-Homework-assignment/drone_ws/install/virtual_ps_controller/share/virtual_ps_controller/environment/pythonpath.sh
-- Installing: /home/raz/tehiru/Tehiru-Homework-assignment/drone_ws/install/virtual_ps_controller/share/virtual_ps_controller/environment/pythonpath.dsv
-- Installing: /home/raz/tehiru/Tehiru-Homework-assignment/drone_ws/install/virtual_ps_controller/local/lib/python3.10/dist-packages/virtual_ps_controller-0.0.0-py3.10.egg-info
-- Installing: /home/raz/tehiru/Tehiru-Homework-assignment/drone_ws/install/virtual_ps_controller/local/lib/python3.10/dist-packages/virtual_ps_controller-0.0.0-py3.10.egg-info/PKG-INFO
-- Installing: /home/raz/tehiru/Tehiru-Homework-assignment/drone_ws/install/virtual_ps_controller/local/lib/python3.10/dist-packages/virtual_ps_controller-0.0.0-py3.10.egg-info/top_level.txt
-- Installing: /home/raz/tehiru/Tehiru-Homework-assignment/drone_ws/install/virtual_ps_controller/local/lib/python3.10/dist-packages/virtual_ps_controller-0.0.0-py3.10.egg-info/dependency_links.txt
-- Installing: /home/raz/tehiru/Tehiru-Homework-assignment/drone_ws/install/virtual_ps_controller/local/lib/python3.10/dist-packages/virtual_ps_controller-0.0.0-py3.10.egg-info/SOURCES.txt
-- Installing: /home/raz/tehiru/Tehiru-Homework-assignment/drone_ws/install/virtual_ps_controller/local/lib/python3.10/dist-packages/virtual_ps_controller
-- Installing: /home/raz/tehiru/Tehiru-Homework-assignment/drone_ws/install/virtual_ps_controller/local/lib/python3.10/dist-packages/virtual_ps_controller/virtual_ps_controller_s__rosidl_typesupport_c.cpython-310-x86_64-linux-gnu.so
-- Installing: /home/raz/tehiru/Tehiru-Homework-assignment/drone_ws/install/virtual_ps_controller/local/lib/python3.10/dist-packages/virtual_ps_controller/virtual_ps_controller_s__rosidl_typesupport_fastrtps_c.cpython-310-x86_64-linux-gnu.so
-- Installing: /home/raz/tehiru/Tehiru-Homework-assignment/drone_ws/install/virtual_ps_controller/local/lib/python3.10/dist-packages/virtual_ps_controller/virtual_ps_controller_s__rosidl_typesupport_introspection_c.cpython-310-x86_64-linux-gnu.so
-- Installing: /home/raz/tehiru/Tehiru-Homework-assignment/drone_ws/install/virtual_ps_controller/local/lib/python3.10/dist-packages/virtual_ps_controller/_virtual_ps_controller_s.ep.rosidl_typesupport_c.c
-- Installing: /home/raz/tehiru/Tehiru-Homework-assignment/drone_ws/install/virtual_ps_controller/local/lib/python3.10/dist-packages/virtual_ps_controller/msg
-- Installing: /home/raz/tehiru/Tehiru-Homework-assignment/drone_ws/install/virtual_ps_controller/local/lib/python3.10/dist-packages/virtual_ps_controller/msg/_controller_state.py
-- Installing: /home/raz/tehiru/Tehiru-Homework-assignment/drone_ws/install/virtual_ps_controller/local/lib/python3.10/dist-packages/virtual_ps_controller/msg/_button_state.py
-- Installing: /home/raz/tehiru/Tehiru-Homework-assignment/drone_ws/install/virtual_ps_controller/local/lib/python3.10/dist-packages/virtual_ps_controller/msg/__init__.py
-- Installing: /home/raz/tehiru/Tehiru-Homework-assignment/drone_ws/install/virtual_ps_controller/local/lib/python3.10/dist-packages/virtual_ps_controller/msg/_button_state_s.c
-- Installing: /home/raz/tehiru/Tehiru-Homework-assignment/drone_ws/install/virtual_ps_controller/local/lib/python3.10/dist-packages/virtual_ps_controller/msg/_controller_state_s.c
-- Installing: /home/raz/tehiru/Tehiru-Homework-assignment/drone_ws/install/virtual_ps_controller/local/lib/python3.10/dist-packages/virtual_ps_controller/_virtual_ps_controller_s.ep.rosidl_typesupport_introspection_c.c
-- Installing: /home/raz/tehiru/Tehiru-Homework-assignment/drone_ws/install/virtual_ps_controller/local/lib/python3.10/dist-packages/virtual_ps_controller/__init__.py
-- Installing: /home/raz/tehiru/Tehiru-Homework-assignment/drone_ws/install/virtual_ps_controller/local/lib/python3.10/dist-packages/virtual_ps_controller/_virtual_ps_controller_s.ep.rosidl_typesupport_fastrtps_c.c
-- Installing: /home/raz/tehiru/Tehiru-Homework-assignment/drone_ws/install/virtual_ps_controller/local/lib/python3.10/dist-packages/virtual_ps_controller/srv
-- Installing: /home/raz/tehiru/Tehiru-Homework-assignment/drone_ws/install/virtual_ps_controller/local/lib/python3.10/dist-packages/virtual_ps_controller/srv/_set_button.py
-- Installing: /home/raz/tehiru/Tehiru-Homework-assignment/drone_ws/install/virtual_ps_controller/local/lib/python3.10/dist-packages/virtual_ps_controller/srv/__init__.py
-- Installing: /home/raz/tehiru/Tehiru-Homework-assignment/drone_ws/install/virtual_ps_controller/local/lib/python3.10/dist-packages/virtual_ps_controller/srv/_set_button_s.c
-- Installing: /home/raz/tehiru/Tehiru-Homework-assignment/drone_ws/install/virtual_ps_controller/local/lib/python3.10/dist-packages/virtual_ps_controller/libvirtual_ps_controller__rosidl_generator_py.so
Listing '/home/raz/tehiru/Tehiru-Homework-assignment/drone_ws/install/virtual_ps_controller/local/lib/python3.10/dist-packages/virtual_ps_controller'...
Compiling '/home/raz/tehiru/Tehiru-Homework-assignment/drone_ws/install/virtual_ps_controller/local/lib/python3.10/dist-packages/virtual_ps_controller/__init__.py'...
Listing '/home/raz/tehiru/Tehiru-Homework-assignment/drone_ws/install/virtual_ps_controller/local/lib/python3.10/dist-packages/virtual_ps_controller/msg'...
Compiling '/home/raz/tehiru/Tehiru-Homework-assignment/drone_ws/install/virtual_ps_controller/local/lib/python3.10/dist-packages/virtual_ps_controller/msg/__init__.py'...
Compiling '/home/raz/tehiru/Tehiru-Homework-assignment/drone_ws/install/virtual_ps_controller/local/lib/python3.10/dist-packages/virtual_ps_controller/msg/_button_state.py'...
Compiling '/home/raz/tehiru/Tehiru-Homework-assignment/drone_ws/install/virtual_ps_controller/local/lib/python3.10/dist-packages/virtual_ps_controller/msg/_controller_state.py'...
Listing '/home/raz/tehiru/Tehiru-Homework-assignment/drone_ws/install/virtual_ps_controller/local/lib/python3.10/dist-packages/virtual_ps_controller/srv'...
Compiling '/home/raz/tehiru/Tehiru-Homework-assignment/drone_ws/install/virtual_ps_controller/local/lib/python3.10/dist-packages/virtual_ps_controller/srv/__init__.py'...
Compiling '/home/raz/tehiru/Tehiru-Homework-assignment/drone_ws/install/virtual_ps_controller/local/lib/python3.10/dist-packages/virtual_ps_controller/srv/_set_button.py'...
-- Installing: /home/raz/tehiru/Tehiru-Homework-assignment/drone_ws/install/virtual_ps_controller/local/lib/python3.10/dist-packages/virtual_ps_controller/virtual_ps_controller_s__rosidl_typesupport_fastrtps_c.cpython-310-x86_64-linux-gnu.so
-- Set runtime path of "/home/raz/tehiru/Tehiru-Homework-assignment/drone_ws/install/virtual_ps_controller/local/lib/python3.10/dist-packages/virtual_ps_controller/virtual_ps_controller_s__rosidl_typesupport_fastrtps_c.cpython-310-x86_64-linux-gnu.so" to ""
-- Installing: /home/raz/tehiru/Tehiru-Homework-assignment/drone_ws/install/virtual_ps_controller/local/lib/python3.10/dist-packages/virtual_ps_controller/virtual_ps_controller_s__rosidl_typesupport_introspection_c.cpython-310-x86_64-linux-gnu.so
-- Set runtime path of "/home/raz/tehiru/Tehiru-Homework-assignment/drone_ws/install/virtual_ps_controller/local/lib/python3.10/dist-packages/virtual_ps_controller/virtual_ps_controller_s__rosidl_typesupport_introspection_c.cpython-310-x86_64-linux-gnu.so" to ""
-- Installing: /home/raz/tehiru/Tehiru-Homework-assignment/drone_ws/install/virtual_ps_controller/local/lib/python3.10/dist-packages/virtual_ps_controller/virtual_ps_controller_s__rosidl_typesupport_c.cpython-310-x86_64-linux-gnu.so
-- Set runtime path of "/home/raz/tehiru/Tehiru-Homework-assignment/drone_ws/install/virtual_ps_controller/local/lib/python3.10/dist-packages/virtual_ps_controller/virtual_ps_controller_s__rosidl_typesupport_c.cpython-310-x86_64-linux-gnu.so" to ""
-- Installing: /home/raz/tehiru/Tehiru-Homework-assignment/drone_ws/install/virtual_ps_controller/lib/libvirtual_ps_controller__rosidl_generator_py.so
-- Set runtime path of "/home/raz/tehiru/Tehiru-Homework-assignment/drone_ws/install/virtual_ps_controller/lib/libvirtual_ps_controller__rosidl_generator_py.so" to ""
-- Installing: /home/raz/tehiru/Tehiru-Homework-assignment/drone_ws/install/virtual_ps_controller/share/virtual_ps_controller/msg/ButtonState.idl
-- Installing: /home/raz/tehiru/Tehiru-Homework-assignment/drone_ws/install/virtual_ps_controller/share/virtual_ps_controller/msg/ControllerState.idl
-- Installing: /home/raz/tehiru/Tehiru-Homework-assignment/drone_ws/install/virtual_ps_controller/share/virtual_ps_controller/srv/SetButton.idl
-- Installing: /home/raz/tehiru/Tehiru-Homework-assignment/drone_ws/install/virtual_ps_controller/share/virtual_ps_controller/msg/ButtonState.msg
-- Installing: /home/raz/tehiru/Tehiru-Homework-assignment/drone_ws/install/virtual_ps_controller/share/virtual_ps_controller/msg/ControllerState.msg
-- Installing: /home/raz/tehiru/Tehiru-Homework-assignment/drone_ws/install/virtual_ps_controller/share/virtual_ps_controller/srv/SetButton.srv
-- Installing: /home/raz/tehiru/Tehiru-Homework-assignment/drone_ws/install/virtual_ps_controller/share/virtual_ps_controller/srv/SetButton_Request.msg
-- Installing: /home/raz/tehiru/Tehiru-Homework-assignment/drone_ws/install/virtual_ps_controller/share/virtual_ps_controller/srv/SetButton_Response.msg
-- Installing: /home/raz/tehiru/Tehiru-Homework-assignment/drone_ws/install/virtual_ps_controller/lib/virtual_ps_controller/ps_controller_node
-- Set runtime path of "/home/raz/tehiru/Tehiru-Homework-assignment/drone_ws/install/virtual_ps_controller/lib/virtual_ps_controller/ps_controller_node" to ""
-- Installing: /home/raz/tehiru/Tehiru-Homework-assignment/drone_ws/install/virtual_ps_controller/include/include
-- Installing: /home/raz/tehiru/Tehiru-Homework-assignment/drone_ws/install/virtual_ps_controller/include/include/virtual_ps_controller
-- Installing: /home/raz/tehiru/Tehiru-Homework-assignment/drone_ws/install/virtual_ps_controller/include/include/virtual_ps_controller/ps_controller.hpp
-- Installing: /home/raz/tehiru/Tehiru-Homework-assignment/drone_ws/install/virtual_ps_controller/include/include/virtual_ps_controller/controller.hpp
-- Installing: /home/raz/tehiru/Tehiru-Homework-assignment/drone_ws/install/virtual_ps_controller/share/virtual_ps_controller/launch
-- Installing: /home/raz/tehiru/Tehiru-Homework-assignment/drone_ws/install/virtual_ps_controller/share/virtual_ps_controller/launch/virtual_ps_controller.launch.py
-- Installing: /home/raz/tehiru/Tehiru-Homework-assignment/drone_ws/install/virtual_ps_controller/share/virtual_ps_controller/config
-- Installing: /home/raz/tehiru/Tehiru-Homework-assignment/drone_ws/install/virtual_ps_controller/share/ament_index/resource_index/package_run_dependencies/virtual_ps_controller
-- Up-to-date: /home/raz/tehiru/Tehiru-Homework-assignment/drone_ws/install/virtual_ps_controller/share/ament_index/resource_index/parent_prefix_path/virtual_ps_controller
-- Up-to-date: /home/raz/tehiru/Tehiru-Homework-assignment/drone_ws/install/virtual_ps_controller/share/virtual_ps_controller/environment/ament_prefix_path.sh
-- Installing: /home/raz/tehiru/Tehiru-Homework-assignment/drone_ws/install/virtual_ps_controller/share/virtual_ps_controller/environment/ament_prefix_path.dsv
-- Up-to-date: /home/raz/tehiru/Tehiru-Homework-assignment/drone_ws/install/virtual_ps_controller/share/virtual_ps_controller/environment/path.sh
-- Installing: /home/raz/tehiru/Tehiru-Homework-assignment/drone_ws/install/virtual_ps_controller/share/virtual_ps_controller/environment/path.dsv
-- Up-to-date: /home/raz/tehiru/Tehiru-Homework-assignment/drone_ws/install/virtual_ps_controller/share/virtual_ps_controller/local_setup.bash
-- Installing: /home/raz/tehiru/Tehiru-Homework-assignment/drone_ws/install/virtual_ps_controller/share/virtual_ps_controller/local_setup.sh
-- Up-to-date: /home/raz/tehiru/Tehiru-Homework-assignment/drone_ws/install/virtual_ps_controller/share/virtual_ps_controller/local_setup.zsh
-- Installing: /home/raz/tehiru/Tehiru-Homework-assignment/drone_ws/install/virtual_ps_controller/share/virtual_ps_controller/local_setup.dsv
-- Installing: /home/raz/tehiru/Tehiru-Homework-assignment/drone_ws/install/virtual_ps_controller/share/virtual_ps_controller/package.dsv
-- Up-to-date: /home/raz/tehiru/Tehiru-Homework-assignment/drone_ws/install/virtual_ps_controller/share/ament_index/resource_index/packages/virtual_ps_controller
-- Installing: /home/raz/tehiru/Tehiru-Homework-assignment/drone_ws/install/virtual_ps_controller/share/virtual_ps_controller/cmake/export_virtual_ps_controller__rosidl_generator_cExport.cmake
-- Installing: /home/raz/tehiru/Tehiru-Homework-assignment/drone_ws/install/virtual_ps_controller/share/virtual_ps_controller/cmake/export_virtual_ps_controller__rosidl_generator_cExport-noconfig.cmake
-- Installing: /home/raz/tehiru/Tehiru-Homework-assignment/drone_ws/install/virtual_ps_controller/share/virtual_ps_controller/cmake/export_virtual_ps_controller__rosidl_typesupport_fastrtps_cExport.cmake
-- Installing: /home/raz/tehiru/Tehiru-Homework-assignment/drone_ws/install/virtual_ps_controller/share/virtual_ps_controller/cmake/export_virtual_ps_controller__rosidl_typesupport_fastrtps_cExport-noconfig.cmake
-- Installing: /home/raz/tehiru/Tehiru-Homework-assignment/drone_ws/install/virtual_ps_controller/share/virtual_ps_controller/cmake/export_virtual_ps_controller__rosidl_generator_cppExport.cmake
-- Installing: /home/raz/tehiru/Tehiru-Homework-assignment/drone_ws/install/virtual_ps_controller/share/virtual_ps_controller/cmake/export_virtual_ps_controller__rosidl_typesupport_fastrtps_cppExport.cmake
-- Installing: /home/raz/tehiru/Tehiru-Homework-assignment/drone_ws/install/virtual_ps_controller/share/virtual_ps_controller/cmake/export_virtual_ps_controller__rosidl_typesupport_fastrtps_cppExport-noconfig.cmake
-- Installing: /home/raz/tehiru/Tehiru-Homework-assignment/drone_ws/install/virtual_ps_controller/share/virtual_ps_controller/cmake/virtual_ps_controller__rosidl_typesupport_introspection_cExport.cmake
-- Installing: /home/raz/tehiru/Tehiru-Homework-assignment/drone_ws/install/virtual_ps_controller/share/virtual_ps_controller/cmake/virtual_ps_controller__rosidl_typesupport_introspection_cExport-noconfig.cmake
-- Installing: /home/raz/tehiru/Tehiru-Homework-assignment/drone_ws/install/virtual_ps_controller/share/virtual_ps_controller/cmake/virtual_ps_controller__rosidl_typesupport_cExport.cmake
-- Installing: /home/raz/tehiru/Tehiru-Homework-assignment/drone_ws/install/virtual_ps_controller/share/virtual_ps_controller/cmake/virtual_ps_controller__rosidl_typesupport_cExport-noconfig.cmake
-- Installing: /home/raz/tehiru/Tehiru-Homework-assignment/drone_ws/install/virtual_ps_controller/share/virtual_ps_controller/cmake/virtual_ps_controller__rosidl_typesupport_introspection_cppExport.cmake
-- Installing: /home/raz/tehiru/Tehiru-Homework-assignment/drone_ws/install/virtual_ps_controller/share/virtual_ps_controller/cmake/virtual_ps_controller__rosidl_typesupport_introspection_cppExport-noconfig.cmake
-- Installing: /home/raz/tehiru/Tehiru-Homework-assignment/drone_ws/install/virtual_ps_controller/share/virtual_ps_controller/cmake/virtual_ps_controller__rosidl_typesupport_cppExport.cmake
-- Installing: /home/raz/tehiru/Tehiru-Homework-assignment/drone_ws/install/virtual_ps_controller/share/virtual_ps_controller/cmake/virtual_ps_controller__rosidl_typesupport_cppExport-noconfig.cmake
-- Installing: /home/raz/tehiru/Tehiru-Homework-assignment/drone_ws/install/virtual_ps_controller/share/virtual_ps_controller/cmake/export_virtual_ps_controller__rosidl_generator_pyExport.cmake
-- Installing: /home/raz/tehiru/Tehiru-Homework-assignment/drone_ws/install/virtual_ps_controller/share/virtual_ps_controller/cmake/export_virtual_ps_controller__rosidl_generator_pyExport-noconfig.cmake
-- Installing: /home/raz/tehiru/Tehiru-Homework-assignment/drone_ws/install/virtual_ps_controller/share/virtual_ps_controller/cmake/rosidl_cmake-extras.cmake
-- Installing: /home/raz/tehiru/Tehiru-Homework-assignment/drone_ws/install/virtual_ps_controller/share/virtual_ps_controller/cmake/ament_cmake_export_dependencies-extras.cmake
-- Installing: /home/raz/tehiru/Tehiru-Homework-assignment/drone_ws/install/virtual_ps_controller/share/virtual_ps_controller/cmake/ament_cmake_export_include_directories-extras.cmake
-- Installing: /home/raz/tehiru/Tehiru-Homework-assignment/drone_ws/install/virtual_ps_controller/share/virtual_ps_controller/cmake/ament_cmake_export_libraries-extras.cmake
-- Installing: /home/raz/tehiru/Tehiru-Homework-assignment/drone_ws/install/virtual_ps_controller/share/virtual_ps_controller/cmake/ament_cmake_export_targets-extras.cmake
-- Installing: /home/raz/tehiru/Tehiru-Homework-assignment/drone_ws/install/virtual_ps_controller/share/virtual_ps_controller/cmake/rosidl_cmake_export_typesupport_targets-extras.cmake
-- Installing: /home/raz/tehiru/Tehiru-Homework-assignment/drone_ws/install/virtual_ps_controller/share/virtual_ps_controller/cmake/rosidl_cmake_export_typesupport_libraries-extras.cmake
-- Installing: /home/raz/tehiru/Tehiru-Homework-assignment/drone_ws/install/virtual_ps_controller/share/virtual_ps_controller/cmake/virtual_ps_controllerConfig.cmake
-- Up-to-date: /home/raz/tehiru/Tehiru-Homework-assignment/drone_ws/install/virtual_ps_controller/share/virtual_ps_controller/cmake/virtual_ps_controllerConfig-version.cmake
-- Installing: /home/raz/tehiru/Tehiru-Homework-assignment/drone_ws/install/virtual_ps_controller/share/virtual_ps_controller/package.xml
