[0.007s] Invoking command in '/home/raz/tehiru/Tehiru-Homework-assignment/drone_ws/build/virtual_ps_controller': CMAKE_PREFIX_PATH=/opt/ros/humble /usr/bin/cmake --build /home/raz/tehiru/Tehiru-Homework-assignment/drone_ws/build/virtual_ps_controller -- -j24 -l24
[0.026s] -- Found ament_cmake: 1.3.11 (/opt/ros/humble/share/ament_cmake/cmake)
[0.118s] -- Found rclcpp: 16.0.12 (/opt/ros/humble/share/rclcpp/cmake)
[0.138s] -- Found rosidl_generator_c: 3.1.6 (/opt/ros/humble/share/rosidl_generator_c/cmake)
[0.139s] -- Found rosidl_adapter: 3.1.6 (/opt/ros/humble/share/rosidl_adapter/cmake)
[0.143s] -- Found rosidl_generator_cpp: 3.1.6 (/opt/ros/humble/share/rosidl_generator_cpp/cmake)
[0.150s] -- Using all available rosidl_typesupport_c: rosidl_typesupport_fastrtps_c;rosidl_typesupport_introspection_c
[0.158s] -- Using all available rosidl_typesupport_cpp: rosidl_typesupport_fastrtps_cpp;rosidl_typesupport_introspection_cpp
[0.179s] -- Found rmw_implementation_cmake: 6.1.2 (/opt/ros/humble/share/rmw_implementation_cmake/cmake)
[0.179s] -- Found rmw_fastrtps_cpp: 6.2.7 (/opt/ros/humble/share/rmw_fastrtps_cpp/cmake)
[0.262s] -- Using RMW implementation 'rmw_fastrtps_cpp' as default
[0.298s] -- Found sensor_msgs: 4.8.0 (/opt/ros/humble/share/sensor_msgs/cmake)
[0.315s] -- Found rosidl_default_generators: 1.2.0 (/opt/ros/humble/share/rosidl_default_generators/cmake)
[0.322s] -- Found PkgConfig: /usr/bin/pkg-config (found version "0.29.2") 
[0.323s] -- Checking for module 'libinput'
[0.340s] --   Found libinput, version 1.20.0
[0.579s] -- Found ament_cmake_ros: 0.10.0 (/opt/ros/humble/share/ament_cmake_ros/cmake)
[0.847s] -- Using all available rosidl_typesupport_c: rosidl_typesupport_fastrtps_c;rosidl_typesupport_introspection_c
[0.940s] -- Using all available rosidl_typesupport_cpp: rosidl_typesupport_fastrtps_cpp;rosidl_typesupport_introspection_cpp
[0.962s] -- Found python_cmake_module: 0.10.0 (/opt/ros/humble/share/python_cmake_module/cmake)
[0.983s] -- Using PYTHON_EXECUTABLE: /usr/bin/python3
[0.983s] -- Using PYTHON_INCLUDE_DIRS: /usr/include/python3.10
[0.983s] -- Using PYTHON_LIBRARIES: /usr/lib/x86_64-linux-gnu/libpython3.10.so
[1.002s] -- Configuring done
[1.070s] -- Generating done
[1.082s] -- Build files have been written to: /home/raz/tehiru/Tehiru-Homework-assignment/drone_ws/build/virtual_ps_controller
[1.102s] [35m[1mConsolidate compiler generated dependencies of target virtual_ps_controller__rosidl_generator_c[0m
[1.108s] [35m[1mConsolidate compiler generated dependencies of target ps_controller_node[0m
[1.110s] [  2%] Built target virtual_ps_controller__cpp
[1.111s] [ 12%] Built target virtual_ps_controller__rosidl_generator_c
[1.117s] [35m[1mConsolidate compiler generated dependencies of target virtual_ps_controller__rosidl_typesupport_fastrtps_cpp[0m
[1.118s] [ 12%] Built target ament_cmake_python_copy_virtual_ps_controller
[1.118s] [35m[1mConsolidate compiler generated dependencies of target virtual_ps_controller__rosidl_typesupport_cpp[0m
[1.118s] [35m[1mConsolidate compiler generated dependencies of target virtual_ps_controller__rosidl_typesupport_introspection_cpp[0m
[1.120s] [35m[1mConsolidate compiler generated dependencies of target virtual_ps_controller__rosidl_typesupport_fastrtps_c[0m
[1.120s] [35m[1mConsolidate compiler generated dependencies of target virtual_ps_controller__rosidl_typesupport_introspection_c[0m
[1.122s] [35m[1mConsolidate compiler generated dependencies of target virtual_ps_controller__rosidl_typesupport_c[0m
[1.130s] [ 22%] Built target virtual_ps_controller__rosidl_typesupport_introspection_c
[1.131s] [ 32%] Built target virtual_ps_controller__rosidl_typesupport_fastrtps_cpp
[1.131s] [ 42%] Built target virtual_ps_controller__rosidl_typesupport_introspection_cpp
[1.132s] [ 44%] [32m[1mLinking CXX executable ps_controller_node[0m
[1.134s] [ 60%] Built target virtual_ps_controller__rosidl_typesupport_c
[1.134s] [ 64%] Built target virtual_ps_controller__rosidl_typesupport_cpp
[1.134s] [ 74%] Built target virtual_ps_controller__rosidl_typesupport_fastrtps_c
[1.149s] [ 74%] Built target virtual_ps_controller
[1.163s] [ 76%] Built target virtual_ps_controller__py
[1.172s] [35m[1mConsolidate compiler generated dependencies of target virtual_ps_controller__rosidl_generator_py[0m
[1.184s] [ 84%] Built target virtual_ps_controller__rosidl_generator_py
[1.191s] [35m[1mConsolidate compiler generated dependencies of target virtual_ps_controller__rosidl_typesupport_fastrtps_c__pyext[0m
[1.191s] [35m[1mConsolidate compiler generated dependencies of target virtual_ps_controller__rosidl_typesupport_c__pyext[0m
[1.192s] [35m[1mConsolidate compiler generated dependencies of target virtual_ps_controller__rosidl_typesupport_introspection_c__pyext[0m
[1.200s] [ 88%] Built target virtual_ps_controller__rosidl_typesupport_introspection_c__pyext
[1.201s] [ 96%] Built target virtual_ps_controller__rosidl_typesupport_c__pyext
[1.201s] [ 96%] Built target virtual_ps_controller__rosidl_typesupport_fastrtps_c__pyext
[1.272s] running egg_info
[1.272s] writing virtual_ps_controller.egg-info/PKG-INFO
[1.272s] writing dependency_links to virtual_ps_controller.egg-info/dependency_links.txt
[1.273s] writing top-level names to virtual_ps_controller.egg-info/top_level.txt
[1.274s] reading manifest file 'virtual_ps_controller.egg-info/SOURCES.txt'
[1.274s] writing manifest file 'virtual_ps_controller.egg-info/SOURCES.txt'
[1.292s] [ 96%] Built target ament_cmake_python_build_virtual_ps_controller_egg
[2.146s] [100%] Built target ps_controller_node
[2.156s] Invoked command in '/home/raz/tehiru/Tehiru-Homework-assignment/drone_ws/build/virtual_ps_controller' returned '0': CMAKE_PREFIX_PATH=/opt/ros/humble /usr/bin/cmake --build /home/raz/tehiru/Tehiru-Homework-assignment/drone_ws/build/virtual_ps_controller -- -j24 -l24
[2.164s] Invoking command in '/home/raz/tehiru/Tehiru-Homework-assignment/drone_ws/build/virtual_ps_controller': CMAKE_PREFIX_PATH=/opt/ros/humble /usr/bin/cmake --install /home/raz/tehiru/Tehiru-Homework-assignment/drone_ws/build/virtual_ps_controller
[2.173s] -- Install configuration: ""
[2.173s] -- Installing: /home/raz/tehiru/Tehiru-Homework-assignment/drone_ws/install/virtual_ps_controller/share/ament_index/resource_index/rosidl_interfaces/virtual_ps_controller
[2.173s] -- Installing: /home/raz/tehiru/Tehiru-Homework-assignment/drone_ws/install/virtual_ps_controller/include/virtual_ps_controller/virtual_ps_controller
[2.173s] -- Installing: /home/raz/tehiru/Tehiru-Homework-assignment/drone_ws/install/virtual_ps_controller/include/virtual_ps_controller/virtual_ps_controller/msg
[2.173s] -- Installing: /home/raz/tehiru/Tehiru-Homework-assignment/drone_ws/install/virtual_ps_controller/include/virtual_ps_controller/virtual_ps_controller/msg/detail
[2.173s] -- Installing: /home/raz/tehiru/Tehiru-Homework-assignment/drone_ws/install/virtual_ps_controller/include/virtual_ps_controller/virtual_ps_controller/msg/detail/controller_state__functions.h
[2.173s] -- Installing: /home/raz/tehiru/Tehiru-Homework-assignment/drone_ws/install/virtual_ps_controller/include/virtual_ps_controller/virtual_ps_controller/msg/detail/controller_state__functions.c
[2.174s] -- Installing: /home/raz/tehiru/Tehiru-Homework-assignment/drone_ws/install/virtual_ps_controller/include/virtual_ps_controller/virtual_ps_controller/msg/detail/controller_state__type_support.h
[2.174s] -- Installing: /home/raz/tehiru/Tehiru-Homework-assignment/drone_ws/install/virtual_ps_controller/include/virtual_ps_controller/virtual_ps_controller/msg/detail/button_state__functions.c
[2.174s] -- Installing: /home/raz/tehiru/Tehiru-Homework-assignment/drone_ws/install/virtual_ps_controller/include/virtual_ps_controller/virtual_ps_controller/msg/detail/button_state__type_support.h
[2.174s] -- Installing: /home/raz/tehiru/Tehiru-Homework-assignment/drone_ws/install/virtual_ps_controller/include/virtual_ps_controller/virtual_ps_controller/msg/detail/controller_state__struct.h
[2.174s] -- Installing: /home/raz/tehiru/Tehiru-Homework-assignment/drone_ws/install/virtual_ps_controller/include/virtual_ps_controller/virtual_ps_controller/msg/detail/button_state__struct.h
[2.175s] -- Installing: /home/raz/tehiru/Tehiru-Homework-assignment/drone_ws/install/virtual_ps_controller/include/virtual_ps_controller/virtual_ps_controller/msg/detail/button_state__functions.h
[2.175s] -- Installing: /home/raz/tehiru/Tehiru-Homework-assignment/drone_ws/install/virtual_ps_controller/include/virtual_ps_controller/virtual_ps_controller/msg/button_state.h
[2.175s] -- Installing: /home/raz/tehiru/Tehiru-Homework-assignment/drone_ws/install/virtual_ps_controller/include/virtual_ps_controller/virtual_ps_controller/msg/rosidl_generator_c__visibility_control.h
[2.175s] -- Installing: /home/raz/tehiru/Tehiru-Homework-assignment/drone_ws/install/virtual_ps_controller/include/virtual_ps_controller/virtual_ps_controller/msg/controller_state.h
[2.175s] -- Installing: /home/raz/tehiru/Tehiru-Homework-assignment/drone_ws/install/virtual_ps_controller/include/virtual_ps_controller/virtual_ps_controller/srv
[2.175s] -- Installing: /home/raz/tehiru/Tehiru-Homework-assignment/drone_ws/install/virtual_ps_controller/include/virtual_ps_controller/virtual_ps_controller/srv/detail
[2.175s] -- Installing: /home/raz/tehiru/Tehiru-Homework-assignment/drone_ws/install/virtual_ps_controller/include/virtual_ps_controller/virtual_ps_controller/srv/detail/set_button__functions.h
[2.175s] -- Installing: /home/raz/tehiru/Tehiru-Homework-assignment/drone_ws/install/virtual_ps_controller/include/virtual_ps_controller/virtual_ps_controller/srv/detail/set_button__struct.h
[2.175s] -- Installing: /home/raz/tehiru/Tehiru-Homework-assignment/drone_ws/install/virtual_ps_controller/include/virtual_ps_controller/virtual_ps_controller/srv/detail/set_button__type_support.h
[2.175s] -- Installing: /home/raz/tehiru/Tehiru-Homework-assignment/drone_ws/install/virtual_ps_controller/include/virtual_ps_controller/virtual_ps_controller/srv/detail/set_button__functions.c
[2.175s] -- Installing: /home/raz/tehiru/Tehiru-Homework-assignment/drone_ws/install/virtual_ps_controller/include/virtual_ps_controller/virtual_ps_controller/srv/set_button.h
[2.175s] -- Installing: /home/raz/tehiru/Tehiru-Homework-assignment/drone_ws/install/virtual_ps_controller/share/virtual_ps_controller/environment/library_path.sh
[2.175s] -- Installing: /home/raz/tehiru/Tehiru-Homework-assignment/drone_ws/install/virtual_ps_controller/share/virtual_ps_controller/environment/library_path.dsv
[2.175s] -- Installing: /home/raz/tehiru/Tehiru-Homework-assignment/drone_ws/install/virtual_ps_controller/lib/libvirtual_ps_controller__rosidl_generator_c.so
[2.176s] -- Set runtime path of "/home/raz/tehiru/Tehiru-Homework-assignment/drone_ws/install/virtual_ps_controller/lib/libvirtual_ps_controller__rosidl_generator_c.so" to ""
[2.176s] -- Up-to-date: /home/raz/tehiru/Tehiru-Homework-assignment/drone_ws/install/virtual_ps_controller/include/virtual_ps_controller/virtual_ps_controller
[2.176s] -- Up-to-date: /home/raz/tehiru/Tehiru-Homework-assignment/drone_ws/install/virtual_ps_controller/include/virtual_ps_controller/virtual_ps_controller/msg
[2.176s] -- Up-to-date: /home/raz/tehiru/Tehiru-Homework-assignment/drone_ws/install/virtual_ps_controller/include/virtual_ps_controller/virtual_ps_controller/msg/detail
[2.176s] -- Installing: /home/raz/tehiru/Tehiru-Homework-assignment/drone_ws/install/virtual_ps_controller/include/virtual_ps_controller/virtual_ps_controller/msg/detail/controller_state__rosidl_typesupport_fastrtps_c.h
[2.176s] -- Installing: /home/raz/tehiru/Tehiru-Homework-assignment/drone_ws/install/virtual_ps_controller/include/virtual_ps_controller/virtual_ps_controller/msg/detail/button_state__rosidl_typesupport_fastrtps_c.h
[2.176s] -- Installing: /home/raz/tehiru/Tehiru-Homework-assignment/drone_ws/install/virtual_ps_controller/include/virtual_ps_controller/virtual_ps_controller/msg/rosidl_typesupport_fastrtps_c__visibility_control.h
[2.176s] -- Up-to-date: /home/raz/tehiru/Tehiru-Homework-assignment/drone_ws/install/virtual_ps_controller/include/virtual_ps_controller/virtual_ps_controller/srv
[2.176s] -- Up-to-date: /home/raz/tehiru/Tehiru-Homework-assignment/drone_ws/install/virtual_ps_controller/include/virtual_ps_controller/virtual_ps_controller/srv/detail
[2.176s] -- Installing: /home/raz/tehiru/Tehiru-Homework-assignment/drone_ws/install/virtual_ps_controller/include/virtual_ps_controller/virtual_ps_controller/srv/detail/set_button__rosidl_typesupport_fastrtps_c.h
[2.176s] -- Installing: /home/raz/tehiru/Tehiru-Homework-assignment/drone_ws/install/virtual_ps_controller/lib/libvirtual_ps_controller__rosidl_typesupport_fastrtps_c.so
[2.176s] -- Set runtime path of "/home/raz/tehiru/Tehiru-Homework-assignment/drone_ws/install/virtual_ps_controller/lib/libvirtual_ps_controller__rosidl_typesupport_fastrtps_c.so" to ""
[2.176s] -- Up-to-date: /home/raz/tehiru/Tehiru-Homework-assignment/drone_ws/install/virtual_ps_controller/include/virtual_ps_controller/virtual_ps_controller
[2.176s] -- Up-to-date: /home/raz/tehiru/Tehiru-Homework-assignment/drone_ws/install/virtual_ps_controller/include/virtual_ps_controller/virtual_ps_controller/msg
[2.176s] -- Installing: /home/raz/tehiru/Tehiru-Homework-assignment/drone_ws/install/virtual_ps_controller/include/virtual_ps_controller/virtual_ps_controller/msg/button_state.hpp
[2.176s] -- Up-to-date: /home/raz/tehiru/Tehiru-Homework-assignment/drone_ws/install/virtual_ps_controller/include/virtual_ps_controller/virtual_ps_controller/msg/detail
[2.177s] -- Installing: /home/raz/tehiru/Tehiru-Homework-assignment/drone_ws/install/virtual_ps_controller/include/virtual_ps_controller/virtual_ps_controller/msg/detail/button_state__type_support.hpp
[2.177s] -- Installing: /home/raz/tehiru/Tehiru-Homework-assignment/drone_ws/install/virtual_ps_controller/include/virtual_ps_controller/virtual_ps_controller/msg/detail/controller_state__type_support.hpp
[2.177s] -- Installing: /home/raz/tehiru/Tehiru-Homework-assignment/drone_ws/install/virtual_ps_controller/include/virtual_ps_controller/virtual_ps_controller/msg/detail/controller_state__traits.hpp
[2.177s] -- Installing: /home/raz/tehiru/Tehiru-Homework-assignment/drone_ws/install/virtual_ps_controller/include/virtual_ps_controller/virtual_ps_controller/msg/detail/controller_state__builder.hpp
[2.177s] -- Installing: /home/raz/tehiru/Tehiru-Homework-assignment/drone_ws/install/virtual_ps_controller/include/virtual_ps_controller/virtual_ps_controller/msg/detail/controller_state__struct.hpp
[2.177s] -- Installing: /home/raz/tehiru/Tehiru-Homework-assignment/drone_ws/install/virtual_ps_controller/include/virtual_ps_controller/virtual_ps_controller/msg/detail/button_state__builder.hpp
[2.177s] -- Installing: /home/raz/tehiru/Tehiru-Homework-assignment/drone_ws/install/virtual_ps_controller/include/virtual_ps_controller/virtual_ps_controller/msg/detail/button_state__traits.hpp
[2.177s] -- Installing: /home/raz/tehiru/Tehiru-Homework-assignment/drone_ws/install/virtual_ps_controller/include/virtual_ps_controller/virtual_ps_controller/msg/detail/button_state__struct.hpp
[2.177s] -- Installing: /home/raz/tehiru/Tehiru-Homework-assignment/drone_ws/install/virtual_ps_controller/include/virtual_ps_controller/virtual_ps_controller/msg/rosidl_generator_cpp__visibility_control.hpp
[2.177s] -- Installing: /home/raz/tehiru/Tehiru-Homework-assignment/drone_ws/install/virtual_ps_controller/include/virtual_ps_controller/virtual_ps_controller/msg/controller_state.hpp
[2.177s] -- Up-to-date: /home/raz/tehiru/Tehiru-Homework-assignment/drone_ws/install/virtual_ps_controller/include/virtual_ps_controller/virtual_ps_controller/srv
[2.177s] -- Up-to-date: /home/raz/tehiru/Tehiru-Homework-assignment/drone_ws/install/virtual_ps_controller/include/virtual_ps_controller/virtual_ps_controller/srv/detail
[2.177s] -- Installing: /home/raz/tehiru/Tehiru-Homework-assignment/drone_ws/install/virtual_ps_controller/include/virtual_ps_controller/virtual_ps_controller/srv/detail/set_button__builder.hpp
[2.177s] -- Installing: /home/raz/tehiru/Tehiru-Homework-assignment/drone_ws/install/virtual_ps_controller/include/virtual_ps_controller/virtual_ps_controller/srv/detail/set_button__struct.hpp
[2.177s] -- Installing: /home/raz/tehiru/Tehiru-Homework-assignment/drone_ws/install/virtual_ps_controller/include/virtual_ps_controller/virtual_ps_controller/srv/detail/set_button__traits.hpp
[2.178s] -- Installing: /home/raz/tehiru/Tehiru-Homework-assignment/drone_ws/install/virtual_ps_controller/include/virtual_ps_controller/virtual_ps_controller/srv/detail/set_button__type_support.hpp
[2.178s] -- Installing: /home/raz/tehiru/Tehiru-Homework-assignment/drone_ws/install/virtual_ps_controller/include/virtual_ps_controller/virtual_ps_controller/srv/set_button.hpp
[2.178s] -- Up-to-date: /home/raz/tehiru/Tehiru-Homework-assignment/drone_ws/install/virtual_ps_controller/include/virtual_ps_controller/virtual_ps_controller
[2.178s] -- Up-to-date: /home/raz/tehiru/Tehiru-Homework-assignment/drone_ws/install/virtual_ps_controller/include/virtual_ps_controller/virtual_ps_controller/msg
[2.178s] -- Up-to-date: /home/raz/tehiru/Tehiru-Homework-assignment/drone_ws/install/virtual_ps_controller/include/virtual_ps_controller/virtual_ps_controller/msg/detail
[2.178s] -- Installing: /home/raz/tehiru/Tehiru-Homework-assignment/drone_ws/install/virtual_ps_controller/include/virtual_ps_controller/virtual_ps_controller/msg/detail/button_state__rosidl_typesupport_fastrtps_cpp.hpp
[2.178s] -- Installing: /home/raz/tehiru/Tehiru-Homework-assignment/drone_ws/install/virtual_ps_controller/include/virtual_ps_controller/virtual_ps_controller/msg/detail/controller_state__rosidl_typesupport_fastrtps_cpp.hpp
[2.178s] -- Installing: /home/raz/tehiru/Tehiru-Homework-assignment/drone_ws/install/virtual_ps_controller/include/virtual_ps_controller/virtual_ps_controller/msg/detail/dds_fastrtps
[2.178s] -- Installing: /home/raz/tehiru/Tehiru-Homework-assignment/drone_ws/install/virtual_ps_controller/include/virtual_ps_controller/virtual_ps_controller/msg/rosidl_typesupport_fastrtps_cpp__visibility_control.h
[2.178s] -- Up-to-date: /home/raz/tehiru/Tehiru-Homework-assignment/drone_ws/install/virtual_ps_controller/include/virtual_ps_controller/virtual_ps_controller/srv
[2.178s] -- Up-to-date: /home/raz/tehiru/Tehiru-Homework-assignment/drone_ws/install/virtual_ps_controller/include/virtual_ps_controller/virtual_ps_controller/srv/detail
[2.178s] -- Installing: /home/raz/tehiru/Tehiru-Homework-assignment/drone_ws/install/virtual_ps_controller/include/virtual_ps_controller/virtual_ps_controller/srv/detail/set_button__rosidl_typesupport_fastrtps_cpp.hpp
[2.178s] -- Installing: /home/raz/tehiru/Tehiru-Homework-assignment/drone_ws/install/virtual_ps_controller/include/virtual_ps_controller/virtual_ps_controller/srv/detail/dds_fastrtps
[2.178s] -- Installing: /home/raz/tehiru/Tehiru-Homework-assignment/drone_ws/install/virtual_ps_controller/lib/libvirtual_ps_controller__rosidl_typesupport_fastrtps_cpp.so
[2.178s] -- Set runtime path of "/home/raz/tehiru/Tehiru-Homework-assignment/drone_ws/install/virtual_ps_controller/lib/libvirtual_ps_controller__rosidl_typesupport_fastrtps_cpp.so" to ""
[2.178s] -- Up-to-date: /home/raz/tehiru/Tehiru-Homework-assignment/drone_ws/install/virtual_ps_controller/include/virtual_ps_controller/virtual_ps_controller
[2.178s] -- Up-to-date: /home/raz/tehiru/Tehiru-Homework-assignment/drone_ws/install/virtual_ps_controller/include/virtual_ps_controller/virtual_ps_controller/msg
[2.178s] -- Up-to-date: /home/raz/tehiru/Tehiru-Homework-assignment/drone_ws/install/virtual_ps_controller/include/virtual_ps_controller/virtual_ps_controller/msg/detail
[2.179s] -- Installing: /home/raz/tehiru/Tehiru-Homework-assignment/drone_ws/install/virtual_ps_controller/include/virtual_ps_controller/virtual_ps_controller/msg/detail/button_state__rosidl_typesupport_introspection_c.h
[2.179s] -- Installing: /home/raz/tehiru/Tehiru-Homework-assignment/drone_ws/install/virtual_ps_controller/include/virtual_ps_controller/virtual_ps_controller/msg/detail/controller_state__rosidl_typesupport_introspection_c.h
[2.179s] -- Installing: /home/raz/tehiru/Tehiru-Homework-assignment/drone_ws/install/virtual_ps_controller/include/virtual_ps_controller/virtual_ps_controller/msg/detail/button_state__type_support.c
[2.179s] -- Installing: /home/raz/tehiru/Tehiru-Homework-assignment/drone_ws/install/virtual_ps_controller/include/virtual_ps_controller/virtual_ps_controller/msg/detail/controller_state__type_support.c
[2.179s] -- Installing: /home/raz/tehiru/Tehiru-Homework-assignment/drone_ws/install/virtual_ps_controller/include/virtual_ps_controller/virtual_ps_controller/msg/rosidl_typesupport_introspection_c__visibility_control.h
[2.179s] -- Up-to-date: /home/raz/tehiru/Tehiru-Homework-assignment/drone_ws/install/virtual_ps_controller/include/virtual_ps_controller/virtual_ps_controller/srv
[2.179s] -- Up-to-date: /home/raz/tehiru/Tehiru-Homework-assignment/drone_ws/install/virtual_ps_controller/include/virtual_ps_controller/virtual_ps_controller/srv/detail
[2.179s] -- Installing: /home/raz/tehiru/Tehiru-Homework-assignment/drone_ws/install/virtual_ps_controller/include/virtual_ps_controller/virtual_ps_controller/srv/detail/set_button__rosidl_typesupport_introspection_c.h
[2.179s] -- Installing: /home/raz/tehiru/Tehiru-Homework-assignment/drone_ws/install/virtual_ps_controller/include/virtual_ps_controller/virtual_ps_controller/srv/detail/set_button__type_support.c
[2.179s] -- Installing: /home/raz/tehiru/Tehiru-Homework-assignment/drone_ws/install/virtual_ps_controller/lib/libvirtual_ps_controller__rosidl_typesupport_introspection_c.so
[2.179s] -- Set runtime path of "/home/raz/tehiru/Tehiru-Homework-assignment/drone_ws/install/virtual_ps_controller/lib/libvirtual_ps_controller__rosidl_typesupport_introspection_c.so" to ""
[2.179s] -- Installing: /home/raz/tehiru/Tehiru-Homework-assignment/drone_ws/install/virtual_ps_controller/lib/libvirtual_ps_controller__rosidl_typesupport_c.so
[2.179s] -- Set runtime path of "/home/raz/tehiru/Tehiru-Homework-assignment/drone_ws/install/virtual_ps_controller/lib/libvirtual_ps_controller__rosidl_typesupport_c.so" to ""
[2.179s] -- Up-to-date: /home/raz/tehiru/Tehiru-Homework-assignment/drone_ws/install/virtual_ps_controller/include/virtual_ps_controller/virtual_ps_controller
[2.179s] -- Up-to-date: /home/raz/tehiru/Tehiru-Homework-assignment/drone_ws/install/virtual_ps_controller/include/virtual_ps_controller/virtual_ps_controller/msg
[2.180s] -- Up-to-date: /home/raz/tehiru/Tehiru-Homework-assignment/drone_ws/install/virtual_ps_controller/include/virtual_ps_controller/virtual_ps_controller/msg/detail
[2.180s] -- Installing: /home/raz/tehiru/Tehiru-Homework-assignment/drone_ws/install/virtual_ps_controller/include/virtual_ps_controller/virtual_ps_controller/msg/detail/button_state__type_support.cpp
[2.180s] -- Installing: /home/raz/tehiru/Tehiru-Homework-assignment/drone_ws/install/virtual_ps_controller/include/virtual_ps_controller/virtual_ps_controller/msg/detail/controller_state__rosidl_typesupport_introspection_cpp.hpp
[2.180s] -- Installing: /home/raz/tehiru/Tehiru-Homework-assignment/drone_ws/install/virtual_ps_controller/include/virtual_ps_controller/virtual_ps_controller/msg/detail/button_state__rosidl_typesupport_introspection_cpp.hpp
[2.180s] -- Installing: /home/raz/tehiru/Tehiru-Homework-assignment/drone_ws/install/virtual_ps_controller/include/virtual_ps_controller/virtual_ps_controller/msg/detail/controller_state__type_support.cpp
[2.180s] -- Up-to-date: /home/raz/tehiru/Tehiru-Homework-assignment/drone_ws/install/virtual_ps_controller/include/virtual_ps_controller/virtual_ps_controller/srv
[2.180s] -- Up-to-date: /home/raz/tehiru/Tehiru-Homework-assignment/drone_ws/install/virtual_ps_controller/include/virtual_ps_controller/virtual_ps_controller/srv/detail
[2.180s] -- Installing: /home/raz/tehiru/Tehiru-Homework-assignment/drone_ws/install/virtual_ps_controller/include/virtual_ps_controller/virtual_ps_controller/srv/detail/set_button__rosidl_typesupport_introspection_cpp.hpp
[2.180s] -- Installing: /home/raz/tehiru/Tehiru-Homework-assignment/drone_ws/install/virtual_ps_controller/include/virtual_ps_controller/virtual_ps_controller/srv/detail/set_button__type_support.cpp
[2.180s] -- Installing: /home/raz/tehiru/Tehiru-Homework-assignment/drone_ws/install/virtual_ps_controller/lib/libvirtual_ps_controller__rosidl_typesupport_introspection_cpp.so
[2.180s] -- Set runtime path of "/home/raz/tehiru/Tehiru-Homework-assignment/drone_ws/install/virtual_ps_controller/lib/libvirtual_ps_controller__rosidl_typesupport_introspection_cpp.so" to ""
[2.180s] -- Installing: /home/raz/tehiru/Tehiru-Homework-assignment/drone_ws/install/virtual_ps_controller/lib/libvirtual_ps_controller__rosidl_typesupport_cpp.so
[2.181s] -- Set runtime path of "/home/raz/tehiru/Tehiru-Homework-assignment/drone_ws/install/virtual_ps_controller/lib/libvirtual_ps_controller__rosidl_typesupport_cpp.so" to ""
[2.181s] -- Installing: /home/raz/tehiru/Tehiru-Homework-assignment/drone_ws/install/virtual_ps_controller/share/virtual_ps_controller/environment/pythonpath.sh
[2.181s] -- Installing: /home/raz/tehiru/Tehiru-Homework-assignment/drone_ws/install/virtual_ps_controller/share/virtual_ps_controller/environment/pythonpath.dsv
[2.181s] -- Installing: /home/raz/tehiru/Tehiru-Homework-assignment/drone_ws/install/virtual_ps_controller/local/lib/python3.10/dist-packages/virtual_ps_controller-0.0.0-py3.10.egg-info
[2.181s] -- Installing: /home/raz/tehiru/Tehiru-Homework-assignment/drone_ws/install/virtual_ps_controller/local/lib/python3.10/dist-packages/virtual_ps_controller-0.0.0-py3.10.egg-info/PKG-INFO
[2.181s] -- Installing: /home/raz/tehiru/Tehiru-Homework-assignment/drone_ws/install/virtual_ps_controller/local/lib/python3.10/dist-packages/virtual_ps_controller-0.0.0-py3.10.egg-info/top_level.txt
[2.181s] -- Installing: /home/raz/tehiru/Tehiru-Homework-assignment/drone_ws/install/virtual_ps_controller/local/lib/python3.10/dist-packages/virtual_ps_controller-0.0.0-py3.10.egg-info/dependency_links.txt
[2.181s] -- Installing: /home/raz/tehiru/Tehiru-Homework-assignment/drone_ws/install/virtual_ps_controller/local/lib/python3.10/dist-packages/virtual_ps_controller-0.0.0-py3.10.egg-info/SOURCES.txt
[2.181s] -- Installing: /home/raz/tehiru/Tehiru-Homework-assignment/drone_ws/install/virtual_ps_controller/local/lib/python3.10/dist-packages/virtual_ps_controller
[2.181s] -- Installing: /home/raz/tehiru/Tehiru-Homework-assignment/drone_ws/install/virtual_ps_controller/local/lib/python3.10/dist-packages/virtual_ps_controller/virtual_ps_controller_s__rosidl_typesupport_c.cpython-310-x86_64-linux-gnu.so
[2.181s] -- Installing: /home/raz/tehiru/Tehiru-Homework-assignment/drone_ws/install/virtual_ps_controller/local/lib/python3.10/dist-packages/virtual_ps_controller/virtual_ps_controller_s__rosidl_typesupport_fastrtps_c.cpython-310-x86_64-linux-gnu.so
[2.182s] -- Installing: /home/raz/tehiru/Tehiru-Homework-assignment/drone_ws/install/virtual_ps_controller/local/lib/python3.10/dist-packages/virtual_ps_controller/virtual_ps_controller_s__rosidl_typesupport_introspection_c.cpython-310-x86_64-linux-gnu.so
[2.182s] -- Installing: /home/raz/tehiru/Tehiru-Homework-assignment/drone_ws/install/virtual_ps_controller/local/lib/python3.10/dist-packages/virtual_ps_controller/_virtual_ps_controller_s.ep.rosidl_typesupport_c.c
[2.182s] -- Installing: /home/raz/tehiru/Tehiru-Homework-assignment/drone_ws/install/virtual_ps_controller/local/lib/python3.10/dist-packages/virtual_ps_controller/msg
[2.182s] -- Installing: /home/raz/tehiru/Tehiru-Homework-assignment/drone_ws/install/virtual_ps_controller/local/lib/python3.10/dist-packages/virtual_ps_controller/msg/_controller_state.py
[2.182s] -- Installing: /home/raz/tehiru/Tehiru-Homework-assignment/drone_ws/install/virtual_ps_controller/local/lib/python3.10/dist-packages/virtual_ps_controller/msg/_button_state.py
[2.182s] -- Installing: /home/raz/tehiru/Tehiru-Homework-assignment/drone_ws/install/virtual_ps_controller/local/lib/python3.10/dist-packages/virtual_ps_controller/msg/__init__.py
[2.182s] -- Installing: /home/raz/tehiru/Tehiru-Homework-assignment/drone_ws/install/virtual_ps_controller/local/lib/python3.10/dist-packages/virtual_ps_controller/msg/_button_state_s.c
[2.182s] -- Installing: /home/raz/tehiru/Tehiru-Homework-assignment/drone_ws/install/virtual_ps_controller/local/lib/python3.10/dist-packages/virtual_ps_controller/msg/_controller_state_s.c
[2.182s] -- Installing: /home/raz/tehiru/Tehiru-Homework-assignment/drone_ws/install/virtual_ps_controller/local/lib/python3.10/dist-packages/virtual_ps_controller/_virtual_ps_controller_s.ep.rosidl_typesupport_introspection_c.c
[2.182s] -- Installing: /home/raz/tehiru/Tehiru-Homework-assignment/drone_ws/install/virtual_ps_controller/local/lib/python3.10/dist-packages/virtual_ps_controller/__init__.py
[2.183s] -- Installing: /home/raz/tehiru/Tehiru-Homework-assignment/drone_ws/install/virtual_ps_controller/local/lib/python3.10/dist-packages/virtual_ps_controller/_virtual_ps_controller_s.ep.rosidl_typesupport_fastrtps_c.c
[2.183s] -- Installing: /home/raz/tehiru/Tehiru-Homework-assignment/drone_ws/install/virtual_ps_controller/local/lib/python3.10/dist-packages/virtual_ps_controller/srv
[2.183s] -- Installing: /home/raz/tehiru/Tehiru-Homework-assignment/drone_ws/install/virtual_ps_controller/local/lib/python3.10/dist-packages/virtual_ps_controller/srv/_set_button.py
[2.183s] -- Installing: /home/raz/tehiru/Tehiru-Homework-assignment/drone_ws/install/virtual_ps_controller/local/lib/python3.10/dist-packages/virtual_ps_controller/srv/__init__.py
[2.183s] -- Installing: /home/raz/tehiru/Tehiru-Homework-assignment/drone_ws/install/virtual_ps_controller/local/lib/python3.10/dist-packages/virtual_ps_controller/srv/_set_button_s.c
[2.183s] -- Installing: /home/raz/tehiru/Tehiru-Homework-assignment/drone_ws/install/virtual_ps_controller/local/lib/python3.10/dist-packages/virtual_ps_controller/libvirtual_ps_controller__rosidl_generator_py.so
[2.207s] Listing '/home/raz/tehiru/Tehiru-Homework-assignment/drone_ws/install/virtual_ps_controller/local/lib/python3.10/dist-packages/virtual_ps_controller'...
[2.207s] Compiling '/home/raz/tehiru/Tehiru-Homework-assignment/drone_ws/install/virtual_ps_controller/local/lib/python3.10/dist-packages/virtual_ps_controller/__init__.py'...
[2.207s] Listing '/home/raz/tehiru/Tehiru-Homework-assignment/drone_ws/install/virtual_ps_controller/local/lib/python3.10/dist-packages/virtual_ps_controller/msg'...
[2.207s] Compiling '/home/raz/tehiru/Tehiru-Homework-assignment/drone_ws/install/virtual_ps_controller/local/lib/python3.10/dist-packages/virtual_ps_controller/msg/__init__.py'...
[2.207s] Compiling '/home/raz/tehiru/Tehiru-Homework-assignment/drone_ws/install/virtual_ps_controller/local/lib/python3.10/dist-packages/virtual_ps_controller/msg/_button_state.py'...
[2.208s] Compiling '/home/raz/tehiru/Tehiru-Homework-assignment/drone_ws/install/virtual_ps_controller/local/lib/python3.10/dist-packages/virtual_ps_controller/msg/_controller_state.py'...
[2.208s] Listing '/home/raz/tehiru/Tehiru-Homework-assignment/drone_ws/install/virtual_ps_controller/local/lib/python3.10/dist-packages/virtual_ps_controller/srv'...
[2.208s] Compiling '/home/raz/tehiru/Tehiru-Homework-assignment/drone_ws/install/virtual_ps_controller/local/lib/python3.10/dist-packages/virtual_ps_controller/srv/__init__.py'...
[2.208s] Compiling '/home/raz/tehiru/Tehiru-Homework-assignment/drone_ws/install/virtual_ps_controller/local/lib/python3.10/dist-packages/virtual_ps_controller/srv/_set_button.py'...
[2.211s] -- Installing: /home/raz/tehiru/Tehiru-Homework-assignment/drone_ws/install/virtual_ps_controller/local/lib/python3.10/dist-packages/virtual_ps_controller/virtual_ps_controller_s__rosidl_typesupport_fastrtps_c.cpython-310-x86_64-linux-gnu.so
[2.211s] -- Set runtime path of "/home/raz/tehiru/Tehiru-Homework-assignment/drone_ws/install/virtual_ps_controller/local/lib/python3.10/dist-packages/virtual_ps_controller/virtual_ps_controller_s__rosidl_typesupport_fastrtps_c.cpython-310-x86_64-linux-gnu.so" to ""
[2.211s] -- Installing: /home/raz/tehiru/Tehiru-Homework-assignment/drone_ws/install/virtual_ps_controller/local/lib/python3.10/dist-packages/virtual_ps_controller/virtual_ps_controller_s__rosidl_typesupport_introspection_c.cpython-310-x86_64-linux-gnu.so
[2.211s] -- Set runtime path of "/home/raz/tehiru/Tehiru-Homework-assignment/drone_ws/install/virtual_ps_controller/local/lib/python3.10/dist-packages/virtual_ps_controller/virtual_ps_controller_s__rosidl_typesupport_introspection_c.cpython-310-x86_64-linux-gnu.so" to ""
[2.211s] -- Installing: /home/raz/tehiru/Tehiru-Homework-assignment/drone_ws/install/virtual_ps_controller/local/lib/python3.10/dist-packages/virtual_ps_controller/virtual_ps_controller_s__rosidl_typesupport_c.cpython-310-x86_64-linux-gnu.so
[2.211s] -- Set runtime path of "/home/raz/tehiru/Tehiru-Homework-assignment/drone_ws/install/virtual_ps_controller/local/lib/python3.10/dist-packages/virtual_ps_controller/virtual_ps_controller_s__rosidl_typesupport_c.cpython-310-x86_64-linux-gnu.so" to ""
[2.211s] -- Installing: /home/raz/tehiru/Tehiru-Homework-assignment/drone_ws/install/virtual_ps_controller/lib/libvirtual_ps_controller__rosidl_generator_py.so
[2.211s] -- Set runtime path of "/home/raz/tehiru/Tehiru-Homework-assignment/drone_ws/install/virtual_ps_controller/lib/libvirtual_ps_controller__rosidl_generator_py.so" to ""
[2.211s] -- Installing: /home/raz/tehiru/Tehiru-Homework-assignment/drone_ws/install/virtual_ps_controller/share/virtual_ps_controller/msg/ButtonState.idl
[2.211s] -- Installing: /home/raz/tehiru/Tehiru-Homework-assignment/drone_ws/install/virtual_ps_controller/share/virtual_ps_controller/msg/ControllerState.idl
[2.211s] -- Installing: /home/raz/tehiru/Tehiru-Homework-assignment/drone_ws/install/virtual_ps_controller/share/virtual_ps_controller/srv/SetButton.idl
[2.211s] -- Installing: /home/raz/tehiru/Tehiru-Homework-assignment/drone_ws/install/virtual_ps_controller/share/virtual_ps_controller/msg/ButtonState.msg
[2.211s] -- Installing: /home/raz/tehiru/Tehiru-Homework-assignment/drone_ws/install/virtual_ps_controller/share/virtual_ps_controller/msg/ControllerState.msg
[2.212s] -- Installing: /home/raz/tehiru/Tehiru-Homework-assignment/drone_ws/install/virtual_ps_controller/share/virtual_ps_controller/srv/SetButton.srv
[2.212s] -- Installing: /home/raz/tehiru/Tehiru-Homework-assignment/drone_ws/install/virtual_ps_controller/share/virtual_ps_controller/srv/SetButton_Request.msg
[2.212s] -- Installing: /home/raz/tehiru/Tehiru-Homework-assignment/drone_ws/install/virtual_ps_controller/share/virtual_ps_controller/srv/SetButton_Response.msg
[2.212s] -- Installing: /home/raz/tehiru/Tehiru-Homework-assignment/drone_ws/install/virtual_ps_controller/lib/virtual_ps_controller/ps_controller_node
[2.213s] -- Set runtime path of "/home/raz/tehiru/Tehiru-Homework-assignment/drone_ws/install/virtual_ps_controller/lib/virtual_ps_controller/ps_controller_node" to ""
[2.213s] -- Installing: /home/raz/tehiru/Tehiru-Homework-assignment/drone_ws/install/virtual_ps_controller/include/include
[2.213s] -- Installing: /home/raz/tehiru/Tehiru-Homework-assignment/drone_ws/install/virtual_ps_controller/include/include/virtual_ps_controller
[2.213s] -- Installing: /home/raz/tehiru/Tehiru-Homework-assignment/drone_ws/install/virtual_ps_controller/include/include/virtual_ps_controller/ps_controller.hpp
[2.213s] -- Installing: /home/raz/tehiru/Tehiru-Homework-assignment/drone_ws/install/virtual_ps_controller/include/include/virtual_ps_controller/controller.hpp
[2.213s] -- Installing: /home/raz/tehiru/Tehiru-Homework-assignment/drone_ws/install/virtual_ps_controller/share/virtual_ps_controller/launch
[2.213s] -- Installing: /home/raz/tehiru/Tehiru-Homework-assignment/drone_ws/install/virtual_ps_controller/share/virtual_ps_controller/launch/virtual_ps_controller.launch.py
[2.213s] -- Installing: /home/raz/tehiru/Tehiru-Homework-assignment/drone_ws/install/virtual_ps_controller/share/virtual_ps_controller/config
[2.213s] -- Installing: /home/raz/tehiru/Tehiru-Homework-assignment/drone_ws/install/virtual_ps_controller/share/ament_index/resource_index/package_run_dependencies/virtual_ps_controller
[2.214s] -- Up-to-date: /home/raz/tehiru/Tehiru-Homework-assignment/drone_ws/install/virtual_ps_controller/share/ament_index/resource_index/parent_prefix_path/virtual_ps_controller
[2.214s] -- Up-to-date: /home/raz/tehiru/Tehiru-Homework-assignment/drone_ws/install/virtual_ps_controller/share/virtual_ps_controller/environment/ament_prefix_path.sh
[2.214s] -- Installing: /home/raz/tehiru/Tehiru-Homework-assignment/drone_ws/install/virtual_ps_controller/share/virtual_ps_controller/environment/ament_prefix_path.dsv
[2.214s] -- Up-to-date: /home/raz/tehiru/Tehiru-Homework-assignment/drone_ws/install/virtual_ps_controller/share/virtual_ps_controller/environment/path.sh
[2.214s] -- Installing: /home/raz/tehiru/Tehiru-Homework-assignment/drone_ws/install/virtual_ps_controller/share/virtual_ps_controller/environment/path.dsv
[2.214s] -- Up-to-date: /home/raz/tehiru/Tehiru-Homework-assignment/drone_ws/install/virtual_ps_controller/share/virtual_ps_controller/local_setup.bash
[2.214s] -- Installing: /home/raz/tehiru/Tehiru-Homework-assignment/drone_ws/install/virtual_ps_controller/share/virtual_ps_controller/local_setup.sh
[2.214s] -- Up-to-date: /home/raz/tehiru/Tehiru-Homework-assignment/drone_ws/install/virtual_ps_controller/share/virtual_ps_controller/local_setup.zsh
[2.214s] -- Installing: /home/raz/tehiru/Tehiru-Homework-assignment/drone_ws/install/virtual_ps_controller/share/virtual_ps_controller/local_setup.dsv
[2.214s] -- Installing: /home/raz/tehiru/Tehiru-Homework-assignment/drone_ws/install/virtual_ps_controller/share/virtual_ps_controller/package.dsv
[2.214s] -- Up-to-date: /home/raz/tehiru/Tehiru-Homework-assignment/drone_ws/install/virtual_ps_controller/share/ament_index/resource_index/packages/virtual_ps_controller
[2.214s] -- Installing: /home/raz/tehiru/Tehiru-Homework-assignment/drone_ws/install/virtual_ps_controller/share/virtual_ps_controller/cmake/export_virtual_ps_controller__rosidl_generator_cExport.cmake
[2.214s] -- Installing: /home/raz/tehiru/Tehiru-Homework-assignment/drone_ws/install/virtual_ps_controller/share/virtual_ps_controller/cmake/export_virtual_ps_controller__rosidl_generator_cExport-noconfig.cmake
[2.214s] -- Installing: /home/raz/tehiru/Tehiru-Homework-assignment/drone_ws/install/virtual_ps_controller/share/virtual_ps_controller/cmake/export_virtual_ps_controller__rosidl_typesupport_fastrtps_cExport.cmake
[2.214s] -- Installing: /home/raz/tehiru/Tehiru-Homework-assignment/drone_ws/install/virtual_ps_controller/share/virtual_ps_controller/cmake/export_virtual_ps_controller__rosidl_typesupport_fastrtps_cExport-noconfig.cmake
[2.214s] -- Installing: /home/raz/tehiru/Tehiru-Homework-assignment/drone_ws/install/virtual_ps_controller/share/virtual_ps_controller/cmake/export_virtual_ps_controller__rosidl_generator_cppExport.cmake
[2.214s] -- Installing: /home/raz/tehiru/Tehiru-Homework-assignment/drone_ws/install/virtual_ps_controller/share/virtual_ps_controller/cmake/export_virtual_ps_controller__rosidl_typesupport_fastrtps_cppExport.cmake
[2.214s] -- Installing: /home/raz/tehiru/Tehiru-Homework-assignment/drone_ws/install/virtual_ps_controller/share/virtual_ps_controller/cmake/export_virtual_ps_controller__rosidl_typesupport_fastrtps_cppExport-noconfig.cmake
[2.214s] -- Installing: /home/raz/tehiru/Tehiru-Homework-assignment/drone_ws/install/virtual_ps_controller/share/virtual_ps_controller/cmake/virtual_ps_controller__rosidl_typesupport_introspection_cExport.cmake
[2.214s] -- Installing: /home/raz/tehiru/Tehiru-Homework-assignment/drone_ws/install/virtual_ps_controller/share/virtual_ps_controller/cmake/virtual_ps_controller__rosidl_typesupport_introspection_cExport-noconfig.cmake
[2.214s] -- Installing: /home/raz/tehiru/Tehiru-Homework-assignment/drone_ws/install/virtual_ps_controller/share/virtual_ps_controller/cmake/virtual_ps_controller__rosidl_typesupport_cExport.cmake
[2.214s] -- Installing: /home/raz/tehiru/Tehiru-Homework-assignment/drone_ws/install/virtual_ps_controller/share/virtual_ps_controller/cmake/virtual_ps_controller__rosidl_typesupport_cExport-noconfig.cmake
[2.215s] -- Installing: /home/raz/tehiru/Tehiru-Homework-assignment/drone_ws/install/virtual_ps_controller/share/virtual_ps_controller/cmake/virtual_ps_controller__rosidl_typesupport_introspection_cppExport.cmake
[2.215s] -- Installing: /home/raz/tehiru/Tehiru-Homework-assignment/drone_ws/install/virtual_ps_controller/share/virtual_ps_controller/cmake/virtual_ps_controller__rosidl_typesupport_introspection_cppExport-noconfig.cmake
[2.215s] -- Installing: /home/raz/tehiru/Tehiru-Homework-assignment/drone_ws/install/virtual_ps_controller/share/virtual_ps_controller/cmake/virtual_ps_controller__rosidl_typesupport_cppExport.cmake
[2.215s] -- Installing: /home/raz/tehiru/Tehiru-Homework-assignment/drone_ws/install/virtual_ps_controller/share/virtual_ps_controller/cmake/virtual_ps_controller__rosidl_typesupport_cppExport-noconfig.cmake
[2.215s] -- Installing: /home/raz/tehiru/Tehiru-Homework-assignment/drone_ws/install/virtual_ps_controller/share/virtual_ps_controller/cmake/export_virtual_ps_controller__rosidl_generator_pyExport.cmake
[2.215s] -- Installing: /home/raz/tehiru/Tehiru-Homework-assignment/drone_ws/install/virtual_ps_controller/share/virtual_ps_controller/cmake/export_virtual_ps_controller__rosidl_generator_pyExport-noconfig.cmake
[2.215s] -- Installing: /home/raz/tehiru/Tehiru-Homework-assignment/drone_ws/install/virtual_ps_controller/share/virtual_ps_controller/cmake/rosidl_cmake-extras.cmake
[2.215s] -- Installing: /home/raz/tehiru/Tehiru-Homework-assignment/drone_ws/install/virtual_ps_controller/share/virtual_ps_controller/cmake/ament_cmake_export_dependencies-extras.cmake
[2.215s] -- Installing: /home/raz/tehiru/Tehiru-Homework-assignment/drone_ws/install/virtual_ps_controller/share/virtual_ps_controller/cmake/ament_cmake_export_include_directories-extras.cmake
[2.215s] -- Installing: /home/raz/tehiru/Tehiru-Homework-assignment/drone_ws/install/virtual_ps_controller/share/virtual_ps_controller/cmake/ament_cmake_export_libraries-extras.cmake
[2.215s] -- Installing: /home/raz/tehiru/Tehiru-Homework-assignment/drone_ws/install/virtual_ps_controller/share/virtual_ps_controller/cmake/ament_cmake_export_targets-extras.cmake
[2.215s] -- Installing: /home/raz/tehiru/Tehiru-Homework-assignment/drone_ws/install/virtual_ps_controller/share/virtual_ps_controller/cmake/rosidl_cmake_export_typesupport_targets-extras.cmake
[2.215s] -- Installing: /home/raz/tehiru/Tehiru-Homework-assignment/drone_ws/install/virtual_ps_controller/share/virtual_ps_controller/cmake/rosidl_cmake_export_typesupport_libraries-extras.cmake
[2.215s] -- Installing: /home/raz/tehiru/Tehiru-Homework-assignment/drone_ws/install/virtual_ps_controller/share/virtual_ps_controller/cmake/virtual_ps_controllerConfig.cmake
[2.215s] -- Up-to-date: /home/raz/tehiru/Tehiru-Homework-assignment/drone_ws/install/virtual_ps_controller/share/virtual_ps_controller/cmake/virtual_ps_controllerConfig-version.cmake
[2.215s] -- Installing: /home/raz/tehiru/Tehiru-Homework-assignment/drone_ws/install/virtual_ps_controller/share/virtual_ps_controller/package.xml
[2.217s] Invoked command in '/home/raz/tehiru/Tehiru-Homework-assignment/drone_ws/build/virtual_ps_controller' returned '0': CMAKE_PREFIX_PATH=/opt/ros/humble /usr/bin/cmake --install /home/raz/tehiru/Tehiru-Homework-assignment/drone_ws/build/virtual_ps_controller
