running egg_info
creating ../../build/liftoff_telemetry/liftoff_telemetry.egg-info
writing ../../build/liftoff_telemetry/liftoff_telemetry.egg-info/PKG-INFO
writing dependency_links to ../../build/liftoff_telemetry/liftoff_telemetry.egg-info/dependency_links.txt
writing entry points to ../../build/liftoff_telemetry/liftoff_telemetry.egg-info/entry_points.txt
writing requirements to ../../build/liftoff_telemetry/liftoff_telemetry.egg-info/requires.txt
writing top-level names to ../../build/liftoff_telemetry/liftoff_telemetry.egg-info/top_level.txt
writing manifest file '../../build/liftoff_telemetry/liftoff_telemetry.egg-info/SOURCES.txt'
reading manifest file '../../build/liftoff_telemetry/liftoff_telemetry.egg-info/SOURCES.txt'
writing manifest file '../../build/liftoff_telemetry/liftoff_telemetry.egg-info/SOURCES.txt'
running build
running build_py
creating /home/raz/tehiru/Tehiru-Homework-assignment/drone_ws/build/liftoff_telemetry/build
creating /home/raz/tehiru/Tehiru-Homework-assignment/drone_ws/build/liftoff_telemetry/build/lib
creating /home/raz/tehiru/Tehiru-Homework-assignment/drone_ws/build/liftoff_telemetry/build/lib/liftoff_telemetry
copying liftoff_telemetry/__init__.py -> /home/raz/tehiru/Tehiru-Homework-assignment/drone_ws/build/liftoff_telemetry/build/lib/liftoff_telemetry
running install
running install_lib
creating /home/raz/tehiru/Tehiru-Homework-assignment/drone_ws/install/liftoff_telemetry/lib/python3.10/site-packages/liftoff_telemetry
copying /home/raz/tehiru/Tehiru-Homework-assignment/drone_ws/build/liftoff_telemetry/build/lib/liftoff_telemetry/__init__.py -> /home/raz/tehiru/Tehiru-Homework-assignment/drone_ws/install/liftoff_telemetry/lib/python3.10/site-packages/liftoff_telemetry
byte-compiling /home/raz/tehiru/Tehiru-Homework-assignment/drone_ws/install/liftoff_telemetry/lib/python3.10/site-packages/liftoff_telemetry/__init__.py to __init__.cpython-310.pyc
running install_data
creating /home/raz/tehiru/Tehiru-Homework-assignment/drone_ws/install/liftoff_telemetry/share/ament_index
creating /home/raz/tehiru/Tehiru-Homework-assignment/drone_ws/install/liftoff_telemetry/share/ament_index/resource_index
creating /home/raz/tehiru/Tehiru-Homework-assignment/drone_ws/install/liftoff_telemetry/share/ament_index/resource_index/packages
copying resource/liftoff_telemetry -> /home/raz/tehiru/Tehiru-Homework-assignment/drone_ws/install/liftoff_telemetry/share/ament_index/resource_index/packages
copying package.xml -> /home/raz/tehiru/Tehiru-Homework-assignment/drone_ws/install/liftoff_telemetry/share/liftoff_telemetry
running install_egg_info
Copying ../../build/liftoff_telemetry/liftoff_telemetry.egg-info to /home/raz/tehiru/Tehiru-Homework-assignment/drone_ws/install/liftoff_telemetry/lib/python3.10/site-packages/liftoff_telemetry-0.0.0-py3.10.egg-info
running install_scripts
writing list of installed files to '/home/raz/tehiru/Tehiru-Homework-assignment/drone_ws/build/liftoff_telemetry/install.log'
