[0.571s] Invoking command in '/home/raz/tehiru/Tehiru-Homework-assignment/drone_ws/src/liftoff_interface': PYTHONPATH=/home/raz/tehiru/Tehiru-Homework-assignment/drone_ws/build/liftoff_interface/prefix_override:/usr/lib/python3/dist-packages/colcon_core/task/python/colcon_distutils_commands:/home/raz/tehiru/Tehiru-Homework-assignment/drone_ws/install/liftoff_interface/lib/python3.10/site-packages:${PYTHONPATH} /usr/bin/python3 -W ignore:setup.py install is deprecated -W ignore:easy_install command is deprecated setup.py egg_info --egg-base ../../build/liftoff_interface build --build-base /home/raz/tehiru/Tehiru-Homework-assignment/drone_ws/build/liftoff_interface/build install --record /home/raz/tehiru/Tehiru-Homework-assignment/drone_ws/build/liftoff_interface/install.log --single-version-externally-managed install_data
[0.716s] running egg_info
[0.716s] creating ../../build/liftoff_interface/liftoff_interface.egg-info
[0.716s] writing ../../build/liftoff_interface/liftoff_interface.egg-info/PKG-INFO
[0.716s] writing dependency_links to ../../build/liftoff_interface/liftoff_interface.egg-info/dependency_links.txt
[0.716s] writing entry points to ../../build/liftoff_interface/liftoff_interface.egg-info/entry_points.txt
[0.716s] writing requirements to ../../build/liftoff_interface/liftoff_interface.egg-info/requires.txt
[0.716s] writing top-level names to ../../build/liftoff_interface/liftoff_interface.egg-info/top_level.txt
[0.717s] writing manifest file '../../build/liftoff_interface/liftoff_interface.egg-info/SOURCES.txt'
[0.718s] reading manifest file '../../build/liftoff_interface/liftoff_interface.egg-info/SOURCES.txt'
[0.718s] writing manifest file '../../build/liftoff_interface/liftoff_interface.egg-info/SOURCES.txt'
[0.718s] running build
[0.718s] running build_py
[0.718s] creating /home/raz/tehiru/Tehiru-Homework-assignment/drone_ws/build/liftoff_interface/build
[0.718s] creating /home/raz/tehiru/Tehiru-Homework-assignment/drone_ws/build/liftoff_interface/build/lib
[0.718s] creating /home/raz/tehiru/Tehiru-Homework-assignment/drone_ws/build/liftoff_interface/build/lib/liftoff_interface
[0.718s] copying liftoff_interface/liftoff_bridge.py -> /home/raz/tehiru/Tehiru-Homework-assignment/drone_ws/build/liftoff_interface/build/lib/liftoff_interface
[0.718s] copying liftoff_interface/__init__.py -> /home/raz/tehiru/Tehiru-Homework-assignment/drone_ws/build/liftoff_interface/build/lib/liftoff_interface
[0.718s] copying liftoff_interface/controller.py -> /home/raz/tehiru/Tehiru-Homework-assignment/drone_ws/build/liftoff_interface/build/lib/liftoff_interface
[0.718s] copying liftoff_interface/sensor_listener.py -> /home/raz/tehiru/Tehiru-Homework-assignment/drone_ws/build/liftoff_interface/build/lib/liftoff_interface
[0.718s] running install
[0.719s] running install_lib
[0.719s] creating /home/raz/tehiru/Tehiru-Homework-assignment/drone_ws/install/liftoff_interface/lib/python3.10/site-packages/liftoff_interface
[0.719s] copying /home/raz/tehiru/Tehiru-Homework-assignment/drone_ws/build/liftoff_interface/build/lib/liftoff_interface/liftoff_bridge.py -> /home/raz/tehiru/Tehiru-Homework-assignment/drone_ws/install/liftoff_interface/lib/python3.10/site-packages/liftoff_interface
[0.719s] copying /home/raz/tehiru/Tehiru-Homework-assignment/drone_ws/build/liftoff_interface/build/lib/liftoff_interface/__init__.py -> /home/raz/tehiru/Tehiru-Homework-assignment/drone_ws/install/liftoff_interface/lib/python3.10/site-packages/liftoff_interface
[0.719s] copying /home/raz/tehiru/Tehiru-Homework-assignment/drone_ws/build/liftoff_interface/build/lib/liftoff_interface/controller.py -> /home/raz/tehiru/Tehiru-Homework-assignment/drone_ws/install/liftoff_interface/lib/python3.10/site-packages/liftoff_interface
[0.719s] copying /home/raz/tehiru/Tehiru-Homework-assignment/drone_ws/build/liftoff_interface/build/lib/liftoff_interface/sensor_listener.py -> /home/raz/tehiru/Tehiru-Homework-assignment/drone_ws/install/liftoff_interface/lib/python3.10/site-packages/liftoff_interface
[0.719s] byte-compiling /home/raz/tehiru/Tehiru-Homework-assignment/drone_ws/install/liftoff_interface/lib/python3.10/site-packages/liftoff_interface/liftoff_bridge.py to liftoff_bridge.cpython-310.pyc
[0.720s] byte-compiling /home/raz/tehiru/Tehiru-Homework-assignment/drone_ws/install/liftoff_interface/lib/python3.10/site-packages/liftoff_interface/__init__.py to __init__.cpython-310.pyc
[0.720s] byte-compiling /home/raz/tehiru/Tehiru-Homework-assignment/drone_ws/install/liftoff_interface/lib/python3.10/site-packages/liftoff_interface/controller.py to controller.cpython-310.pyc
[0.720s] byte-compiling /home/raz/tehiru/Tehiru-Homework-assignment/drone_ws/install/liftoff_interface/lib/python3.10/site-packages/liftoff_interface/sensor_listener.py to sensor_listener.cpython-310.pyc
[0.720s] running install_data
[0.720s] creating /home/raz/tehiru/Tehiru-Homework-assignment/drone_ws/install/liftoff_interface/share/ament_index
[0.720s] creating /home/raz/tehiru/Tehiru-Homework-assignment/drone_ws/install/liftoff_interface/share/ament_index/resource_index
[0.720s] creating /home/raz/tehiru/Tehiru-Homework-assignment/drone_ws/install/liftoff_interface/share/ament_index/resource_index/packages
[0.720s] copying resource/liftoff_interface -> /home/raz/tehiru/Tehiru-Homework-assignment/drone_ws/install/liftoff_interface/share/ament_index/resource_index/packages
[0.720s] copying package.xml -> /home/raz/tehiru/Tehiru-Homework-assignment/drone_ws/install/liftoff_interface/share/liftoff_interface
[0.720s] running install_egg_info
[0.721s] Copying ../../build/liftoff_interface/liftoff_interface.egg-info to /home/raz/tehiru/Tehiru-Homework-assignment/drone_ws/install/liftoff_interface/lib/python3.10/site-packages/liftoff_interface-0.0.0-py3.10.egg-info
[0.722s] running install_scripts
[0.735s] Installing controller script to /home/raz/tehiru/Tehiru-Homework-assignment/drone_ws/install/liftoff_interface/lib/liftoff_interface
[0.735s] Installing liftoff_bridge script to /home/raz/tehiru/Tehiru-Homework-assignment/drone_ws/install/liftoff_interface/lib/liftoff_interface
[0.735s] Installing sensor_listener script to /home/raz/tehiru/Tehiru-Homework-assignment/drone_ws/install/liftoff_interface/lib/liftoff_interface
[0.735s] writing list of installed files to '/home/raz/tehiru/Tehiru-Homework-assignment/drone_ws/build/liftoff_interface/install.log'
[0.757s] Invoked command in '/home/raz/tehiru/Tehiru-Homework-assignment/drone_ws/src/liftoff_interface' returned '0': PYTHONPATH=/home/raz/tehiru/Tehiru-Homework-assignment/drone_ws/build/liftoff_interface/prefix_override:/usr/lib/python3/dist-packages/colcon_core/task/python/colcon_distutils_commands:/home/raz/tehiru/Tehiru-Homework-assignment/drone_ws/install/liftoff_interface/lib/python3.10/site-packages:${PYTHONPATH} /usr/bin/python3 -W ignore:setup.py install is deprecated -W ignore:easy_install command is deprecated setup.py egg_info --egg-base ../../build/liftoff_interface build --build-base /home/raz/tehiru/Tehiru-Homework-assignment/drone_ws/build/liftoff_interface/build install --record /home/raz/tehiru/Tehiru-Homework-assignment/drone_ws/build/liftoff_interface/install.log --single-version-externally-managed install_data
