[  6%] Built target virtual_ps_controller__cpp
[ 12%] Built target virtual_ps_controller__rosidl_generator_c
[ 12%] Built target ament_cmake_python_copy_virtual_ps_controller
[ 28%] Built target virtual_ps_controller__rosidl_typesupport_cpp
[ 32%] Built target virtual_ps_controller__rosidl_typesupport_introspection_c
[ 42%] Built target virtual_ps_controller__rosidl_typesupport_introspection_cpp
[ 52%] Built target virtual_ps_controller__rosidl_typesupport_c
[ 62%] Built target virtual_ps_controller__rosidl_typesupport_fastrtps_c
[ 72%] Built target virtual_ps_controller__rosidl_typesupport_fastrtps_cpp
[ 72%] Built target virtual_ps_controller
[ 74%] Built target virtual_ps_controller__py
[ 80%] Built target ps_controller_node
[ 88%] Built target virtual_ps_controller__rosidl_generator_py
[ 92%] Built target virtual_ps_controller__rosidl_typesupport_introspection_c__pyext
[100%] Built target virtual_ps_controller__rosidl_typesupport_c__pyext
[100%] Built target virtual_ps_controller__rosidl_typesupport_fastrtps_c__pyext
running egg_info
writing virtual_ps_controller.egg-info/PKG-INFO
writing dependency_links to virtual_ps_controller.egg-info/dependency_links.txt
writing top-level names to virtual_ps_controller.egg-info/top_level.txt
reading manifest file 'virtual_ps_controller.egg-info/SOURCES.txt'
writing manifest file 'virtual_ps_controller.egg-info/SOURCES.txt'
[100%] Built target ament_cmake_python_build_virtual_ps_controller_egg
-- Install configuration: ""
-- Up-to-date: /home/raz/tehiru/Tehiru-Homework-assignment/drone_ws/install/virtual_ps_controller/share/ament_index/resource_index/rosidl_interfaces/virtual_ps_controller
-- Up-to-date: /home/raz/tehiru/Tehiru-Homework-assignment/drone_ws/install/virtual_ps_controller/include/virtual_ps_controller/virtual_ps_controller
-- Up-to-date: /home/raz/tehiru/Tehiru-Homework-assignment/drone_ws/install/virtual_ps_controller/include/virtual_ps_controller/virtual_ps_controller/msg
-- Up-to-date: /home/raz/tehiru/Tehiru-Homework-assignment/drone_ws/install/virtual_ps_controller/include/virtual_ps_controller/virtual_ps_controller/msg/detail
-- Up-to-date: /home/raz/tehiru/Tehiru-Homework-assignment/drone_ws/install/virtual_ps_controller/include/virtual_ps_controller/virtual_ps_controller/msg/detail/controller_state__functions.h
-- Up-to-date: /home/raz/tehiru/Tehiru-Homework-assignment/drone_ws/install/virtual_ps_controller/include/virtual_ps_controller/virtual_ps_controller/msg/detail/controller_state__functions.c
-- Up-to-date: /home/raz/tehiru/Tehiru-Homework-assignment/drone_ws/install/virtual_ps_controller/include/virtual_ps_controller/virtual_ps_controller/msg/detail/controller_state__type_support.h
-- Up-to-date: /home/raz/tehiru/Tehiru-Homework-assignment/drone_ws/install/virtual_ps_controller/include/virtual_ps_controller/virtual_ps_controller/msg/detail/button_state__functions.c
-- Up-to-date: /home/raz/tehiru/Tehiru-Homework-assignment/drone_ws/install/virtual_ps_controller/include/virtual_ps_controller/virtual_ps_controller/msg/detail/button_state__type_support.h
-- Up-to-date: /home/raz/tehiru/Tehiru-Homework-assignment/drone_ws/install/virtual_ps_controller/include/virtual_ps_controller/virtual_ps_controller/msg/detail/controller_state__struct.h
-- Up-to-date: /home/raz/tehiru/Tehiru-Homework-assignment/drone_ws/install/virtual_ps_controller/include/virtual_ps_controller/virtual_ps_controller/msg/detail/button_state__struct.h
-- Up-to-date: /home/raz/tehiru/Tehiru-Homework-assignment/drone_ws/install/virtual_ps_controller/include/virtual_ps_controller/virtual_ps_controller/msg/detail/button_state__functions.h
-- Up-to-date: /home/raz/tehiru/Tehiru-Homework-assignment/drone_ws/install/virtual_ps_controller/include/virtual_ps_controller/virtual_ps_controller/msg/button_state.h
-- Up-to-date: /home/raz/tehiru/Tehiru-Homework-assignment/drone_ws/install/virtual_ps_controller/include/virtual_ps_controller/virtual_ps_controller/msg/rosidl_generator_c__visibility_control.h
-- Up-to-date: /home/raz/tehiru/Tehiru-Homework-assignment/drone_ws/install/virtual_ps_controller/include/virtual_ps_controller/virtual_ps_controller/msg/controller_state.h
-- Up-to-date: /home/raz/tehiru/Tehiru-Homework-assignment/drone_ws/install/virtual_ps_controller/include/virtual_ps_controller/virtual_ps_controller/srv
-- Up-to-date: /home/raz/tehiru/Tehiru-Homework-assignment/drone_ws/install/virtual_ps_controller/include/virtual_ps_controller/virtual_ps_controller/srv/detail
-- Up-to-date: /home/raz/tehiru/Tehiru-Homework-assignment/drone_ws/install/virtual_ps_controller/include/virtual_ps_controller/virtual_ps_controller/srv/detail/set_button__functions.h
-- Up-to-date: /home/raz/tehiru/Tehiru-Homework-assignment/drone_ws/install/virtual_ps_controller/include/virtual_ps_controller/virtual_ps_controller/srv/detail/set_button__struct.h
-- Up-to-date: /home/raz/tehiru/Tehiru-Homework-assignment/drone_ws/install/virtual_ps_controller/include/virtual_ps_controller/virtual_ps_controller/srv/detail/set_button__type_support.h
-- Up-to-date: /home/raz/tehiru/Tehiru-Homework-assignment/drone_ws/install/virtual_ps_controller/include/virtual_ps_controller/virtual_ps_controller/srv/detail/set_button__functions.c
-- Up-to-date: /home/raz/tehiru/Tehiru-Homework-assignment/drone_ws/install/virtual_ps_controller/include/virtual_ps_controller/virtual_ps_controller/srv/set_button.h
-- Up-to-date: /home/raz/tehiru/Tehiru-Homework-assignment/drone_ws/install/virtual_ps_controller/share/virtual_ps_controller/environment/library_path.sh
-- Up-to-date: /home/raz/tehiru/Tehiru-Homework-assignment/drone_ws/install/virtual_ps_controller/share/virtual_ps_controller/environment/library_path.dsv
-- Up-to-date: /home/raz/tehiru/Tehiru-Homework-assignment/drone_ws/install/virtual_ps_controller/lib/libvirtual_ps_controller__rosidl_generator_c.so
-- Up-to-date: /home/raz/tehiru/Tehiru-Homework-assignment/drone_ws/install/virtual_ps_controller/include/virtual_ps_controller/virtual_ps_controller
-- Up-to-date: /home/raz/tehiru/Tehiru-Homework-assignment/drone_ws/install/virtual_ps_controller/include/virtual_ps_controller/virtual_ps_controller/msg
-- Up-to-date: /home/raz/tehiru/Tehiru-Homework-assignment/drone_ws/install/virtual_ps_controller/include/virtual_ps_controller/virtual_ps_controller/msg/detail
-- Up-to-date: /home/raz/tehiru/Tehiru-Homework-assignment/drone_ws/install/virtual_ps_controller/include/virtual_ps_controller/virtual_ps_controller/msg/detail/controller_state__rosidl_typesupport_fastrtps_c.h
-- Up-to-date: /home/raz/tehiru/Tehiru-Homework-assignment/drone_ws/install/virtual_ps_controller/include/virtual_ps_controller/virtual_ps_controller/msg/detail/button_state__rosidl_typesupport_fastrtps_c.h
-- Up-to-date: /home/raz/tehiru/Tehiru-Homework-assignment/drone_ws/install/virtual_ps_controller/include/virtual_ps_controller/virtual_ps_controller/msg/rosidl_typesupport_fastrtps_c__visibility_control.h
-- Up-to-date: /home/raz/tehiru/Tehiru-Homework-assignment/drone_ws/install/virtual_ps_controller/include/virtual_ps_controller/virtual_ps_controller/srv
-- Up-to-date: /home/raz/tehiru/Tehiru-Homework-assignment/drone_ws/install/virtual_ps_controller/include/virtual_ps_controller/virtual_ps_controller/srv/detail
-- Up-to-date: /home/raz/tehiru/Tehiru-Homework-assignment/drone_ws/install/virtual_ps_controller/include/virtual_ps_controller/virtual_ps_controller/srv/detail/set_button__rosidl_typesupport_fastrtps_c.h
-- Up-to-date: /home/raz/tehiru/Tehiru-Homework-assignment/drone_ws/install/virtual_ps_controller/lib/libvirtual_ps_controller__rosidl_typesupport_fastrtps_c.so
-- Up-to-date: /home/raz/tehiru/Tehiru-Homework-assignment/drone_ws/install/virtual_ps_controller/include/virtual_ps_controller/virtual_ps_controller
-- Up-to-date: /home/raz/tehiru/Tehiru-Homework-assignment/drone_ws/install/virtual_ps_controller/include/virtual_ps_controller/virtual_ps_controller/msg
-- Up-to-date: /home/raz/tehiru/Tehiru-Homework-assignment/drone_ws/install/virtual_ps_controller/include/virtual_ps_controller/virtual_ps_controller/msg/button_state.hpp
-- Up-to-date: /home/raz/tehiru/Tehiru-Homework-assignment/drone_ws/install/virtual_ps_controller/include/virtual_ps_controller/virtual_ps_controller/msg/detail
-- Up-to-date: /home/raz/tehiru/Tehiru-Homework-assignment/drone_ws/install/virtual_ps_controller/include/virtual_ps_controller/virtual_ps_controller/msg/detail/button_state__type_support.hpp
-- Up-to-date: /home/raz/tehiru/Tehiru-Homework-assignment/drone_ws/install/virtual_ps_controller/include/virtual_ps_controller/virtual_ps_controller/msg/detail/controller_state__type_support.hpp
-- Up-to-date: /home/raz/tehiru/Tehiru-Homework-assignment/drone_ws/install/virtual_ps_controller/include/virtual_ps_controller/virtual_ps_controller/msg/detail/controller_state__traits.hpp
-- Up-to-date: /home/raz/tehiru/Tehiru-Homework-assignment/drone_ws/install/virtual_ps_controller/include/virtual_ps_controller/virtual_ps_controller/msg/detail/controller_state__builder.hpp
-- Up-to-date: /home/raz/tehiru/Tehiru-Homework-assignment/drone_ws/install/virtual_ps_controller/include/virtual_ps_controller/virtual_ps_controller/msg/detail/controller_state__struct.hpp
-- Up-to-date: /home/raz/tehiru/Tehiru-Homework-assignment/drone_ws/install/virtual_ps_controller/include/virtual_ps_controller/virtual_ps_controller/msg/detail/button_state__builder.hpp
-- Up-to-date: /home/raz/tehiru/Tehiru-Homework-assignment/drone_ws/install/virtual_ps_controller/include/virtual_ps_controller/virtual_ps_controller/msg/detail/button_state__traits.hpp
-- Up-to-date: /home/raz/tehiru/Tehiru-Homework-assignment/drone_ws/install/virtual_ps_controller/include/virtual_ps_controller/virtual_ps_controller/msg/detail/button_state__struct.hpp
-- Up-to-date: /home/raz/tehiru/Tehiru-Homework-assignment/drone_ws/install/virtual_ps_controller/include/virtual_ps_controller/virtual_ps_controller/msg/rosidl_generator_cpp__visibility_control.hpp
-- Up-to-date: /home/raz/tehiru/Tehiru-Homework-assignment/drone_ws/install/virtual_ps_controller/include/virtual_ps_controller/virtual_ps_controller/msg/controller_state.hpp
-- Up-to-date: /home/raz/tehiru/Tehiru-Homework-assignment/drone_ws/install/virtual_ps_controller/include/virtual_ps_controller/virtual_ps_controller/srv
-- Up-to-date: /home/raz/tehiru/Tehiru-Homework-assignment/drone_ws/install/virtual_ps_controller/include/virtual_ps_controller/virtual_ps_controller/srv/detail
-- Up-to-date: /home/raz/tehiru/Tehiru-Homework-assignment/drone_ws/install/virtual_ps_controller/include/virtual_ps_controller/virtual_ps_controller/srv/detail/set_button__builder.hpp
-- Up-to-date: /home/raz/tehiru/Tehiru-Homework-assignment/drone_ws/install/virtual_ps_controller/include/virtual_ps_controller/virtual_ps_controller/srv/detail/set_button__struct.hpp
-- Up-to-date: /home/raz/tehiru/Tehiru-Homework-assignment/drone_ws/install/virtual_ps_controller/include/virtual_ps_controller/virtual_ps_controller/srv/detail/set_button__traits.hpp
-- Up-to-date: /home/raz/tehiru/Tehiru-Homework-assignment/drone_ws/install/virtual_ps_controller/include/virtual_ps_controller/virtual_ps_controller/srv/detail/set_button__type_support.hpp
-- Up-to-date: /home/raz/tehiru/Tehiru-Homework-assignment/drone_ws/install/virtual_ps_controller/include/virtual_ps_controller/virtual_ps_controller/srv/set_button.hpp
-- Up-to-date: /home/raz/tehiru/Tehiru-Homework-assignment/drone_ws/install/virtual_ps_controller/include/virtual_ps_controller/virtual_ps_controller
-- Up-to-date: /home/raz/tehiru/Tehiru-Homework-assignment/drone_ws/install/virtual_ps_controller/include/virtual_ps_controller/virtual_ps_controller/msg
-- Up-to-date: /home/raz/tehiru/Tehiru-Homework-assignment/drone_ws/install/virtual_ps_controller/include/virtual_ps_controller/virtual_ps_controller/msg/detail
-- Up-to-date: /home/raz/tehiru/Tehiru-Homework-assignment/drone_ws/install/virtual_ps_controller/include/virtual_ps_controller/virtual_ps_controller/msg/detail/button_state__rosidl_typesupport_fastrtps_cpp.hpp
-- Up-to-date: /home/raz/tehiru/Tehiru-Homework-assignment/drone_ws/install/virtual_ps_controller/include/virtual_ps_controller/virtual_ps_controller/msg/detail/controller_state__rosidl_typesupport_fastrtps_cpp.hpp
-- Up-to-date: /home/raz/tehiru/Tehiru-Homework-assignment/drone_ws/install/virtual_ps_controller/include/virtual_ps_controller/virtual_ps_controller/msg/detail/dds_fastrtps
-- Up-to-date: /home/raz/tehiru/Tehiru-Homework-assignment/drone_ws/install/virtual_ps_controller/include/virtual_ps_controller/virtual_ps_controller/msg/rosidl_typesupport_fastrtps_cpp__visibility_control.h
-- Up-to-date: /home/raz/tehiru/Tehiru-Homework-assignment/drone_ws/install/virtual_ps_controller/include/virtual_ps_controller/virtual_ps_controller/srv
-- Up-to-date: /home/raz/tehiru/Tehiru-Homework-assignment/drone_ws/install/virtual_ps_controller/include/virtual_ps_controller/virtual_ps_controller/srv/detail
-- Up-to-date: /home/raz/tehiru/Tehiru-Homework-assignment/drone_ws/install/virtual_ps_controller/include/virtual_ps_controller/virtual_ps_controller/srv/detail/set_button__rosidl_typesupport_fastrtps_cpp.hpp
-- Up-to-date: /home/raz/tehiru/Tehiru-Homework-assignment/drone_ws/install/virtual_ps_controller/include/virtual_ps_controller/virtual_ps_controller/srv/detail/dds_fastrtps
-- Up-to-date: /home/raz/tehiru/Tehiru-Homework-assignment/drone_ws/install/virtual_ps_controller/lib/libvirtual_ps_controller__rosidl_typesupport_fastrtps_cpp.so
-- Up-to-date: /home/raz/tehiru/Tehiru-Homework-assignment/drone_ws/install/virtual_ps_controller/include/virtual_ps_controller/virtual_ps_controller
-- Up-to-date: /home/raz/tehiru/Tehiru-Homework-assignment/drone_ws/install/virtual_ps_controller/include/virtual_ps_controller/virtual_ps_controller/msg
-- Up-to-date: /home/raz/tehiru/Tehiru-Homework-assignment/drone_ws/install/virtual_ps_controller/include/virtual_ps_controller/virtual_ps_controller/msg/detail
-- Up-to-date: /home/raz/tehiru/Tehiru-Homework-assignment/drone_ws/install/virtual_ps_controller/include/virtual_ps_controller/virtual_ps_controller/msg/detail/button_state__rosidl_typesupport_introspection_c.h
-- Up-to-date: /home/raz/tehiru/Tehiru-Homework-assignment/drone_ws/install/virtual_ps_controller/include/virtual_ps_controller/virtual_ps_controller/msg/detail/controller_state__rosidl_typesupport_introspection_c.h
-- Up-to-date: /home/raz/tehiru/Tehiru-Homework-assignment/drone_ws/install/virtual_ps_controller/include/virtual_ps_controller/virtual_ps_controller/msg/detail/button_state__type_support.c
-- Up-to-date: /home/raz/tehiru/Tehiru-Homework-assignment/drone_ws/install/virtual_ps_controller/include/virtual_ps_controller/virtual_ps_controller/msg/detail/controller_state__type_support.c
-- Up-to-date: /home/raz/tehiru/Tehiru-Homework-assignment/drone_ws/install/virtual_ps_controller/include/virtual_ps_controller/virtual_ps_controller/msg/rosidl_typesupport_introspection_c__visibility_control.h
-- Up-to-date: /home/raz/tehiru/Tehiru-Homework-assignment/drone_ws/install/virtual_ps_controller/include/virtual_ps_controller/virtual_ps_controller/srv
-- Up-to-date: /home/raz/tehiru/Tehiru-Homework-assignment/drone_ws/install/virtual_ps_controller/include/virtual_ps_controller/virtual_ps_controller/srv/detail
-- Up-to-date: /home/raz/tehiru/Tehiru-Homework-assignment/drone_ws/install/virtual_ps_controller/include/virtual_ps_controller/virtual_ps_controller/srv/detail/set_button__rosidl_typesupport_introspection_c.h
-- Up-to-date: /home/raz/tehiru/Tehiru-Homework-assignment/drone_ws/install/virtual_ps_controller/include/virtual_ps_controller/virtual_ps_controller/srv/detail/set_button__type_support.c
-- Up-to-date: /home/raz/tehiru/Tehiru-Homework-assignment/drone_ws/install/virtual_ps_controller/lib/libvirtual_ps_controller__rosidl_typesupport_introspection_c.so
-- Up-to-date: /home/raz/tehiru/Tehiru-Homework-assignment/drone_ws/install/virtual_ps_controller/lib/libvirtual_ps_controller__rosidl_typesupport_c.so
-- Up-to-date: /home/raz/tehiru/Tehiru-Homework-assignment/drone_ws/install/virtual_ps_controller/include/virtual_ps_controller/virtual_ps_controller
-- Up-to-date: /home/raz/tehiru/Tehiru-Homework-assignment/drone_ws/install/virtual_ps_controller/include/virtual_ps_controller/virtual_ps_controller/msg
-- Up-to-date: /home/raz/tehiru/Tehiru-Homework-assignment/drone_ws/install/virtual_ps_controller/include/virtual_ps_controller/virtual_ps_controller/msg/detail
-- Up-to-date: /home/raz/tehiru/Tehiru-Homework-assignment/drone_ws/install/virtual_ps_controller/include/virtual_ps_controller/virtual_ps_controller/msg/detail/button_state__type_support.cpp
-- Up-to-date: /home/raz/tehiru/Tehiru-Homework-assignment/drone_ws/install/virtual_ps_controller/include/virtual_ps_controller/virtual_ps_controller/msg/detail/controller_state__rosidl_typesupport_introspection_cpp.hpp
-- Up-to-date: /home/raz/tehiru/Tehiru-Homework-assignment/drone_ws/install/virtual_ps_controller/include/virtual_ps_controller/virtual_ps_controller/msg/detail/button_state__rosidl_typesupport_introspection_cpp.hpp
-- Up-to-date: /home/raz/tehiru/Tehiru-Homework-assignment/drone_ws/install/virtual_ps_controller/include/virtual_ps_controller/virtual_ps_controller/msg/detail/controller_state__type_support.cpp
-- Up-to-date: /home/raz/tehiru/Tehiru-Homework-assignment/drone_ws/install/virtual_ps_controller/include/virtual_ps_controller/virtual_ps_controller/srv
-- Up-to-date: /home/raz/tehiru/Tehiru-Homework-assignment/drone_ws/install/virtual_ps_controller/include/virtual_ps_controller/virtual_ps_controller/srv/detail
-- Up-to-date: /home/raz/tehiru/Tehiru-Homework-assignment/drone_ws/install/virtual_ps_controller/include/virtual_ps_controller/virtual_ps_controller/srv/detail/set_button__rosidl_typesupport_introspection_cpp.hpp
-- Up-to-date: /home/raz/tehiru/Tehiru-Homework-assignment/drone_ws/install/virtual_ps_controller/include/virtual_ps_controller/virtual_ps_controller/srv/detail/set_button__type_support.cpp
-- Up-to-date: /home/raz/tehiru/Tehiru-Homework-assignment/drone_ws/install/virtual_ps_controller/lib/libvirtual_ps_controller__rosidl_typesupport_introspection_cpp.so
-- Up-to-date: /home/raz/tehiru/Tehiru-Homework-assignment/drone_ws/install/virtual_ps_controller/lib/libvirtual_ps_controller__rosidl_typesupport_cpp.so
-- Up-to-date: /home/raz/tehiru/Tehiru-Homework-assignment/drone_ws/install/virtual_ps_controller/share/virtual_ps_controller/environment/pythonpath.sh
-- Up-to-date: /home/raz/tehiru/Tehiru-Homework-assignment/drone_ws/install/virtual_ps_controller/share/virtual_ps_controller/environment/pythonpath.dsv
-- Up-to-date: /home/raz/tehiru/Tehiru-Homework-assignment/drone_ws/install/virtual_ps_controller/local/lib/python3.10/dist-packages/virtual_ps_controller-0.0.0-py3.10.egg-info
-- Installing: /home/raz/tehiru/Tehiru-Homework-assignment/drone_ws/install/virtual_ps_controller/local/lib/python3.10/dist-packages/virtual_ps_controller-0.0.0-py3.10.egg-info/PKG-INFO
-- Installing: /home/raz/tehiru/Tehiru-Homework-assignment/drone_ws/install/virtual_ps_controller/local/lib/python3.10/dist-packages/virtual_ps_controller-0.0.0-py3.10.egg-info/top_level.txt
-- Installing: /home/raz/tehiru/Tehiru-Homework-assignment/drone_ws/install/virtual_ps_controller/local/lib/python3.10/dist-packages/virtual_ps_controller-0.0.0-py3.10.egg-info/dependency_links.txt
-- Installing: /home/raz/tehiru/Tehiru-Homework-assignment/drone_ws/install/virtual_ps_controller/local/lib/python3.10/dist-packages/virtual_ps_controller-0.0.0-py3.10.egg-info/SOURCES.txt
-- Up-to-date: /home/raz/tehiru/Tehiru-Homework-assignment/drone_ws/install/virtual_ps_controller/local/lib/python3.10/dist-packages/virtual_ps_controller
-- Up-to-date: /home/raz/tehiru/Tehiru-Homework-assignment/drone_ws/install/virtual_ps_controller/local/lib/python3.10/dist-packages/virtual_ps_controller/virtual_ps_controller_s__rosidl_typesupport_c.cpython-310-x86_64-linux-gnu.so
-- Up-to-date: /home/raz/tehiru/Tehiru-Homework-assignment/drone_ws/install/virtual_ps_controller/local/lib/python3.10/dist-packages/virtual_ps_controller/virtual_ps_controller_s__rosidl_typesupport_fastrtps_c.cpython-310-x86_64-linux-gnu.so
-- Up-to-date: /home/raz/tehiru/Tehiru-Homework-assignment/drone_ws/install/virtual_ps_controller/local/lib/python3.10/dist-packages/virtual_ps_controller/virtual_ps_controller_s__rosidl_typesupport_introspection_c.cpython-310-x86_64-linux-gnu.so
-- Up-to-date: /home/raz/tehiru/Tehiru-Homework-assignment/drone_ws/install/virtual_ps_controller/local/lib/python3.10/dist-packages/virtual_ps_controller/_virtual_ps_controller_s.ep.rosidl_typesupport_c.c
-- Up-to-date: /home/raz/tehiru/Tehiru-Homework-assignment/drone_ws/install/virtual_ps_controller/local/lib/python3.10/dist-packages/virtual_ps_controller/msg
-- Up-to-date: /home/raz/tehiru/Tehiru-Homework-assignment/drone_ws/install/virtual_ps_controller/local/lib/python3.10/dist-packages/virtual_ps_controller/msg/_controller_state.py
-- Up-to-date: /home/raz/tehiru/Tehiru-Homework-assignment/drone_ws/install/virtual_ps_controller/local/lib/python3.10/dist-packages/virtual_ps_controller/msg/_button_state.py
-- Up-to-date: /home/raz/tehiru/Tehiru-Homework-assignment/drone_ws/install/virtual_ps_controller/local/lib/python3.10/dist-packages/virtual_ps_controller/msg/__init__.py
-- Up-to-date: /home/raz/tehiru/Tehiru-Homework-assignment/drone_ws/install/virtual_ps_controller/local/lib/python3.10/dist-packages/virtual_ps_controller/msg/_button_state_s.c
-- Up-to-date: /home/raz/tehiru/Tehiru-Homework-assignment/drone_ws/install/virtual_ps_controller/local/lib/python3.10/dist-packages/virtual_ps_controller/msg/_controller_state_s.c
-- Up-to-date: /home/raz/tehiru/Tehiru-Homework-assignment/drone_ws/install/virtual_ps_controller/local/lib/python3.10/dist-packages/virtual_ps_controller/_virtual_ps_controller_s.ep.rosidl_typesupport_introspection_c.c
-- Up-to-date: /home/raz/tehiru/Tehiru-Homework-assignment/drone_ws/install/virtual_ps_controller/local/lib/python3.10/dist-packages/virtual_ps_controller/__init__.py
-- Up-to-date: /home/raz/tehiru/Tehiru-Homework-assignment/drone_ws/install/virtual_ps_controller/local/lib/python3.10/dist-packages/virtual_ps_controller/_virtual_ps_controller_s.ep.rosidl_typesupport_fastrtps_c.c
-- Up-to-date: /home/raz/tehiru/Tehiru-Homework-assignment/drone_ws/install/virtual_ps_controller/local/lib/python3.10/dist-packages/virtual_ps_controller/srv
-- Up-to-date: /home/raz/tehiru/Tehiru-Homework-assignment/drone_ws/install/virtual_ps_controller/local/lib/python3.10/dist-packages/virtual_ps_controller/srv/_set_button.py
-- Up-to-date: /home/raz/tehiru/Tehiru-Homework-assignment/drone_ws/install/virtual_ps_controller/local/lib/python3.10/dist-packages/virtual_ps_controller/srv/__init__.py
-- Up-to-date: /home/raz/tehiru/Tehiru-Homework-assignment/drone_ws/install/virtual_ps_controller/local/lib/python3.10/dist-packages/virtual_ps_controller/srv/_set_button_s.c
-- Up-to-date: /home/raz/tehiru/Tehiru-Homework-assignment/drone_ws/install/virtual_ps_controller/local/lib/python3.10/dist-packages/virtual_ps_controller/libvirtual_ps_controller__rosidl_generator_py.so
Listing '/home/raz/tehiru/Tehiru-Homework-assignment/drone_ws/install/virtual_ps_controller/local/lib/python3.10/dist-packages/virtual_ps_controller'...
Listing '/home/raz/tehiru/Tehiru-Homework-assignment/drone_ws/install/virtual_ps_controller/local/lib/python3.10/dist-packages/virtual_ps_controller/msg'...
Listing '/home/raz/tehiru/Tehiru-Homework-assignment/drone_ws/install/virtual_ps_controller/local/lib/python3.10/dist-packages/virtual_ps_controller/srv'...
-- Up-to-date: /home/raz/tehiru/Tehiru-Homework-assignment/drone_ws/install/virtual_ps_controller/local/lib/python3.10/dist-packages/virtual_ps_controller/virtual_ps_controller_s__rosidl_typesupport_fastrtps_c.cpython-310-x86_64-linux-gnu.so
-- Up-to-date: /home/raz/tehiru/Tehiru-Homework-assignment/drone_ws/install/virtual_ps_controller/local/lib/python3.10/dist-packages/virtual_ps_controller/virtual_ps_controller_s__rosidl_typesupport_introspection_c.cpython-310-x86_64-linux-gnu.so
-- Up-to-date: /home/raz/tehiru/Tehiru-Homework-assignment/drone_ws/install/virtual_ps_controller/local/lib/python3.10/dist-packages/virtual_ps_controller/virtual_ps_controller_s__rosidl_typesupport_c.cpython-310-x86_64-linux-gnu.so
-- Up-to-date: /home/raz/tehiru/Tehiru-Homework-assignment/drone_ws/install/virtual_ps_controller/lib/libvirtual_ps_controller__rosidl_generator_py.so
-- Up-to-date: /home/raz/tehiru/Tehiru-Homework-assignment/drone_ws/install/virtual_ps_controller/share/virtual_ps_controller/msg/ButtonState.idl
-- Up-to-date: /home/raz/tehiru/Tehiru-Homework-assignment/drone_ws/install/virtual_ps_controller/share/virtual_ps_controller/msg/ControllerState.idl
-- Up-to-date: /home/raz/tehiru/Tehiru-Homework-assignment/drone_ws/install/virtual_ps_controller/share/virtual_ps_controller/srv/SetButton.idl
-- Up-to-date: /home/raz/tehiru/Tehiru-Homework-assignment/drone_ws/install/virtual_ps_controller/share/virtual_ps_controller/msg/ButtonState.msg
-- Up-to-date: /home/raz/tehiru/Tehiru-Homework-assignment/drone_ws/install/virtual_ps_controller/share/virtual_ps_controller/msg/ControllerState.msg
-- Up-to-date: /home/raz/tehiru/Tehiru-Homework-assignment/drone_ws/install/virtual_ps_controller/share/virtual_ps_controller/srv/SetButton.srv
-- Up-to-date: /home/raz/tehiru/Tehiru-Homework-assignment/drone_ws/install/virtual_ps_controller/share/virtual_ps_controller/srv/SetButton_Request.msg
-- Up-to-date: /home/raz/tehiru/Tehiru-Homework-assignment/drone_ws/install/virtual_ps_controller/share/virtual_ps_controller/srv/SetButton_Response.msg
-- Up-to-date: /home/raz/tehiru/Tehiru-Homework-assignment/drone_ws/install/virtual_ps_controller/lib/virtual_ps_controller/ps_controller_node
-- Up-to-date: /home/raz/tehiru/Tehiru-Homework-assignment/drone_ws/install/virtual_ps_controller/include/include
-- Up-to-date: /home/raz/tehiru/Tehiru-Homework-assignment/drone_ws/install/virtual_ps_controller/include/include/virtual_ps_controller
-- Up-to-date: /home/raz/tehiru/Tehiru-Homework-assignment/drone_ws/install/virtual_ps_controller/include/include/virtual_ps_controller/ps_controller.hpp
-- Up-to-date: /home/raz/tehiru/Tehiru-Homework-assignment/drone_ws/install/virtual_ps_controller/include/include/virtual_ps_controller/controller.hpp
-- Up-to-date: /home/raz/tehiru/Tehiru-Homework-assignment/drone_ws/install/virtual_ps_controller/share/virtual_ps_controller/launch
-- Up-to-date: /home/raz/tehiru/Tehiru-Homework-assignment/drone_ws/install/virtual_ps_controller/share/virtual_ps_controller/launch/virtual_ps_controller.launch.py
-- Up-to-date: /home/raz/tehiru/Tehiru-Homework-assignment/drone_ws/install/virtual_ps_controller/share/virtual_ps_controller/config
-- Up-to-date: /home/raz/tehiru/Tehiru-Homework-assignment/drone_ws/install/virtual_ps_controller/share/ament_index/resource_index/package_run_dependencies/virtual_ps_controller
-- Up-to-date: /home/raz/tehiru/Tehiru-Homework-assignment/drone_ws/install/virtual_ps_controller/share/ament_index/resource_index/parent_prefix_path/virtual_ps_controller
-- Up-to-date: /home/raz/tehiru/Tehiru-Homework-assignment/drone_ws/install/virtual_ps_controller/share/virtual_ps_controller/environment/ament_prefix_path.sh
-- Up-to-date: /home/raz/tehiru/Tehiru-Homework-assignment/drone_ws/install/virtual_ps_controller/share/virtual_ps_controller/environment/ament_prefix_path.dsv
-- Up-to-date: /home/raz/tehiru/Tehiru-Homework-assignment/drone_ws/install/virtual_ps_controller/share/virtual_ps_controller/environment/path.sh
-- Up-to-date: /home/raz/tehiru/Tehiru-Homework-assignment/drone_ws/install/virtual_ps_controller/share/virtual_ps_controller/environment/path.dsv
-- Up-to-date: /home/raz/tehiru/Tehiru-Homework-assignment/drone_ws/install/virtual_ps_controller/share/virtual_ps_controller/local_setup.bash
-- Up-to-date: /home/raz/tehiru/Tehiru-Homework-assignment/drone_ws/install/virtual_ps_controller/share/virtual_ps_controller/local_setup.sh
-- Up-to-date: /home/raz/tehiru/Tehiru-Homework-assignment/drone_ws/install/virtual_ps_controller/share/virtual_ps_controller/local_setup.zsh
-- Up-to-date: /home/raz/tehiru/Tehiru-Homework-assignment/drone_ws/install/virtual_ps_controller/share/virtual_ps_controller/local_setup.dsv
-- Installing: /home/raz/tehiru/Tehiru-Homework-assignment/drone_ws/install/virtual_ps_controller/share/virtual_ps_controller/package.dsv
-- Up-to-date: /home/raz/tehiru/Tehiru-Homework-assignment/drone_ws/install/virtual_ps_controller/share/ament_index/resource_index/packages/virtual_ps_controller
-- Up-to-date: /home/raz/tehiru/Tehiru-Homework-assignment/drone_ws/install/virtual_ps_controller/share/virtual_ps_controller/cmake/export_virtual_ps_controller__rosidl_generator_cExport.cmake
-- Up-to-date: /home/raz/tehiru/Tehiru-Homework-assignment/drone_ws/install/virtual_ps_controller/share/virtual_ps_controller/cmake/export_virtual_ps_controller__rosidl_generator_cExport-noconfig.cmake
-- Up-to-date: /home/raz/tehiru/Tehiru-Homework-assignment/drone_ws/install/virtual_ps_controller/share/virtual_ps_controller/cmake/export_virtual_ps_controller__rosidl_typesupport_fastrtps_cExport.cmake
-- Up-to-date: /home/raz/tehiru/Tehiru-Homework-assignment/drone_ws/install/virtual_ps_controller/share/virtual_ps_controller/cmake/export_virtual_ps_controller__rosidl_typesupport_fastrtps_cExport-noconfig.cmake
-- Up-to-date: /home/raz/tehiru/Tehiru-Homework-assignment/drone_ws/install/virtual_ps_controller/share/virtual_ps_controller/cmake/export_virtual_ps_controller__rosidl_generator_cppExport.cmake
-- Up-to-date: /home/raz/tehiru/Tehiru-Homework-assignment/drone_ws/install/virtual_ps_controller/share/virtual_ps_controller/cmake/export_virtual_ps_controller__rosidl_typesupport_fastrtps_cppExport.cmake
-- Up-to-date: /home/raz/tehiru/Tehiru-Homework-assignment/drone_ws/install/virtual_ps_controller/share/virtual_ps_controller/cmake/export_virtual_ps_controller__rosidl_typesupport_fastrtps_cppExport-noconfig.cmake
-- Up-to-date: /home/raz/tehiru/Tehiru-Homework-assignment/drone_ws/install/virtual_ps_controller/share/virtual_ps_controller/cmake/virtual_ps_controller__rosidl_typesupport_introspection_cExport.cmake
-- Up-to-date: /home/raz/tehiru/Tehiru-Homework-assignment/drone_ws/install/virtual_ps_controller/share/virtual_ps_controller/cmake/virtual_ps_controller__rosidl_typesupport_introspection_cExport-noconfig.cmake
-- Up-to-date: /home/raz/tehiru/Tehiru-Homework-assignment/drone_ws/install/virtual_ps_controller/share/virtual_ps_controller/cmake/virtual_ps_controller__rosidl_typesupport_cExport.cmake
-- Up-to-date: /home/raz/tehiru/Tehiru-Homework-assignment/drone_ws/install/virtual_ps_controller/share/virtual_ps_controller/cmake/virtual_ps_controller__rosidl_typesupport_cExport-noconfig.cmake
-- Up-to-date: /home/raz/tehiru/Tehiru-Homework-assignment/drone_ws/install/virtual_ps_controller/share/virtual_ps_controller/cmake/virtual_ps_controller__rosidl_typesupport_introspection_cppExport.cmake
-- Up-to-date: /home/raz/tehiru/Tehiru-Homework-assignment/drone_ws/install/virtual_ps_controller/share/virtual_ps_controller/cmake/virtual_ps_controller__rosidl_typesupport_introspection_cppExport-noconfig.cmake
-- Up-to-date: /home/raz/tehiru/Tehiru-Homework-assignment/drone_ws/install/virtual_ps_controller/share/virtual_ps_controller/cmake/virtual_ps_controller__rosidl_typesupport_cppExport.cmake
-- Up-to-date: /home/raz/tehiru/Tehiru-Homework-assignment/drone_ws/install/virtual_ps_controller/share/virtual_ps_controller/cmake/virtual_ps_controller__rosidl_typesupport_cppExport-noconfig.cmake
-- Up-to-date: /home/raz/tehiru/Tehiru-Homework-assignment/drone_ws/install/virtual_ps_controller/share/virtual_ps_controller/cmake/export_virtual_ps_controller__rosidl_generator_pyExport.cmake
-- Up-to-date: /home/raz/tehiru/Tehiru-Homework-assignment/drone_ws/install/virtual_ps_controller/share/virtual_ps_controller/cmake/export_virtual_ps_controller__rosidl_generator_pyExport-noconfig.cmake
-- Up-to-date: /home/raz/tehiru/Tehiru-Homework-assignment/drone_ws/install/virtual_ps_controller/share/virtual_ps_controller/cmake/rosidl_cmake-extras.cmake
-- Up-to-date: /home/raz/tehiru/Tehiru-Homework-assignment/drone_ws/install/virtual_ps_controller/share/virtual_ps_controller/cmake/ament_cmake_export_dependencies-extras.cmake
-- Up-to-date: /home/raz/tehiru/Tehiru-Homework-assignment/drone_ws/install/virtual_ps_controller/share/virtual_ps_controller/cmake/ament_cmake_export_include_directories-extras.cmake
-- Up-to-date: /home/raz/tehiru/Tehiru-Homework-assignment/drone_ws/install/virtual_ps_controller/share/virtual_ps_controller/cmake/ament_cmake_export_libraries-extras.cmake
-- Up-to-date: /home/raz/tehiru/Tehiru-Homework-assignment/drone_ws/install/virtual_ps_controller/share/virtual_ps_controller/cmake/ament_cmake_export_targets-extras.cmake
-- Up-to-date: /home/raz/tehiru/Tehiru-Homework-assignment/drone_ws/install/virtual_ps_controller/share/virtual_ps_controller/cmake/rosidl_cmake_export_typesupport_targets-extras.cmake
-- Up-to-date: /home/raz/tehiru/Tehiru-Homework-assignment/drone_ws/install/virtual_ps_controller/share/virtual_ps_controller/cmake/rosidl_cmake_export_typesupport_libraries-extras.cmake
-- Up-to-date: /home/raz/tehiru/Tehiru-Homework-assignment/drone_ws/install/virtual_ps_controller/share/virtual_ps_controller/cmake/virtual_ps_controllerConfig.cmake
-- Up-to-date: /home/raz/tehiru/Tehiru-Homework-assignment/drone_ws/install/virtual_ps_controller/share/virtual_ps_controller/cmake/virtual_ps_controllerConfig-version.cmake
-- Up-to-date: /home/raz/tehiru/Tehiru-Homework-assignment/drone_ws/install/virtual_ps_controller/share/virtual_ps_controller/package.xml
