[0.703s] Invoking command in '/home/raz/tehiru/Tehiru-Homework-assignment/drone_ws/build/liftoff_interface': PYTHONPATH=/home/raz/tehiru/Tehiru-Homework-assignment/drone_ws/build/liftoff_interface/prefix_override:/usr/lib/python3/dist-packages/colcon_core/task/python/colcon_distutils_commands:/home/raz/tehiru/Tehiru-Homework-assignment/drone_ws/install/liftoff_interface/lib/python3.10/site-packages:${PYTHONPATH} /usr/bin/python3 -W ignore:setup.py install is deprecated -W ignore:easy_install command is deprecated setup.py develop --editable --build-directory /home/raz/tehiru/Tehiru-Homework-assignment/drone_ws/build/liftoff_interface/build --no-deps symlink_data
[0.860s] running develop
[0.967s] running egg_info
[0.967s] writing liftoff_interface.egg-info/PKG-INFO
[0.967s] writing dependency_links to liftoff_interface.egg-info/dependency_links.txt
[0.967s] writing entry points to liftoff_interface.egg-info/entry_points.txt
[0.967s] writing requirements to liftoff_interface.egg-info/requires.txt
[0.968s] writing top-level names to liftoff_interface.egg-info/top_level.txt
[0.969s] reading manifest file 'liftoff_interface.egg-info/SOURCES.txt'
[0.969s] writing manifest file 'liftoff_interface.egg-info/SOURCES.txt'
[0.970s] running build_ext
[0.970s] Creating /home/raz/tehiru/Tehiru-Homework-assignment/drone_ws/install/liftoff_interface/lib/python3.10/site-packages/liftoff-interface.egg-link (link to .)
[0.970s] Installing drone_controller script to /home/raz/tehiru/Tehiru-Homework-assignment/drone_ws/install/liftoff_interface/lib/liftoff_interface
[0.970s] Installing liftoff_bridge script to /home/raz/tehiru/Tehiru-Homework-assignment/drone_ws/install/liftoff_interface/lib/liftoff_interface
[0.971s] Installing mock_obstacle_publisher script to /home/raz/tehiru/Tehiru-Homework-assignment/drone_ws/install/liftoff_interface/lib/liftoff_interface
[0.971s] Installing sensor_listener script to /home/raz/tehiru/Tehiru-Homework-assignment/drone_ws/install/liftoff_interface/lib/liftoff_interface
[0.971s] Installing target_selector script to /home/raz/tehiru/Tehiru-Homework-assignment/drone_ws/install/liftoff_interface/lib/liftoff_interface
[0.971s] 
[0.971s] Installed /home/raz/tehiru/Tehiru-Homework-assignment/drone_ws/build/liftoff_interface
[0.971s] running symlink_data
[0.996s] Invoked command in '/home/raz/tehiru/Tehiru-Homework-assignment/drone_ws/build/liftoff_interface' returned '0': PYTHONPATH=/home/raz/tehiru/Tehiru-Homework-assignment/drone_ws/build/liftoff_interface/prefix_override:/usr/lib/python3/dist-packages/colcon_core/task/python/colcon_distutils_commands:/home/raz/tehiru/Tehiru-Homework-assignment/drone_ws/install/liftoff_interface/lib/python3.10/site-packages:${PYTHONPATH} /usr/bin/python3 -W ignore:setup.py install is deprecated -W ignore:easy_install command is deprecated setup.py develop --editable --build-directory /home/raz/tehiru/Tehiru-Homework-assignment/drone_ws/build/liftoff_interface/build --no-deps symlink_data
