[0.346s] Invoking command in '/home/raz/tehiru/Tehiru-Homework-assignment/drone_ws/build/liftoff_utils': CMAKE_PREFIX_PATH=/opt/ros/humble /usr/bin/cmake --build /home/raz/tehiru/Tehiru-Homework-assignment/drone_ws/build/liftoff_utils -- -j24 -l24
[0.376s] [35m[1mConsolidate compiler generated dependencies of target liftoff_utils__rosidl_generator_c[0m
[0.384s] [ 12%] Built target liftoff_utils__rosidl_generator_c
[0.384s] [ 12%] Built target liftoff_utils__cpp
[0.390s] [ 12%] Built target ament_cmake_python_symlink_liftoff_utils
[0.391s] [35m[1mConsolidate compiler generated dependencies of target liftoff_utils__rosidl_typesupport_c[0m
[0.391s] [35m[1mConsolidate compiler generated dependencies of target liftoff_utils__rosidl_typesupport_introspection_c[0m
[0.393s] [35m[1mConsolidate compiler generated dependencies of target liftoff_utils__rosidl_typesupport_cpp[0m
[0.393s] [35m[1mConsolidate compiler generated dependencies of target liftoff_utils__rosidl_typesupport_introspection_cpp[0m
[0.393s] [35m[1mConsolidate compiler generated dependencies of target liftoff_utils__rosidl_typesupport_fastrtps_c[0m
[0.393s] [35m[1mConsolidate compiler generated dependencies of target liftoff_utils__rosidl_typesupport_fastrtps_cpp[0m
[0.398s] [ 22%] Built target liftoff_utils__rosidl_typesupport_introspection_c
[0.399s] [ 32%] Built target liftoff_utils__rosidl_typesupport_c
[0.401s] [ 41%] Built target liftoff_utils__rosidl_typesupport_introspection_cpp
[0.402s] [ 51%] Built target liftoff_utils__rosidl_typesupport_fastrtps_c
[0.402s] [ 61%] Built target liftoff_utils__rosidl_typesupport_cpp
[0.403s] [ 70%] Built target liftoff_utils__rosidl_typesupport_fastrtps_cpp
[0.417s] [ 70%] Built target liftoff_utils
[0.434s] [ 74%] Built target liftoff_utils__py
[0.442s] [35m[1mConsolidate compiler generated dependencies of target liftoff_utils__rosidl_generator_py[0m
[0.451s] [ 80%] Built target liftoff_utils__rosidl_generator_py
[0.458s] [35m[1mConsolidate compiler generated dependencies of target liftoff_utils__rosidl_typesupport_c__pyext[0m
[0.458s] [35m[1mConsolidate compiler generated dependencies of target liftoff_utils__rosidl_typesupport_introspection_c__pyext[0m
[0.458s] [35m[1mConsolidate compiler generated dependencies of target liftoff_utils__rosidl_typesupport_fastrtps_c__pyext[0m
[0.468s] [ 87%] Built target liftoff_utils__rosidl_typesupport_c__pyext
[0.468s] [ 93%] Built target liftoff_utils__rosidl_typesupport_fastrtps_c__pyext
[0.468s] [100%] Built target liftoff_utils__rosidl_typesupport_introspection_c__pyext
[0.548s] running egg_info
[0.548s] writing liftoff_utils.egg-info/PKG-INFO
[0.549s] writing dependency_links to liftoff_utils.egg-info/dependency_links.txt
[0.549s] writing top-level names to liftoff_utils.egg-info/top_level.txt
[0.550s] reading manifest file 'liftoff_utils.egg-info/SOURCES.txt'
[0.551s] writing manifest file 'liftoff_utils.egg-info/SOURCES.txt'
[0.570s] [100%] Built target ament_cmake_python_build_liftoff_utils_egg
[0.579s] Invoked command in '/home/raz/tehiru/Tehiru-Homework-assignment/drone_ws/build/liftoff_utils' returned '0': CMAKE_PREFIX_PATH=/opt/ros/humble /usr/bin/cmake --build /home/raz/tehiru/Tehiru-Homework-assignment/drone_ws/build/liftoff_utils -- -j24 -l24
[0.585s] Invoking command in '/home/raz/tehiru/Tehiru-Homework-assignment/drone_ws/build/liftoff_utils': CMAKE_PREFIX_PATH=/opt/ros/humble /usr/bin/cmake --install /home/raz/tehiru/Tehiru-Homework-assignment/drone_ws/build/liftoff_utils
[0.591s] -- Install configuration: ""
[0.591s] -- Execute custom install script
[0.591s] -- Up-to-date symlink: /home/raz/tehiru/Tehiru-Homework-assignment/drone_ws/install/liftoff_utils/share/ament_index/resource_index/rosidl_interfaces/liftoff_utils
[0.591s] -- Up-to-date symlink: /home/raz/tehiru/Tehiru-Homework-assignment/drone_ws/install/liftoff_utils/include/liftoff_utils/liftoff_utils/msg/rosidl_generator_c__visibility_control.h
[0.592s] -- Up-to-date symlink: /home/raz/tehiru/Tehiru-Homework-assignment/drone_ws/install/liftoff_utils/include/liftoff_utils/liftoff_utils/srv/detail/target_navigation__functions.h
[0.592s] -- Up-to-date symlink: /home/raz/tehiru/Tehiru-Homework-assignment/drone_ws/install/liftoff_utils/include/liftoff_utils/liftoff_utils/srv/detail/target_navigation__struct.h
[0.592s] -- Up-to-date symlink: /home/raz/tehiru/Tehiru-Homework-assignment/drone_ws/install/liftoff_utils/include/liftoff_utils/liftoff_utils/srv/detail/target_navigation__type_support.h
[0.592s] -- Up-to-date symlink: /home/raz/tehiru/Tehiru-Homework-assignment/drone_ws/install/liftoff_utils/include/liftoff_utils/liftoff_utils/srv/target_navigation.h
[0.592s] -- Up-to-date symlink: /home/raz/tehiru/Tehiru-Homework-assignment/drone_ws/install/liftoff_utils/share/liftoff_utils/environment/library_path.sh
[0.592s] -- Up-to-date symlink: /home/raz/tehiru/Tehiru-Homework-assignment/drone_ws/install/liftoff_utils/share/liftoff_utils/environment/library_path.dsv
[0.592s] -- Up-to-date symlink: /home/raz/tehiru/Tehiru-Homework-assignment/drone_ws/install/liftoff_utils/include/liftoff_utils/liftoff_utils/msg/rosidl_typesupport_fastrtps_c__visibility_control.h
[0.592s] -- Up-to-date symlink: /home/raz/tehiru/Tehiru-Homework-assignment/drone_ws/install/liftoff_utils/include/liftoff_utils/liftoff_utils/srv/detail/target_navigation__rosidl_typesupport_fastrtps_c.h
[0.592s] -- Up-to-date symlink: /home/raz/tehiru/Tehiru-Homework-assignment/drone_ws/install/liftoff_utils/include/liftoff_utils/liftoff_utils/msg/rosidl_generator_cpp__visibility_control.hpp
[0.592s] -- Up-to-date symlink: /home/raz/tehiru/Tehiru-Homework-assignment/drone_ws/install/liftoff_utils/include/liftoff_utils/liftoff_utils/srv/detail/target_navigation__builder.hpp
[0.593s] -- Up-to-date symlink: /home/raz/tehiru/Tehiru-Homework-assignment/drone_ws/install/liftoff_utils/include/liftoff_utils/liftoff_utils/srv/detail/target_navigation__struct.hpp
[0.593s] -- Up-to-date symlink: /home/raz/tehiru/Tehiru-Homework-assignment/drone_ws/install/liftoff_utils/include/liftoff_utils/liftoff_utils/srv/detail/target_navigation__traits.hpp
[0.593s] -- Up-to-date symlink: /home/raz/tehiru/Tehiru-Homework-assignment/drone_ws/install/liftoff_utils/include/liftoff_utils/liftoff_utils/srv/detail/target_navigation__type_support.hpp
[0.593s] -- Up-to-date symlink: /home/raz/tehiru/Tehiru-Homework-assignment/drone_ws/install/liftoff_utils/include/liftoff_utils/liftoff_utils/srv/target_navigation.hpp
[0.593s] -- Up-to-date symlink: /home/raz/tehiru/Tehiru-Homework-assignment/drone_ws/install/liftoff_utils/include/liftoff_utils/liftoff_utils/msg/rosidl_typesupport_fastrtps_cpp__visibility_control.h
[0.593s] -- Up-to-date symlink: /home/raz/tehiru/Tehiru-Homework-assignment/drone_ws/install/liftoff_utils/include/liftoff_utils/liftoff_utils/srv/detail/target_navigation__rosidl_typesupport_fastrtps_cpp.hpp
[0.593s] -- Up-to-date symlink: /home/raz/tehiru/Tehiru-Homework-assignment/drone_ws/install/liftoff_utils/include/liftoff_utils/liftoff_utils/msg/rosidl_typesupport_introspection_c__visibility_control.h
[0.593s] -- Up-to-date symlink: /home/raz/tehiru/Tehiru-Homework-assignment/drone_ws/install/liftoff_utils/include/liftoff_utils/liftoff_utils/srv/detail/target_navigation__rosidl_typesupport_introspection_c.h
[0.593s] -- Up-to-date symlink: /home/raz/tehiru/Tehiru-Homework-assignment/drone_ws/install/liftoff_utils/include/liftoff_utils/liftoff_utils/srv/detail/target_navigation__rosidl_typesupport_introspection_cpp.hpp
[0.594s] -- Up-to-date symlink: /home/raz/tehiru/Tehiru-Homework-assignment/drone_ws/install/liftoff_utils/share/liftoff_utils/environment/pythonpath.sh
[0.594s] -- Up-to-date symlink: /home/raz/tehiru/Tehiru-Homework-assignment/drone_ws/install/liftoff_utils/share/liftoff_utils/environment/pythonpath.dsv
[0.594s] -- Up-to-date symlink: /home/raz/tehiru/Tehiru-Homework-assignment/drone_ws/install/liftoff_utils/local/lib/python3.10/dist-packages/liftoff_utils-0.0.0-py3.10.egg-info/PKG-INFO
[0.594s] -- Up-to-date symlink: /home/raz/tehiru/Tehiru-Homework-assignment/drone_ws/install/liftoff_utils/local/lib/python3.10/dist-packages/liftoff_utils-0.0.0-py3.10.egg-info/SOURCES.txt
[0.594s] -- Up-to-date symlink: /home/raz/tehiru/Tehiru-Homework-assignment/drone_ws/install/liftoff_utils/local/lib/python3.10/dist-packages/liftoff_utils-0.0.0-py3.10.egg-info/dependency_links.txt
[0.594s] -- Up-to-date symlink: /home/raz/tehiru/Tehiru-Homework-assignment/drone_ws/install/liftoff_utils/local/lib/python3.10/dist-packages/liftoff_utils-0.0.0-py3.10.egg-info/top_level.txt
[0.594s] -- Up-to-date symlink: /home/raz/tehiru/Tehiru-Homework-assignment/drone_ws/install/liftoff_utils/local/lib/python3.10/dist-packages/liftoff_utils/__init__.py
[0.594s] -- Up-to-date symlink: /home/raz/tehiru/Tehiru-Homework-assignment/drone_ws/install/liftoff_utils/local/lib/python3.10/dist-packages/liftoff_utils/_liftoff_utils_s.ep.rosidl_typesupport_c.c
[0.594s] -- Up-to-date symlink: /home/raz/tehiru/Tehiru-Homework-assignment/drone_ws/install/liftoff_utils/local/lib/python3.10/dist-packages/liftoff_utils/_liftoff_utils_s.ep.rosidl_typesupport_fastrtps_c.c
[0.594s] -- Up-to-date symlink: /home/raz/tehiru/Tehiru-Homework-assignment/drone_ws/install/liftoff_utils/local/lib/python3.10/dist-packages/liftoff_utils/_liftoff_utils_s.ep.rosidl_typesupport_introspection_c.c
[0.595s] -- Up-to-date symlink: /home/raz/tehiru/Tehiru-Homework-assignment/drone_ws/install/liftoff_utils/local/lib/python3.10/dist-packages/liftoff_utils/libliftoff_utils__rosidl_generator_py.so
[0.595s] -- Up-to-date symlink: /home/raz/tehiru/Tehiru-Homework-assignment/drone_ws/install/liftoff_utils/local/lib/python3.10/dist-packages/liftoff_utils/liftoff_utils_s__rosidl_typesupport_c.cpython-310-x86_64-linux-gnu.so
[0.595s] -- Up-to-date symlink: /home/raz/tehiru/Tehiru-Homework-assignment/drone_ws/install/liftoff_utils/local/lib/python3.10/dist-packages/liftoff_utils/liftoff_utils_s__rosidl_typesupport_fastrtps_c.cpython-310-x86_64-linux-gnu.so
[0.595s] -- Up-to-date symlink: /home/raz/tehiru/Tehiru-Homework-assignment/drone_ws/install/liftoff_utils/local/lib/python3.10/dist-packages/liftoff_utils/liftoff_utils_s__rosidl_typesupport_introspection_c.cpython-310-x86_64-linux-gnu.so
[0.595s] -- Up-to-date symlink: /home/raz/tehiru/Tehiru-Homework-assignment/drone_ws/install/liftoff_utils/local/lib/python3.10/dist-packages/liftoff_utils/srv/__init__.py
[0.595s] -- Up-to-date symlink: /home/raz/tehiru/Tehiru-Homework-assignment/drone_ws/install/liftoff_utils/local/lib/python3.10/dist-packages/liftoff_utils/srv/_target_navigation.py
[0.595s] -- Up-to-date symlink: /home/raz/tehiru/Tehiru-Homework-assignment/drone_ws/install/liftoff_utils/local/lib/python3.10/dist-packages/liftoff_utils/srv/_target_navigation_s.c
[0.595s] -- Up-to-date symlink: /home/raz/tehiru/Tehiru-Homework-assignment/drone_ws/install/liftoff_utils/local/lib/python3.10/dist-packages/liftoff_utils/liftoff_utils_s__rosidl_typesupport_fastrtps_c.cpython-310-x86_64-linux-gnu.so
[0.595s] -- Up-to-date symlink: /home/raz/tehiru/Tehiru-Homework-assignment/drone_ws/install/liftoff_utils/local/lib/python3.10/dist-packages/liftoff_utils/liftoff_utils_s__rosidl_typesupport_introspection_c.cpython-310-x86_64-linux-gnu.so
[0.595s] -- Up-to-date symlink: /home/raz/tehiru/Tehiru-Homework-assignment/drone_ws/install/liftoff_utils/local/lib/python3.10/dist-packages/liftoff_utils/liftoff_utils_s__rosidl_typesupport_c.cpython-310-x86_64-linux-gnu.so
[0.595s] -- Up-to-date symlink: /home/raz/tehiru/Tehiru-Homework-assignment/drone_ws/install/liftoff_utils/share/liftoff_utils/srv/TargetNavigation.idl
[0.595s] -- Up-to-date symlink: /home/raz/tehiru/Tehiru-Homework-assignment/drone_ws/install/liftoff_utils/share/liftoff_utils/srv/TargetNavigation.srv
[0.596s] -- Up-to-date symlink: /home/raz/tehiru/Tehiru-Homework-assignment/drone_ws/install/liftoff_utils/share/liftoff_utils/srv/TargetNavigation_Request.msg
[0.596s] -- Up-to-date symlink: /home/raz/tehiru/Tehiru-Homework-assignment/drone_ws/install/liftoff_utils/share/liftoff_utils/srv/TargetNavigation_Response.msg
[0.596s] -- Up-to-date symlink: /home/raz/tehiru/Tehiru-Homework-assignment/drone_ws/install/liftoff_utils/share/ament_index/resource_index/package_run_dependencies/liftoff_utils
[0.596s] -- Up-to-date symlink: /home/raz/tehiru/Tehiru-Homework-assignment/drone_ws/install/liftoff_utils/share/ament_index/resource_index/parent_prefix_path/liftoff_utils
[0.596s] -- Up-to-date symlink: /home/raz/tehiru/Tehiru-Homework-assignment/drone_ws/install/liftoff_utils/share/liftoff_utils/environment/ament_prefix_path.sh
[0.596s] -- Up-to-date symlink: /home/raz/tehiru/Tehiru-Homework-assignment/drone_ws/install/liftoff_utils/share/liftoff_utils/environment/ament_prefix_path.dsv
[0.596s] -- Up-to-date symlink: /home/raz/tehiru/Tehiru-Homework-assignment/drone_ws/install/liftoff_utils/share/liftoff_utils/environment/path.sh
[0.596s] -- Up-to-date symlink: /home/raz/tehiru/Tehiru-Homework-assignment/drone_ws/install/liftoff_utils/share/liftoff_utils/environment/path.dsv
[0.596s] -- Up-to-date symlink: /home/raz/tehiru/Tehiru-Homework-assignment/drone_ws/install/liftoff_utils/share/liftoff_utils/local_setup.bash
[0.596s] -- Up-to-date symlink: /home/raz/tehiru/Tehiru-Homework-assignment/drone_ws/install/liftoff_utils/share/liftoff_utils/local_setup.sh
[0.596s] -- Up-to-date symlink: /home/raz/tehiru/Tehiru-Homework-assignment/drone_ws/install/liftoff_utils/share/liftoff_utils/local_setup.zsh
[0.596s] -- Up-to-date symlink: /home/raz/tehiru/Tehiru-Homework-assignment/drone_ws/install/liftoff_utils/share/liftoff_utils/local_setup.dsv
[0.597s] -- Symlinking: /home/raz/tehiru/Tehiru-Homework-assignment/drone_ws/install/liftoff_utils/share/liftoff_utils/package.dsv
[0.602s] -- Up-to-date symlink: /home/raz/tehiru/Tehiru-Homework-assignment/drone_ws/install/liftoff_utils/share/ament_index/resource_index/packages/liftoff_utils
[0.602s] -- Up-to-date symlink: /home/raz/tehiru/Tehiru-Homework-assignment/drone_ws/install/liftoff_utils/share/liftoff_utils/cmake/rosidl_cmake-extras.cmake
[0.602s] -- Up-to-date symlink: /home/raz/tehiru/Tehiru-Homework-assignment/drone_ws/install/liftoff_utils/share/liftoff_utils/cmake/ament_cmake_export_dependencies-extras.cmake
[0.602s] -- Up-to-date symlink: /home/raz/tehiru/Tehiru-Homework-assignment/drone_ws/install/liftoff_utils/share/liftoff_utils/cmake/ament_cmake_export_include_directories-extras.cmake
[0.603s] -- Up-to-date symlink: /home/raz/tehiru/Tehiru-Homework-assignment/drone_ws/install/liftoff_utils/share/liftoff_utils/cmake/ament_cmake_export_libraries-extras.cmake
[0.603s] -- Up-to-date symlink: /home/raz/tehiru/Tehiru-Homework-assignment/drone_ws/install/liftoff_utils/share/liftoff_utils/cmake/ament_cmake_export_targets-extras.cmake
[0.603s] -- Up-to-date symlink: /home/raz/tehiru/Tehiru-Homework-assignment/drone_ws/install/liftoff_utils/share/liftoff_utils/cmake/rosidl_cmake_export_typesupport_targets-extras.cmake
[0.603s] -- Up-to-date symlink: /home/raz/tehiru/Tehiru-Homework-assignment/drone_ws/install/liftoff_utils/share/liftoff_utils/cmake/rosidl_cmake_export_typesupport_libraries-extras.cmake
[0.603s] -- Up-to-date symlink: /home/raz/tehiru/Tehiru-Homework-assignment/drone_ws/install/liftoff_utils/share/liftoff_utils/cmake/liftoff_utilsConfig.cmake
[0.603s] -- Up-to-date symlink: /home/raz/tehiru/Tehiru-Homework-assignment/drone_ws/install/liftoff_utils/share/liftoff_utils/cmake/liftoff_utilsConfig-version.cmake
[0.603s] -- Up-to-date symlink: /home/raz/tehiru/Tehiru-Homework-assignment/drone_ws/install/liftoff_utils/share/liftoff_utils/package.xml
[0.603s] -- Up-to-date: /home/raz/tehiru/Tehiru-Homework-assignment/drone_ws/install/liftoff_utils/lib/libliftoff_utils__rosidl_generator_c.so
[0.603s] -- Up-to-date: /home/raz/tehiru/Tehiru-Homework-assignment/drone_ws/install/liftoff_utils/lib/libliftoff_utils__rosidl_typesupport_fastrtps_c.so
[0.603s] -- Up-to-date: /home/raz/tehiru/Tehiru-Homework-assignment/drone_ws/install/liftoff_utils/lib/libliftoff_utils__rosidl_typesupport_fastrtps_cpp.so
[0.604s] -- Up-to-date: /home/raz/tehiru/Tehiru-Homework-assignment/drone_ws/install/liftoff_utils/lib/libliftoff_utils__rosidl_typesupport_introspection_c.so
[0.604s] -- Up-to-date: /home/raz/tehiru/Tehiru-Homework-assignment/drone_ws/install/liftoff_utils/lib/libliftoff_utils__rosidl_typesupport_c.so
[0.604s] -- Up-to-date: /home/raz/tehiru/Tehiru-Homework-assignment/drone_ws/install/liftoff_utils/lib/libliftoff_utils__rosidl_typesupport_introspection_cpp.so
[0.604s] -- Up-to-date: /home/raz/tehiru/Tehiru-Homework-assignment/drone_ws/install/liftoff_utils/lib/libliftoff_utils__rosidl_typesupport_cpp.so
[0.628s] Listing '/home/raz/tehiru/Tehiru-Homework-assignment/drone_ws/install/liftoff_utils/local/lib/python3.10/dist-packages/liftoff_utils'...
[0.628s] Listing '/home/raz/tehiru/Tehiru-Homework-assignment/drone_ws/install/liftoff_utils/local/lib/python3.10/dist-packages/liftoff_utils/srv'...
[0.631s] -- Up-to-date: /home/raz/tehiru/Tehiru-Homework-assignment/drone_ws/install/liftoff_utils/lib/libliftoff_utils__rosidl_generator_py.so
[0.631s] -- Up-to-date: /home/raz/tehiru/Tehiru-Homework-assignment/drone_ws/install/liftoff_utils/share/liftoff_utils/cmake/export_liftoff_utils__rosidl_generator_cExport.cmake
[0.631s] -- Up-to-date: /home/raz/tehiru/Tehiru-Homework-assignment/drone_ws/install/liftoff_utils/share/liftoff_utils/cmake/export_liftoff_utils__rosidl_generator_cExport-noconfig.cmake
[0.631s] -- Up-to-date: /home/raz/tehiru/Tehiru-Homework-assignment/drone_ws/install/liftoff_utils/share/liftoff_utils/cmake/export_liftoff_utils__rosidl_typesupport_fastrtps_cExport.cmake
[0.631s] -- Up-to-date: /home/raz/tehiru/Tehiru-Homework-assignment/drone_ws/install/liftoff_utils/share/liftoff_utils/cmake/export_liftoff_utils__rosidl_typesupport_fastrtps_cExport-noconfig.cmake
[0.631s] -- Up-to-date: /home/raz/tehiru/Tehiru-Homework-assignment/drone_ws/install/liftoff_utils/share/liftoff_utils/cmake/export_liftoff_utils__rosidl_generator_cppExport.cmake
[0.631s] -- Up-to-date: /home/raz/tehiru/Tehiru-Homework-assignment/drone_ws/install/liftoff_utils/share/liftoff_utils/cmake/export_liftoff_utils__rosidl_typesupport_fastrtps_cppExport.cmake
[0.631s] -- Up-to-date: /home/raz/tehiru/Tehiru-Homework-assignment/drone_ws/install/liftoff_utils/share/liftoff_utils/cmake/export_liftoff_utils__rosidl_typesupport_fastrtps_cppExport-noconfig.cmake
[0.631s] -- Up-to-date: /home/raz/tehiru/Tehiru-Homework-assignment/drone_ws/install/liftoff_utils/share/liftoff_utils/cmake/liftoff_utils__rosidl_typesupport_introspection_cExport.cmake
[0.631s] -- Up-to-date: /home/raz/tehiru/Tehiru-Homework-assignment/drone_ws/install/liftoff_utils/share/liftoff_utils/cmake/liftoff_utils__rosidl_typesupport_introspection_cExport-noconfig.cmake
[0.631s] -- Up-to-date: /home/raz/tehiru/Tehiru-Homework-assignment/drone_ws/install/liftoff_utils/share/liftoff_utils/cmake/liftoff_utils__rosidl_typesupport_cExport.cmake
[0.632s] -- Up-to-date: /home/raz/tehiru/Tehiru-Homework-assignment/drone_ws/install/liftoff_utils/share/liftoff_utils/cmake/liftoff_utils__rosidl_typesupport_cExport-noconfig.cmake
[0.632s] -- Up-to-date: /home/raz/tehiru/Tehiru-Homework-assignment/drone_ws/install/liftoff_utils/share/liftoff_utils/cmake/liftoff_utils__rosidl_typesupport_introspection_cppExport.cmake
[0.632s] -- Up-to-date: /home/raz/tehiru/Tehiru-Homework-assignment/drone_ws/install/liftoff_utils/share/liftoff_utils/cmake/liftoff_utils__rosidl_typesupport_introspection_cppExport-noconfig.cmake
[0.632s] -- Up-to-date: /home/raz/tehiru/Tehiru-Homework-assignment/drone_ws/install/liftoff_utils/share/liftoff_utils/cmake/liftoff_utils__rosidl_typesupport_cppExport.cmake
[0.632s] -- Up-to-date: /home/raz/tehiru/Tehiru-Homework-assignment/drone_ws/install/liftoff_utils/share/liftoff_utils/cmake/liftoff_utils__rosidl_typesupport_cppExport-noconfig.cmake
[0.632s] -- Up-to-date: /home/raz/tehiru/Tehiru-Homework-assignment/drone_ws/install/liftoff_utils/share/liftoff_utils/cmake/export_liftoff_utils__rosidl_generator_pyExport.cmake
[0.632s] -- Up-to-date: /home/raz/tehiru/Tehiru-Homework-assignment/drone_ws/install/liftoff_utils/share/liftoff_utils/cmake/export_liftoff_utils__rosidl_generator_pyExport-noconfig.cmake
[0.634s] Invoked command in '/home/raz/tehiru/Tehiru-Homework-assignment/drone_ws/build/liftoff_utils' returned '0': CMAKE_PREFIX_PATH=/opt/ros/humble /usr/bin/cmake --install /home/raz/tehiru/Tehiru-Homework-assignment/drone_ws/build/liftoff_utils
