[0.414s] Invoking command in '/home/raz/tehiru/Tehiru-Homework-assignment/drone_ws/src/liftoff_interface': PYTHONPATH=/home/raz/tehiru/Tehiru-Homework-assignment/drone_ws/build/liftoff_interface/prefix_override:/usr/lib/python3/dist-packages/colcon_core/task/python/colcon_distutils_commands:/home/raz/tehiru/Tehiru-Homework-assignment/drone_ws/install/liftoff_interface/lib/python3.10/site-packages:${PYTHONPATH} /usr/bin/python3 -W ignore:setup.py install is deprecated -W ignore:easy_install command is deprecated setup.py egg_info --egg-base ../../build/liftoff_interface build --build-base /home/raz/tehiru/Tehiru-Homework-assignment/drone_ws/build/liftoff_interface/build install --record /home/raz/tehiru/Tehiru-Homework-assignment/drone_ws/build/liftoff_interface/install.log --single-version-externally-managed install_data
[0.569s] running egg_info
[0.570s] writing ../../build/liftoff_interface/liftoff_interface.egg-info/PKG-INFO
[0.570s] writing dependency_links to ../../build/liftoff_interface/liftoff_interface.egg-info/dependency_links.txt
[0.570s] writing entry points to ../../build/liftoff_interface/liftoff_interface.egg-info/entry_points.txt
[0.570s] writing requirements to ../../build/liftoff_interface/liftoff_interface.egg-info/requires.txt
[0.570s] writing top-level names to ../../build/liftoff_interface/liftoff_interface.egg-info/top_level.txt
[0.571s] reading manifest file '../../build/liftoff_interface/liftoff_interface.egg-info/SOURCES.txt'
[0.571s] writing manifest file '../../build/liftoff_interface/liftoff_interface.egg-info/SOURCES.txt'
[0.572s] running build
[0.572s] running build_py
[0.572s] copying liftoff_interface/mock_obstacle_publisher.py -> /home/raz/tehiru/Tehiru-Homework-assignment/drone_ws/build/liftoff_interface/build/lib/liftoff_interface
[0.572s] copying liftoff_interface/drone_controller.py -> /home/raz/tehiru/Tehiru-Homework-assignment/drone_ws/build/liftoff_interface/build/lib/liftoff_interface
[0.572s] running install
[0.572s] running install_lib
[0.573s] copying /home/raz/tehiru/Tehiru-Homework-assignment/drone_ws/build/liftoff_interface/build/lib/liftoff_interface/mock_obstacle_publisher.py -> /home/raz/tehiru/Tehiru-Homework-assignment/drone_ws/install/liftoff_interface/lib/python3.10/site-packages/liftoff_interface
[0.573s] copying /home/raz/tehiru/Tehiru-Homework-assignment/drone_ws/build/liftoff_interface/build/lib/liftoff_interface/drone_controller.py -> /home/raz/tehiru/Tehiru-Homework-assignment/drone_ws/install/liftoff_interface/lib/python3.10/site-packages/liftoff_interface
[0.573s] byte-compiling /home/raz/tehiru/Tehiru-Homework-assignment/drone_ws/install/liftoff_interface/lib/python3.10/site-packages/liftoff_interface/mock_obstacle_publisher.py to mock_obstacle_publisher.cpython-310.pyc
[0.573s] byte-compiling /home/raz/tehiru/Tehiru-Homework-assignment/drone_ws/install/liftoff_interface/lib/python3.10/site-packages/liftoff_interface/drone_controller.py to drone_controller.cpython-310.pyc
[0.574s] running install_data
[0.574s] running install_egg_info
[0.575s] removing '/home/raz/tehiru/Tehiru-Homework-assignment/drone_ws/install/liftoff_interface/lib/python3.10/site-packages/liftoff_interface-0.0.0-py3.10.egg-info' (and everything under it)
[0.575s] Copying ../../build/liftoff_interface/liftoff_interface.egg-info to /home/raz/tehiru/Tehiru-Homework-assignment/drone_ws/install/liftoff_interface/lib/python3.10/site-packages/liftoff_interface-0.0.0-py3.10.egg-info
[0.575s] running install_scripts
[0.589s] Installing drone_controller script to /home/raz/tehiru/Tehiru-Homework-assignment/drone_ws/install/liftoff_interface/lib/liftoff_interface
[0.589s] Installing liftoff_bridge script to /home/raz/tehiru/Tehiru-Homework-assignment/drone_ws/install/liftoff_interface/lib/liftoff_interface
[0.589s] Installing mock_obstacle_publisher script to /home/raz/tehiru/Tehiru-Homework-assignment/drone_ws/install/liftoff_interface/lib/liftoff_interface
[0.589s] Installing sensor_listener script to /home/raz/tehiru/Tehiru-Homework-assignment/drone_ws/install/liftoff_interface/lib/liftoff_interface
[0.589s] Installing target_selector script to /home/raz/tehiru/Tehiru-Homework-assignment/drone_ws/install/liftoff_interface/lib/liftoff_interface
[0.589s] writing list of installed files to '/home/raz/tehiru/Tehiru-Homework-assignment/drone_ws/build/liftoff_interface/install.log'
[0.602s] Invoked command in '/home/raz/tehiru/Tehiru-Homework-assignment/drone_ws/src/liftoff_interface' returned '0': PYTHONPATH=/home/raz/tehiru/Tehiru-Homework-assignment/drone_ws/build/liftoff_interface/prefix_override:/usr/lib/python3/dist-packages/colcon_core/task/python/colcon_distutils_commands:/home/raz/tehiru/Tehiru-Homework-assignment/drone_ws/install/liftoff_interface/lib/python3.10/site-packages:${PYTHONPATH} /usr/bin/python3 -W ignore:setup.py install is deprecated -W ignore:easy_install command is deprecated setup.py egg_info --egg-base ../../build/liftoff_interface build --build-base /home/raz/tehiru/Tehiru-Homework-assignment/drone_ws/build/liftoff_interface/build install --record /home/raz/tehiru/Tehiru-Homework-assignment/drone_ws/build/liftoff_interface/install.log --single-version-externally-managed install_data
