[0.745s] Invoking command in '/home/raz/tehiru/Tehiru-Homework-assignment/drone_ws/build/liftoff_interface': PYTHONPATH=/home/raz/tehiru/Tehiru-Homework-assignment/drone_ws/build/liftoff_interface/prefix_override:/usr/lib/python3/dist-packages/colcon_core/task/python/colcon_distutils_commands:/home/raz/tehiru/Tehiru-Homework-assignment/drone_ws/install/liftoff_interface/lib/python3.10/site-packages:${PYTHONPATH} /usr/bin/python3 -W ignore:setup.py install is deprecated -W ignore:easy_install command is deprecated setup.py develop --editable --build-directory /home/raz/tehiru/Tehiru-Homework-assignment/drone_ws/build/liftoff_interface/build --no-deps symlink_data --force
[0.910s] running develop
[1.013s] running egg_info
[1.013s] writing liftoff_interface.egg-info/PKG-INFO
[1.014s] writing dependency_links to liftoff_interface.egg-info/dependency_links.txt
[1.014s] writing entry points to liftoff_interface.egg-info/entry_points.txt
[1.014s] writing requirements to liftoff_interface.egg-info/requires.txt
[1.014s] writing top-level names to liftoff_interface.egg-info/top_level.txt
[1.015s] reading manifest file 'liftoff_interface.egg-info/SOURCES.txt'
[1.015s] writing manifest file 'liftoff_interface.egg-info/SOURCES.txt'
[1.015s] running build_ext
[1.015s] Creating /home/raz/tehiru/Tehiru-Homework-assignment/drone_ws/install/liftoff_interface/lib/python3.10/site-packages/liftoff-interface.egg-link (link to .)
[1.016s] Installing drone_controller script to /home/raz/tehiru/Tehiru-Homework-assignment/drone_ws/install/liftoff_interface/lib/liftoff_interface
[1.016s] Installing liftoff_bridge script to /home/raz/tehiru/Tehiru-Homework-assignment/drone_ws/install/liftoff_interface/lib/liftoff_interface
[1.016s] Installing mock_obstacle_publisher script to /home/raz/tehiru/Tehiru-Homework-assignment/drone_ws/install/liftoff_interface/lib/liftoff_interface
[1.016s] Installing sensor_listener script to /home/raz/tehiru/Tehiru-Homework-assignment/drone_ws/install/liftoff_interface/lib/liftoff_interface
[1.016s] Installing target_selector script to /home/raz/tehiru/Tehiru-Homework-assignment/drone_ws/install/liftoff_interface/lib/liftoff_interface
[1.016s] 
[1.016s] Installed /home/raz/tehiru/Tehiru-Homework-assignment/drone_ws/build/liftoff_interface
[1.016s] running symlink_data
[1.016s] symbolically linking /home/raz/tehiru/Tehiru-Homework-assignment/drone_ws/build/liftoff_interface/resource/liftoff_interface -> /home/raz/tehiru/Tehiru-Homework-assignment/drone_ws/install/liftoff_interface/share/ament_index/resource_index/packages
[1.017s] symbolically linking /home/raz/tehiru/Tehiru-Homework-assignment/drone_ws/build/liftoff_interface/package.xml -> /home/raz/tehiru/Tehiru-Homework-assignment/drone_ws/install/liftoff_interface/share/liftoff_interface
[1.043s] Invoked command in '/home/raz/tehiru/Tehiru-Homework-assignment/drone_ws/build/liftoff_interface' returned '0': PYTHONPATH=/home/raz/tehiru/Tehiru-Homework-assignment/drone_ws/build/liftoff_interface/prefix_override:/usr/lib/python3/dist-packages/colcon_core/task/python/colcon_distutils_commands:/home/raz/tehiru/Tehiru-Homework-assignment/drone_ws/install/liftoff_interface/lib/python3.10/site-packages:${PYTHONPATH} /usr/bin/python3 -W ignore:setup.py install is deprecated -W ignore:easy_install command is deprecated setup.py develop --editable --build-directory /home/raz/tehiru/Tehiru-Homework-assignment/drone_ws/build/liftoff_interface/build --no-deps symlink_data --force
