-- Found ament_cmake: 1.3.11 (/opt/ros/humble/share/ament_cmake/cmake)
-- Override CMake install command with custom implementation using symlinks instead of copying resources
-- Found rclpy: 3.3.16 (/opt/ros/humble/share/rclpy/cmake)
-- Found std_srvs: 4.8.0 (/opt/ros/humble/share/std_srvs/cmake)
-- Found rosidl_generator_c: 3.1.6 (/opt/ros/humble/share/rosidl_generator_c/cmake)
-- Found rosidl_adapter: 3.1.6 (/opt/ros/humble/share/rosidl_adapter/cmake)
-- Found rosidl_generator_cpp: 3.1.6 (/opt/ros/humble/share/rosidl_generator_cpp/cmake)
-- Using all available rosidl_typesupport_c: rosidl_typesupport_fastrtps_c;rosidl_typesupport_introspection_c
-- Using all available rosidl_typesupport_cpp: rosidl_typesupport_fastrtps_cpp;rosidl_typesupport_introspection_cpp
-- Found std_msgs: 4.8.0 (/opt/ros/humble/share/std_msgs/cmake)
-- Found rosidl_default_generators: 1.2.0 (/opt/ros/humble/share/rosidl_default_generators/cmake)
-- Found ament_cmake_ros: 0.10.0 (/opt/ros/humble/share/ament_cmake_ros/cmake)
-- Using all available rosidl_typesupport_c: rosidl_typesupport_fastrtps_c;rosidl_typesupport_introspection_c
-- Using all available rosidl_typesupport_cpp: rosidl_typesupport_fastrtps_cpp;rosidl_typesupport_introspection_cpp
-- Found PythonInterp: /usr/bin/python3 (found suitable version "3.10.12", minimum required is "3.6") 
-- Found python_cmake_module: 0.10.0 (/opt/ros/humble/share/python_cmake_module/cmake)
-- Found PythonLibs: /usr/lib/x86_64-linux-gnu/libpython3.10.so (found suitable version "3.10.12", minimum required is "3.5") 
-- Using PYTHON_EXECUTABLE: /usr/bin/python3
-- Using PYTHON_INCLUDE_DIRS: /usr/include/python3.10
-- Using PYTHON_LIBRARIES: /usr/lib/x86_64-linux-gnu/libpython3.10.so
-- Found PythonExtra: .so  
-- Found ament_lint_auto: 0.12.12 (/opt/ros/humble/share/ament_lint_auto/cmake)
-- Added test 'lint_cmake' to check CMake code style
-- Added test 'xmllint' to check XML markup files
-- Configuring done
-- Generating done
-- Build files have been written to: /home/raz/tehiru/Tehiru-Homework-assignment/drone_ws/build/liftoff_utils
[  3%] [34m[1mGenerating C code for ROS interfaces[0m
[  6%] [34m[1mGenerating C++ code for ROS interfaces[0m
[  6%] Built target ament_cmake_python_symlink_liftoff_utils
running egg_info
creating liftoff_utils.egg-info
writing liftoff_utils.egg-info/PKG-INFO
writing dependency_links to liftoff_utils.egg-info/dependency_links.txt
writing top-level names to liftoff_utils.egg-info/top_level.txt
writing manifest file 'liftoff_utils.egg-info/SOURCES.txt'
reading manifest file 'liftoff_utils.egg-info/SOURCES.txt'
writing manifest file 'liftoff_utils.egg-info/SOURCES.txt'
[  6%] Built target ament_cmake_python_build_liftoff_utils_egg
[  6%] Built target liftoff_utils__cpp
[  9%] [32mBuilding C object CMakeFiles/liftoff_utils__rosidl_generator_c.dir/rosidl_generator_c/liftoff_utils/srv/detail/target_navigation__functions.c.o[0m
[ 12%] [34m[1mGenerating C++ type support for eProsima Fast-RTPS[0m
[ 16%] [34m[1mGenerating C++ type support dispatch for ROS interfaces[0m
[ 19%] [34m[1mGenerating C++ introspection for ROS interfaces[0m
[ 22%] [32m[1mLinking C shared library libliftoff_utils__rosidl_generator_c.so[0m
[ 22%] Built target liftoff_utils__rosidl_generator_c
[ 32%] [34m[1mGenerating C type support for eProsima Fast-RTPS[0m
[ 32%] [34m[1mGenerating C type support dispatch for ROS interfaces[0m
[ 32%] [34m[1mGenerating C introspection for ROS interfaces[0m
[ 35%] [32mBuilding CXX object CMakeFiles/liftoff_utils__rosidl_typesupport_cpp.dir/rosidl_typesupport_cpp/liftoff_utils/srv/target_navigation__type_support.cpp.o[0m
[ 38%] [32mBuilding CXX object CMakeFiles/liftoff_utils__rosidl_typesupport_fastrtps_cpp.dir/rosidl_typesupport_fastrtps_cpp/liftoff_utils/srv/detail/dds_fastrtps/target_navigation__type_support.cpp.o[0m
[ 41%] [32mBuilding CXX object CMakeFiles/liftoff_utils__rosidl_typesupport_introspection_cpp.dir/rosidl_typesupport_introspection_cpp/liftoff_utils/srv/detail/target_navigation__type_support.cpp.o[0m
[ 45%] [32mBuilding CXX object CMakeFiles/liftoff_utils__rosidl_typesupport_c.dir/rosidl_typesupport_c/liftoff_utils/srv/target_navigation__type_support.cpp.o[0m
[ 48%] [32mBuilding C object CMakeFiles/liftoff_utils__rosidl_typesupport_introspection_c.dir/rosidl_typesupport_introspection_c/liftoff_utils/srv/detail/target_navigation__type_support.c.o[0m
[ 51%] [32mBuilding CXX object CMakeFiles/liftoff_utils__rosidl_typesupport_fastrtps_c.dir/rosidl_typesupport_fastrtps_c/liftoff_utils/srv/detail/target_navigation__type_support_c.cpp.o[0m
[ 54%] [32m[1mLinking CXX shared library libliftoff_utils__rosidl_typesupport_c.so[0m
[ 58%] [32m[1mLinking C shared library libliftoff_utils__rosidl_typesupport_introspection_c.so[0m
[ 58%] Built target liftoff_utils__rosidl_typesupport_introspection_c
[ 58%] Built target liftoff_utils__rosidl_typesupport_c
[ 61%] [32m[1mLinking CXX shared library libliftoff_utils__rosidl_typesupport_cpp.so[0m
[ 61%] Built target liftoff_utils__rosidl_typesupport_cpp
[ 64%] [32m[1mLinking CXX shared library libliftoff_utils__rosidl_typesupport_introspection_cpp.so[0m
[ 67%] [32m[1mLinking CXX shared library libliftoff_utils__rosidl_typesupport_fastrtps_cpp.so[0m
[ 67%] Built target liftoff_utils__rosidl_typesupport_introspection_cpp
[ 70%] [32m[1mLinking CXX shared library libliftoff_utils__rosidl_typesupport_fastrtps_c.so[0m
[ 70%] Built target liftoff_utils__rosidl_typesupport_fastrtps_cpp
[ 70%] Built target liftoff_utils__rosidl_typesupport_fastrtps_c
[ 70%] Built target liftoff_utils
[ 74%] [34m[1mGenerating Python code for ROS interfaces[0m
[ 74%] Built target liftoff_utils__py
[ 77%] [32mBuilding C object CMakeFiles/liftoff_utils__rosidl_generator_py.dir/rosidl_generator_py/liftoff_utils/srv/_target_navigation_s.c.o[0m
[ 80%] [32m[1mLinking C shared library rosidl_generator_py/liftoff_utils/libliftoff_utils__rosidl_generator_py.so[0m
[ 80%] Built target liftoff_utils__rosidl_generator_py
[ 83%] [32mBuilding C object CMakeFiles/liftoff_utils__rosidl_typesupport_fastrtps_c__pyext.dir/rosidl_generator_py/liftoff_utils/_liftoff_utils_s.ep.rosidl_typesupport_fastrtps_c.c.o[0m
[ 87%] [32mBuilding C object CMakeFiles/liftoff_utils__rosidl_typesupport_c__pyext.dir/rosidl_generator_py/liftoff_utils/_liftoff_utils_s.ep.rosidl_typesupport_c.c.o[0m
[ 90%] [32mBuilding C object CMakeFiles/liftoff_utils__rosidl_typesupport_introspection_c__pyext.dir/rosidl_generator_py/liftoff_utils/_liftoff_utils_s.ep.rosidl_typesupport_introspection_c.c.o[0m
[ 93%] [32m[1mLinking C shared library rosidl_generator_py/liftoff_utils/liftoff_utils_s__rosidl_typesupport_fastrtps_c.cpython-310-x86_64-linux-gnu.so[0m
[ 96%] [32m[1mLinking C shared library rosidl_generator_py/liftoff_utils/liftoff_utils_s__rosidl_typesupport_c.cpython-310-x86_64-linux-gnu.so[0m
[100%] [32m[1mLinking C shared library rosidl_generator_py/liftoff_utils/liftoff_utils_s__rosidl_typesupport_introspection_c.cpython-310-x86_64-linux-gnu.so[0m
[100%] Built target liftoff_utils__rosidl_typesupport_c__pyext
[100%] Built target liftoff_utils__rosidl_typesupport_introspection_c__pyext
[100%] Built target liftoff_utils__rosidl_typesupport_fastrtps_c__pyext
-- Install configuration: ""
-- Execute custom install script
-- Symlinking: /home/raz/tehiru/Tehiru-Homework-assignment/drone_ws/install/liftoff_utils/share/ament_index/resource_index/rosidl_interfaces/liftoff_utils
-- Symlinking: /home/raz/tehiru/Tehiru-Homework-assignment/drone_ws/install/liftoff_utils/include/liftoff_utils/liftoff_utils/msg/rosidl_generator_c__visibility_control.h
-- Symlinking: /home/raz/tehiru/Tehiru-Homework-assignment/drone_ws/install/liftoff_utils/include/liftoff_utils/liftoff_utils/srv/detail/target_navigation__functions.h
-- Symlinking: /home/raz/tehiru/Tehiru-Homework-assignment/drone_ws/install/liftoff_utils/include/liftoff_utils/liftoff_utils/srv/detail/target_navigation__struct.h
-- Symlinking: /home/raz/tehiru/Tehiru-Homework-assignment/drone_ws/install/liftoff_utils/include/liftoff_utils/liftoff_utils/srv/detail/target_navigation__type_support.h
-- Symlinking: /home/raz/tehiru/Tehiru-Homework-assignment/drone_ws/install/liftoff_utils/include/liftoff_utils/liftoff_utils/srv/target_navigation.h
-- Symlinking: /home/raz/tehiru/Tehiru-Homework-assignment/drone_ws/install/liftoff_utils/share/liftoff_utils/environment/library_path.sh
-- Symlinking: /home/raz/tehiru/Tehiru-Homework-assignment/drone_ws/install/liftoff_utils/share/liftoff_utils/environment/library_path.dsv
-- Symlinking: /home/raz/tehiru/Tehiru-Homework-assignment/drone_ws/install/liftoff_utils/include/liftoff_utils/liftoff_utils/msg/rosidl_typesupport_fastrtps_c__visibility_control.h
-- Symlinking: /home/raz/tehiru/Tehiru-Homework-assignment/drone_ws/install/liftoff_utils/include/liftoff_utils/liftoff_utils/srv/detail/target_navigation__rosidl_typesupport_fastrtps_c.h
-- Symlinking: /home/raz/tehiru/Tehiru-Homework-assignment/drone_ws/install/liftoff_utils/include/liftoff_utils/liftoff_utils/msg/rosidl_generator_cpp__visibility_control.hpp
-- Symlinking: /home/raz/tehiru/Tehiru-Homework-assignment/drone_ws/install/liftoff_utils/include/liftoff_utils/liftoff_utils/srv/detail/target_navigation__builder.hpp
-- Symlinking: /home/raz/tehiru/Tehiru-Homework-assignment/drone_ws/install/liftoff_utils/include/liftoff_utils/liftoff_utils/srv/detail/target_navigation__struct.hpp
-- Symlinking: /home/raz/tehiru/Tehiru-Homework-assignment/drone_ws/install/liftoff_utils/include/liftoff_utils/liftoff_utils/srv/detail/target_navigation__traits.hpp
-- Symlinking: /home/raz/tehiru/Tehiru-Homework-assignment/drone_ws/install/liftoff_utils/include/liftoff_utils/liftoff_utils/srv/detail/target_navigation__type_support.hpp
-- Symlinking: /home/raz/tehiru/Tehiru-Homework-assignment/drone_ws/install/liftoff_utils/include/liftoff_utils/liftoff_utils/srv/target_navigation.hpp
-- Symlinking: /home/raz/tehiru/Tehiru-Homework-assignment/drone_ws/install/liftoff_utils/include/liftoff_utils/liftoff_utils/msg/rosidl_typesupport_fastrtps_cpp__visibility_control.h
-- Symlinking: /home/raz/tehiru/Tehiru-Homework-assignment/drone_ws/install/liftoff_utils/include/liftoff_utils/liftoff_utils/srv/detail/target_navigation__rosidl_typesupport_fastrtps_cpp.hpp
-- Symlinking: /home/raz/tehiru/Tehiru-Homework-assignment/drone_ws/install/liftoff_utils/include/liftoff_utils/liftoff_utils/msg/rosidl_typesupport_introspection_c__visibility_control.h
-- Symlinking: /home/raz/tehiru/Tehiru-Homework-assignment/drone_ws/install/liftoff_utils/include/liftoff_utils/liftoff_utils/srv/detail/target_navigation__rosidl_typesupport_introspection_c.h
-- Symlinking: /home/raz/tehiru/Tehiru-Homework-assignment/drone_ws/install/liftoff_utils/include/liftoff_utils/liftoff_utils/srv/detail/target_navigation__rosidl_typesupport_introspection_cpp.hpp
-- Symlinking: /home/raz/tehiru/Tehiru-Homework-assignment/drone_ws/install/liftoff_utils/share/liftoff_utils/environment/pythonpath.sh
-- Symlinking: /home/raz/tehiru/Tehiru-Homework-assignment/drone_ws/install/liftoff_utils/share/liftoff_utils/environment/pythonpath.dsv
-- Symlinking: /home/raz/tehiru/Tehiru-Homework-assignment/drone_ws/install/liftoff_utils/local/lib/python3.10/dist-packages/liftoff_utils-0.0.0-py3.10.egg-info/PKG-INFO
-- Symlinking: /home/raz/tehiru/Tehiru-Homework-assignment/drone_ws/install/liftoff_utils/local/lib/python3.10/dist-packages/liftoff_utils-0.0.0-py3.10.egg-info/SOURCES.txt
-- Symlinking: /home/raz/tehiru/Tehiru-Homework-assignment/drone_ws/install/liftoff_utils/local/lib/python3.10/dist-packages/liftoff_utils-0.0.0-py3.10.egg-info/dependency_links.txt
-- Symlinking: /home/raz/tehiru/Tehiru-Homework-assignment/drone_ws/install/liftoff_utils/local/lib/python3.10/dist-packages/liftoff_utils-0.0.0-py3.10.egg-info/top_level.txt
-- Symlinking: /home/raz/tehiru/Tehiru-Homework-assignment/drone_ws/install/liftoff_utils/local/lib/python3.10/dist-packages/liftoff_utils/__init__.py
-- Symlinking: /home/raz/tehiru/Tehiru-Homework-assignment/drone_ws/install/liftoff_utils/local/lib/python3.10/dist-packages/liftoff_utils/_liftoff_utils_s.ep.rosidl_typesupport_c.c
-- Symlinking: /home/raz/tehiru/Tehiru-Homework-assignment/drone_ws/install/liftoff_utils/local/lib/python3.10/dist-packages/liftoff_utils/_liftoff_utils_s.ep.rosidl_typesupport_fastrtps_c.c
-- Symlinking: /home/raz/tehiru/Tehiru-Homework-assignment/drone_ws/install/liftoff_utils/local/lib/python3.10/dist-packages/liftoff_utils/_liftoff_utils_s.ep.rosidl_typesupport_introspection_c.c
-- Symlinking: /home/raz/tehiru/Tehiru-Homework-assignment/drone_ws/install/liftoff_utils/local/lib/python3.10/dist-packages/liftoff_utils/libliftoff_utils__rosidl_generator_py.so
-- Symlinking: /home/raz/tehiru/Tehiru-Homework-assignment/drone_ws/install/liftoff_utils/local/lib/python3.10/dist-packages/liftoff_utils/liftoff_utils_s__rosidl_typesupport_c.cpython-310-x86_64-linux-gnu.so
-- Symlinking: /home/raz/tehiru/Tehiru-Homework-assignment/drone_ws/install/liftoff_utils/local/lib/python3.10/dist-packages/liftoff_utils/liftoff_utils_s__rosidl_typesupport_fastrtps_c.cpython-310-x86_64-linux-gnu.so
-- Symlinking: /home/raz/tehiru/Tehiru-Homework-assignment/drone_ws/install/liftoff_utils/local/lib/python3.10/dist-packages/liftoff_utils/liftoff_utils_s__rosidl_typesupport_introspection_c.cpython-310-x86_64-linux-gnu.so
-- Symlinking: /home/raz/tehiru/Tehiru-Homework-assignment/drone_ws/install/liftoff_utils/local/lib/python3.10/dist-packages/liftoff_utils/srv/__init__.py
-- Symlinking: /home/raz/tehiru/Tehiru-Homework-assignment/drone_ws/install/liftoff_utils/local/lib/python3.10/dist-packages/liftoff_utils/srv/_target_navigation.py
-- Symlinking: /home/raz/tehiru/Tehiru-Homework-assignment/drone_ws/install/liftoff_utils/local/lib/python3.10/dist-packages/liftoff_utils/srv/_target_navigation_s.c
-- Up-to-date symlink: /home/raz/tehiru/Tehiru-Homework-assignment/drone_ws/install/liftoff_utils/local/lib/python3.10/dist-packages/liftoff_utils/liftoff_utils_s__rosidl_typesupport_fastrtps_c.cpython-310-x86_64-linux-gnu.so
-- Up-to-date symlink: /home/raz/tehiru/Tehiru-Homework-assignment/drone_ws/install/liftoff_utils/local/lib/python3.10/dist-packages/liftoff_utils/liftoff_utils_s__rosidl_typesupport_introspection_c.cpython-310-x86_64-linux-gnu.so
-- Up-to-date symlink: /home/raz/tehiru/Tehiru-Homework-assignment/drone_ws/install/liftoff_utils/local/lib/python3.10/dist-packages/liftoff_utils/liftoff_utils_s__rosidl_typesupport_c.cpython-310-x86_64-linux-gnu.so
-- Symlinking: /home/raz/tehiru/Tehiru-Homework-assignment/drone_ws/install/liftoff_utils/share/liftoff_utils/srv/TargetNavigation.idl
-- Symlinking: /home/raz/tehiru/Tehiru-Homework-assignment/drone_ws/install/liftoff_utils/share/liftoff_utils/srv/TargetNavigation.srv
-- Symlinking: /home/raz/tehiru/Tehiru-Homework-assignment/drone_ws/install/liftoff_utils/share/liftoff_utils/srv/TargetNavigation_Request.msg
-- Symlinking: /home/raz/tehiru/Tehiru-Homework-assignment/drone_ws/install/liftoff_utils/share/liftoff_utils/srv/TargetNavigation_Response.msg
-- Symlinking: /home/raz/tehiru/Tehiru-Homework-assignment/drone_ws/install/liftoff_utils/share/ament_index/resource_index/package_run_dependencies/liftoff_utils
-- Symlinking: /home/raz/tehiru/Tehiru-Homework-assignment/drone_ws/install/liftoff_utils/share/ament_index/resource_index/parent_prefix_path/liftoff_utils
-- Symlinking: /home/raz/tehiru/Tehiru-Homework-assignment/drone_ws/install/liftoff_utils/share/liftoff_utils/environment/ament_prefix_path.sh
-- Symlinking: /home/raz/tehiru/Tehiru-Homework-assignment/drone_ws/install/liftoff_utils/share/liftoff_utils/environment/ament_prefix_path.dsv
-- Symlinking: /home/raz/tehiru/Tehiru-Homework-assignment/drone_ws/install/liftoff_utils/share/liftoff_utils/environment/path.sh
-- Symlinking: /home/raz/tehiru/Tehiru-Homework-assignment/drone_ws/install/liftoff_utils/share/liftoff_utils/environment/path.dsv
-- Symlinking: /home/raz/tehiru/Tehiru-Homework-assignment/drone_ws/install/liftoff_utils/share/liftoff_utils/local_setup.bash
-- Symlinking: /home/raz/tehiru/Tehiru-Homework-assignment/drone_ws/install/liftoff_utils/share/liftoff_utils/local_setup.sh
-- Symlinking: /home/raz/tehiru/Tehiru-Homework-assignment/drone_ws/install/liftoff_utils/share/liftoff_utils/local_setup.zsh
-- Symlinking: /home/raz/tehiru/Tehiru-Homework-assignment/drone_ws/install/liftoff_utils/share/liftoff_utils/local_setup.dsv
-- Symlinking: /home/raz/tehiru/Tehiru-Homework-assignment/drone_ws/install/liftoff_utils/share/liftoff_utils/package.dsv
-- Symlinking: /home/raz/tehiru/Tehiru-Homework-assignment/drone_ws/install/liftoff_utils/share/ament_index/resource_index/packages/liftoff_utils
-- Symlinking: /home/raz/tehiru/Tehiru-Homework-assignment/drone_ws/install/liftoff_utils/share/liftoff_utils/cmake/rosidl_cmake-extras.cmake
-- Symlinking: /home/raz/tehiru/Tehiru-Homework-assignment/drone_ws/install/liftoff_utils/share/liftoff_utils/cmake/ament_cmake_export_dependencies-extras.cmake
-- Symlinking: /home/raz/tehiru/Tehiru-Homework-assignment/drone_ws/install/liftoff_utils/share/liftoff_utils/cmake/ament_cmake_export_include_directories-extras.cmake
-- Symlinking: /home/raz/tehiru/Tehiru-Homework-assignment/drone_ws/install/liftoff_utils/share/liftoff_utils/cmake/ament_cmake_export_libraries-extras.cmake
-- Symlinking: /home/raz/tehiru/Tehiru-Homework-assignment/drone_ws/install/liftoff_utils/share/liftoff_utils/cmake/ament_cmake_export_targets-extras.cmake
-- Symlinking: /home/raz/tehiru/Tehiru-Homework-assignment/drone_ws/install/liftoff_utils/share/liftoff_utils/cmake/rosidl_cmake_export_typesupport_targets-extras.cmake
-- Symlinking: /home/raz/tehiru/Tehiru-Homework-assignment/drone_ws/install/liftoff_utils/share/liftoff_utils/cmake/rosidl_cmake_export_typesupport_libraries-extras.cmake
-- Symlinking: /home/raz/tehiru/Tehiru-Homework-assignment/drone_ws/install/liftoff_utils/share/liftoff_utils/cmake/liftoff_utilsConfig.cmake
-- Symlinking: /home/raz/tehiru/Tehiru-Homework-assignment/drone_ws/install/liftoff_utils/share/liftoff_utils/cmake/liftoff_utilsConfig-version.cmake
-- Symlinking: /home/raz/tehiru/Tehiru-Homework-assignment/drone_ws/install/liftoff_utils/share/liftoff_utils/package.xml
-- Installing: /home/raz/tehiru/Tehiru-Homework-assignment/drone_ws/install/liftoff_utils/lib/libliftoff_utils__rosidl_generator_c.so
-- Set runtime path of "/home/raz/tehiru/Tehiru-Homework-assignment/drone_ws/install/liftoff_utils/lib/libliftoff_utils__rosidl_generator_c.so" to ""
-- Installing: /home/raz/tehiru/Tehiru-Homework-assignment/drone_ws/install/liftoff_utils/lib/libliftoff_utils__rosidl_typesupport_fastrtps_c.so
-- Set runtime path of "/home/raz/tehiru/Tehiru-Homework-assignment/drone_ws/install/liftoff_utils/lib/libliftoff_utils__rosidl_typesupport_fastrtps_c.so" to ""
-- Installing: /home/raz/tehiru/Tehiru-Homework-assignment/drone_ws/install/liftoff_utils/lib/libliftoff_utils__rosidl_typesupport_fastrtps_cpp.so
-- Set runtime path of "/home/raz/tehiru/Tehiru-Homework-assignment/drone_ws/install/liftoff_utils/lib/libliftoff_utils__rosidl_typesupport_fastrtps_cpp.so" to ""
-- Installing: /home/raz/tehiru/Tehiru-Homework-assignment/drone_ws/install/liftoff_utils/lib/libliftoff_utils__rosidl_typesupport_introspection_c.so
-- Set runtime path of "/home/raz/tehiru/Tehiru-Homework-assignment/drone_ws/install/liftoff_utils/lib/libliftoff_utils__rosidl_typesupport_introspection_c.so" to ""
-- Installing: /home/raz/tehiru/Tehiru-Homework-assignment/drone_ws/install/liftoff_utils/lib/libliftoff_utils__rosidl_typesupport_c.so
-- Set runtime path of "/home/raz/tehiru/Tehiru-Homework-assignment/drone_ws/install/liftoff_utils/lib/libliftoff_utils__rosidl_typesupport_c.so" to ""
-- Installing: /home/raz/tehiru/Tehiru-Homework-assignment/drone_ws/install/liftoff_utils/lib/libliftoff_utils__rosidl_typesupport_introspection_cpp.so
-- Set runtime path of "/home/raz/tehiru/Tehiru-Homework-assignment/drone_ws/install/liftoff_utils/lib/libliftoff_utils__rosidl_typesupport_introspection_cpp.so" to ""
-- Installing: /home/raz/tehiru/Tehiru-Homework-assignment/drone_ws/install/liftoff_utils/lib/libliftoff_utils__rosidl_typesupport_cpp.so
-- Set runtime path of "/home/raz/tehiru/Tehiru-Homework-assignment/drone_ws/install/liftoff_utils/lib/libliftoff_utils__rosidl_typesupport_cpp.so" to ""
Listing '/home/raz/tehiru/Tehiru-Homework-assignment/drone_ws/install/liftoff_utils/local/lib/python3.10/dist-packages/liftoff_utils'...
Compiling '/home/raz/tehiru/Tehiru-Homework-assignment/drone_ws/install/liftoff_utils/local/lib/python3.10/dist-packages/liftoff_utils/__init__.py'...
Listing '/home/raz/tehiru/Tehiru-Homework-assignment/drone_ws/install/liftoff_utils/local/lib/python3.10/dist-packages/liftoff_utils/srv'...
Compiling '/home/raz/tehiru/Tehiru-Homework-assignment/drone_ws/install/liftoff_utils/local/lib/python3.10/dist-packages/liftoff_utils/srv/__init__.py'...
Compiling '/home/raz/tehiru/Tehiru-Homework-assignment/drone_ws/install/liftoff_utils/local/lib/python3.10/dist-packages/liftoff_utils/srv/_target_navigation.py'...
-- Installing: /home/raz/tehiru/Tehiru-Homework-assignment/drone_ws/install/liftoff_utils/lib/libliftoff_utils__rosidl_generator_py.so
-- Set runtime path of "/home/raz/tehiru/Tehiru-Homework-assignment/drone_ws/install/liftoff_utils/lib/libliftoff_utils__rosidl_generator_py.so" to ""
-- Installing: /home/raz/tehiru/Tehiru-Homework-assignment/drone_ws/install/liftoff_utils/share/liftoff_utils/cmake/export_liftoff_utils__rosidl_generator_cExport.cmake
-- Installing: /home/raz/tehiru/Tehiru-Homework-assignment/drone_ws/install/liftoff_utils/share/liftoff_utils/cmake/export_liftoff_utils__rosidl_generator_cExport-noconfig.cmake
-- Installing: /home/raz/tehiru/Tehiru-Homework-assignment/drone_ws/install/liftoff_utils/share/liftoff_utils/cmake/export_liftoff_utils__rosidl_typesupport_fastrtps_cExport.cmake
-- Installing: /home/raz/tehiru/Tehiru-Homework-assignment/drone_ws/install/liftoff_utils/share/liftoff_utils/cmake/export_liftoff_utils__rosidl_typesupport_fastrtps_cExport-noconfig.cmake
-- Installing: /home/raz/tehiru/Tehiru-Homework-assignment/drone_ws/install/liftoff_utils/share/liftoff_utils/cmake/export_liftoff_utils__rosidl_generator_cppExport.cmake
-- Installing: /home/raz/tehiru/Tehiru-Homework-assignment/drone_ws/install/liftoff_utils/share/liftoff_utils/cmake/export_liftoff_utils__rosidl_typesupport_fastrtps_cppExport.cmake
-- Installing: /home/raz/tehiru/Tehiru-Homework-assignment/drone_ws/install/liftoff_utils/share/liftoff_utils/cmake/export_liftoff_utils__rosidl_typesupport_fastrtps_cppExport-noconfig.cmake
-- Installing: /home/raz/tehiru/Tehiru-Homework-assignment/drone_ws/install/liftoff_utils/share/liftoff_utils/cmake/liftoff_utils__rosidl_typesupport_introspection_cExport.cmake
-- Installing: /home/raz/tehiru/Tehiru-Homework-assignment/drone_ws/install/liftoff_utils/share/liftoff_utils/cmake/liftoff_utils__rosidl_typesupport_introspection_cExport-noconfig.cmake
-- Installing: /home/raz/tehiru/Tehiru-Homework-assignment/drone_ws/install/liftoff_utils/share/liftoff_utils/cmake/liftoff_utils__rosidl_typesupport_cExport.cmake
-- Installing: /home/raz/tehiru/Tehiru-Homework-assignment/drone_ws/install/liftoff_utils/share/liftoff_utils/cmake/liftoff_utils__rosidl_typesupport_cExport-noconfig.cmake
-- Installing: /home/raz/tehiru/Tehiru-Homework-assignment/drone_ws/install/liftoff_utils/share/liftoff_utils/cmake/liftoff_utils__rosidl_typesupport_introspection_cppExport.cmake
-- Installing: /home/raz/tehiru/Tehiru-Homework-assignment/drone_ws/install/liftoff_utils/share/liftoff_utils/cmake/liftoff_utils__rosidl_typesupport_introspection_cppExport-noconfig.cmake
-- Installing: /home/raz/tehiru/Tehiru-Homework-assignment/drone_ws/install/liftoff_utils/share/liftoff_utils/cmake/liftoff_utils__rosidl_typesupport_cppExport.cmake
-- Installing: /home/raz/tehiru/Tehiru-Homework-assignment/drone_ws/install/liftoff_utils/share/liftoff_utils/cmake/liftoff_utils__rosidl_typesupport_cppExport-noconfig.cmake
-- Installing: /home/raz/tehiru/Tehiru-Homework-assignment/drone_ws/install/liftoff_utils/share/liftoff_utils/cmake/export_liftoff_utils__rosidl_generator_pyExport.cmake
-- Installing: /home/raz/tehiru/Tehiru-Homework-assignment/drone_ws/install/liftoff_utils/share/liftoff_utils/cmake/export_liftoff_utils__rosidl_generator_pyExport-noconfig.cmake
