[0.347s] Invoking command in '/home/raz/tehiru/Tehiru-Homework-assignment/drone_ws/build/liftoff_utils': CMAKE_PREFIX_PATH=/opt/ros/humble /usr/bin/cmake /home/raz/tehiru/Tehiru-Homework-assignment/drone_ws/src/liftoff_utils -DAMENT_CMAKE_SYMLINK_INSTALL=1 -DCMAKE_INSTALL_PREFIX=/home/raz/tehiru/Tehiru-Homework-assignment/drone_ws/install/liftoff_utils
[0.353s] -- Found ament_cmake: 1.3.11 (/opt/ros/humble/share/ament_cmake/cmake)
[0.438s] -- Override CMake install command with custom implementation using symlinks instead of copying resources
[0.442s] -- Found rclpy: 3.3.16 (/opt/ros/humble/share/rclpy/cmake)
[0.442s] -- Found std_srvs: 4.8.0 (/opt/ros/humble/share/std_srvs/cmake)
[0.459s] -- Found rosidl_generator_c: 3.1.6 (/opt/ros/humble/share/rosidl_generator_c/cmake)
[0.460s] -- Found rosidl_adapter: 3.1.6 (/opt/ros/humble/share/rosidl_adapter/cmake)
[0.464s] -- Found rosidl_generator_cpp: 3.1.6 (/opt/ros/humble/share/rosidl_generator_cpp/cmake)
[0.471s] -- Using all available rosidl_typesupport_c: rosidl_typesupport_fastrtps_c;rosidl_typesupport_introspection_c
[0.478s] -- Using all available rosidl_typesupport_cpp: rosidl_typesupport_fastrtps_cpp;rosidl_typesupport_introspection_cpp
[0.485s] -- Found std_msgs: 4.8.0 (/opt/ros/humble/share/std_msgs/cmake)
[0.499s] -- Found rosidl_default_generators: 1.2.0 (/opt/ros/humble/share/rosidl_default_generators/cmake)
[0.691s] -- Found ament_cmake_ros: 0.10.0 (/opt/ros/humble/share/ament_cmake_ros/cmake)
[0.949s] -- Using all available rosidl_typesupport_c: rosidl_typesupport_fastrtps_c;rosidl_typesupport_introspection_c
[1.047s] -- Using all available rosidl_typesupport_cpp: rosidl_typesupport_fastrtps_cpp;rosidl_typesupport_introspection_cpp
[1.063s] -- Found PythonInterp: /usr/bin/python3 (found suitable version "3.10.12", minimum required is "3.6") 
[1.064s] -- Found python_cmake_module: 0.10.0 (/opt/ros/humble/share/python_cmake_module/cmake)
[1.083s] -- Found PythonLibs: /usr/lib/x86_64-linux-gnu/libpython3.10.so (found suitable version "3.10.12", minimum required is "3.5") 
[1.083s] -- Using PYTHON_EXECUTABLE: /usr/bin/python3
[1.083s] -- Using PYTHON_INCLUDE_DIRS: /usr/include/python3.10
[1.083s] -- Using PYTHON_LIBRARIES: /usr/lib/x86_64-linux-gnu/libpython3.10.so
[1.098s] -- Found PythonExtra: .so  
[1.131s] -- Found ament_lint_auto: 0.12.12 (/opt/ros/humble/share/ament_lint_auto/cmake)
[1.149s] -- Added test 'lint_cmake' to check CMake code style
[1.150s] -- Added test 'xmllint' to check XML markup files
[1.152s] -- Configuring done
[1.171s] -- Generating done
[1.178s] -- Build files have been written to: /home/raz/tehiru/Tehiru-Homework-assignment/drone_ws/build/liftoff_utils
[1.183s] Invoked command in '/home/raz/tehiru/Tehiru-Homework-assignment/drone_ws/build/liftoff_utils' returned '0': CMAKE_PREFIX_PATH=/opt/ros/humble /usr/bin/cmake /home/raz/tehiru/Tehiru-Homework-assignment/drone_ws/src/liftoff_utils -DAMENT_CMAKE_SYMLINK_INSTALL=1 -DCMAKE_INSTALL_PREFIX=/home/raz/tehiru/Tehiru-Homework-assignment/drone_ws/install/liftoff_utils
[1.184s] Invoking command in '/home/raz/tehiru/Tehiru-Homework-assignment/drone_ws/build/liftoff_utils': CMAKE_PREFIX_PATH=/opt/ros/humble /usr/bin/cmake --build /home/raz/tehiru/Tehiru-Homework-assignment/drone_ws/build/liftoff_utils -- -j24 -l24
[1.224s] [  3%] [34m[1mGenerating C code for ROS interfaces[0m
[1.238s] [  6%] [34m[1mGenerating C++ code for ROS interfaces[0m
[1.242s] [  6%] Built target ament_cmake_python_symlink_liftoff_utils
[1.403s] running egg_info
[1.403s] creating liftoff_utils.egg-info
[1.403s] writing liftoff_utils.egg-info/PKG-INFO
[1.403s] writing dependency_links to liftoff_utils.egg-info/dependency_links.txt
[1.403s] writing top-level names to liftoff_utils.egg-info/top_level.txt
[1.403s] writing manifest file 'liftoff_utils.egg-info/SOURCES.txt'
[1.405s] reading manifest file 'liftoff_utils.egg-info/SOURCES.txt'
[1.405s] writing manifest file 'liftoff_utils.egg-info/SOURCES.txt'
[1.424s] [  6%] Built target ament_cmake_python_build_liftoff_utils_egg
[1.441s] [  6%] Built target liftoff_utils__cpp
[1.442s] [  9%] [32mBuilding C object CMakeFiles/liftoff_utils__rosidl_generator_c.dir/rosidl_generator_c/liftoff_utils/srv/detail/target_navigation__functions.c.o[0m
[1.448s] [ 12%] [34m[1mGenerating C++ type support for eProsima Fast-RTPS[0m
[1.449s] [ 16%] [34m[1mGenerating C++ type support dispatch for ROS interfaces[0m
[1.449s] [ 19%] [34m[1mGenerating C++ introspection for ROS interfaces[0m
[1.485s] [ 22%] [32m[1mLinking C shared library libliftoff_utils__rosidl_generator_c.so[0m
[1.515s] [ 22%] Built target liftoff_utils__rosidl_generator_c
[1.523s] [ 32%] [34m[1mGenerating C type support for eProsima Fast-RTPS[0m
[1.523s] [ 32%] [34m[1mGenerating C type support dispatch for ROS interfaces[0m
[1.523s] [ 32%] [34m[1mGenerating C introspection for ROS interfaces[0m
[1.635s] [ 35%] [32mBuilding CXX object CMakeFiles/liftoff_utils__rosidl_typesupport_cpp.dir/rosidl_typesupport_cpp/liftoff_utils/srv/target_navigation__type_support.cpp.o[0m
[1.641s] [ 38%] [32mBuilding CXX object CMakeFiles/liftoff_utils__rosidl_typesupport_fastrtps_cpp.dir/rosidl_typesupport_fastrtps_cpp/liftoff_utils/srv/detail/dds_fastrtps/target_navigation__type_support.cpp.o[0m
[1.652s] [ 41%] [32mBuilding CXX object CMakeFiles/liftoff_utils__rosidl_typesupport_introspection_cpp.dir/rosidl_typesupport_introspection_cpp/liftoff_utils/srv/detail/target_navigation__type_support.cpp.o[0m
[1.709s] [ 45%] [32mBuilding CXX object CMakeFiles/liftoff_utils__rosidl_typesupport_c.dir/rosidl_typesupport_c/liftoff_utils/srv/target_navigation__type_support.cpp.o[0m
[1.711s] [ 48%] [32mBuilding C object CMakeFiles/liftoff_utils__rosidl_typesupport_introspection_c.dir/rosidl_typesupport_introspection_c/liftoff_utils/srv/detail/target_navigation__type_support.c.o[0m
[1.721s] [ 51%] [32mBuilding CXX object CMakeFiles/liftoff_utils__rosidl_typesupport_fastrtps_c.dir/rosidl_typesupport_fastrtps_c/liftoff_utils/srv/detail/target_navigation__type_support_c.cpp.o[0m
[1.735s] [ 54%] [32m[1mLinking CXX shared library libliftoff_utils__rosidl_typesupport_c.so[0m
[1.736s] [ 58%] [32m[1mLinking C shared library libliftoff_utils__rosidl_typesupport_introspection_c.so[0m
[1.762s] [ 58%] Built target liftoff_utils__rosidl_typesupport_introspection_c
[1.764s] [ 58%] Built target liftoff_utils__rosidl_typesupport_c
[1.793s] [ 61%] [32m[1mLinking CXX shared library libliftoff_utils__rosidl_typesupport_cpp.so[0m
[1.824s] [ 61%] Built target liftoff_utils__rosidl_typesupport_cpp
[1.879s] [ 64%] [32m[1mLinking CXX shared library libliftoff_utils__rosidl_typesupport_introspection_cpp.so[0m
[1.887s] [ 67%] [32m[1mLinking CXX shared library libliftoff_utils__rosidl_typesupport_fastrtps_cpp.so[0m
[1.925s] [ 67%] Built target liftoff_utils__rosidl_typesupport_introspection_cpp
[1.928s] [ 70%] [32m[1mLinking CXX shared library libliftoff_utils__rosidl_typesupport_fastrtps_c.so[0m
[1.938s] [ 70%] Built target liftoff_utils__rosidl_typesupport_fastrtps_cpp
[1.992s] [ 70%] Built target liftoff_utils__rosidl_typesupport_fastrtps_c
[2.019s] [ 70%] Built target liftoff_utils
[2.062s] [ 74%] [34m[1mGenerating Python code for ROS interfaces[0m
[2.373s] [ 74%] Built target liftoff_utils__py
[2.393s] [ 77%] [32mBuilding C object CMakeFiles/liftoff_utils__rosidl_generator_py.dir/rosidl_generator_py/liftoff_utils/srv/_target_navigation_s.c.o[0m
[2.473s] [ 80%] [32m[1mLinking C shared library rosidl_generator_py/liftoff_utils/libliftoff_utils__rosidl_generator_py.so[0m
[2.510s] [ 80%] Built target liftoff_utils__rosidl_generator_py
[2.531s] [ 83%] [32mBuilding C object CMakeFiles/liftoff_utils__rosidl_typesupport_fastrtps_c__pyext.dir/rosidl_generator_py/liftoff_utils/_liftoff_utils_s.ep.rosidl_typesupport_fastrtps_c.c.o[0m
[2.534s] [ 87%] [32mBuilding C object CMakeFiles/liftoff_utils__rosidl_typesupport_c__pyext.dir/rosidl_generator_py/liftoff_utils/_liftoff_utils_s.ep.rosidl_typesupport_c.c.o[0m
[2.536s] [ 90%] [32mBuilding C object CMakeFiles/liftoff_utils__rosidl_typesupport_introspection_c__pyext.dir/rosidl_generator_py/liftoff_utils/_liftoff_utils_s.ep.rosidl_typesupport_introspection_c.c.o[0m
[2.597s] [ 93%] [32m[1mLinking C shared library rosidl_generator_py/liftoff_utils/liftoff_utils_s__rosidl_typesupport_fastrtps_c.cpython-310-x86_64-linux-gnu.so[0m
[2.600s] [ 96%] [32m[1mLinking C shared library rosidl_generator_py/liftoff_utils/liftoff_utils_s__rosidl_typesupport_c.cpython-310-x86_64-linux-gnu.so[0m
[2.602s] [100%] [32m[1mLinking C shared library rosidl_generator_py/liftoff_utils/liftoff_utils_s__rosidl_typesupport_introspection_c.cpython-310-x86_64-linux-gnu.so[0m
[2.630s] [100%] Built target liftoff_utils__rosidl_typesupport_c__pyext
[2.630s] [100%] Built target liftoff_utils__rosidl_typesupport_introspection_c__pyext
[2.630s] [100%] Built target liftoff_utils__rosidl_typesupport_fastrtps_c__pyext
[2.640s] Invoked command in '/home/raz/tehiru/Tehiru-Homework-assignment/drone_ws/build/liftoff_utils' returned '0': CMAKE_PREFIX_PATH=/opt/ros/humble /usr/bin/cmake --build /home/raz/tehiru/Tehiru-Homework-assignment/drone_ws/build/liftoff_utils -- -j24 -l24
[2.646s] Invoking command in '/home/raz/tehiru/Tehiru-Homework-assignment/drone_ws/build/liftoff_utils': CMAKE_PREFIX_PATH=/opt/ros/humble /usr/bin/cmake --install /home/raz/tehiru/Tehiru-Homework-assignment/drone_ws/build/liftoff_utils
[2.651s] -- Install configuration: ""
[2.651s] -- Execute custom install script
[2.651s] -- Symlinking: /home/raz/tehiru/Tehiru-Homework-assignment/drone_ws/install/liftoff_utils/share/ament_index/resource_index/rosidl_interfaces/liftoff_utils
[2.658s] -- Symlinking: /home/raz/tehiru/Tehiru-Homework-assignment/drone_ws/install/liftoff_utils/include/liftoff_utils/liftoff_utils/msg/rosidl_generator_c__visibility_control.h
[2.664s] -- Symlinking: /home/raz/tehiru/Tehiru-Homework-assignment/drone_ws/install/liftoff_utils/include/liftoff_utils/liftoff_utils/srv/detail/target_navigation__functions.h
[2.673s] -- Symlinking: /home/raz/tehiru/Tehiru-Homework-assignment/drone_ws/install/liftoff_utils/include/liftoff_utils/liftoff_utils/srv/detail/target_navigation__struct.h
[2.690s] -- Symlinking: /home/raz/tehiru/Tehiru-Homework-assignment/drone_ws/install/liftoff_utils/include/liftoff_utils/liftoff_utils/srv/detail/target_navigation__type_support.h
[2.704s] -- Symlinking: /home/raz/tehiru/Tehiru-Homework-assignment/drone_ws/install/liftoff_utils/include/liftoff_utils/liftoff_utils/srv/target_navigation.h
[2.714s] -- Symlinking: /home/raz/tehiru/Tehiru-Homework-assignment/drone_ws/install/liftoff_utils/share/liftoff_utils/environment/library_path.sh
[2.723s] -- Symlinking: /home/raz/tehiru/Tehiru-Homework-assignment/drone_ws/install/liftoff_utils/share/liftoff_utils/environment/library_path.dsv
[2.736s] -- Symlinking: /home/raz/tehiru/Tehiru-Homework-assignment/drone_ws/install/liftoff_utils/include/liftoff_utils/liftoff_utils/msg/rosidl_typesupport_fastrtps_c__visibility_control.h
[2.750s] -- Symlinking: /home/raz/tehiru/Tehiru-Homework-assignment/drone_ws/install/liftoff_utils/include/liftoff_utils/liftoff_utils/srv/detail/target_navigation__rosidl_typesupport_fastrtps_c.h
[2.761s] -- Symlinking: /home/raz/tehiru/Tehiru-Homework-assignment/drone_ws/install/liftoff_utils/include/liftoff_utils/liftoff_utils/msg/rosidl_generator_cpp__visibility_control.hpp
[2.778s] -- Symlinking: /home/raz/tehiru/Tehiru-Homework-assignment/drone_ws/install/liftoff_utils/include/liftoff_utils/liftoff_utils/srv/detail/target_navigation__builder.hpp
[2.797s] -- Symlinking: /home/raz/tehiru/Tehiru-Homework-assignment/drone_ws/install/liftoff_utils/include/liftoff_utils/liftoff_utils/srv/detail/target_navigation__struct.hpp
[2.813s] -- Symlinking: /home/raz/tehiru/Tehiru-Homework-assignment/drone_ws/install/liftoff_utils/include/liftoff_utils/liftoff_utils/srv/detail/target_navigation__traits.hpp
[2.826s] -- Symlinking: /home/raz/tehiru/Tehiru-Homework-assignment/drone_ws/install/liftoff_utils/include/liftoff_utils/liftoff_utils/srv/detail/target_navigation__type_support.hpp
[2.843s] -- Symlinking: /home/raz/tehiru/Tehiru-Homework-assignment/drone_ws/install/liftoff_utils/include/liftoff_utils/liftoff_utils/srv/target_navigation.hpp
[2.857s] -- Symlinking: /home/raz/tehiru/Tehiru-Homework-assignment/drone_ws/install/liftoff_utils/include/liftoff_utils/liftoff_utils/msg/rosidl_typesupport_fastrtps_cpp__visibility_control.h
[2.872s] -- Symlinking: /home/raz/tehiru/Tehiru-Homework-assignment/drone_ws/install/liftoff_utils/include/liftoff_utils/liftoff_utils/srv/detail/target_navigation__rosidl_typesupport_fastrtps_cpp.hpp
[2.888s] -- Symlinking: /home/raz/tehiru/Tehiru-Homework-assignment/drone_ws/install/liftoff_utils/include/liftoff_utils/liftoff_utils/msg/rosidl_typesupport_introspection_c__visibility_control.h
[2.905s] -- Symlinking: /home/raz/tehiru/Tehiru-Homework-assignment/drone_ws/install/liftoff_utils/include/liftoff_utils/liftoff_utils/srv/detail/target_navigation__rosidl_typesupport_introspection_c.h
[2.920s] -- Symlinking: /home/raz/tehiru/Tehiru-Homework-assignment/drone_ws/install/liftoff_utils/include/liftoff_utils/liftoff_utils/srv/detail/target_navigation__rosidl_typesupport_introspection_cpp.hpp
[2.934s] -- Symlinking: /home/raz/tehiru/Tehiru-Homework-assignment/drone_ws/install/liftoff_utils/share/liftoff_utils/environment/pythonpath.sh
[2.952s] -- Symlinking: /home/raz/tehiru/Tehiru-Homework-assignment/drone_ws/install/liftoff_utils/share/liftoff_utils/environment/pythonpath.dsv
[2.965s] -- Symlinking: /home/raz/tehiru/Tehiru-Homework-assignment/drone_ws/install/liftoff_utils/local/lib/python3.10/dist-packages/liftoff_utils-0.0.0-py3.10.egg-info/PKG-INFO
[2.984s] -- Symlinking: /home/raz/tehiru/Tehiru-Homework-assignment/drone_ws/install/liftoff_utils/local/lib/python3.10/dist-packages/liftoff_utils-0.0.0-py3.10.egg-info/SOURCES.txt
[3.002s] -- Symlinking: /home/raz/tehiru/Tehiru-Homework-assignment/drone_ws/install/liftoff_utils/local/lib/python3.10/dist-packages/liftoff_utils-0.0.0-py3.10.egg-info/dependency_links.txt
[3.019s] -- Symlinking: /home/raz/tehiru/Tehiru-Homework-assignment/drone_ws/install/liftoff_utils/local/lib/python3.10/dist-packages/liftoff_utils-0.0.0-py3.10.egg-info/top_level.txt
[3.036s] -- Symlinking: /home/raz/tehiru/Tehiru-Homework-assignment/drone_ws/install/liftoff_utils/local/lib/python3.10/dist-packages/liftoff_utils/__init__.py
[3.053s] -- Symlinking: /home/raz/tehiru/Tehiru-Homework-assignment/drone_ws/install/liftoff_utils/local/lib/python3.10/dist-packages/liftoff_utils/_liftoff_utils_s.ep.rosidl_typesupport_c.c
[3.072s] -- Symlinking: /home/raz/tehiru/Tehiru-Homework-assignment/drone_ws/install/liftoff_utils/local/lib/python3.10/dist-packages/liftoff_utils/_liftoff_utils_s.ep.rosidl_typesupport_fastrtps_c.c
[3.089s] -- Symlinking: /home/raz/tehiru/Tehiru-Homework-assignment/drone_ws/install/liftoff_utils/local/lib/python3.10/dist-packages/liftoff_utils/_liftoff_utils_s.ep.rosidl_typesupport_introspection_c.c
[3.107s] -- Symlinking: /home/raz/tehiru/Tehiru-Homework-assignment/drone_ws/install/liftoff_utils/local/lib/python3.10/dist-packages/liftoff_utils/libliftoff_utils__rosidl_generator_py.so
[3.126s] -- Symlinking: /home/raz/tehiru/Tehiru-Homework-assignment/drone_ws/install/liftoff_utils/local/lib/python3.10/dist-packages/liftoff_utils/liftoff_utils_s__rosidl_typesupport_c.cpython-310-x86_64-linux-gnu.so
[3.142s] -- Symlinking: /home/raz/tehiru/Tehiru-Homework-assignment/drone_ws/install/liftoff_utils/local/lib/python3.10/dist-packages/liftoff_utils/liftoff_utils_s__rosidl_typesupport_fastrtps_c.cpython-310-x86_64-linux-gnu.so
[3.152s] -- Symlinking: /home/raz/tehiru/Tehiru-Homework-assignment/drone_ws/install/liftoff_utils/local/lib/python3.10/dist-packages/liftoff_utils/liftoff_utils_s__rosidl_typesupport_introspection_c.cpython-310-x86_64-linux-gnu.so
[3.160s] -- Symlinking: /home/raz/tehiru/Tehiru-Homework-assignment/drone_ws/install/liftoff_utils/local/lib/python3.10/dist-packages/liftoff_utils/srv/__init__.py
[3.170s] -- Symlinking: /home/raz/tehiru/Tehiru-Homework-assignment/drone_ws/install/liftoff_utils/local/lib/python3.10/dist-packages/liftoff_utils/srv/_target_navigation.py
[3.180s] -- Symlinking: /home/raz/tehiru/Tehiru-Homework-assignment/drone_ws/install/liftoff_utils/local/lib/python3.10/dist-packages/liftoff_utils/srv/_target_navigation_s.c
[3.197s] -- Up-to-date symlink: /home/raz/tehiru/Tehiru-Homework-assignment/drone_ws/install/liftoff_utils/local/lib/python3.10/dist-packages/liftoff_utils/liftoff_utils_s__rosidl_typesupport_fastrtps_c.cpython-310-x86_64-linux-gnu.so
[3.198s] -- Up-to-date symlink: /home/raz/tehiru/Tehiru-Homework-assignment/drone_ws/install/liftoff_utils/local/lib/python3.10/dist-packages/liftoff_utils/liftoff_utils_s__rosidl_typesupport_introspection_c.cpython-310-x86_64-linux-gnu.so
[3.198s] -- Up-to-date symlink: /home/raz/tehiru/Tehiru-Homework-assignment/drone_ws/install/liftoff_utils/local/lib/python3.10/dist-packages/liftoff_utils/liftoff_utils_s__rosidl_typesupport_c.cpython-310-x86_64-linux-gnu.so
[3.198s] -- Symlinking: /home/raz/tehiru/Tehiru-Homework-assignment/drone_ws/install/liftoff_utils/share/liftoff_utils/srv/TargetNavigation.idl
[3.210s] -- Symlinking: /home/raz/tehiru/Tehiru-Homework-assignment/drone_ws/install/liftoff_utils/share/liftoff_utils/srv/TargetNavigation.srv
[3.228s] -- Symlinking: /home/raz/tehiru/Tehiru-Homework-assignment/drone_ws/install/liftoff_utils/share/liftoff_utils/srv/TargetNavigation_Request.msg
[3.244s] -- Symlinking: /home/raz/tehiru/Tehiru-Homework-assignment/drone_ws/install/liftoff_utils/share/liftoff_utils/srv/TargetNavigation_Response.msg
[3.258s] -- Symlinking: /home/raz/tehiru/Tehiru-Homework-assignment/drone_ws/install/liftoff_utils/share/ament_index/resource_index/package_run_dependencies/liftoff_utils
[3.276s] -- Symlinking: /home/raz/tehiru/Tehiru-Homework-assignment/drone_ws/install/liftoff_utils/share/ament_index/resource_index/parent_prefix_path/liftoff_utils
[3.292s] -- Symlinking: /home/raz/tehiru/Tehiru-Homework-assignment/drone_ws/install/liftoff_utils/share/liftoff_utils/environment/ament_prefix_path.sh
[3.302s] -- Symlinking: /home/raz/tehiru/Tehiru-Homework-assignment/drone_ws/install/liftoff_utils/share/liftoff_utils/environment/ament_prefix_path.dsv
[3.307s] -- Symlinking: /home/raz/tehiru/Tehiru-Homework-assignment/drone_ws/install/liftoff_utils/share/liftoff_utils/environment/path.sh
[3.314s] -- Symlinking: /home/raz/tehiru/Tehiru-Homework-assignment/drone_ws/install/liftoff_utils/share/liftoff_utils/environment/path.dsv
[3.320s] -- Symlinking: /home/raz/tehiru/Tehiru-Homework-assignment/drone_ws/install/liftoff_utils/share/liftoff_utils/local_setup.bash
[3.326s] -- Symlinking: /home/raz/tehiru/Tehiru-Homework-assignment/drone_ws/install/liftoff_utils/share/liftoff_utils/local_setup.sh
[3.331s] -- Symlinking: /home/raz/tehiru/Tehiru-Homework-assignment/drone_ws/install/liftoff_utils/share/liftoff_utils/local_setup.zsh
[3.336s] -- Symlinking: /home/raz/tehiru/Tehiru-Homework-assignment/drone_ws/install/liftoff_utils/share/liftoff_utils/local_setup.dsv
[3.343s] -- Symlinking: /home/raz/tehiru/Tehiru-Homework-assignment/drone_ws/install/liftoff_utils/share/liftoff_utils/package.dsv
[3.355s] -- Symlinking: /home/raz/tehiru/Tehiru-Homework-assignment/drone_ws/install/liftoff_utils/share/ament_index/resource_index/packages/liftoff_utils
[3.362s] -- Symlinking: /home/raz/tehiru/Tehiru-Homework-assignment/drone_ws/install/liftoff_utils/share/liftoff_utils/cmake/rosidl_cmake-extras.cmake
[3.370s] -- Symlinking: /home/raz/tehiru/Tehiru-Homework-assignment/drone_ws/install/liftoff_utils/share/liftoff_utils/cmake/ament_cmake_export_dependencies-extras.cmake
[3.380s] -- Symlinking: /home/raz/tehiru/Tehiru-Homework-assignment/drone_ws/install/liftoff_utils/share/liftoff_utils/cmake/ament_cmake_export_include_directories-extras.cmake
[3.391s] -- Symlinking: /home/raz/tehiru/Tehiru-Homework-assignment/drone_ws/install/liftoff_utils/share/liftoff_utils/cmake/ament_cmake_export_libraries-extras.cmake
[3.404s] -- Symlinking: /home/raz/tehiru/Tehiru-Homework-assignment/drone_ws/install/liftoff_utils/share/liftoff_utils/cmake/ament_cmake_export_targets-extras.cmake
[3.421s] -- Symlinking: /home/raz/tehiru/Tehiru-Homework-assignment/drone_ws/install/liftoff_utils/share/liftoff_utils/cmake/rosidl_cmake_export_typesupport_targets-extras.cmake
[3.431s] -- Symlinking: /home/raz/tehiru/Tehiru-Homework-assignment/drone_ws/install/liftoff_utils/share/liftoff_utils/cmake/rosidl_cmake_export_typesupport_libraries-extras.cmake
[3.440s] -- Symlinking: /home/raz/tehiru/Tehiru-Homework-assignment/drone_ws/install/liftoff_utils/share/liftoff_utils/cmake/liftoff_utilsConfig.cmake
[3.452s] -- Symlinking: /home/raz/tehiru/Tehiru-Homework-assignment/drone_ws/install/liftoff_utils/share/liftoff_utils/cmake/liftoff_utilsConfig-version.cmake
[3.466s] -- Symlinking: /home/raz/tehiru/Tehiru-Homework-assignment/drone_ws/install/liftoff_utils/share/liftoff_utils/package.xml
[3.481s] -- Installing: /home/raz/tehiru/Tehiru-Homework-assignment/drone_ws/install/liftoff_utils/lib/libliftoff_utils__rosidl_generator_c.so
[3.482s] -- Set runtime path of "/home/raz/tehiru/Tehiru-Homework-assignment/drone_ws/install/liftoff_utils/lib/libliftoff_utils__rosidl_generator_c.so" to ""
[3.482s] -- Installing: /home/raz/tehiru/Tehiru-Homework-assignment/drone_ws/install/liftoff_utils/lib/libliftoff_utils__rosidl_typesupport_fastrtps_c.so
[3.482s] -- Set runtime path of "/home/raz/tehiru/Tehiru-Homework-assignment/drone_ws/install/liftoff_utils/lib/libliftoff_utils__rosidl_typesupport_fastrtps_c.so" to ""
[3.482s] -- Installing: /home/raz/tehiru/Tehiru-Homework-assignment/drone_ws/install/liftoff_utils/lib/libliftoff_utils__rosidl_typesupport_fastrtps_cpp.so
[3.482s] -- Set runtime path of "/home/raz/tehiru/Tehiru-Homework-assignment/drone_ws/install/liftoff_utils/lib/libliftoff_utils__rosidl_typesupport_fastrtps_cpp.so" to ""
[3.482s] -- Installing: /home/raz/tehiru/Tehiru-Homework-assignment/drone_ws/install/liftoff_utils/lib/libliftoff_utils__rosidl_typesupport_introspection_c.so
[3.482s] -- Set runtime path of "/home/raz/tehiru/Tehiru-Homework-assignment/drone_ws/install/liftoff_utils/lib/libliftoff_utils__rosidl_typesupport_introspection_c.so" to ""
[3.483s] -- Installing: /home/raz/tehiru/Tehiru-Homework-assignment/drone_ws/install/liftoff_utils/lib/libliftoff_utils__rosidl_typesupport_c.so
[3.483s] -- Set runtime path of "/home/raz/tehiru/Tehiru-Homework-assignment/drone_ws/install/liftoff_utils/lib/libliftoff_utils__rosidl_typesupport_c.so" to ""
[3.483s] -- Installing: /home/raz/tehiru/Tehiru-Homework-assignment/drone_ws/install/liftoff_utils/lib/libliftoff_utils__rosidl_typesupport_introspection_cpp.so
[3.483s] -- Set runtime path of "/home/raz/tehiru/Tehiru-Homework-assignment/drone_ws/install/liftoff_utils/lib/libliftoff_utils__rosidl_typesupport_introspection_cpp.so" to ""
[3.483s] -- Installing: /home/raz/tehiru/Tehiru-Homework-assignment/drone_ws/install/liftoff_utils/lib/libliftoff_utils__rosidl_typesupport_cpp.so
[3.483s] -- Set runtime path of "/home/raz/tehiru/Tehiru-Homework-assignment/drone_ws/install/liftoff_utils/lib/libliftoff_utils__rosidl_typesupport_cpp.so" to ""
[3.529s] Listing '/home/raz/tehiru/Tehiru-Homework-assignment/drone_ws/install/liftoff_utils/local/lib/python3.10/dist-packages/liftoff_utils'...
[3.529s] Compiling '/home/raz/tehiru/Tehiru-Homework-assignment/drone_ws/install/liftoff_utils/local/lib/python3.10/dist-packages/liftoff_utils/__init__.py'...
[3.529s] Listing '/home/raz/tehiru/Tehiru-Homework-assignment/drone_ws/install/liftoff_utils/local/lib/python3.10/dist-packages/liftoff_utils/srv'...
[3.529s] Compiling '/home/raz/tehiru/Tehiru-Homework-assignment/drone_ws/install/liftoff_utils/local/lib/python3.10/dist-packages/liftoff_utils/srv/__init__.py'...
[3.529s] Compiling '/home/raz/tehiru/Tehiru-Homework-assignment/drone_ws/install/liftoff_utils/local/lib/python3.10/dist-packages/liftoff_utils/srv/_target_navigation.py'...
[3.532s] -- Installing: /home/raz/tehiru/Tehiru-Homework-assignment/drone_ws/install/liftoff_utils/lib/libliftoff_utils__rosidl_generator_py.so
[3.532s] -- Set runtime path of "/home/raz/tehiru/Tehiru-Homework-assignment/drone_ws/install/liftoff_utils/lib/libliftoff_utils__rosidl_generator_py.so" to ""
[3.532s] -- Installing: /home/raz/tehiru/Tehiru-Homework-assignment/drone_ws/install/liftoff_utils/share/liftoff_utils/cmake/export_liftoff_utils__rosidl_generator_cExport.cmake
[3.533s] -- Installing: /home/raz/tehiru/Tehiru-Homework-assignment/drone_ws/install/liftoff_utils/share/liftoff_utils/cmake/export_liftoff_utils__rosidl_generator_cExport-noconfig.cmake
[3.533s] -- Installing: /home/raz/tehiru/Tehiru-Homework-assignment/drone_ws/install/liftoff_utils/share/liftoff_utils/cmake/export_liftoff_utils__rosidl_typesupport_fastrtps_cExport.cmake
[3.533s] -- Installing: /home/raz/tehiru/Tehiru-Homework-assignment/drone_ws/install/liftoff_utils/share/liftoff_utils/cmake/export_liftoff_utils__rosidl_typesupport_fastrtps_cExport-noconfig.cmake
[3.533s] -- Installing: /home/raz/tehiru/Tehiru-Homework-assignment/drone_ws/install/liftoff_utils/share/liftoff_utils/cmake/export_liftoff_utils__rosidl_generator_cppExport.cmake
[3.533s] -- Installing: /home/raz/tehiru/Tehiru-Homework-assignment/drone_ws/install/liftoff_utils/share/liftoff_utils/cmake/export_liftoff_utils__rosidl_typesupport_fastrtps_cppExport.cmake
[3.533s] -- Installing: /home/raz/tehiru/Tehiru-Homework-assignment/drone_ws/install/liftoff_utils/share/liftoff_utils/cmake/export_liftoff_utils__rosidl_typesupport_fastrtps_cppExport-noconfig.cmake
[3.533s] -- Installing: /home/raz/tehiru/Tehiru-Homework-assignment/drone_ws/install/liftoff_utils/share/liftoff_utils/cmake/liftoff_utils__rosidl_typesupport_introspection_cExport.cmake
[3.533s] -- Installing: /home/raz/tehiru/Tehiru-Homework-assignment/drone_ws/install/liftoff_utils/share/liftoff_utils/cmake/liftoff_utils__rosidl_typesupport_introspection_cExport-noconfig.cmake
[3.533s] -- Installing: /home/raz/tehiru/Tehiru-Homework-assignment/drone_ws/install/liftoff_utils/share/liftoff_utils/cmake/liftoff_utils__rosidl_typesupport_cExport.cmake
[3.533s] -- Installing: /home/raz/tehiru/Tehiru-Homework-assignment/drone_ws/install/liftoff_utils/share/liftoff_utils/cmake/liftoff_utils__rosidl_typesupport_cExport-noconfig.cmake
[3.533s] -- Installing: /home/raz/tehiru/Tehiru-Homework-assignment/drone_ws/install/liftoff_utils/share/liftoff_utils/cmake/liftoff_utils__rosidl_typesupport_introspection_cppExport.cmake
[3.533s] -- Installing: /home/raz/tehiru/Tehiru-Homework-assignment/drone_ws/install/liftoff_utils/share/liftoff_utils/cmake/liftoff_utils__rosidl_typesupport_introspection_cppExport-noconfig.cmake
[3.533s] -- Installing: /home/raz/tehiru/Tehiru-Homework-assignment/drone_ws/install/liftoff_utils/share/liftoff_utils/cmake/liftoff_utils__rosidl_typesupport_cppExport.cmake
[3.533s] -- Installing: /home/raz/tehiru/Tehiru-Homework-assignment/drone_ws/install/liftoff_utils/share/liftoff_utils/cmake/liftoff_utils__rosidl_typesupport_cppExport-noconfig.cmake
[3.533s] -- Installing: /home/raz/tehiru/Tehiru-Homework-assignment/drone_ws/install/liftoff_utils/share/liftoff_utils/cmake/export_liftoff_utils__rosidl_generator_pyExport.cmake
[3.533s] -- Installing: /home/raz/tehiru/Tehiru-Homework-assignment/drone_ws/install/liftoff_utils/share/liftoff_utils/cmake/export_liftoff_utils__rosidl_generator_pyExport-noconfig.cmake
[3.535s] Invoked command in '/home/raz/tehiru/Tehiru-Homework-assignment/drone_ws/build/liftoff_utils' returned '0': CMAKE_PREFIX_PATH=/opt/ros/humble /usr/bin/cmake --install /home/raz/tehiru/Tehiru-Homework-assignment/drone_ws/build/liftoff_utils
