[0.707s] Invoking command in '/home/raz/tehiru/drone_ws/src/virtual_controller': PYTHONPATH=/home/raz/tehiru/drone_ws/build/virtual_controller/prefix_override:/usr/lib/python3/dist-packages/colcon_core/task/python/colcon_distutils_commands:/home/raz/tehiru/drone_ws/install/virtual_controller/lib/python3.10/site-packages:${PYTHONPATH} /usr/bin/python3 -W ignore:setup.py install is deprecated -W ignore:easy_install command is deprecated setup.py egg_info --egg-base ../../build/virtual_controller build --build-base /home/raz/tehiru/drone_ws/build/virtual_controller/build install --record /home/raz/tehiru/drone_ws/build/virtual_controller/install.log --single-version-externally-managed install_data
[0.946s] running egg_info
[0.947s] writing ../../build/virtual_controller/virtual_controller.egg-info/PKG-INFO
[0.947s] writing dependency_links to ../../build/virtual_controller/virtual_controller.egg-info/dependency_links.txt
[0.947s] writing entry points to ../../build/virtual_controller/virtual_controller.egg-info/entry_points.txt
[0.947s] writing requirements to ../../build/virtual_controller/virtual_controller.egg-info/requires.txt
[0.947s] writing top-level names to ../../build/virtual_controller/virtual_controller.egg-info/top_level.txt
[0.949s] reading manifest file '../../build/virtual_controller/virtual_controller.egg-info/SOURCES.txt'
[0.949s] writing manifest file '../../build/virtual_controller/virtual_controller.egg-info/SOURCES.txt'
[0.949s] running build
[0.950s] running build_py
[0.950s] copying virtual_controller/virtual_controller_node.py -> /home/raz/tehiru/drone_ws/build/virtual_controller/build/lib/virtual_controller
[0.950s] running install
[0.950s] running install_lib
[0.951s] copying /home/raz/tehiru/drone_ws/build/virtual_controller/build/lib/virtual_controller/virtual_controller_node.py -> /home/raz/tehiru/drone_ws/install/virtual_controller/lib/python3.10/site-packages/virtual_controller
[0.952s] byte-compiling /home/raz/tehiru/drone_ws/install/virtual_controller/lib/python3.10/site-packages/virtual_controller/virtual_controller_node.py to virtual_controller_node.cpython-310.pyc
[0.953s] running install_data
[0.953s] running install_egg_info
[0.955s] removing '/home/raz/tehiru/drone_ws/install/virtual_controller/lib/python3.10/site-packages/virtual_controller-0.0.0-py3.10.egg-info' (and everything under it)
[0.955s] Copying ../../build/virtual_controller/virtual_controller.egg-info to /home/raz/tehiru/drone_ws/install/virtual_controller/lib/python3.10/site-packages/virtual_controller-0.0.0-py3.10.egg-info
[0.956s] running install_scripts
[0.978s] Installing virtual_controller_node script to /home/raz/tehiru/drone_ws/install/virtual_controller/lib/virtual_controller
[0.978s] writing list of installed files to '/home/raz/tehiru/drone_ws/build/virtual_controller/install.log'
[1.016s] Invoked command in '/home/raz/tehiru/drone_ws/src/virtual_controller' returned '0': PYTHONPATH=/home/raz/tehiru/drone_ws/build/virtual_controller/prefix_override:/usr/lib/python3/dist-packages/colcon_core/task/python/colcon_distutils_commands:/home/raz/tehiru/drone_ws/install/virtual_controller/lib/python3.10/site-packages:${PYTHONPATH} /usr/bin/python3 -W ignore:setup.py install is deprecated -W ignore:easy_install command is deprecated setup.py egg_info --egg-base ../../build/virtual_controller build --build-base /home/raz/tehiru/drone_ws/build/virtual_controller/build install --record /home/raz/tehiru/drone_ws/build/virtual_controller/install.log --single-version-externally-managed install_data
