-- Found ament_cmake: 1.3.11 (/opt/ros/humble/share/ament_cmake/cmake)
-- Found rclcpp: 16.0.12 (/opt/ros/humble/share/rclcpp/cmake)
-- Found rosidl_generator_c: 3.1.6 (/opt/ros/humble/share/rosidl_generator_c/cmake)
-- Found rosidl_adapter: 3.1.6 (/opt/ros/humble/share/rosidl_adapter/cmake)
-- Found rosidl_generator_cpp: 3.1.6 (/opt/ros/humble/share/rosidl_generator_cpp/cmake)
-- Using all available rosidl_typesupport_c: rosidl_typesupport_fastrtps_c;rosidl_typesupport_introspection_c
-- Using all available rosidl_typesupport_cpp: rosidl_typesupport_fastrtps_cpp;rosidl_typesupport_introspection_cpp
-- Found rmw_implementation_cmake: 6.1.2 (/opt/ros/humble/share/rmw_implementation_cmake/cmake)
-- Found rmw_fastrtps_cpp: 6.2.7 (/opt/ros/humble/share/rmw_fastrtps_cpp/cmake)
-- Using RMW implementation 'rmw_fastrtps_cpp' as default
-- Found sensor_msgs: 4.8.0 (/opt/ros/humble/share/sensor_msgs/cmake)
-- Found rosidl_default_generators: 1.2.0 (/opt/ros/humble/share/rosidl_default_generators/cmake)
-- Found ament_cmake_ros: 0.10.0 (/opt/ros/humble/share/ament_cmake_ros/cmake)
-- Using all available rosidl_typesupport_c: rosidl_typesupport_fastrtps_c;rosidl_typesupport_introspection_c
-- Using all available rosidl_typesupport_cpp: rosidl_typesupport_fastrtps_cpp;rosidl_typesupport_introspection_cpp
-- Found python_cmake_module: 0.10.0 (/opt/ros/humble/share/python_cmake_module/cmake)
-- Using PYTHON_EXECUTABLE: /usr/bin/python3
-- Using PYTHON_INCLUDE_DIRS: /usr/include/python3.10
-- Using PYTHON_LIBRARIES: /usr/lib/x86_64-linux-gnu/libpython3.10.so
-- Configuring done
-- Generating done
-- Build files have been written to: /home/raz/tehiru/Tehiru-Homework-assignment/drone_ws/build/virtual_ps_controller
[  2%] [34m[1mGenerating C code for ROS interfaces[0m
[  4%] [34m[1mGenerating C++ code for ROS interfaces[0m
[  6%] [32mBuilding CXX object CMakeFiles/ps_controller_node.dir/src/ps_controller.cpp.o[0m
[  8%] [32mBuilding CXX object CMakeFiles/ps_controller_node.dir/src/ps_controller_node.cpp.o[0m
[  8%] Built target ament_cmake_python_copy_virtual_ps_controller
running egg_info
creating virtual_ps_controller.egg-info
writing virtual_ps_controller.egg-info/PKG-INFO
writing dependency_links to virtual_ps_controller.egg-info/dependency_links.txt
writing top-level names to virtual_ps_controller.egg-info/top_level.txt
writing manifest file 'virtual_ps_controller.egg-info/SOURCES.txt'
reading manifest file 'virtual_ps_controller.egg-info/SOURCES.txt'
writing manifest file 'virtual_ps_controller.egg-info/SOURCES.txt'
[  8%] Built target ament_cmake_python_build_virtual_ps_controller_egg
[  8%] Built target virtual_ps_controller__cpp
[ 10%] [32mBuilding C object CMakeFiles/virtual_ps_controller__rosidl_generator_c.dir/rosidl_generator_c/virtual_ps_controller/msg/detail/button_state__functions.c.o[0m
[ 12%] [32mBuilding C object CMakeFiles/virtual_ps_controller__rosidl_generator_c.dir/rosidl_generator_c/virtual_ps_controller/msg/detail/controller_state__functions.c.o[0m
[ 14%] [32mBuilding C object CMakeFiles/virtual_ps_controller__rosidl_generator_c.dir/rosidl_generator_c/virtual_ps_controller/srv/detail/set_button__functions.c.o[0m
[ 16%] [34m[1mGenerating C++ type support dispatch for ROS interfaces[0m
[ 18%] [34m[1mGenerating C++ type support for eProsima Fast-RTPS[0m
[ 20%] [34m[1mGenerating C++ introspection for ROS interfaces[0m
[ 22%] [32m[1mLinking C shared library libvirtual_ps_controller__rosidl_generator_c.so[0m
[ 22%] Built target virtual_ps_controller__rosidl_generator_c
[ 24%] [34m[1mGenerating C type support for eProsima Fast-RTPS[0m
[ 28%] [34m[1mGenerating C introspection for ROS interfaces[0m
[ 28%] [34m[1mGenerating C type support dispatch for ROS interfaces[0m
[ 32%] [32mBuilding CXX object CMakeFiles/virtual_ps_controller__rosidl_typesupport_cpp.dir/rosidl_typesupport_cpp/virtual_ps_controller/msg/controller_state__type_support.cpp.o[0m
[ 32%] [32mBuilding CXX object CMakeFiles/virtual_ps_controller__rosidl_typesupport_cpp.dir/rosidl_typesupport_cpp/virtual_ps_controller/msg/button_state__type_support.cpp.o[0m
[ 34%] [32mBuilding CXX object CMakeFiles/virtual_ps_controller__rosidl_typesupport_cpp.dir/rosidl_typesupport_cpp/virtual_ps_controller/srv/set_button__type_support.cpp.o[0m
[ 36%] [32mBuilding CXX object CMakeFiles/virtual_ps_controller__rosidl_typesupport_introspection_cpp.dir/rosidl_typesupport_introspection_cpp/virtual_ps_controller/msg/detail/button_state__type_support.cpp.o[0m
[ 40%] [32mBuilding CXX object CMakeFiles/virtual_ps_controller__rosidl_typesupport_introspection_cpp.dir/rosidl_typesupport_introspection_cpp/virtual_ps_controller/srv/detail/set_button__type_support.cpp.o[0m
[ 40%] [32mBuilding CXX object CMakeFiles/virtual_ps_controller__rosidl_typesupport_introspection_cpp.dir/rosidl_typesupport_introspection_cpp/virtual_ps_controller/msg/detail/controller_state__type_support.cpp.o[0m
[ 42%] [32mBuilding CXX object CMakeFiles/virtual_ps_controller__rosidl_typesupport_fastrtps_cpp.dir/rosidl_typesupport_fastrtps_cpp/virtual_ps_controller/srv/detail/dds_fastrtps/set_button__type_support.cpp.o[0m
[ 44%] [32mBuilding CXX object CMakeFiles/virtual_ps_controller__rosidl_typesupport_fastrtps_cpp.dir/rosidl_typesupport_fastrtps_cpp/virtual_ps_controller/msg/detail/dds_fastrtps/button_state__type_support.cpp.o[0m
[ 46%] [32mBuilding CXX object CMakeFiles/virtual_ps_controller__rosidl_typesupport_fastrtps_cpp.dir/rosidl_typesupport_fastrtps_cpp/virtual_ps_controller/msg/detail/dds_fastrtps/controller_state__type_support.cpp.o[0m
[ 48%] [32mBuilding CXX object CMakeFiles/virtual_ps_controller__rosidl_typesupport_c.dir/rosidl_typesupport_c/virtual_ps_controller/msg/button_state__type_support.cpp.o[0m
[ 50%] [32mBuilding CXX object CMakeFiles/virtual_ps_controller__rosidl_typesupport_c.dir/rosidl_typesupport_c/virtual_ps_controller/srv/set_button__type_support.cpp.o[0m
[ 52%] [32mBuilding CXX object CMakeFiles/virtual_ps_controller__rosidl_typesupport_c.dir/rosidl_typesupport_c/virtual_ps_controller/msg/controller_state__type_support.cpp.o[0m
[ 54%] [32mBuilding C object CMakeFiles/virtual_ps_controller__rosidl_typesupport_introspection_c.dir/rosidl_typesupport_introspection_c/virtual_ps_controller/msg/detail/button_state__type_support.c.o[0m
[ 56%] [32mBuilding C object CMakeFiles/virtual_ps_controller__rosidl_typesupport_introspection_c.dir/rosidl_typesupport_introspection_c/virtual_ps_controller/msg/detail/controller_state__type_support.c.o[0m
[ 58%] [32mBuilding C object CMakeFiles/virtual_ps_controller__rosidl_typesupport_introspection_c.dir/rosidl_typesupport_introspection_c/virtual_ps_controller/srv/detail/set_button__type_support.c.o[0m
[ 60%] [32m[1mLinking CXX shared library libvirtual_ps_controller__rosidl_typesupport_c.so[0m
[ 62%] [32mBuilding CXX object CMakeFiles/virtual_ps_controller__rosidl_typesupport_fastrtps_c.dir/rosidl_typesupport_fastrtps_c/virtual_ps_controller/msg/detail/controller_state__type_support_c.cpp.o[0m
[ 64%] [32mBuilding CXX object CMakeFiles/virtual_ps_controller__rosidl_typesupport_fastrtps_c.dir/rosidl_typesupport_fastrtps_c/virtual_ps_controller/msg/detail/button_state__type_support_c.cpp.o[0m
[ 66%] [32mBuilding CXX object CMakeFiles/virtual_ps_controller__rosidl_typesupport_fastrtps_c.dir/rosidl_typesupport_fastrtps_c/virtual_ps_controller/srv/detail/set_button__type_support_c.cpp.o[0m
[ 68%] [32m[1mLinking C shared library libvirtual_ps_controller__rosidl_typesupport_introspection_c.so[0m
[ 68%] Built target virtual_ps_controller__rosidl_typesupport_c
[ 68%] Built target virtual_ps_controller__rosidl_typesupport_introspection_c
[ 70%] [32m[1mLinking CXX shared library libvirtual_ps_controller__rosidl_typesupport_cpp.so[0m
[ 70%] Built target virtual_ps_controller__rosidl_typesupport_cpp
[ 72%] [32m[1mLinking CXX shared library libvirtual_ps_controller__rosidl_typesupport_fastrtps_c.so[0m
[ 74%] [32m[1mLinking CXX shared library libvirtual_ps_controller__rosidl_typesupport_fastrtps_cpp.so[0m
[ 76%] [32m[1mLinking CXX shared library libvirtual_ps_controller__rosidl_typesupport_introspection_cpp.so[0m
[ 76%] Built target virtual_ps_controller__rosidl_typesupport_fastrtps_c
[ 76%] Built target virtual_ps_controller__rosidl_typesupport_fastrtps_cpp
[ 76%] Built target virtual_ps_controller__rosidl_typesupport_introspection_cpp
[ 76%] Built target virtual_ps_controller
[ 78%] [34m[1mGenerating Python code for ROS interfaces[0m
[ 78%] Built target virtual_ps_controller__py
[ 80%] [32mBuilding C object CMakeFiles/virtual_ps_controller__rosidl_generator_py.dir/rosidl_generator_py/virtual_ps_controller/msg/_button_state_s.c.o[0m
[ 82%] [32mBuilding C object CMakeFiles/virtual_ps_controller__rosidl_generator_py.dir/rosidl_generator_py/virtual_ps_controller/srv/_set_button_s.c.o[0m
[ 84%] [32mBuilding C object CMakeFiles/virtual_ps_controller__rosidl_generator_py.dir/rosidl_generator_py/virtual_ps_controller/msg/_controller_state_s.c.o[0m
[ 86%] [32m[1mLinking C shared library rosidl_generator_py/virtual_ps_controller/libvirtual_ps_controller__rosidl_generator_py.so[0m
[ 86%] Built target virtual_ps_controller__rosidl_generator_py
[ 88%] [32mBuilding C object CMakeFiles/virtual_ps_controller__rosidl_typesupport_fastrtps_c__pyext.dir/rosidl_generator_py/virtual_ps_controller/_virtual_ps_controller_s.ep.rosidl_typesupport_fastrtps_c.c.o[0m
[ 92%] [32mBuilding C object CMakeFiles/virtual_ps_controller__rosidl_typesupport_introspection_c__pyext.dir/rosidl_generator_py/virtual_ps_controller/_virtual_ps_controller_s.ep.rosidl_typesupport_introspection_c.c.o[0m
[ 92%] [32mBuilding C object CMakeFiles/virtual_ps_controller__rosidl_typesupport_c__pyext.dir/rosidl_generator_py/virtual_ps_controller/_virtual_ps_controller_s.ep.rosidl_typesupport_c.c.o[0m
[ 96%] [32m[1mLinking C shared library rosidl_generator_py/virtual_ps_controller/virtual_ps_controller_s__rosidl_typesupport_c.cpython-310-x86_64-linux-gnu.so[0m
[ 96%] [32m[1mLinking C shared library rosidl_generator_py/virtual_ps_controller/virtual_ps_controller_s__rosidl_typesupport_fastrtps_c.cpython-310-x86_64-linux-gnu.so[0m
[ 98%] [32m[1mLinking C shared library rosidl_generator_py/virtual_ps_controller/virtual_ps_controller_s__rosidl_typesupport_introspection_c.cpython-310-x86_64-linux-gnu.so[0m
[ 98%] Built target virtual_ps_controller__rosidl_typesupport_introspection_c__pyext
[ 98%] Built target virtual_ps_controller__rosidl_typesupport_fastrtps_c__pyext
[ 98%] Built target virtual_ps_controller__rosidl_typesupport_c__pyext
[100%] [32m[1mLinking CXX executable ps_controller_node[0m
