[0.007s] Invoking command in '/home/raz/tehiru/Tehiru-Homework-assignment/drone_ws/build/virtual_ps_controller': CMAKE_PREFIX_PATH=/opt/ros/humble /usr/bin/cmake --build /home/raz/tehiru/Tehiru-Homework-assignment/drone_ws/build/virtual_ps_controller -- -j24 -l24
[0.022s] -- Found ament_cmake: 1.3.11 (/opt/ros/humble/share/ament_cmake/cmake)
[0.113s] -- Found rclcpp: 16.0.12 (/opt/ros/humble/share/rclcpp/cmake)
[0.132s] -- Found rosidl_generator_c: 3.1.6 (/opt/ros/humble/share/rosidl_generator_c/cmake)
[0.134s] -- Found rosidl_adapter: 3.1.6 (/opt/ros/humble/share/rosidl_adapter/cmake)
[0.137s] -- Found rosidl_generator_cpp: 3.1.6 (/opt/ros/humble/share/rosidl_generator_cpp/cmake)
[0.143s] -- Using all available rosidl_typesupport_c: rosidl_typesupport_fastrtps_c;rosidl_typesupport_introspection_c
[0.151s] -- Using all available rosidl_typesupport_cpp: rosidl_typesupport_fastrtps_cpp;rosidl_typesupport_introspection_cpp
[0.171s] -- Found rmw_implementation_cmake: 6.1.2 (/opt/ros/humble/share/rmw_implementation_cmake/cmake)
[0.172s] -- Found rmw_fastrtps_cpp: 6.2.7 (/opt/ros/humble/share/rmw_fastrtps_cpp/cmake)
[0.258s] -- Using RMW implementation 'rmw_fastrtps_cpp' as default
[0.293s] -- Found sensor_msgs: 4.8.0 (/opt/ros/humble/share/sensor_msgs/cmake)
[0.311s] -- Found rosidl_default_generators: 1.2.0 (/opt/ros/humble/share/rosidl_default_generators/cmake)
[0.511s] -- Found ament_cmake_ros: 0.10.0 (/opt/ros/humble/share/ament_cmake_ros/cmake)
[0.758s] -- Using all available rosidl_typesupport_c: rosidl_typesupport_fastrtps_c;rosidl_typesupport_introspection_c
[0.865s] -- Using all available rosidl_typesupport_cpp: rosidl_typesupport_fastrtps_cpp;rosidl_typesupport_introspection_cpp
[0.887s] -- Found python_cmake_module: 0.10.0 (/opt/ros/humble/share/python_cmake_module/cmake)
[0.903s] -- Using PYTHON_EXECUTABLE: /usr/bin/python3
[0.903s] -- Using PYTHON_INCLUDE_DIRS: /usr/include/python3.10
[0.904s] -- Using PYTHON_LIBRARIES: /usr/lib/x86_64-linux-gnu/libpython3.10.so
[0.924s] -- Configuring done
[0.999s] -- Generating done
[1.012s] -- Build files have been written to: /home/raz/tehiru/Tehiru-Homework-assignment/drone_ws/build/virtual_ps_controller
[1.032s] [  2%] [34m[1mGenerating C code for ROS interfaces[0m
[1.040s] [  4%] [34m[1mGenerating C++ code for ROS interfaces[0m
[1.047s] [  6%] [32mBuilding CXX object CMakeFiles/ps_controller_node.dir/src/ps_controller.cpp.o[0m
[1.047s] [  8%] [32mBuilding CXX object CMakeFiles/ps_controller_node.dir/src/ps_controller_node.cpp.o[0m
[1.048s] [  8%] Built target ament_cmake_python_copy_virtual_ps_controller
[1.201s] running egg_info
[1.201s] creating virtual_ps_controller.egg-info
[1.201s] writing virtual_ps_controller.egg-info/PKG-INFO
[1.201s] writing dependency_links to virtual_ps_controller.egg-info/dependency_links.txt
[1.201s] writing top-level names to virtual_ps_controller.egg-info/top_level.txt
[1.201s] writing manifest file 'virtual_ps_controller.egg-info/SOURCES.txt'
[1.202s] reading manifest file 'virtual_ps_controller.egg-info/SOURCES.txt'
[1.203s] writing manifest file 'virtual_ps_controller.egg-info/SOURCES.txt'
[1.221s] [  8%] Built target ament_cmake_python_build_virtual_ps_controller_egg
[1.277s] [  8%] Built target virtual_ps_controller__cpp
[1.278s] [ 10%] [32mBuilding C object CMakeFiles/virtual_ps_controller__rosidl_generator_c.dir/rosidl_generator_c/virtual_ps_controller/msg/detail/button_state__functions.c.o[0m
[1.278s] [ 12%] [32mBuilding C object CMakeFiles/virtual_ps_controller__rosidl_generator_c.dir/rosidl_generator_c/virtual_ps_controller/msg/detail/controller_state__functions.c.o[0m
[1.279s] [ 14%] [32mBuilding C object CMakeFiles/virtual_ps_controller__rosidl_generator_c.dir/rosidl_generator_c/virtual_ps_controller/srv/detail/set_button__functions.c.o[0m
[1.283s] [ 16%] [34m[1mGenerating C++ type support dispatch for ROS interfaces[0m
[1.283s] [ 18%] [34m[1mGenerating C++ type support for eProsima Fast-RTPS[0m
[1.283s] [ 20%] [34m[1mGenerating C++ introspection for ROS interfaces[0m
[1.316s] [ 22%] [32m[1mLinking C shared library libvirtual_ps_controller__rosidl_generator_c.so[0m
[1.345s] [ 22%] Built target virtual_ps_controller__rosidl_generator_c
[1.352s] [ 24%] [34m[1mGenerating C type support for eProsima Fast-RTPS[0m
[1.353s] [ 28%] [34m[1mGenerating C introspection for ROS interfaces[0m
[1.353s] [ 28%] [34m[1mGenerating C type support dispatch for ROS interfaces[0m
[1.477s] [ 32%] [32mBuilding CXX object CMakeFiles/virtual_ps_controller__rosidl_typesupport_cpp.dir/rosidl_typesupport_cpp/virtual_ps_controller/msg/controller_state__type_support.cpp.o[0m
[1.477s] [ 32%] [32mBuilding CXX object CMakeFiles/virtual_ps_controller__rosidl_typesupport_cpp.dir/rosidl_typesupport_cpp/virtual_ps_controller/msg/button_state__type_support.cpp.o[0m
[1.477s] [ 34%] [32mBuilding CXX object CMakeFiles/virtual_ps_controller__rosidl_typesupport_cpp.dir/rosidl_typesupport_cpp/virtual_ps_controller/srv/set_button__type_support.cpp.o[0m
[1.494s] [ 36%] [32mBuilding CXX object CMakeFiles/virtual_ps_controller__rosidl_typesupport_introspection_cpp.dir/rosidl_typesupport_introspection_cpp/virtual_ps_controller/msg/detail/button_state__type_support.cpp.o[0m
[1.495s] [ 40%] [32mBuilding CXX object CMakeFiles/virtual_ps_controller__rosidl_typesupport_introspection_cpp.dir/rosidl_typesupport_introspection_cpp/virtual_ps_controller/srv/detail/set_button__type_support.cpp.o[0m
[1.495s] [ 40%] [32mBuilding CXX object CMakeFiles/virtual_ps_controller__rosidl_typesupport_introspection_cpp.dir/rosidl_typesupport_introspection_cpp/virtual_ps_controller/msg/detail/controller_state__type_support.cpp.o[0m
[1.505s] [ 42%] [32mBuilding CXX object CMakeFiles/virtual_ps_controller__rosidl_typesupport_fastrtps_cpp.dir/rosidl_typesupport_fastrtps_cpp/virtual_ps_controller/srv/detail/dds_fastrtps/set_button__type_support.cpp.o[0m
[1.506s] [ 44%] [32mBuilding CXX object CMakeFiles/virtual_ps_controller__rosidl_typesupport_fastrtps_cpp.dir/rosidl_typesupport_fastrtps_cpp/virtual_ps_controller/msg/detail/dds_fastrtps/button_state__type_support.cpp.o[0m
[1.506s] [ 46%] [32mBuilding CXX object CMakeFiles/virtual_ps_controller__rosidl_typesupport_fastrtps_cpp.dir/rosidl_typesupport_fastrtps_cpp/virtual_ps_controller/msg/detail/dds_fastrtps/controller_state__type_support.cpp.o[0m
[1.555s] [ 48%] [32mBuilding CXX object CMakeFiles/virtual_ps_controller__rosidl_typesupport_c.dir/rosidl_typesupport_c/virtual_ps_controller/msg/button_state__type_support.cpp.o[0m
[1.555s] [ 50%] [32mBuilding CXX object CMakeFiles/virtual_ps_controller__rosidl_typesupport_c.dir/rosidl_typesupport_c/virtual_ps_controller/srv/set_button__type_support.cpp.o[0m
[1.557s] [ 52%] [32mBuilding CXX object CMakeFiles/virtual_ps_controller__rosidl_typesupport_c.dir/rosidl_typesupport_c/virtual_ps_controller/msg/controller_state__type_support.cpp.o[0m
[1.573s] [ 54%] [32mBuilding C object CMakeFiles/virtual_ps_controller__rosidl_typesupport_introspection_c.dir/rosidl_typesupport_introspection_c/virtual_ps_controller/msg/detail/button_state__type_support.c.o[0m
[1.574s] [ 56%] [32mBuilding C object CMakeFiles/virtual_ps_controller__rosidl_typesupport_introspection_c.dir/rosidl_typesupport_introspection_c/virtual_ps_controller/msg/detail/controller_state__type_support.c.o[0m
[1.575s] [ 58%] [32mBuilding C object CMakeFiles/virtual_ps_controller__rosidl_typesupport_introspection_c.dir/rosidl_typesupport_introspection_c/virtual_ps_controller/srv/detail/set_button__type_support.c.o[0m
[1.576s] [ 60%] [32m[1mLinking CXX shared library libvirtual_ps_controller__rosidl_typesupport_c.so[0m
[1.583s] [ 62%] [32mBuilding CXX object CMakeFiles/virtual_ps_controller__rosidl_typesupport_fastrtps_c.dir/rosidl_typesupport_fastrtps_c/virtual_ps_controller/msg/detail/controller_state__type_support_c.cpp.o[0m
[1.585s] [ 64%] [32mBuilding CXX object CMakeFiles/virtual_ps_controller__rosidl_typesupport_fastrtps_c.dir/rosidl_typesupport_fastrtps_c/virtual_ps_controller/msg/detail/button_state__type_support_c.cpp.o[0m
[1.585s] [ 66%] [32mBuilding CXX object CMakeFiles/virtual_ps_controller__rosidl_typesupport_fastrtps_c.dir/rosidl_typesupport_fastrtps_c/virtual_ps_controller/srv/detail/set_button__type_support_c.cpp.o[0m
[1.603s] [ 68%] [32m[1mLinking C shared library libvirtual_ps_controller__rosidl_typesupport_introspection_c.so[0m
[1.605s] [ 68%] Built target virtual_ps_controller__rosidl_typesupport_c
[1.623s] [ 68%] Built target virtual_ps_controller__rosidl_typesupport_introspection_c
[1.726s] [ 70%] [32m[1mLinking CXX shared library libvirtual_ps_controller__rosidl_typesupport_cpp.so[0m
[1.755s] [ 70%] Built target virtual_ps_controller__rosidl_typesupport_cpp
[1.807s] [ 72%] [32m[1mLinking CXX shared library libvirtual_ps_controller__rosidl_typesupport_fastrtps_c.so[0m
[1.821s] [ 74%] [32m[1mLinking CXX shared library libvirtual_ps_controller__rosidl_typesupport_fastrtps_cpp.so[0m
[1.861s] [ 76%] [32m[1mLinking CXX shared library libvirtual_ps_controller__rosidl_typesupport_introspection_cpp.so[0m
[1.861s] [ 76%] Built target virtual_ps_controller__rosidl_typesupport_fastrtps_c
[1.872s] [ 76%] Built target virtual_ps_controller__rosidl_typesupport_fastrtps_cpp
[1.913s] [ 76%] Built target virtual_ps_controller__rosidl_typesupport_introspection_cpp
[1.930s] [ 76%] Built target virtual_ps_controller
[1.946s] [ 78%] [34m[1mGenerating Python code for ROS interfaces[0m
[2.299s] [ 78%] Built target virtual_ps_controller__py
[2.315s] [ 80%] [32mBuilding C object CMakeFiles/virtual_ps_controller__rosidl_generator_py.dir/rosidl_generator_py/virtual_ps_controller/msg/_button_state_s.c.o[0m
[2.316s] [ 82%] [32mBuilding C object CMakeFiles/virtual_ps_controller__rosidl_generator_py.dir/rosidl_generator_py/virtual_ps_controller/srv/_set_button_s.c.o[0m
[2.316s] [ 84%] [32mBuilding C object CMakeFiles/virtual_ps_controller__rosidl_generator_py.dir/rosidl_generator_py/virtual_ps_controller/msg/_controller_state_s.c.o[0m
[2.395s] [ 86%] [32m[1mLinking C shared library rosidl_generator_py/virtual_ps_controller/libvirtual_ps_controller__rosidl_generator_py.so[0m
[2.426s] [ 86%] Built target virtual_ps_controller__rosidl_generator_py
[2.442s] [ 88%] [32mBuilding C object CMakeFiles/virtual_ps_controller__rosidl_typesupport_fastrtps_c__pyext.dir/rosidl_generator_py/virtual_ps_controller/_virtual_ps_controller_s.ep.rosidl_typesupport_fastrtps_c.c.o[0m
[2.443s] [ 92%] [32mBuilding C object CMakeFiles/virtual_ps_controller__rosidl_typesupport_introspection_c__pyext.dir/rosidl_generator_py/virtual_ps_controller/_virtual_ps_controller_s.ep.rosidl_typesupport_introspection_c.c.o[0m
[2.443s] [ 92%] [32mBuilding C object CMakeFiles/virtual_ps_controller__rosidl_typesupport_c__pyext.dir/rosidl_generator_py/virtual_ps_controller/_virtual_ps_controller_s.ep.rosidl_typesupport_c.c.o[0m
[2.509s] [ 96%] [32m[1mLinking C shared library rosidl_generator_py/virtual_ps_controller/virtual_ps_controller_s__rosidl_typesupport_c.cpython-310-x86_64-linux-gnu.so[0m
[2.510s] [ 96%] [32m[1mLinking C shared library rosidl_generator_py/virtual_ps_controller/virtual_ps_controller_s__rosidl_typesupport_fastrtps_c.cpython-310-x86_64-linux-gnu.so[0m
[2.510s] [ 98%] [32m[1mLinking C shared library rosidl_generator_py/virtual_ps_controller/virtual_ps_controller_s__rosidl_typesupport_introspection_c.cpython-310-x86_64-linux-gnu.so[0m
[2.536s] [ 98%] Built target virtual_ps_controller__rosidl_typesupport_introspection_c__pyext
[2.536s] [ 98%] Built target virtual_ps_controller__rosidl_typesupport_fastrtps_c__pyext
[2.537s] [ 98%] Built target virtual_ps_controller__rosidl_typesupport_c__pyext
[5.920s] [100%] [32m[1mLinking CXX executable ps_controller_node[0m
[6.722s] /usr/bin/ld: cannot find -linput: No such file or directory
[6.792s] /usr/bin/ld: cannot find -linput: No such file or directory
[6.809s] collect2: error: ld returned 1 exit status
[6.811s] gmake[2]: *** [CMakeFiles/ps_controller_node.dir/build.make:1372: ps_controller_node] Error 1
[6.811s] gmake[1]: *** [CMakeFiles/Makefile2:182: CMakeFiles/ps_controller_node.dir/all] Error 2
[6.811s] gmake: *** [Makefile:146: all] Error 2
[6.813s] Invoked command in '/home/raz/tehiru/Tehiru-Homework-assignment/drone_ws/build/virtual_ps_controller' returned '2': CMAKE_PREFIX_PATH=/opt/ros/humble /usr/bin/cmake --build /home/raz/tehiru/Tehiru-Homework-assignment/drone_ws/build/virtual_ps_controller -- -j24 -l24
