[0.063s] DEBUG:colcon:Command line arguments: ['/usr/bin/colcon', 'list', '-p', '--base-paths', '/home/raz/tehiru/Tehiru-Homework-assignment/drone_ws']
[0.063s] DEBUG:colcon:Parsed command line arguments: Namespace(log_base=None, log_level=None, verb_name='list', build_base='build', ignore_user_meta=False, metas=['./colcon.meta'], base_paths=['/home/raz/tehiru/Tehiru-Homework-assignment/drone_ws'], packages_ignore=None, packages_ignore_regex=None, paths=None, packages_up_to=None, packages_up_to_regex=None, packages_above=None, packages_above_and_dependencies=None, packages_above_depth=None, packages_select_by_dep=None, packages_skip_by_dep=None, packages_skip_up_to=None, packages_select_build_failed=False, packages_skip_build_finished=False, packages_select_test_failures=False, packages_skip_test_passed=False, packages_select=None, packages_skip=None, packages_select_regex=None, packages_skip_regex=None, packages_start=None, packages_end=None, allow_overriding=[], topological_order=False, names_only=False, paths_only=True, topological_graph=False, topological_graph_dot=False, topological_graph_density=False, topological_graph_legend=False, topological_graph_dot_cluster=False, topological_graph_dot_include_skipped=False, mixin_files=None, mixin=None, verb_parser=<colcon_mixin.mixin.mixin_argument.MixinArgumentDecorator object at 0x728e8c439270>, verb_extension=<colcon_package_information.verb.list.ListVerb object at 0x728e8c438100>, main=<bound method ListVerb.main of <colcon_package_information.verb.list.ListVerb object at 0x728e8c438100>>, mixin_verb=('list',))
[0.179s] Level 1:colcon.colcon_core.package_discovery:discover_packages(colcon_meta) check parameters
[0.179s] Level 1:colcon.colcon_core.package_discovery:discover_packages(recursive) check parameters
[0.179s] Level 1:colcon.colcon_core.package_discovery:discover_packages(ignore) check parameters
[0.179s] Level 1:colcon.colcon_core.package_discovery:discover_packages(path) check parameters
[0.179s] Level 1:colcon.colcon_core.package_discovery:discover_packages(recursive) discover
[0.179s] INFO:colcon.colcon_core.package_discovery:Crawling recursively for packages in '/home/raz/tehiru/Tehiru-Homework-assignment/drone_ws'
[0.187s] Level 1:colcon.colcon_core.package_identification:_identify(/home/raz/tehiru/Tehiru-Homework-assignment/drone_ws) by extensions ['ignore', 'ignore_ament_install']
[0.187s] Level 1:colcon.colcon_core.package_identification:_identify(/home/raz/tehiru/Tehiru-Homework-assignment/drone_ws) by extension 'ignore'
[0.187s] Level 1:colcon.colcon_core.package_identification:_identify(/home/raz/tehiru/Tehiru-Homework-assignment/drone_ws) by extension 'ignore_ament_install'
[0.187s] Level 1:colcon.colcon_core.package_identification:_identify(/home/raz/tehiru/Tehiru-Homework-assignment/drone_ws) by extensions ['colcon_pkg']
[0.187s] Level 1:colcon.colcon_core.package_identification:_identify(/home/raz/tehiru/Tehiru-Homework-assignment/drone_ws) by extension 'colcon_pkg'
[0.187s] Level 1:colcon.colcon_core.package_identification:_identify(/home/raz/tehiru/Tehiru-Homework-assignment/drone_ws) by extensions ['colcon_meta']
[0.187s] Level 1:colcon.colcon_core.package_identification:_identify(/home/raz/tehiru/Tehiru-Homework-assignment/drone_ws) by extension 'colcon_meta'
[0.187s] Level 1:colcon.colcon_core.package_identification:_identify(/home/raz/tehiru/Tehiru-Homework-assignment/drone_ws) by extensions ['ros']
[0.187s] Level 1:colcon.colcon_core.package_identification:_identify(/home/raz/tehiru/Tehiru-Homework-assignment/drone_ws) by extension 'ros'
[0.199s] Level 1:colcon.colcon_core.package_identification:_identify(/home/raz/tehiru/Tehiru-Homework-assignment/drone_ws) by extensions ['cmake', 'python']
[0.199s] Level 1:colcon.colcon_core.package_identification:_identify(/home/raz/tehiru/Tehiru-Homework-assignment/drone_ws) by extension 'cmake'
[0.199s] Level 1:colcon.colcon_core.package_identification:_identify(/home/raz/tehiru/Tehiru-Homework-assignment/drone_ws) by extension 'python'
[0.199s] Level 1:colcon.colcon_core.package_identification:_identify(/home/raz/tehiru/Tehiru-Homework-assignment/drone_ws) by extensions ['python_setup_py']
[0.199s] Level 1:colcon.colcon_core.package_identification:_identify(/home/raz/tehiru/Tehiru-Homework-assignment/drone_ws) by extension 'python_setup_py'
[0.199s] Level 1:colcon.colcon_core.package_identification:_identify(/home/raz/tehiru/Tehiru-Homework-assignment/drone_ws/build) by extensions ['ignore', 'ignore_ament_install']
[0.199s] Level 1:colcon.colcon_core.package_identification:_identify(/home/raz/tehiru/Tehiru-Homework-assignment/drone_ws/build) by extension 'ignore'
[0.199s] Level 1:colcon.colcon_core.package_identification:_identify(/home/raz/tehiru/Tehiru-Homework-assignment/drone_ws/build) ignored
[0.199s] Level 1:colcon.colcon_core.package_identification:_identify(/home/raz/tehiru/Tehiru-Homework-assignment/drone_ws/install) by extensions ['ignore', 'ignore_ament_install']
[0.199s] Level 1:colcon.colcon_core.package_identification:_identify(/home/raz/tehiru/Tehiru-Homework-assignment/drone_ws/install) by extension 'ignore'
[0.199s] Level 1:colcon.colcon_core.package_identification:_identify(/home/raz/tehiru/Tehiru-Homework-assignment/drone_ws/install) ignored
[0.200s] Level 1:colcon.colcon_core.package_identification:_identify(/home/raz/tehiru/Tehiru-Homework-assignment/drone_ws/log) by extensions ['ignore', 'ignore_ament_install']
[0.200s] Level 1:colcon.colcon_core.package_identification:_identify(/home/raz/tehiru/Tehiru-Homework-assignment/drone_ws/log) by extension 'ignore'
[0.200s] Level 1:colcon.colcon_core.package_identification:_identify(/home/raz/tehiru/Tehiru-Homework-assignment/drone_ws/log) ignored
[0.200s] Level 1:colcon.colcon_core.package_identification:_identify(/home/raz/tehiru/Tehiru-Homework-assignment/drone_ws/src) by extensions ['ignore', 'ignore_ament_install']
[0.200s] Level 1:colcon.colcon_core.package_identification:_identify(/home/raz/tehiru/Tehiru-Homework-assignment/drone_ws/src) by extension 'ignore'
[0.200s] Level 1:colcon.colcon_core.package_identification:_identify(/home/raz/tehiru/Tehiru-Homework-assignment/drone_ws/src) by extension 'ignore_ament_install'
[0.200s] Level 1:colcon.colcon_core.package_identification:_identify(/home/raz/tehiru/Tehiru-Homework-assignment/drone_ws/src) by extensions ['colcon_pkg']
[0.200s] Level 1:colcon.colcon_core.package_identification:_identify(/home/raz/tehiru/Tehiru-Homework-assignment/drone_ws/src) by extension 'colcon_pkg'
[0.200s] Level 1:colcon.colcon_core.package_identification:_identify(/home/raz/tehiru/Tehiru-Homework-assignment/drone_ws/src) by extensions ['colcon_meta']
[0.200s] Level 1:colcon.colcon_core.package_identification:_identify(/home/raz/tehiru/Tehiru-Homework-assignment/drone_ws/src) by extension 'colcon_meta'
[0.200s] Level 1:colcon.colcon_core.package_identification:_identify(/home/raz/tehiru/Tehiru-Homework-assignment/drone_ws/src) by extensions ['ros']
[0.200s] Level 1:colcon.colcon_core.package_identification:_identify(/home/raz/tehiru/Tehiru-Homework-assignment/drone_ws/src) by extension 'ros'
[0.200s] Level 1:colcon.colcon_core.package_identification:_identify(/home/raz/tehiru/Tehiru-Homework-assignment/drone_ws/src) by extensions ['cmake', 'python']
[0.200s] Level 1:colcon.colcon_core.package_identification:_identify(/home/raz/tehiru/Tehiru-Homework-assignment/drone_ws/src) by extension 'cmake'
[0.200s] Level 1:colcon.colcon_core.package_identification:_identify(/home/raz/tehiru/Tehiru-Homework-assignment/drone_ws/src) by extension 'python'
[0.200s] Level 1:colcon.colcon_core.package_identification:_identify(/home/raz/tehiru/Tehiru-Homework-assignment/drone_ws/src) by extensions ['python_setup_py']
[0.200s] Level 1:colcon.colcon_core.package_identification:_identify(/home/raz/tehiru/Tehiru-Homework-assignment/drone_ws/src) by extension 'python_setup_py'
[0.200s] Level 1:colcon.colcon_core.package_identification:_identify(/home/raz/tehiru/Tehiru-Homework-assignment/drone_ws/src/liftoff_interface) by extensions ['ignore', 'ignore_ament_install']
[0.200s] Level 1:colcon.colcon_core.package_identification:_identify(/home/raz/tehiru/Tehiru-Homework-assignment/drone_ws/src/liftoff_interface) by extension 'ignore'
[0.200s] Level 1:colcon.colcon_core.package_identification:_identify(/home/raz/tehiru/Tehiru-Homework-assignment/drone_ws/src/liftoff_interface) by extension 'ignore_ament_install'
[0.200s] Level 1:colcon.colcon_core.package_identification:_identify(/home/raz/tehiru/Tehiru-Homework-assignment/drone_ws/src/liftoff_interface) by extensions ['colcon_pkg']
[0.200s] Level 1:colcon.colcon_core.package_identification:_identify(/home/raz/tehiru/Tehiru-Homework-assignment/drone_ws/src/liftoff_interface) by extension 'colcon_pkg'
[0.200s] Level 1:colcon.colcon_core.package_identification:_identify(/home/raz/tehiru/Tehiru-Homework-assignment/drone_ws/src/liftoff_interface) by extensions ['colcon_meta']
[0.200s] Level 1:colcon.colcon_core.package_identification:_identify(/home/raz/tehiru/Tehiru-Homework-assignment/drone_ws/src/liftoff_interface) by extension 'colcon_meta'
[0.200s] Level 1:colcon.colcon_core.package_identification:_identify(/home/raz/tehiru/Tehiru-Homework-assignment/drone_ws/src/liftoff_interface) by extensions ['ros']
[0.200s] Level 1:colcon.colcon_core.package_identification:_identify(/home/raz/tehiru/Tehiru-Homework-assignment/drone_ws/src/liftoff_interface) by extension 'ros'
[0.202s] DEBUG:colcon.colcon_core.package_identification:Package '/home/raz/tehiru/Tehiru-Homework-assignment/drone_ws/src/liftoff_interface' with type 'ros.ament_python' and name 'liftoff_interface'
[0.202s] Level 1:colcon.colcon_core.package_identification:_identify(/home/raz/tehiru/Tehiru-Homework-assignment/drone_ws/src/liftoff_telemetry) by extensions ['ignore', 'ignore_ament_install']
[0.202s] Level 1:colcon.colcon_core.package_identification:_identify(/home/raz/tehiru/Tehiru-Homework-assignment/drone_ws/src/liftoff_telemetry) by extension 'ignore'
[0.202s] Level 1:colcon.colcon_core.package_identification:_identify(/home/raz/tehiru/Tehiru-Homework-assignment/drone_ws/src/liftoff_telemetry) by extension 'ignore_ament_install'
[0.202s] Level 1:colcon.colcon_core.package_identification:_identify(/home/raz/tehiru/Tehiru-Homework-assignment/drone_ws/src/liftoff_telemetry) by extensions ['colcon_pkg']
[0.202s] Level 1:colcon.colcon_core.package_identification:_identify(/home/raz/tehiru/Tehiru-Homework-assignment/drone_ws/src/liftoff_telemetry) by extension 'colcon_pkg'
[0.202s] Level 1:colcon.colcon_core.package_identification:_identify(/home/raz/tehiru/Tehiru-Homework-assignment/drone_ws/src/liftoff_telemetry) by extensions ['colcon_meta']
[0.202s] Level 1:colcon.colcon_core.package_identification:_identify(/home/raz/tehiru/Tehiru-Homework-assignment/drone_ws/src/liftoff_telemetry) by extension 'colcon_meta'
[0.202s] Level 1:colcon.colcon_core.package_identification:_identify(/home/raz/tehiru/Tehiru-Homework-assignment/drone_ws/src/liftoff_telemetry) by extensions ['ros']
[0.202s] Level 1:colcon.colcon_core.package_identification:_identify(/home/raz/tehiru/Tehiru-Homework-assignment/drone_ws/src/liftoff_telemetry) by extension 'ros'
[0.203s] DEBUG:colcon.colcon_core.package_identification:Package '/home/raz/tehiru/Tehiru-Homework-assignment/drone_ws/src/liftoff_telemetry' with type 'ros.ament_python' and name 'liftoff_telemetry'
[0.203s] Level 1:colcon.colcon_core.package_identification:_identify(/home/raz/tehiru/Tehiru-Homework-assignment/drone_ws/src/liftoff_utils) by extensions ['ignore', 'ignore_ament_install']
[0.203s] Level 1:colcon.colcon_core.package_identification:_identify(/home/raz/tehiru/Tehiru-Homework-assignment/drone_ws/src/liftoff_utils) by extension 'ignore'
[0.203s] Level 1:colcon.colcon_core.package_identification:_identify(/home/raz/tehiru/Tehiru-Homework-assignment/drone_ws/src/liftoff_utils) by extension 'ignore_ament_install'
[0.203s] Level 1:colcon.colcon_core.package_identification:_identify(/home/raz/tehiru/Tehiru-Homework-assignment/drone_ws/src/liftoff_utils) by extensions ['colcon_pkg']
[0.203s] Level 1:colcon.colcon_core.package_identification:_identify(/home/raz/tehiru/Tehiru-Homework-assignment/drone_ws/src/liftoff_utils) by extension 'colcon_pkg'
[0.203s] Level 1:colcon.colcon_core.package_identification:_identify(/home/raz/tehiru/Tehiru-Homework-assignment/drone_ws/src/liftoff_utils) by extensions ['colcon_meta']
[0.203s] Level 1:colcon.colcon_core.package_identification:_identify(/home/raz/tehiru/Tehiru-Homework-assignment/drone_ws/src/liftoff_utils) by extension 'colcon_meta'
[0.203s] Level 1:colcon.colcon_core.package_identification:_identify(/home/raz/tehiru/Tehiru-Homework-assignment/drone_ws/src/liftoff_utils) by extensions ['ros']
[0.203s] Level 1:colcon.colcon_core.package_identification:_identify(/home/raz/tehiru/Tehiru-Homework-assignment/drone_ws/src/liftoff_utils) by extension 'ros'
[0.203s] DEBUG:colcon.colcon_core.package_identification:Package '/home/raz/tehiru/Tehiru-Homework-assignment/drone_ws/src/liftoff_utils' with type 'ros.ament_cmake' and name 'liftoff_utils'
[0.203s] Level 1:colcon.colcon_core.package_identification:_identify(/home/raz/tehiru/Tehiru-Homework-assignment/drone_ws/src/virtual_controller) by extensions ['ignore', 'ignore_ament_install']
[0.204s] Level 1:colcon.colcon_core.package_identification:_identify(/home/raz/tehiru/Tehiru-Homework-assignment/drone_ws/src/virtual_controller) by extension 'ignore'
[0.204s] Level 1:colcon.colcon_core.package_identification:_identify(/home/raz/tehiru/Tehiru-Homework-assignment/drone_ws/src/virtual_controller) by extension 'ignore_ament_install'
[0.204s] Level 1:colcon.colcon_core.package_identification:_identify(/home/raz/tehiru/Tehiru-Homework-assignment/drone_ws/src/virtual_controller) by extensions ['colcon_pkg']
[0.204s] Level 1:colcon.colcon_core.package_identification:_identify(/home/raz/tehiru/Tehiru-Homework-assignment/drone_ws/src/virtual_controller) by extension 'colcon_pkg'
[0.204s] Level 1:colcon.colcon_core.package_identification:_identify(/home/raz/tehiru/Tehiru-Homework-assignment/drone_ws/src/virtual_controller) by extensions ['colcon_meta']
[0.204s] Level 1:colcon.colcon_core.package_identification:_identify(/home/raz/tehiru/Tehiru-Homework-assignment/drone_ws/src/virtual_controller) by extension 'colcon_meta'
[0.204s] Level 1:colcon.colcon_core.package_identification:_identify(/home/raz/tehiru/Tehiru-Homework-assignment/drone_ws/src/virtual_controller) by extensions ['ros']
[0.204s] Level 1:colcon.colcon_core.package_identification:_identify(/home/raz/tehiru/Tehiru-Homework-assignment/drone_ws/src/virtual_controller) by extension 'ros'
[0.204s] DEBUG:colcon.colcon_core.package_identification:Package '/home/raz/tehiru/Tehiru-Homework-assignment/drone_ws/src/virtual_controller' with type 'ros.ament_python' and name 'virtual_controller'
[0.204s] Level 1:colcon.colcon_core.package_identification:_identify(/home/raz/tehiru/Tehiru-Homework-assignment/drone_ws/src/virtual_ps_controller) by extensions ['ignore', 'ignore_ament_install']
[0.204s] Level 1:colcon.colcon_core.package_identification:_identify(/home/raz/tehiru/Tehiru-Homework-assignment/drone_ws/src/virtual_ps_controller) by extension 'ignore'
[0.204s] Level 1:colcon.colcon_core.package_identification:_identify(/home/raz/tehiru/Tehiru-Homework-assignment/drone_ws/src/virtual_ps_controller) by extension 'ignore_ament_install'
[0.204s] Level 1:colcon.colcon_core.package_identification:_identify(/home/raz/tehiru/Tehiru-Homework-assignment/drone_ws/src/virtual_ps_controller) by extensions ['colcon_pkg']
[0.204s] Level 1:colcon.colcon_core.package_identification:_identify(/home/raz/tehiru/Tehiru-Homework-assignment/drone_ws/src/virtual_ps_controller) by extension 'colcon_pkg'
[0.204s] Level 1:colcon.colcon_core.package_identification:_identify(/home/raz/tehiru/Tehiru-Homework-assignment/drone_ws/src/virtual_ps_controller) by extensions ['colcon_meta']
[0.204s] Level 1:colcon.colcon_core.package_identification:_identify(/home/raz/tehiru/Tehiru-Homework-assignment/drone_ws/src/virtual_ps_controller) by extension 'colcon_meta'
[0.204s] Level 1:colcon.colcon_core.package_identification:_identify(/home/raz/tehiru/Tehiru-Homework-assignment/drone_ws/src/virtual_ps_controller) by extensions ['ros']
[0.204s] Level 1:colcon.colcon_core.package_identification:_identify(/home/raz/tehiru/Tehiru-Homework-assignment/drone_ws/src/virtual_ps_controller) by extension 'ros'
[0.205s] DEBUG:colcon.colcon_core.package_identification:Found ROS schema reference in package manifest in '/home/raz/tehiru/Tehiru-Homework-assignment/drone_ws/src/virtual_ps_controller'
[0.205s] WARNING:colcon.colcon_core.package_identification:Failed to parse ROS package manifest in '/home/raz/tehiru/Tehiru-Homework-assignment/drone_ws/src/virtual_ps_controller': Error(s) in package '/home/raz/tehiru/Tehiru-Homework-assignment/drone_ws/src/virtual_ps_controller/package.xml':
Error(s):
- The generic dependency on 'message_generation' is redundant with: build_depend
[0.205s] Level 1:colcon.colcon_core.package_identification:_identify(/home/raz/tehiru/Tehiru-Homework-assignment/drone_ws/src/virtual_ps_controller) by extensions ['cmake', 'python']
[0.205s] Level 1:colcon.colcon_core.package_identification:_identify(/home/raz/tehiru/Tehiru-Homework-assignment/drone_ws/src/virtual_ps_controller) by extension 'cmake'
[0.206s] Level 1:colcon.colcon_core.package_identification:_identify(/home/raz/tehiru/Tehiru-Homework-assignment/drone_ws/src/virtual_ps_controller) by extension 'python'
[0.206s] DEBUG:colcon.colcon_core.package_identification:Package '/home/raz/tehiru/Tehiru-Homework-assignment/drone_ws/src/virtual_ps_controller' with type 'cmake' and name 'virtual_ps_controller'
[0.206s] Level 1:colcon.colcon_core.package_discovery:discover_packages(recursive) using defaults
