[0.080s] DEBUG:colcon:Command line arguments: ['/usr/bin/colcon', 'build', '--symlink-install']
[0.080s] DEBUG:colcon:Parsed command line arguments: Namespace(log_base=None, log_level=None, verb_name='build', build_base='build', install_base='install', merge_install=False, symlink_install=True, test_result_base=None, continue_on_error=False, executor='parallel', parallel_workers=24, event_handlers=None, ignore_user_meta=False, metas=['./colcon.meta'], base_paths=['.'], packages_ignore=None, packages_ignore_regex=None, paths=None, packages_up_to=None, packages_up_to_regex=None, packages_above=None, packages_above_and_dependencies=None, packages_above_depth=None, packages_select_by_dep=None, packages_skip_by_dep=None, packages_skip_up_to=None, packages_select_build_failed=False, packages_skip_build_finished=False, packages_select_test_failures=False, packages_skip_test_passed=False, packages_select=None, packages_skip=None, packages_select_regex=None, packages_skip_regex=None, packages_start=None, packages_end=None, allow_overriding=[], cmake_args=None, cmake_target=None, cmake_target_skip_unavailable=False, cmake_clean_cache=False, cmake_clean_first=False, cmake_force_configure=False, ament_cmake_args=None, catkin_cmake_args=None, catkin_skip_building_tests=False, mixin_files=None, mixin=None, verb_parser=<colcon_mixin.mixin.mixin_argument.MixinArgumentDecorator object at 0x76bef7317730>, verb_extension=<colcon_core.verb.build.BuildVerb object at 0x76bef74a86a0>, main=<bound method BuildVerb.main of <colcon_core.verb.build.BuildVerb object at 0x76bef74a86a0>>, mixin_verb=('build',))
[0.187s] Level 1:colcon.colcon_core.package_discovery:discover_packages(colcon_meta) check parameters
[0.187s] Level 1:colcon.colcon_core.package_discovery:discover_packages(recursive) check parameters
[0.187s] Level 1:colcon.colcon_core.package_discovery:discover_packages(ignore) check parameters
[0.187s] Level 1:colcon.colcon_core.package_discovery:discover_packages(path) check parameters
[0.187s] Level 1:colcon.colcon_core.package_discovery:discover_packages(colcon_meta) discover
[0.187s] Level 1:colcon.colcon_core.package_discovery:discover_packages(recursive) discover
[0.187s] INFO:colcon.colcon_core.package_discovery:Crawling recursively for packages in '/home/raz/tehiru/Tehiru-Homework-assignment/drone_ws'
[0.187s] Level 1:colcon.colcon_core.package_identification:_identify(.) by extensions ['ignore', 'ignore_ament_install']
[0.188s] Level 1:colcon.colcon_core.package_identification:_identify(.) by extension 'ignore'
[0.188s] Level 1:colcon.colcon_core.package_identification:_identify(.) by extension 'ignore_ament_install'
[0.188s] Level 1:colcon.colcon_core.package_identification:_identify(.) by extensions ['colcon_pkg']
[0.188s] Level 1:colcon.colcon_core.package_identification:_identify(.) by extension 'colcon_pkg'
[0.188s] Level 1:colcon.colcon_core.package_identification:_identify(.) by extensions ['colcon_meta']
[0.188s] Level 1:colcon.colcon_core.package_identification:_identify(.) by extension 'colcon_meta'
[0.188s] Level 1:colcon.colcon_core.package_identification:_identify(.) by extensions ['ros']
[0.188s] Level 1:colcon.colcon_core.package_identification:_identify(.) by extension 'ros'
[0.195s] Level 1:colcon.colcon_core.package_identification:_identify(.) by extensions ['cmake', 'python']
[0.195s] Level 1:colcon.colcon_core.package_identification:_identify(.) by extension 'cmake'
[0.195s] Level 1:colcon.colcon_core.package_identification:_identify(.) by extension 'python'
[0.195s] Level 1:colcon.colcon_core.package_identification:_identify(.) by extensions ['python_setup_py']
[0.195s] Level 1:colcon.colcon_core.package_identification:_identify(.) by extension 'python_setup_py'
[0.195s] Level 1:colcon.colcon_core.package_identification:_identify(build) by extensions ['ignore', 'ignore_ament_install']
[0.195s] Level 1:colcon.colcon_core.package_identification:_identify(build) by extension 'ignore'
[0.196s] Level 1:colcon.colcon_core.package_identification:_identify(build) ignored
[0.196s] Level 1:colcon.colcon_core.package_identification:_identify(install) by extensions ['ignore', 'ignore_ament_install']
[0.196s] Level 1:colcon.colcon_core.package_identification:_identify(install) by extension 'ignore'
[0.196s] Level 1:colcon.colcon_core.package_identification:_identify(install) ignored
[0.196s] Level 1:colcon.colcon_core.package_identification:_identify(log) by extensions ['ignore', 'ignore_ament_install']
[0.196s] Level 1:colcon.colcon_core.package_identification:_identify(log) by extension 'ignore'
[0.196s] Level 1:colcon.colcon_core.package_identification:_identify(log) ignored
[0.196s] Level 1:colcon.colcon_core.package_identification:_identify(src) by extensions ['ignore', 'ignore_ament_install']
[0.196s] Level 1:colcon.colcon_core.package_identification:_identify(src) by extension 'ignore'
[0.196s] Level 1:colcon.colcon_core.package_identification:_identify(src) by extension 'ignore_ament_install'
[0.196s] Level 1:colcon.colcon_core.package_identification:_identify(src) by extensions ['colcon_pkg']
[0.196s] Level 1:colcon.colcon_core.package_identification:_identify(src) by extension 'colcon_pkg'
[0.196s] Level 1:colcon.colcon_core.package_identification:_identify(src) by extensions ['colcon_meta']
[0.196s] Level 1:colcon.colcon_core.package_identification:_identify(src) by extension 'colcon_meta'
[0.196s] Level 1:colcon.colcon_core.package_identification:_identify(src) by extensions ['ros']
[0.196s] Level 1:colcon.colcon_core.package_identification:_identify(src) by extension 'ros'
[0.196s] Level 1:colcon.colcon_core.package_identification:_identify(src) by extensions ['cmake', 'python']
[0.196s] Level 1:colcon.colcon_core.package_identification:_identify(src) by extension 'cmake'
[0.196s] Level 1:colcon.colcon_core.package_identification:_identify(src) by extension 'python'
[0.196s] Level 1:colcon.colcon_core.package_identification:_identify(src) by extensions ['python_setup_py']
[0.196s] Level 1:colcon.colcon_core.package_identification:_identify(src) by extension 'python_setup_py'
[0.196s] Level 1:colcon.colcon_core.package_identification:_identify(src/liftoff_interface) by extensions ['ignore', 'ignore_ament_install']
[0.196s] Level 1:colcon.colcon_core.package_identification:_identify(src/liftoff_interface) by extension 'ignore'
[0.196s] Level 1:colcon.colcon_core.package_identification:_identify(src/liftoff_interface) by extension 'ignore_ament_install'
[0.196s] Level 1:colcon.colcon_core.package_identification:_identify(src/liftoff_interface) by extensions ['colcon_pkg']
[0.196s] Level 1:colcon.colcon_core.package_identification:_identify(src/liftoff_interface) by extension 'colcon_pkg'
[0.196s] Level 1:colcon.colcon_core.package_identification:_identify(src/liftoff_interface) by extensions ['colcon_meta']
[0.196s] Level 1:colcon.colcon_core.package_identification:_identify(src/liftoff_interface) by extension 'colcon_meta'
[0.196s] Level 1:colcon.colcon_core.package_identification:_identify(src/liftoff_interface) by extensions ['ros']
[0.196s] Level 1:colcon.colcon_core.package_identification:_identify(src/liftoff_interface) by extension 'ros'
[0.203s] DEBUG:colcon.colcon_core.package_identification:Package 'src/liftoff_interface' with type 'ros.ament_python' and name 'liftoff_interface'
[0.203s] Level 1:colcon.colcon_core.package_identification:_identify(src/liftoff_telemetry) by extensions ['ignore', 'ignore_ament_install']
[0.203s] Level 1:colcon.colcon_core.package_identification:_identify(src/liftoff_telemetry) by extension 'ignore'
[0.203s] Level 1:colcon.colcon_core.package_identification:_identify(src/liftoff_telemetry) by extension 'ignore_ament_install'
[0.203s] Level 1:colcon.colcon_core.package_identification:_identify(src/liftoff_telemetry) by extensions ['colcon_pkg']
[0.203s] Level 1:colcon.colcon_core.package_identification:_identify(src/liftoff_telemetry) by extension 'colcon_pkg'
[0.203s] Level 1:colcon.colcon_core.package_identification:_identify(src/liftoff_telemetry) by extensions ['colcon_meta']
[0.203s] Level 1:colcon.colcon_core.package_identification:_identify(src/liftoff_telemetry) by extension 'colcon_meta'
[0.203s] Level 1:colcon.colcon_core.package_identification:_identify(src/liftoff_telemetry) by extensions ['ros']
[0.203s] Level 1:colcon.colcon_core.package_identification:_identify(src/liftoff_telemetry) by extension 'ros'
[0.204s] DEBUG:colcon.colcon_core.package_identification:Package 'src/liftoff_telemetry' with type 'ros.ament_python' and name 'liftoff_telemetry'
[0.204s] Level 1:colcon.colcon_core.package_identification:_identify(src/virtual_controller) by extensions ['ignore', 'ignore_ament_install']
[0.204s] Level 1:colcon.colcon_core.package_identification:_identify(src/virtual_controller) by extension 'ignore'
[0.204s] Level 1:colcon.colcon_core.package_identification:_identify(src/virtual_controller) by extension 'ignore_ament_install'
[0.204s] Level 1:colcon.colcon_core.package_identification:_identify(src/virtual_controller) by extensions ['colcon_pkg']
[0.204s] Level 1:colcon.colcon_core.package_identification:_identify(src/virtual_controller) by extension 'colcon_pkg'
[0.204s] Level 1:colcon.colcon_core.package_identification:_identify(src/virtual_controller) by extensions ['colcon_meta']
[0.204s] Level 1:colcon.colcon_core.package_identification:_identify(src/virtual_controller) by extension 'colcon_meta'
[0.204s] Level 1:colcon.colcon_core.package_identification:_identify(src/virtual_controller) by extensions ['ros']
[0.204s] Level 1:colcon.colcon_core.package_identification:_identify(src/virtual_controller) by extension 'ros'
[0.204s] DEBUG:colcon.colcon_core.package_identification:Package 'src/virtual_controller' with type 'ros.ament_python' and name 'virtual_controller'
[0.204s] Level 1:colcon.colcon_core.package_discovery:discover_packages(recursive) using defaults
[0.204s] Level 1:colcon.colcon_core.package_discovery:discover_packages(ignore) discover
[0.204s] Level 1:colcon.colcon_core.package_discovery:discover_packages(ignore) using defaults
[0.204s] Level 1:colcon.colcon_core.package_discovery:discover_packages(path) discover
[0.204s] Level 1:colcon.colcon_core.package_discovery:discover_packages(path) using defaults
[0.217s] Level 1:colcon.colcon_core.package_discovery:discover_packages(prefix_path) check parameters
[0.217s] Level 1:colcon.colcon_core.package_discovery:discover_packages(prefix_path) discover
[0.218s] DEBUG:colcon.colcon_installed_package_information.package_discovery:Found 3 installed packages in /home/raz/tehiru/Tehiru-Homework-assignment/drone_ws/install
[0.219s] DEBUG:colcon.colcon_installed_package_information.package_discovery:Found 462 installed packages in /opt/ros/humble
[0.221s] Level 1:colcon.colcon_core.package_discovery:discover_packages(prefix_path) using defaults
[0.252s] Level 5:colcon.colcon_core.verb:set package 'liftoff_interface' build argument 'cmake_args' from command line to 'None'
[0.252s] Level 5:colcon.colcon_core.verb:set package 'liftoff_interface' build argument 'cmake_target' from command line to 'None'
[0.252s] Level 5:colcon.colcon_core.verb:set package 'liftoff_interface' build argument 'cmake_target_skip_unavailable' from command line to 'False'
[0.252s] Level 5:colcon.colcon_core.verb:set package 'liftoff_interface' build argument 'cmake_clean_cache' from command line to 'False'
[0.252s] Level 5:colcon.colcon_core.verb:set package 'liftoff_interface' build argument 'cmake_clean_first' from command line to 'False'
[0.252s] Level 5:colcon.colcon_core.verb:set package 'liftoff_interface' build argument 'cmake_force_configure' from command line to 'False'
[0.252s] Level 5:colcon.colcon_core.verb:set package 'liftoff_interface' build argument 'ament_cmake_args' from command line to 'None'
[0.252s] Level 5:colcon.colcon_core.verb:set package 'liftoff_interface' build argument 'catkin_cmake_args' from command line to 'None'
[0.252s] Level 5:colcon.colcon_core.verb:set package 'liftoff_interface' build argument 'catkin_skip_building_tests' from command line to 'False'
[0.252s] DEBUG:colcon.colcon_core.verb:Building package 'liftoff_interface' with the following arguments: {'ament_cmake_args': None, 'build_base': '/home/raz/tehiru/Tehiru-Homework-assignment/drone_ws/build/liftoff_interface', 'catkin_cmake_args': None, 'catkin_skip_building_tests': False, 'cmake_args': None, 'cmake_clean_cache': False, 'cmake_clean_first': False, 'cmake_force_configure': False, 'cmake_target': None, 'cmake_target_skip_unavailable': False, 'install_base': '/home/raz/tehiru/Tehiru-Homework-assignment/drone_ws/install/liftoff_interface', 'merge_install': False, 'path': '/home/raz/tehiru/Tehiru-Homework-assignment/drone_ws/src/liftoff_interface', 'symlink_install': True, 'test_result_base': None}
[0.252s] Level 5:colcon.colcon_core.verb:set package 'liftoff_telemetry' build argument 'cmake_args' from command line to 'None'
[0.252s] Level 5:colcon.colcon_core.verb:set package 'liftoff_telemetry' build argument 'cmake_target' from command line to 'None'
[0.252s] Level 5:colcon.colcon_core.verb:set package 'liftoff_telemetry' build argument 'cmake_target_skip_unavailable' from command line to 'False'
[0.252s] Level 5:colcon.colcon_core.verb:set package 'liftoff_telemetry' build argument 'cmake_clean_cache' from command line to 'False'
[0.252s] Level 5:colcon.colcon_core.verb:set package 'liftoff_telemetry' build argument 'cmake_clean_first' from command line to 'False'
[0.252s] Level 5:colcon.colcon_core.verb:set package 'liftoff_telemetry' build argument 'cmake_force_configure' from command line to 'False'
[0.252s] Level 5:colcon.colcon_core.verb:set package 'liftoff_telemetry' build argument 'ament_cmake_args' from command line to 'None'
[0.252s] Level 5:colcon.colcon_core.verb:set package 'liftoff_telemetry' build argument 'catkin_cmake_args' from command line to 'None'
[0.252s] Level 5:colcon.colcon_core.verb:set package 'liftoff_telemetry' build argument 'catkin_skip_building_tests' from command line to 'False'
[0.252s] DEBUG:colcon.colcon_core.verb:Building package 'liftoff_telemetry' with the following arguments: {'ament_cmake_args': None, 'build_base': '/home/raz/tehiru/Tehiru-Homework-assignment/drone_ws/build/liftoff_telemetry', 'catkin_cmake_args': None, 'catkin_skip_building_tests': False, 'cmake_args': None, 'cmake_clean_cache': False, 'cmake_clean_first': False, 'cmake_force_configure': False, 'cmake_target': None, 'cmake_target_skip_unavailable': False, 'install_base': '/home/raz/tehiru/Tehiru-Homework-assignment/drone_ws/install/liftoff_telemetry', 'merge_install': False, 'path': '/home/raz/tehiru/Tehiru-Homework-assignment/drone_ws/src/liftoff_telemetry', 'symlink_install': True, 'test_result_base': None}
[0.253s] Level 5:colcon.colcon_core.verb:set package 'virtual_controller' build argument 'cmake_args' from command line to 'None'
[0.253s] Level 5:colcon.colcon_core.verb:set package 'virtual_controller' build argument 'cmake_target' from command line to 'None'
[0.253s] Level 5:colcon.colcon_core.verb:set package 'virtual_controller' build argument 'cmake_target_skip_unavailable' from command line to 'False'
[0.253s] Level 5:colcon.colcon_core.verb:set package 'virtual_controller' build argument 'cmake_clean_cache' from command line to 'False'
[0.253s] Level 5:colcon.colcon_core.verb:set package 'virtual_controller' build argument 'cmake_clean_first' from command line to 'False'
[0.253s] Level 5:colcon.colcon_core.verb:set package 'virtual_controller' build argument 'cmake_force_configure' from command line to 'False'
[0.253s] Level 5:colcon.colcon_core.verb:set package 'virtual_controller' build argument 'ament_cmake_args' from command line to 'None'
[0.253s] Level 5:colcon.colcon_core.verb:set package 'virtual_controller' build argument 'catkin_cmake_args' from command line to 'None'
[0.253s] Level 5:colcon.colcon_core.verb:set package 'virtual_controller' build argument 'catkin_skip_building_tests' from command line to 'False'
[0.253s] DEBUG:colcon.colcon_core.verb:Building package 'virtual_controller' with the following arguments: {'ament_cmake_args': None, 'build_base': '/home/raz/tehiru/Tehiru-Homework-assignment/drone_ws/build/virtual_controller', 'catkin_cmake_args': None, 'catkin_skip_building_tests': False, 'cmake_args': None, 'cmake_clean_cache': False, 'cmake_clean_first': False, 'cmake_force_configure': False, 'cmake_target': None, 'cmake_target_skip_unavailable': False, 'install_base': '/home/raz/tehiru/Tehiru-Homework-assignment/drone_ws/install/virtual_controller', 'merge_install': False, 'path': '/home/raz/tehiru/Tehiru-Homework-assignment/drone_ws/src/virtual_controller', 'symlink_install': True, 'test_result_base': None}
[0.253s] INFO:colcon.colcon_core.executor:Executing jobs using 'parallel' executor
[0.254s] DEBUG:colcon.colcon_parallel_executor.executor.parallel:run_until_complete
[0.254s] INFO:colcon.colcon_ros.task.ament_python.build:Building ROS package in '/home/raz/tehiru/Tehiru-Homework-assignment/drone_ws/src/liftoff_interface' with build type 'ament_python'
[0.254s] Level 1:colcon.colcon_core.shell:create_environment_hook('liftoff_interface', 'ament_prefix_path')
[0.255s] INFO:colcon.colcon_core.plugin_system:Skipping extension 'colcon_core.shell.bat': Not used on non-Windows systems
[0.255s] INFO:colcon.colcon_core.shell:Creating environment hook '/home/raz/tehiru/Tehiru-Homework-assignment/drone_ws/install/liftoff_interface/share/liftoff_interface/hook/ament_prefix_path.ps1'
[0.256s] INFO:colcon.colcon_core.shell:Creating environment descriptor '/home/raz/tehiru/Tehiru-Homework-assignment/drone_ws/install/liftoff_interface/share/liftoff_interface/hook/ament_prefix_path.dsv'
[0.256s] INFO:colcon.colcon_core.shell:Creating environment hook '/home/raz/tehiru/Tehiru-Homework-assignment/drone_ws/install/liftoff_interface/share/liftoff_interface/hook/ament_prefix_path.sh'
[0.256s] INFO:colcon.colcon_core.shell:Skip shell extension 'powershell' for command environment: Not usable outside of PowerShell
[0.256s] DEBUG:colcon.colcon_core.shell:Skip shell extension 'dsv' for command environment
[0.259s] INFO:colcon.colcon_ros.task.ament_python.build:Building ROS package in '/home/raz/tehiru/Tehiru-Homework-assignment/drone_ws/src/liftoff_telemetry' with build type 'ament_python'
[0.259s] Level 1:colcon.colcon_core.shell:create_environment_hook('liftoff_telemetry', 'ament_prefix_path')
[0.259s] INFO:colcon.colcon_core.shell:Creating environment hook '/home/raz/tehiru/Tehiru-Homework-assignment/drone_ws/install/liftoff_telemetry/share/liftoff_telemetry/hook/ament_prefix_path.ps1'
[0.259s] INFO:colcon.colcon_core.shell:Creating environment descriptor '/home/raz/tehiru/Tehiru-Homework-assignment/drone_ws/install/liftoff_telemetry/share/liftoff_telemetry/hook/ament_prefix_path.dsv'
[0.259s] INFO:colcon.colcon_core.shell:Creating environment hook '/home/raz/tehiru/Tehiru-Homework-assignment/drone_ws/install/liftoff_telemetry/share/liftoff_telemetry/hook/ament_prefix_path.sh'
[0.260s] INFO:colcon.colcon_core.shell:Skip shell extension 'powershell' for command environment: Not usable outside of PowerShell
[0.260s] DEBUG:colcon.colcon_core.shell:Skip shell extension 'dsv' for command environment
[0.262s] INFO:colcon.colcon_ros.task.ament_python.build:Building ROS package in '/home/raz/tehiru/Tehiru-Homework-assignment/drone_ws/src/virtual_controller' with build type 'ament_python'
[0.262s] Level 1:colcon.colcon_core.shell:create_environment_hook('virtual_controller', 'ament_prefix_path')
[0.262s] INFO:colcon.colcon_core.shell:Creating environment hook '/home/raz/tehiru/Tehiru-Homework-assignment/drone_ws/install/virtual_controller/share/virtual_controller/hook/ament_prefix_path.ps1'
[0.262s] INFO:colcon.colcon_core.shell:Creating environment descriptor '/home/raz/tehiru/Tehiru-Homework-assignment/drone_ws/install/virtual_controller/share/virtual_controller/hook/ament_prefix_path.dsv'
[0.262s] INFO:colcon.colcon_core.shell:Creating environment hook '/home/raz/tehiru/Tehiru-Homework-assignment/drone_ws/install/virtual_controller/share/virtual_controller/hook/ament_prefix_path.sh'
[0.263s] INFO:colcon.colcon_core.shell:Skip shell extension 'powershell' for command environment: Not usable outside of PowerShell
[0.263s] DEBUG:colcon.colcon_core.shell:Skip shell extension 'dsv' for command environment
[0.438s] INFO:colcon.colcon_core.task.python.build:Building Python package in '/home/raz/tehiru/Tehiru-Homework-assignment/drone_ws/src/liftoff_interface'
[0.438s] INFO:colcon.colcon_core.shell:Skip shell extension 'powershell' for command environment: Not usable outside of PowerShell
[0.438s] DEBUG:colcon.colcon_core.shell:Skip shell extension 'dsv' for command environment
[0.602s] INFO:colcon.colcon_core.task.python.build:Building Python package in '/home/raz/tehiru/Tehiru-Homework-assignment/drone_ws/src/liftoff_telemetry'
[0.602s] INFO:colcon.colcon_core.shell:Skip shell extension 'powershell' for command environment: Not usable outside of PowerShell
[0.602s] DEBUG:colcon.colcon_core.shell:Skip shell extension 'dsv' for command environment
[0.775s] INFO:colcon.colcon_core.task.python.build:Building Python package in '/home/raz/tehiru/Tehiru-Homework-assignment/drone_ws/src/virtual_controller'
[0.775s] INFO:colcon.colcon_core.shell:Skip shell extension 'powershell' for command environment: Not usable outside of PowerShell
[0.775s] DEBUG:colcon.colcon_core.shell:Skip shell extension 'dsv' for command environment
[1.011s] DEBUG:colcon.colcon_core.event_handler.log_command:Invoking command in '/home/raz/tehiru/Tehiru-Homework-assignment/drone_ws/build/liftoff_interface': PYTHONPATH=/home/raz/tehiru/Tehiru-Homework-assignment/drone_ws/build/liftoff_interface/prefix_override:/usr/lib/python3/dist-packages/colcon_core/task/python/colcon_distutils_commands:/home/raz/tehiru/Tehiru-Homework-assignment/drone_ws/install/liftoff_interface/lib/python3.10/site-packages:${PYTHONPATH} /usr/bin/python3 -W ignore:setup.py install is deprecated -W ignore:easy_install command is deprecated setup.py develop --editable --build-directory /home/raz/tehiru/Tehiru-Homework-assignment/drone_ws/build/liftoff_interface/build --no-deps symlink_data
[1.014s] DEBUG:colcon.colcon_core.event_handler.log_command:Invoking command in '/home/raz/tehiru/Tehiru-Homework-assignment/drone_ws/build/liftoff_telemetry': PYTHONPATH=/home/raz/tehiru/Tehiru-Homework-assignment/drone_ws/build/liftoff_telemetry/prefix_override:/usr/lib/python3/dist-packages/colcon_core/task/python/colcon_distutils_commands:/home/raz/tehiru/Tehiru-Homework-assignment/drone_ws/install/liftoff_telemetry/lib/python3.10/site-packages:${PYTHONPATH} /usr/bin/python3 -W ignore:setup.py install is deprecated -W ignore:easy_install command is deprecated setup.py develop --editable --build-directory /home/raz/tehiru/Tehiru-Homework-assignment/drone_ws/build/liftoff_telemetry/build --no-deps symlink_data
[1.014s] DEBUG:colcon.colcon_core.event_handler.log_command:Invoking command in '/home/raz/tehiru/Tehiru-Homework-assignment/drone_ws/build/virtual_controller': PYTHONPATH=/home/raz/tehiru/Tehiru-Homework-assignment/drone_ws/build/virtual_controller/prefix_override:/usr/lib/python3/dist-packages/colcon_core/task/python/colcon_distutils_commands:/home/raz/tehiru/Tehiru-Homework-assignment/drone_ws/install/virtual_controller/lib/python3.10/site-packages:${PYTHONPATH} /usr/bin/python3 -W ignore:setup.py install is deprecated -W ignore:easy_install command is deprecated setup.py develop --editable --build-directory /home/raz/tehiru/Tehiru-Homework-assignment/drone_ws/build/virtual_controller/build --no-deps symlink_data
[1.314s] Level 1:colcon.colcon_core.shell:create_environment_hook('liftoff_interface', 'pythonpath_develop')
[1.315s] INFO:colcon.colcon_core.shell:Creating environment hook '/home/raz/tehiru/Tehiru-Homework-assignment/drone_ws/build/liftoff_interface/share/liftoff_interface/hook/pythonpath_develop.ps1'
[1.315s] DEBUG:colcon.colcon_core.event_handler.log_command:Invoked command in '/home/raz/tehiru/Tehiru-Homework-assignment/drone_ws/build/liftoff_interface' returned '0': PYTHONPATH=/home/raz/tehiru/Tehiru-Homework-assignment/drone_ws/build/liftoff_interface/prefix_override:/usr/lib/python3/dist-packages/colcon_core/task/python/colcon_distutils_commands:/home/raz/tehiru/Tehiru-Homework-assignment/drone_ws/install/liftoff_interface/lib/python3.10/site-packages:${PYTHONPATH} /usr/bin/python3 -W ignore:setup.py install is deprecated -W ignore:easy_install command is deprecated setup.py develop --editable --build-directory /home/raz/tehiru/Tehiru-Homework-assignment/drone_ws/build/liftoff_interface/build --no-deps symlink_data
[1.316s] INFO:colcon.colcon_core.shell:Creating environment descriptor '/home/raz/tehiru/Tehiru-Homework-assignment/drone_ws/build/liftoff_interface/share/liftoff_interface/hook/pythonpath_develop.dsv'
[1.316s] INFO:colcon.colcon_core.shell:Creating environment hook '/home/raz/tehiru/Tehiru-Homework-assignment/drone_ws/build/liftoff_interface/share/liftoff_interface/hook/pythonpath_develop.sh'
[1.317s] Level 1:colcon.colcon_core.environment:checking '/home/raz/tehiru/Tehiru-Homework-assignment/drone_ws/install/liftoff_interface' for CMake module files
[1.318s] Level 1:colcon.colcon_core.environment:checking '/home/raz/tehiru/Tehiru-Homework-assignment/drone_ws/install/liftoff_interface' for CMake config files
[1.318s] Level 1:colcon.colcon_core.environment:checking '/home/raz/tehiru/Tehiru-Homework-assignment/drone_ws/install/liftoff_interface/lib'
[1.318s] Level 1:colcon.colcon_core.environment:checking '/home/raz/tehiru/Tehiru-Homework-assignment/drone_ws/install/liftoff_interface/bin'
[1.318s] Level 1:colcon.colcon_core.environment:checking '/home/raz/tehiru/Tehiru-Homework-assignment/drone_ws/install/liftoff_interface/lib/pkgconfig/liftoff_interface.pc'
[1.318s] Level 1:colcon.colcon_core.environment:checking '/home/raz/tehiru/Tehiru-Homework-assignment/drone_ws/install/liftoff_interface/lib/python3.10/site-packages'
[1.318s] Level 1:colcon.colcon_core.shell:create_environment_hook('liftoff_interface', 'pythonpath')
[1.318s] INFO:colcon.colcon_core.shell:Creating environment hook '/home/raz/tehiru/Tehiru-Homework-assignment/drone_ws/install/liftoff_interface/share/liftoff_interface/hook/pythonpath.ps1'
[1.319s] INFO:colcon.colcon_core.shell:Creating environment descriptor '/home/raz/tehiru/Tehiru-Homework-assignment/drone_ws/install/liftoff_interface/share/liftoff_interface/hook/pythonpath.dsv'
[1.319s] INFO:colcon.colcon_core.shell:Creating environment hook '/home/raz/tehiru/Tehiru-Homework-assignment/drone_ws/install/liftoff_interface/share/liftoff_interface/hook/pythonpath.sh'
[1.319s] Level 1:colcon.colcon_core.environment:checking '/home/raz/tehiru/Tehiru-Homework-assignment/drone_ws/install/liftoff_interface/bin'
[1.319s] Level 1:colcon.colcon_core.environment:create_environment_scripts_only(liftoff_interface)
[1.320s] INFO:colcon.colcon_core.shell:Creating package script '/home/raz/tehiru/Tehiru-Homework-assignment/drone_ws/install/liftoff_interface/share/liftoff_interface/package.ps1'
[1.320s] INFO:colcon.colcon_core.shell:Creating package descriptor '/home/raz/tehiru/Tehiru-Homework-assignment/drone_ws/install/liftoff_interface/share/liftoff_interface/package.dsv'
[1.321s] INFO:colcon.colcon_core.shell:Creating package script '/home/raz/tehiru/Tehiru-Homework-assignment/drone_ws/install/liftoff_interface/share/liftoff_interface/package.sh'
[1.322s] INFO:colcon.colcon_core.shell:Creating package script '/home/raz/tehiru/Tehiru-Homework-assignment/drone_ws/install/liftoff_interface/share/liftoff_interface/package.bash'
[1.322s] INFO:colcon.colcon_core.shell:Creating package script '/home/raz/tehiru/Tehiru-Homework-assignment/drone_ws/install/liftoff_interface/share/liftoff_interface/package.zsh'
[1.322s] Level 1:colcon.colcon_core.environment:create_file_with_runtime_dependencies(/home/raz/tehiru/Tehiru-Homework-assignment/drone_ws/install/liftoff_interface/share/colcon-core/packages/liftoff_interface)
[1.323s] Level 1:colcon.colcon_core.shell:create_environment_hook('liftoff_telemetry', 'pythonpath_develop')
[1.323s] INFO:colcon.colcon_core.shell:Creating environment hook '/home/raz/tehiru/Tehiru-Homework-assignment/drone_ws/build/liftoff_telemetry/share/liftoff_telemetry/hook/pythonpath_develop.ps1'
[1.323s] DEBUG:colcon.colcon_core.event_handler.log_command:Invoked command in '/home/raz/tehiru/Tehiru-Homework-assignment/drone_ws/build/liftoff_telemetry' returned '0': PYTHONPATH=/home/raz/tehiru/Tehiru-Homework-assignment/drone_ws/build/liftoff_telemetry/prefix_override:/usr/lib/python3/dist-packages/colcon_core/task/python/colcon_distutils_commands:/home/raz/tehiru/Tehiru-Homework-assignment/drone_ws/install/liftoff_telemetry/lib/python3.10/site-packages:${PYTHONPATH} /usr/bin/python3 -W ignore:setup.py install is deprecated -W ignore:easy_install command is deprecated setup.py develop --editable --build-directory /home/raz/tehiru/Tehiru-Homework-assignment/drone_ws/build/liftoff_telemetry/build --no-deps symlink_data
[1.324s] INFO:colcon.colcon_core.shell:Creating environment descriptor '/home/raz/tehiru/Tehiru-Homework-assignment/drone_ws/build/liftoff_telemetry/share/liftoff_telemetry/hook/pythonpath_develop.dsv'
[1.324s] INFO:colcon.colcon_core.shell:Creating environment hook '/home/raz/tehiru/Tehiru-Homework-assignment/drone_ws/build/liftoff_telemetry/share/liftoff_telemetry/hook/pythonpath_develop.sh'
[1.324s] Level 1:colcon.colcon_core.environment:checking '/home/raz/tehiru/Tehiru-Homework-assignment/drone_ws/install/liftoff_telemetry' for CMake module files
[1.324s] Level 1:colcon.colcon_core.environment:checking '/home/raz/tehiru/Tehiru-Homework-assignment/drone_ws/install/liftoff_telemetry' for CMake config files
[1.325s] Level 1:colcon.colcon_core.environment:checking '/home/raz/tehiru/Tehiru-Homework-assignment/drone_ws/install/liftoff_telemetry/lib'
[1.325s] Level 1:colcon.colcon_core.environment:checking '/home/raz/tehiru/Tehiru-Homework-assignment/drone_ws/install/liftoff_telemetry/bin'
[1.325s] Level 1:colcon.colcon_core.environment:checking '/home/raz/tehiru/Tehiru-Homework-assignment/drone_ws/install/liftoff_telemetry/lib/pkgconfig/liftoff_telemetry.pc'
[1.325s] Level 1:colcon.colcon_core.environment:checking '/home/raz/tehiru/Tehiru-Homework-assignment/drone_ws/install/liftoff_telemetry/lib/python3.10/site-packages'
[1.325s] Level 1:colcon.colcon_core.shell:create_environment_hook('liftoff_telemetry', 'pythonpath')
[1.325s] INFO:colcon.colcon_core.shell:Creating environment hook '/home/raz/tehiru/Tehiru-Homework-assignment/drone_ws/install/liftoff_telemetry/share/liftoff_telemetry/hook/pythonpath.ps1'
[1.325s] INFO:colcon.colcon_core.shell:Creating environment descriptor '/home/raz/tehiru/Tehiru-Homework-assignment/drone_ws/install/liftoff_telemetry/share/liftoff_telemetry/hook/pythonpath.dsv'
[1.325s] INFO:colcon.colcon_core.shell:Creating environment hook '/home/raz/tehiru/Tehiru-Homework-assignment/drone_ws/install/liftoff_telemetry/share/liftoff_telemetry/hook/pythonpath.sh'
[1.326s] Level 1:colcon.colcon_core.environment:checking '/home/raz/tehiru/Tehiru-Homework-assignment/drone_ws/install/liftoff_telemetry/bin'
[1.326s] Level 1:colcon.colcon_core.environment:create_environment_scripts_only(liftoff_telemetry)
[1.326s] INFO:colcon.colcon_core.shell:Creating package script '/home/raz/tehiru/Tehiru-Homework-assignment/drone_ws/install/liftoff_telemetry/share/liftoff_telemetry/package.ps1'
[1.326s] INFO:colcon.colcon_core.shell:Creating package descriptor '/home/raz/tehiru/Tehiru-Homework-assignment/drone_ws/install/liftoff_telemetry/share/liftoff_telemetry/package.dsv'
[1.326s] INFO:colcon.colcon_core.shell:Creating package script '/home/raz/tehiru/Tehiru-Homework-assignment/drone_ws/install/liftoff_telemetry/share/liftoff_telemetry/package.sh'
[1.327s] INFO:colcon.colcon_core.shell:Creating package script '/home/raz/tehiru/Tehiru-Homework-assignment/drone_ws/install/liftoff_telemetry/share/liftoff_telemetry/package.bash'
[1.327s] INFO:colcon.colcon_core.shell:Creating package script '/home/raz/tehiru/Tehiru-Homework-assignment/drone_ws/install/liftoff_telemetry/share/liftoff_telemetry/package.zsh'
[1.327s] Level 1:colcon.colcon_core.environment:create_file_with_runtime_dependencies(/home/raz/tehiru/Tehiru-Homework-assignment/drone_ws/install/liftoff_telemetry/share/colcon-core/packages/liftoff_telemetry)
[1.328s] Level 1:colcon.colcon_core.shell:create_environment_hook('virtual_controller', 'pythonpath_develop')
[1.328s] INFO:colcon.colcon_core.shell:Creating environment hook '/home/raz/tehiru/Tehiru-Homework-assignment/drone_ws/build/virtual_controller/share/virtual_controller/hook/pythonpath_develop.ps1'
[1.328s] DEBUG:colcon.colcon_core.event_handler.log_command:Invoked command in '/home/raz/tehiru/Tehiru-Homework-assignment/drone_ws/build/virtual_controller' returned '0': PYTHONPATH=/home/raz/tehiru/Tehiru-Homework-assignment/drone_ws/build/virtual_controller/prefix_override:/usr/lib/python3/dist-packages/colcon_core/task/python/colcon_distutils_commands:/home/raz/tehiru/Tehiru-Homework-assignment/drone_ws/install/virtual_controller/lib/python3.10/site-packages:${PYTHONPATH} /usr/bin/python3 -W ignore:setup.py install is deprecated -W ignore:easy_install command is deprecated setup.py develop --editable --build-directory /home/raz/tehiru/Tehiru-Homework-assignment/drone_ws/build/virtual_controller/build --no-deps symlink_data
[1.328s] INFO:colcon.colcon_core.shell:Creating environment descriptor '/home/raz/tehiru/Tehiru-Homework-assignment/drone_ws/build/virtual_controller/share/virtual_controller/hook/pythonpath_develop.dsv'
[1.329s] INFO:colcon.colcon_core.shell:Creating environment hook '/home/raz/tehiru/Tehiru-Homework-assignment/drone_ws/build/virtual_controller/share/virtual_controller/hook/pythonpath_develop.sh'
[1.329s] Level 1:colcon.colcon_core.environment:checking '/home/raz/tehiru/Tehiru-Homework-assignment/drone_ws/install/virtual_controller' for CMake module files
[1.329s] Level 1:colcon.colcon_core.environment:checking '/home/raz/tehiru/Tehiru-Homework-assignment/drone_ws/install/virtual_controller' for CMake config files
[1.329s] Level 1:colcon.colcon_core.environment:checking '/home/raz/tehiru/Tehiru-Homework-assignment/drone_ws/install/virtual_controller/lib'
[1.329s] Level 1:colcon.colcon_core.environment:checking '/home/raz/tehiru/Tehiru-Homework-assignment/drone_ws/install/virtual_controller/bin'
[1.329s] Level 1:colcon.colcon_core.environment:checking '/home/raz/tehiru/Tehiru-Homework-assignment/drone_ws/install/virtual_controller/lib/pkgconfig/virtual_controller.pc'
[1.330s] Level 1:colcon.colcon_core.environment:checking '/home/raz/tehiru/Tehiru-Homework-assignment/drone_ws/install/virtual_controller/lib/python3.10/site-packages'
[1.330s] Level 1:colcon.colcon_core.shell:create_environment_hook('virtual_controller', 'pythonpath')
[1.330s] INFO:colcon.colcon_core.shell:Creating environment hook '/home/raz/tehiru/Tehiru-Homework-assignment/drone_ws/install/virtual_controller/share/virtual_controller/hook/pythonpath.ps1'
[1.330s] INFO:colcon.colcon_core.shell:Creating environment descriptor '/home/raz/tehiru/Tehiru-Homework-assignment/drone_ws/install/virtual_controller/share/virtual_controller/hook/pythonpath.dsv'
[1.330s] INFO:colcon.colcon_core.shell:Creating environment hook '/home/raz/tehiru/Tehiru-Homework-assignment/drone_ws/install/virtual_controller/share/virtual_controller/hook/pythonpath.sh'
[1.331s] Level 1:colcon.colcon_core.environment:checking '/home/raz/tehiru/Tehiru-Homework-assignment/drone_ws/install/virtual_controller/bin'
[1.331s] Level 1:colcon.colcon_core.environment:create_environment_scripts_only(virtual_controller)
[1.331s] INFO:colcon.colcon_core.shell:Creating package script '/home/raz/tehiru/Tehiru-Homework-assignment/drone_ws/install/virtual_controller/share/virtual_controller/package.ps1'
[1.331s] INFO:colcon.colcon_core.shell:Creating package descriptor '/home/raz/tehiru/Tehiru-Homework-assignment/drone_ws/install/virtual_controller/share/virtual_controller/package.dsv'
[1.331s] INFO:colcon.colcon_core.shell:Creating package script '/home/raz/tehiru/Tehiru-Homework-assignment/drone_ws/install/virtual_controller/share/virtual_controller/package.sh'
[1.332s] INFO:colcon.colcon_core.shell:Creating package script '/home/raz/tehiru/Tehiru-Homework-assignment/drone_ws/install/virtual_controller/share/virtual_controller/package.bash'
[1.332s] INFO:colcon.colcon_core.shell:Creating package script '/home/raz/tehiru/Tehiru-Homework-assignment/drone_ws/install/virtual_controller/share/virtual_controller/package.zsh'
[1.332s] Level 1:colcon.colcon_core.environment:create_file_with_runtime_dependencies(/home/raz/tehiru/Tehiru-Homework-assignment/drone_ws/install/virtual_controller/share/colcon-core/packages/virtual_controller)
[1.332s] DEBUG:colcon.colcon_parallel_executor.executor.parallel:closing loop
[1.332s] DEBUG:colcon.colcon_parallel_executor.executor.parallel:loop closed
[1.332s] DEBUG:colcon.colcon_parallel_executor.executor.parallel:run_until_complete finished with '0'
[1.332s] DEBUG:colcon.colcon_core.event_reactor:joining thread
[1.336s] INFO:colcon.colcon_core.plugin_system:Skipping extension 'colcon_notification.desktop_notification.terminal_notifier': Not used on non-Darwin systems
[1.336s] INFO:colcon.colcon_core.plugin_system:Skipping extension 'colcon_notification.desktop_notification.win32': Not used on non-Windows systems
[1.336s] INFO:colcon.colcon_notification.desktop_notification:Sending desktop notification using 'notify2'
[1.350s] DEBUG:colcon.colcon_core.event_reactor:joined thread
[1.351s] INFO:colcon.colcon_core.shell:Creating prefix script '/home/raz/tehiru/Tehiru-Homework-assignment/drone_ws/install/local_setup.ps1'
[1.352s] INFO:colcon.colcon_core.shell:Creating prefix util module '/home/raz/tehiru/Tehiru-Homework-assignment/drone_ws/install/_local_setup_util_ps1.py'
[1.353s] INFO:colcon.colcon_core.shell:Creating prefix chain script '/home/raz/tehiru/Tehiru-Homework-assignment/drone_ws/install/setup.ps1'
[1.354s] INFO:colcon.colcon_core.shell:Creating prefix script '/home/raz/tehiru/Tehiru-Homework-assignment/drone_ws/install/local_setup.sh'
[1.355s] INFO:colcon.colcon_core.shell:Creating prefix util module '/home/raz/tehiru/Tehiru-Homework-assignment/drone_ws/install/_local_setup_util_sh.py'
[1.355s] INFO:colcon.colcon_core.shell:Creating prefix chain script '/home/raz/tehiru/Tehiru-Homework-assignment/drone_ws/install/setup.sh'
[1.357s] INFO:colcon.colcon_core.shell:Creating prefix script '/home/raz/tehiru/Tehiru-Homework-assignment/drone_ws/install/local_setup.bash'
[1.357s] INFO:colcon.colcon_core.shell:Creating prefix chain script '/home/raz/tehiru/Tehiru-Homework-assignment/drone_ws/install/setup.bash'
[1.358s] INFO:colcon.colcon_core.shell:Creating prefix script '/home/raz/tehiru/Tehiru-Homework-assignment/drone_ws/install/local_setup.zsh'
[1.358s] INFO:colcon.colcon_core.shell:Creating prefix chain script '/home/raz/tehiru/Tehiru-Homework-assignment/drone_ws/install/setup.zsh'
