[0.804s] Invoking command in '/home/raz/tehiru/Tehiru-Homework-assignment/drone_ws/src/virtual_controller': PYTHONPATH=/home/raz/tehiru/Tehiru-Homework-assignment/drone_ws/build/virtual_controller/prefix_override:/usr/lib/python3/dist-packages/colcon_core/task/python/colcon_distutils_commands:/home/raz/tehiru/Tehiru-Homework-assignment/drone_ws/install/virtual_controller/lib/python3.10/site-packages:${PYTHONPATH} /usr/bin/python3 -W ignore:setup.py install is deprecated -W ignore:easy_install command is deprecated setup.py egg_info --egg-base ../../build/virtual_controller build --build-base /home/raz/tehiru/Tehiru-Homework-assignment/drone_ws/build/virtual_controller/build install --record /home/raz/tehiru/Tehiru-Homework-assignment/drone_ws/build/virtual_controller/install.log --single-version-externally-managed install_data
[0.960s] running egg_info
[0.960s] writing ../../build/virtual_controller/virtual_controller.egg-info/PKG-INFO
[0.960s] writing dependency_links to ../../build/virtual_controller/virtual_controller.egg-info/dependency_links.txt
[0.960s] writing entry points to ../../build/virtual_controller/virtual_controller.egg-info/entry_points.txt
[0.960s] writing requirements to ../../build/virtual_controller/virtual_controller.egg-info/requires.txt
[0.960s] writing top-level names to ../../build/virtual_controller/virtual_controller.egg-info/top_level.txt
[0.961s] reading manifest file '../../build/virtual_controller/virtual_controller.egg-info/SOURCES.txt'
[0.962s] writing manifest file '../../build/virtual_controller/virtual_controller.egg-info/SOURCES.txt'
[0.962s] running build
[0.962s] running build_py
[0.962s] running install
[0.962s] running install_lib
[0.963s] running install_data
[0.963s] running install_egg_info
[0.964s] removing '/home/raz/tehiru/Tehiru-Homework-assignment/drone_ws/install/virtual_controller/lib/python3.10/site-packages/virtual_controller-0.0.0-py3.10.egg-info' (and everything under it)
[0.965s] Copying ../../build/virtual_controller/virtual_controller.egg-info to /home/raz/tehiru/Tehiru-Homework-assignment/drone_ws/install/virtual_controller/lib/python3.10/site-packages/virtual_controller-0.0.0-py3.10.egg-info
[0.965s] running install_scripts
[0.979s] Installing virtual_controller_node script to /home/raz/tehiru/Tehiru-Homework-assignment/drone_ws/install/virtual_controller/lib/virtual_controller
[0.979s] writing list of installed files to '/home/raz/tehiru/Tehiru-Homework-assignment/drone_ws/build/virtual_controller/install.log'
[0.995s] Invoked command in '/home/raz/tehiru/Tehiru-Homework-assignment/drone_ws/src/virtual_controller' returned '0': PYTHONPATH=/home/raz/tehiru/Tehiru-Homework-assignment/drone_ws/build/virtual_controller/prefix_override:/usr/lib/python3/dist-packages/colcon_core/task/python/colcon_distutils_commands:/home/raz/tehiru/Tehiru-Homework-assignment/drone_ws/install/virtual_controller/lib/python3.10/site-packages:${PYTHONPATH} /usr/bin/python3 -W ignore:setup.py install is deprecated -W ignore:easy_install command is deprecated setup.py egg_info --egg-base ../../build/virtual_controller build --build-base /home/raz/tehiru/Tehiru-Homework-assignment/drone_ws/build/virtual_controller/build install --record /home/raz/tehiru/Tehiru-Homework-assignment/drone_ws/build/virtual_controller/install.log --single-version-externally-managed install_data
