[0.007s] Invoking command in '/home/raz/tehiru/Tehiru-Homework-assignment/drone_ws/build/virtual_ps_controller': CMAKE_PREFIX_PATH=${CMAKE_PREFIX_PATH}:/home/raz/tehiru/Tehiru-Homework-assignment/drone_ws/install/virtual_controller:/home/raz/tehiru/Tehiru-Homework-assignment/drone_ws/install/liftoff_telemetry:/home/raz/tehiru/Tehiru-Homework-assignment/drone_ws/install/liftoff_interface:/opt/ros/humble /usr/bin/cmake --build /home/raz/tehiru/Tehiru-Homework-assignment/drone_ws/build/virtual_ps_controller -- -j24 -l24
[0.026s] -- Found ament_cmake: 1.3.11 (/opt/ros/humble/share/ament_cmake/cmake)
[0.111s] -- Found rclcpp: 16.0.12 (/opt/ros/humble/share/rclcpp/cmake)
[0.130s] -- Found rosidl_generator_c: 3.1.6 (/opt/ros/humble/share/rosidl_generator_c/cmake)
[0.132s] -- Found rosidl_adapter: 3.1.6 (/opt/ros/humble/share/rosidl_adapter/cmake)
[0.135s] -- Found rosidl_generator_cpp: 3.1.6 (/opt/ros/humble/share/rosidl_generator_cpp/cmake)
[0.141s] -- Using all available rosidl_typesupport_c: rosidl_typesupport_fastrtps_c;rosidl_typesupport_introspection_c
[0.149s] -- Using all available rosidl_typesupport_cpp: rosidl_typesupport_fastrtps_cpp;rosidl_typesupport_introspection_cpp
[0.169s] -- Found rmw_implementation_cmake: 6.1.2 (/opt/ros/humble/share/rmw_implementation_cmake/cmake)
[0.170s] -- Found rmw_fastrtps_cpp: 6.2.7 (/opt/ros/humble/share/rmw_fastrtps_cpp/cmake)
[0.247s] -- Using RMW implementation 'rmw_fastrtps_cpp' as default
[0.278s] -- Found sensor_msgs: 4.8.0 (/opt/ros/humble/share/sensor_msgs/cmake)
[0.296s] -- Found rosidl_default_generators: 1.2.0 (/opt/ros/humble/share/rosidl_default_generators/cmake)
[0.500s] -- Found ament_cmake_ros: 0.10.0 (/opt/ros/humble/share/ament_cmake_ros/cmake)
[0.744s] -- Using all available rosidl_typesupport_c: rosidl_typesupport_fastrtps_c;rosidl_typesupport_introspection_c
[0.841s] -- Using all available rosidl_typesupport_cpp: rosidl_typesupport_fastrtps_cpp;rosidl_typesupport_introspection_cpp
[0.857s] -- Found python_cmake_module: 0.10.0 (/opt/ros/humble/share/python_cmake_module/cmake)
[0.874s] -- Using PYTHON_EXECUTABLE: /usr/bin/python3
[0.874s] -- Using PYTHON_INCLUDE_DIRS: /usr/include/python3.10
[0.874s] -- Using PYTHON_LIBRARIES: /usr/lib/x86_64-linux-gnu/libpython3.10.so
[0.891s] [0mCMake Deprecation Warning at /opt/ros/humble/share/rosidl_cmake/cmake/rosidl_target_interfaces.cmake:32 (message):
[0.891s]   Use rosidl_get_typesupport_target() and target_link_libraries() instead of
[0.891s]   rosidl_target_interfaces()
[0.891s] Call Stack (most recent call first):
[0.891s]   CMakeLists.txt:46 (rosidl_target_interfaces)
[0.891s] 
[0.891s] [0m
[0.893s] -- Configuring done
[0.962s] -- Generating done
[0.974s] -- Build files have been written to: /home/raz/tehiru/Tehiru-Homework-assignment/drone_ws/build/virtual_ps_controller
[0.995s] [35m[1mConsolidate compiler generated dependencies of target virtual_ps_controller__rosidl_generator_c[0m
[1.003s] [  2%] Built target virtual_ps_controller__cpp
[1.004s] [ 12%] Built target virtual_ps_controller__rosidl_generator_c
[1.009s] [ 12%] Built target ament_cmake_python_copy_virtual_ps_controller
[1.010s] [35m[1mConsolidate compiler generated dependencies of target virtual_ps_controller__rosidl_typesupport_cpp[0m
[1.010s] [35m[1mConsolidate compiler generated dependencies of target virtual_ps_controller__rosidl_typesupport_fastrtps_cpp[0m
[1.011s] [35m[1mConsolidate compiler generated dependencies of target virtual_ps_controller__rosidl_typesupport_c[0m
[1.012s] [35m[1mConsolidate compiler generated dependencies of target virtual_ps_controller__rosidl_typesupport_introspection_c[0m
[1.012s] [35m[1mConsolidate compiler generated dependencies of target virtual_ps_controller__rosidl_typesupport_introspection_cpp[0m
[1.013s] [35m[1mConsolidate compiler generated dependencies of target virtual_ps_controller__rosidl_typesupport_fastrtps_c[0m
[1.018s] [ 22%] Built target virtual_ps_controller__rosidl_typesupport_c
[1.018s] [ 32%] Built target virtual_ps_controller__rosidl_typesupport_cpp
[1.018s] [ 42%] Built target virtual_ps_controller__rosidl_typesupport_introspection_c
[1.019s] [ 52%] Built target virtual_ps_controller__rosidl_typesupport_fastrtps_cpp
[1.023s] [ 62%] Built target virtual_ps_controller__rosidl_typesupport_introspection_cpp
[1.024s] [ 72%] Built target virtual_ps_controller__rosidl_typesupport_fastrtps_c
[1.038s] [ 72%] Built target virtual_ps_controller
[1.049s] [35m[1mConsolidate compiler generated dependencies of target ps_controller_node[0m
[1.054s] [ 74%] Built target virtual_ps_controller__py
[1.062s] [35m[1mConsolidate compiler generated dependencies of target virtual_ps_controller__rosidl_generator_py[0m
[1.069s] [ 76%] [32mBuilding CXX object CMakeFiles/ps_controller_node.dir/src/ps_controller_node.cpp.o[0m
[1.069s] [ 78%] [32mBuilding CXX object CMakeFiles/ps_controller_node.dir/src/ps_controller.cpp.o[0m
[1.073s] [ 86%] Built target virtual_ps_controller__rosidl_generator_py
[1.080s] [35m[1mConsolidate compiler generated dependencies of target virtual_ps_controller__rosidl_typesupport_c__pyext[0m
[1.080s] [35m[1mConsolidate compiler generated dependencies of target virtual_ps_controller__rosidl_typesupport_introspection_c__pyext[0m
[1.081s] [35m[1mConsolidate compiler generated dependencies of target virtual_ps_controller__rosidl_typesupport_fastrtps_c__pyext[0m
[1.089s] [ 90%] Built target virtual_ps_controller__rosidl_typesupport_c__pyext
[1.089s] [ 94%] Built target virtual_ps_controller__rosidl_typesupport_fastrtps_c__pyext
[1.089s] [ 98%] Built target virtual_ps_controller__rosidl_typesupport_introspection_c__pyext
[1.167s] running egg_info
[1.168s] writing virtual_ps_controller.egg-info/PKG-INFO
[1.168s] writing dependency_links to virtual_ps_controller.egg-info/dependency_links.txt
[1.168s] writing top-level names to virtual_ps_controller.egg-info/top_level.txt
[1.170s] reading manifest file 'virtual_ps_controller.egg-info/SOURCES.txt'
[1.170s] writing manifest file 'virtual_ps_controller.egg-info/SOURCES.txt'
[1.188s] [ 98%] Built target ament_cmake_python_build_virtual_ps_controller_egg
[5.988s] [100%] [32m[1mLinking CXX executable ps_controller_node[0m
[7.033s] [100%] Built target ps_controller_node
[7.043s] Invoked command in '/home/raz/tehiru/Tehiru-Homework-assignment/drone_ws/build/virtual_ps_controller' returned '0': CMAKE_PREFIX_PATH=${CMAKE_PREFIX_PATH}:/home/raz/tehiru/Tehiru-Homework-assignment/drone_ws/install/virtual_controller:/home/raz/tehiru/Tehiru-Homework-assignment/drone_ws/install/liftoff_telemetry:/home/raz/tehiru/Tehiru-Homework-assignment/drone_ws/install/liftoff_interface:/opt/ros/humble /usr/bin/cmake --build /home/raz/tehiru/Tehiru-Homework-assignment/drone_ws/build/virtual_ps_controller -- -j24 -l24
[7.050s] Invoking command in '/home/raz/tehiru/Tehiru-Homework-assignment/drone_ws/build/virtual_ps_controller': CMAKE_PREFIX_PATH=${CMAKE_PREFIX_PATH}:/home/raz/tehiru/Tehiru-Homework-assignment/drone_ws/install/virtual_controller:/home/raz/tehiru/Tehiru-Homework-assignment/drone_ws/install/liftoff_telemetry:/home/raz/tehiru/Tehiru-Homework-assignment/drone_ws/install/liftoff_interface:/opt/ros/humble /usr/bin/cmake --install /home/raz/tehiru/Tehiru-Homework-assignment/drone_ws/build/virtual_ps_controller
[7.055s] -- Install configuration: ""
[7.055s] -- Up-to-date: /home/raz/tehiru/Tehiru-Homework-assignment/drone_ws/install/virtual_ps_controller/share/ament_index/resource_index/rosidl_interfaces/virtual_ps_controller
[7.055s] -- Up-to-date: /home/raz/tehiru/Tehiru-Homework-assignment/drone_ws/install/virtual_ps_controller/include/virtual_ps_controller/virtual_ps_controller
[7.055s] -- Up-to-date: /home/raz/tehiru/Tehiru-Homework-assignment/drone_ws/install/virtual_ps_controller/include/virtual_ps_controller/virtual_ps_controller/msg
[7.055s] -- Up-to-date: /home/raz/tehiru/Tehiru-Homework-assignment/drone_ws/install/virtual_ps_controller/include/virtual_ps_controller/virtual_ps_controller/msg/detail
[7.055s] -- Up-to-date: /home/raz/tehiru/Tehiru-Homework-assignment/drone_ws/install/virtual_ps_controller/include/virtual_ps_controller/virtual_ps_controller/msg/detail/controller_state__functions.h
[7.056s] -- Up-to-date: /home/raz/tehiru/Tehiru-Homework-assignment/drone_ws/install/virtual_ps_controller/include/virtual_ps_controller/virtual_ps_controller/msg/detail/controller_state__functions.c
[7.056s] -- Up-to-date: /home/raz/tehiru/Tehiru-Homework-assignment/drone_ws/install/virtual_ps_controller/include/virtual_ps_controller/virtual_ps_controller/msg/detail/controller_state__type_support.h
[7.056s] -- Up-to-date: /home/raz/tehiru/Tehiru-Homework-assignment/drone_ws/install/virtual_ps_controller/include/virtual_ps_controller/virtual_ps_controller/msg/detail/button_state__functions.c
[7.056s] -- Up-to-date: /home/raz/tehiru/Tehiru-Homework-assignment/drone_ws/install/virtual_ps_controller/include/virtual_ps_controller/virtual_ps_controller/msg/detail/button_state__type_support.h
[7.056s] -- Up-to-date: /home/raz/tehiru/Tehiru-Homework-assignment/drone_ws/install/virtual_ps_controller/include/virtual_ps_controller/virtual_ps_controller/msg/detail/controller_state__struct.h
[7.056s] -- Up-to-date: /home/raz/tehiru/Tehiru-Homework-assignment/drone_ws/install/virtual_ps_controller/include/virtual_ps_controller/virtual_ps_controller/msg/detail/button_state__struct.h
[7.056s] -- Up-to-date: /home/raz/tehiru/Tehiru-Homework-assignment/drone_ws/install/virtual_ps_controller/include/virtual_ps_controller/virtual_ps_controller/msg/detail/button_state__functions.h
[7.056s] -- Up-to-date: /home/raz/tehiru/Tehiru-Homework-assignment/drone_ws/install/virtual_ps_controller/include/virtual_ps_controller/virtual_ps_controller/msg/button_state.h
[7.056s] -- Up-to-date: /home/raz/tehiru/Tehiru-Homework-assignment/drone_ws/install/virtual_ps_controller/include/virtual_ps_controller/virtual_ps_controller/msg/rosidl_generator_c__visibility_control.h
[7.056s] -- Up-to-date: /home/raz/tehiru/Tehiru-Homework-assignment/drone_ws/install/virtual_ps_controller/include/virtual_ps_controller/virtual_ps_controller/msg/controller_state.h
[7.056s] -- Up-to-date: /home/raz/tehiru/Tehiru-Homework-assignment/drone_ws/install/virtual_ps_controller/include/virtual_ps_controller/virtual_ps_controller/srv
[7.056s] -- Up-to-date: /home/raz/tehiru/Tehiru-Homework-assignment/drone_ws/install/virtual_ps_controller/include/virtual_ps_controller/virtual_ps_controller/srv/detail
[7.056s] -- Up-to-date: /home/raz/tehiru/Tehiru-Homework-assignment/drone_ws/install/virtual_ps_controller/include/virtual_ps_controller/virtual_ps_controller/srv/detail/set_button__functions.h
[7.056s] -- Up-to-date: /home/raz/tehiru/Tehiru-Homework-assignment/drone_ws/install/virtual_ps_controller/include/virtual_ps_controller/virtual_ps_controller/srv/detail/set_button__struct.h
[7.056s] -- Up-to-date: /home/raz/tehiru/Tehiru-Homework-assignment/drone_ws/install/virtual_ps_controller/include/virtual_ps_controller/virtual_ps_controller/srv/detail/set_button__type_support.h
[7.056s] -- Up-to-date: /home/raz/tehiru/Tehiru-Homework-assignment/drone_ws/install/virtual_ps_controller/include/virtual_ps_controller/virtual_ps_controller/srv/detail/set_button__functions.c
[7.056s] -- Up-to-date: /home/raz/tehiru/Tehiru-Homework-assignment/drone_ws/install/virtual_ps_controller/include/virtual_ps_controller/virtual_ps_controller/srv/set_button.h
[7.056s] -- Up-to-date: /home/raz/tehiru/Tehiru-Homework-assignment/drone_ws/install/virtual_ps_controller/share/virtual_ps_controller/environment/library_path.sh
[7.056s] -- Installing: /home/raz/tehiru/Tehiru-Homework-assignment/drone_ws/install/virtual_ps_controller/share/virtual_ps_controller/environment/library_path.dsv
[7.056s] -- Up-to-date: /home/raz/tehiru/Tehiru-Homework-assignment/drone_ws/install/virtual_ps_controller/lib/libvirtual_ps_controller__rosidl_generator_c.so
[7.056s] -- Up-to-date: /home/raz/tehiru/Tehiru-Homework-assignment/drone_ws/install/virtual_ps_controller/include/virtual_ps_controller/virtual_ps_controller
[7.056s] -- Up-to-date: /home/raz/tehiru/Tehiru-Homework-assignment/drone_ws/install/virtual_ps_controller/include/virtual_ps_controller/virtual_ps_controller/msg
[7.056s] -- Up-to-date: /home/raz/tehiru/Tehiru-Homework-assignment/drone_ws/install/virtual_ps_controller/include/virtual_ps_controller/virtual_ps_controller/msg/detail
[7.056s] -- Up-to-date: /home/raz/tehiru/Tehiru-Homework-assignment/drone_ws/install/virtual_ps_controller/include/virtual_ps_controller/virtual_ps_controller/msg/detail/controller_state__rosidl_typesupport_fastrtps_c.h
[7.056s] -- Up-to-date: /home/raz/tehiru/Tehiru-Homework-assignment/drone_ws/install/virtual_ps_controller/include/virtual_ps_controller/virtual_ps_controller/msg/detail/button_state__rosidl_typesupport_fastrtps_c.h
[7.056s] -- Up-to-date: /home/raz/tehiru/Tehiru-Homework-assignment/drone_ws/install/virtual_ps_controller/include/virtual_ps_controller/virtual_ps_controller/msg/rosidl_typesupport_fastrtps_c__visibility_control.h
[7.056s] -- Up-to-date: /home/raz/tehiru/Tehiru-Homework-assignment/drone_ws/install/virtual_ps_controller/include/virtual_ps_controller/virtual_ps_controller/srv
[7.056s] -- Up-to-date: /home/raz/tehiru/Tehiru-Homework-assignment/drone_ws/install/virtual_ps_controller/include/virtual_ps_controller/virtual_ps_controller/srv/detail
[7.056s] -- Up-to-date: /home/raz/tehiru/Tehiru-Homework-assignment/drone_ws/install/virtual_ps_controller/include/virtual_ps_controller/virtual_ps_controller/srv/detail/set_button__rosidl_typesupport_fastrtps_c.h
[7.056s] -- Up-to-date: /home/raz/tehiru/Tehiru-Homework-assignment/drone_ws/install/virtual_ps_controller/lib/libvirtual_ps_controller__rosidl_typesupport_fastrtps_c.so
[7.056s] -- Up-to-date: /home/raz/tehiru/Tehiru-Homework-assignment/drone_ws/install/virtual_ps_controller/include/virtual_ps_controller/virtual_ps_controller
[7.057s] -- Up-to-date: /home/raz/tehiru/Tehiru-Homework-assignment/drone_ws/install/virtual_ps_controller/include/virtual_ps_controller/virtual_ps_controller/msg
[7.057s] -- Up-to-date: /home/raz/tehiru/Tehiru-Homework-assignment/drone_ws/install/virtual_ps_controller/include/virtual_ps_controller/virtual_ps_controller/msg/button_state.hpp
[7.057s] -- Up-to-date: /home/raz/tehiru/Tehiru-Homework-assignment/drone_ws/install/virtual_ps_controller/include/virtual_ps_controller/virtual_ps_controller/msg/detail
[7.057s] -- Up-to-date: /home/raz/tehiru/Tehiru-Homework-assignment/drone_ws/install/virtual_ps_controller/include/virtual_ps_controller/virtual_ps_controller/msg/detail/button_state__type_support.hpp
[7.057s] -- Up-to-date: /home/raz/tehiru/Tehiru-Homework-assignment/drone_ws/install/virtual_ps_controller/include/virtual_ps_controller/virtual_ps_controller/msg/detail/controller_state__type_support.hpp
[7.057s] -- Up-to-date: /home/raz/tehiru/Tehiru-Homework-assignment/drone_ws/install/virtual_ps_controller/include/virtual_ps_controller/virtual_ps_controller/msg/detail/controller_state__traits.hpp
[7.057s] -- Up-to-date: /home/raz/tehiru/Tehiru-Homework-assignment/drone_ws/install/virtual_ps_controller/include/virtual_ps_controller/virtual_ps_controller/msg/detail/controller_state__builder.hpp
[7.057s] -- Up-to-date: /home/raz/tehiru/Tehiru-Homework-assignment/drone_ws/install/virtual_ps_controller/include/virtual_ps_controller/virtual_ps_controller/msg/detail/controller_state__struct.hpp
[7.057s] -- Up-to-date: /home/raz/tehiru/Tehiru-Homework-assignment/drone_ws/install/virtual_ps_controller/include/virtual_ps_controller/virtual_ps_controller/msg/detail/button_state__builder.hpp
[7.057s] -- Up-to-date: /home/raz/tehiru/Tehiru-Homework-assignment/drone_ws/install/virtual_ps_controller/include/virtual_ps_controller/virtual_ps_controller/msg/detail/button_state__traits.hpp
[7.057s] -- Up-to-date: /home/raz/tehiru/Tehiru-Homework-assignment/drone_ws/install/virtual_ps_controller/include/virtual_ps_controller/virtual_ps_controller/msg/detail/button_state__struct.hpp
[7.057s] -- Up-to-date: /home/raz/tehiru/Tehiru-Homework-assignment/drone_ws/install/virtual_ps_controller/include/virtual_ps_controller/virtual_ps_controller/msg/rosidl_generator_cpp__visibility_control.hpp
[7.057s] -- Up-to-date: /home/raz/tehiru/Tehiru-Homework-assignment/drone_ws/install/virtual_ps_controller/include/virtual_ps_controller/virtual_ps_controller/msg/controller_state.hpp
[7.057s] -- Up-to-date: /home/raz/tehiru/Tehiru-Homework-assignment/drone_ws/install/virtual_ps_controller/include/virtual_ps_controller/virtual_ps_controller/srv
[7.057s] -- Up-to-date: /home/raz/tehiru/Tehiru-Homework-assignment/drone_ws/install/virtual_ps_controller/include/virtual_ps_controller/virtual_ps_controller/srv/detail
[7.057s] -- Up-to-date: /home/raz/tehiru/Tehiru-Homework-assignment/drone_ws/install/virtual_ps_controller/include/virtual_ps_controller/virtual_ps_controller/srv/detail/set_button__builder.hpp
[7.057s] -- Up-to-date: /home/raz/tehiru/Tehiru-Homework-assignment/drone_ws/install/virtual_ps_controller/include/virtual_ps_controller/virtual_ps_controller/srv/detail/set_button__struct.hpp
[7.057s] -- Up-to-date: /home/raz/tehiru/Tehiru-Homework-assignment/drone_ws/install/virtual_ps_controller/include/virtual_ps_controller/virtual_ps_controller/srv/detail/set_button__traits.hpp
[7.057s] -- Up-to-date: /home/raz/tehiru/Tehiru-Homework-assignment/drone_ws/install/virtual_ps_controller/include/virtual_ps_controller/virtual_ps_controller/srv/detail/set_button__type_support.hpp
[7.057s] -- Up-to-date: /home/raz/tehiru/Tehiru-Homework-assignment/drone_ws/install/virtual_ps_controller/include/virtual_ps_controller/virtual_ps_controller/srv/set_button.hpp
[7.057s] -- Up-to-date: /home/raz/tehiru/Tehiru-Homework-assignment/drone_ws/install/virtual_ps_controller/include/virtual_ps_controller/virtual_ps_controller
[7.057s] -- Up-to-date: /home/raz/tehiru/Tehiru-Homework-assignment/drone_ws/install/virtual_ps_controller/include/virtual_ps_controller/virtual_ps_controller/msg
[7.057s] -- Up-to-date: /home/raz/tehiru/Tehiru-Homework-assignment/drone_ws/install/virtual_ps_controller/include/virtual_ps_controller/virtual_ps_controller/msg/detail
[7.057s] -- Up-to-date: /home/raz/tehiru/Tehiru-Homework-assignment/drone_ws/install/virtual_ps_controller/include/virtual_ps_controller/virtual_ps_controller/msg/detail/button_state__rosidl_typesupport_fastrtps_cpp.hpp
[7.057s] -- Up-to-date: /home/raz/tehiru/Tehiru-Homework-assignment/drone_ws/install/virtual_ps_controller/include/virtual_ps_controller/virtual_ps_controller/msg/detail/controller_state__rosidl_typesupport_fastrtps_cpp.hpp
[7.057s] -- Up-to-date: /home/raz/tehiru/Tehiru-Homework-assignment/drone_ws/install/virtual_ps_controller/include/virtual_ps_controller/virtual_ps_controller/msg/detail/dds_fastrtps
[7.057s] -- Up-to-date: /home/raz/tehiru/Tehiru-Homework-assignment/drone_ws/install/virtual_ps_controller/include/virtual_ps_controller/virtual_ps_controller/msg/rosidl_typesupport_fastrtps_cpp__visibility_control.h
[7.057s] -- Up-to-date: /home/raz/tehiru/Tehiru-Homework-assignment/drone_ws/install/virtual_ps_controller/include/virtual_ps_controller/virtual_ps_controller/srv
[7.057s] -- Up-to-date: /home/raz/tehiru/Tehiru-Homework-assignment/drone_ws/install/virtual_ps_controller/include/virtual_ps_controller/virtual_ps_controller/srv/detail
[7.057s] -- Up-to-date: /home/raz/tehiru/Tehiru-Homework-assignment/drone_ws/install/virtual_ps_controller/include/virtual_ps_controller/virtual_ps_controller/srv/detail/set_button__rosidl_typesupport_fastrtps_cpp.hpp
[7.057s] -- Up-to-date: /home/raz/tehiru/Tehiru-Homework-assignment/drone_ws/install/virtual_ps_controller/include/virtual_ps_controller/virtual_ps_controller/srv/detail/dds_fastrtps
[7.058s] -- Up-to-date: /home/raz/tehiru/Tehiru-Homework-assignment/drone_ws/install/virtual_ps_controller/lib/libvirtual_ps_controller__rosidl_typesupport_fastrtps_cpp.so
[7.058s] -- Up-to-date: /home/raz/tehiru/Tehiru-Homework-assignment/drone_ws/install/virtual_ps_controller/include/virtual_ps_controller/virtual_ps_controller
[7.058s] -- Up-to-date: /home/raz/tehiru/Tehiru-Homework-assignment/drone_ws/install/virtual_ps_controller/include/virtual_ps_controller/virtual_ps_controller/msg
[7.058s] -- Up-to-date: /home/raz/tehiru/Tehiru-Homework-assignment/drone_ws/install/virtual_ps_controller/include/virtual_ps_controller/virtual_ps_controller/msg/detail
[7.058s] -- Up-to-date: /home/raz/tehiru/Tehiru-Homework-assignment/drone_ws/install/virtual_ps_controller/include/virtual_ps_controller/virtual_ps_controller/msg/detail/button_state__rosidl_typesupport_introspection_c.h
[7.058s] -- Up-to-date: /home/raz/tehiru/Tehiru-Homework-assignment/drone_ws/install/virtual_ps_controller/include/virtual_ps_controller/virtual_ps_controller/msg/detail/controller_state__rosidl_typesupport_introspection_c.h
[7.058s] -- Up-to-date: /home/raz/tehiru/Tehiru-Homework-assignment/drone_ws/install/virtual_ps_controller/include/virtual_ps_controller/virtual_ps_controller/msg/detail/button_state__type_support.c
[7.058s] -- Up-to-date: /home/raz/tehiru/Tehiru-Homework-assignment/drone_ws/install/virtual_ps_controller/include/virtual_ps_controller/virtual_ps_controller/msg/detail/controller_state__type_support.c
[7.058s] -- Up-to-date: /home/raz/tehiru/Tehiru-Homework-assignment/drone_ws/install/virtual_ps_controller/include/virtual_ps_controller/virtual_ps_controller/msg/rosidl_typesupport_introspection_c__visibility_control.h
[7.058s] -- Up-to-date: /home/raz/tehiru/Tehiru-Homework-assignment/drone_ws/install/virtual_ps_controller/include/virtual_ps_controller/virtual_ps_controller/srv
[7.058s] -- Up-to-date: /home/raz/tehiru/Tehiru-Homework-assignment/drone_ws/install/virtual_ps_controller/include/virtual_ps_controller/virtual_ps_controller/srv/detail
[7.058s] -- Up-to-date: /home/raz/tehiru/Tehiru-Homework-assignment/drone_ws/install/virtual_ps_controller/include/virtual_ps_controller/virtual_ps_controller/srv/detail/set_button__rosidl_typesupport_introspection_c.h
[7.058s] -- Up-to-date: /home/raz/tehiru/Tehiru-Homework-assignment/drone_ws/install/virtual_ps_controller/include/virtual_ps_controller/virtual_ps_controller/srv/detail/set_button__type_support.c
[7.058s] -- Up-to-date: /home/raz/tehiru/Tehiru-Homework-assignment/drone_ws/install/virtual_ps_controller/lib/libvirtual_ps_controller__rosidl_typesupport_introspection_c.so
[7.058s] -- Up-to-date: /home/raz/tehiru/Tehiru-Homework-assignment/drone_ws/install/virtual_ps_controller/lib/libvirtual_ps_controller__rosidl_typesupport_c.so
[7.058s] -- Up-to-date: /home/raz/tehiru/Tehiru-Homework-assignment/drone_ws/install/virtual_ps_controller/include/virtual_ps_controller/virtual_ps_controller
[7.058s] -- Up-to-date: /home/raz/tehiru/Tehiru-Homework-assignment/drone_ws/install/virtual_ps_controller/include/virtual_ps_controller/virtual_ps_controller/msg
[7.058s] -- Up-to-date: /home/raz/tehiru/Tehiru-Homework-assignment/drone_ws/install/virtual_ps_controller/include/virtual_ps_controller/virtual_ps_controller/msg/detail
[7.058s] -- Up-to-date: /home/raz/tehiru/Tehiru-Homework-assignment/drone_ws/install/virtual_ps_controller/include/virtual_ps_controller/virtual_ps_controller/msg/detail/button_state__type_support.cpp
[7.058s] -- Up-to-date: /home/raz/tehiru/Tehiru-Homework-assignment/drone_ws/install/virtual_ps_controller/include/virtual_ps_controller/virtual_ps_controller/msg/detail/controller_state__rosidl_typesupport_introspection_cpp.hpp
[7.058s] -- Up-to-date: /home/raz/tehiru/Tehiru-Homework-assignment/drone_ws/install/virtual_ps_controller/include/virtual_ps_controller/virtual_ps_controller/msg/detail/button_state__rosidl_typesupport_introspection_cpp.hpp
[7.058s] -- Up-to-date: /home/raz/tehiru/Tehiru-Homework-assignment/drone_ws/install/virtual_ps_controller/include/virtual_ps_controller/virtual_ps_controller/msg/detail/controller_state__type_support.cpp
[7.058s] -- Up-to-date: /home/raz/tehiru/Tehiru-Homework-assignment/drone_ws/install/virtual_ps_controller/include/virtual_ps_controller/virtual_ps_controller/srv
[7.058s] -- Up-to-date: /home/raz/tehiru/Tehiru-Homework-assignment/drone_ws/install/virtual_ps_controller/include/virtual_ps_controller/virtual_ps_controller/srv/detail
[7.058s] -- Up-to-date: /home/raz/tehiru/Tehiru-Homework-assignment/drone_ws/install/virtual_ps_controller/include/virtual_ps_controller/virtual_ps_controller/srv/detail/set_button__rosidl_typesupport_introspection_cpp.hpp
[7.058s] -- Up-to-date: /home/raz/tehiru/Tehiru-Homework-assignment/drone_ws/install/virtual_ps_controller/include/virtual_ps_controller/virtual_ps_controller/srv/detail/set_button__type_support.cpp
[7.058s] -- Up-to-date: /home/raz/tehiru/Tehiru-Homework-assignment/drone_ws/install/virtual_ps_controller/lib/libvirtual_ps_controller__rosidl_typesupport_introspection_cpp.so
[7.058s] -- Up-to-date: /home/raz/tehiru/Tehiru-Homework-assignment/drone_ws/install/virtual_ps_controller/lib/libvirtual_ps_controller__rosidl_typesupport_cpp.so
[7.058s] -- Up-to-date: /home/raz/tehiru/Tehiru-Homework-assignment/drone_ws/install/virtual_ps_controller/share/virtual_ps_controller/environment/pythonpath.sh
[7.059s] -- Installing: /home/raz/tehiru/Tehiru-Homework-assignment/drone_ws/install/virtual_ps_controller/share/virtual_ps_controller/environment/pythonpath.dsv
[7.059s] -- Up-to-date: /home/raz/tehiru/Tehiru-Homework-assignment/drone_ws/install/virtual_ps_controller/local/lib/python3.10/dist-packages/virtual_ps_controller-0.0.0-py3.10.egg-info
[7.059s] -- Installing: /home/raz/tehiru/Tehiru-Homework-assignment/drone_ws/install/virtual_ps_controller/local/lib/python3.10/dist-packages/virtual_ps_controller-0.0.0-py3.10.egg-info/PKG-INFO
[7.059s] -- Installing: /home/raz/tehiru/Tehiru-Homework-assignment/drone_ws/install/virtual_ps_controller/local/lib/python3.10/dist-packages/virtual_ps_controller-0.0.0-py3.10.egg-info/top_level.txt
[7.059s] -- Installing: /home/raz/tehiru/Tehiru-Homework-assignment/drone_ws/install/virtual_ps_controller/local/lib/python3.10/dist-packages/virtual_ps_controller-0.0.0-py3.10.egg-info/dependency_links.txt
[7.059s] -- Installing: /home/raz/tehiru/Tehiru-Homework-assignment/drone_ws/install/virtual_ps_controller/local/lib/python3.10/dist-packages/virtual_ps_controller-0.0.0-py3.10.egg-info/SOURCES.txt
[7.059s] -- Up-to-date: /home/raz/tehiru/Tehiru-Homework-assignment/drone_ws/install/virtual_ps_controller/local/lib/python3.10/dist-packages/virtual_ps_controller
[7.059s] -- Up-to-date: /home/raz/tehiru/Tehiru-Homework-assignment/drone_ws/install/virtual_ps_controller/local/lib/python3.10/dist-packages/virtual_ps_controller/virtual_ps_controller_s__rosidl_typesupport_c.cpython-310-x86_64-linux-gnu.so
[7.059s] -- Up-to-date: /home/raz/tehiru/Tehiru-Homework-assignment/drone_ws/install/virtual_ps_controller/local/lib/python3.10/dist-packages/virtual_ps_controller/virtual_ps_controller_s__rosidl_typesupport_fastrtps_c.cpython-310-x86_64-linux-gnu.so
[7.059s] -- Up-to-date: /home/raz/tehiru/Tehiru-Homework-assignment/drone_ws/install/virtual_ps_controller/local/lib/python3.10/dist-packages/virtual_ps_controller/virtual_ps_controller_s__rosidl_typesupport_introspection_c.cpython-310-x86_64-linux-gnu.so
[7.059s] -- Up-to-date: /home/raz/tehiru/Tehiru-Homework-assignment/drone_ws/install/virtual_ps_controller/local/lib/python3.10/dist-packages/virtual_ps_controller/_virtual_ps_controller_s.ep.rosidl_typesupport_c.c
[7.059s] -- Up-to-date: /home/raz/tehiru/Tehiru-Homework-assignment/drone_ws/install/virtual_ps_controller/local/lib/python3.10/dist-packages/virtual_ps_controller/msg
[7.059s] -- Up-to-date: /home/raz/tehiru/Tehiru-Homework-assignment/drone_ws/install/virtual_ps_controller/local/lib/python3.10/dist-packages/virtual_ps_controller/msg/_controller_state.py
[7.059s] -- Up-to-date: /home/raz/tehiru/Tehiru-Homework-assignment/drone_ws/install/virtual_ps_controller/local/lib/python3.10/dist-packages/virtual_ps_controller/msg/_button_state.py
[7.059s] -- Up-to-date: /home/raz/tehiru/Tehiru-Homework-assignment/drone_ws/install/virtual_ps_controller/local/lib/python3.10/dist-packages/virtual_ps_controller/msg/__init__.py
[7.059s] -- Up-to-date: /home/raz/tehiru/Tehiru-Homework-assignment/drone_ws/install/virtual_ps_controller/local/lib/python3.10/dist-packages/virtual_ps_controller/msg/_button_state_s.c
[7.059s] -- Up-to-date: /home/raz/tehiru/Tehiru-Homework-assignment/drone_ws/install/virtual_ps_controller/local/lib/python3.10/dist-packages/virtual_ps_controller/msg/_controller_state_s.c
[7.059s] -- Up-to-date: /home/raz/tehiru/Tehiru-Homework-assignment/drone_ws/install/virtual_ps_controller/local/lib/python3.10/dist-packages/virtual_ps_controller/_virtual_ps_controller_s.ep.rosidl_typesupport_introspection_c.c
[7.059s] -- Installing: /home/raz/tehiru/Tehiru-Homework-assignment/drone_ws/install/virtual_ps_controller/local/lib/python3.10/dist-packages/virtual_ps_controller/__init__.py
[7.059s] -- Up-to-date: /home/raz/tehiru/Tehiru-Homework-assignment/drone_ws/install/virtual_ps_controller/local/lib/python3.10/dist-packages/virtual_ps_controller/_virtual_ps_controller_s.ep.rosidl_typesupport_fastrtps_c.c
[7.059s] -- Up-to-date: /home/raz/tehiru/Tehiru-Homework-assignment/drone_ws/install/virtual_ps_controller/local/lib/python3.10/dist-packages/virtual_ps_controller/srv
[7.059s] -- Up-to-date: /home/raz/tehiru/Tehiru-Homework-assignment/drone_ws/install/virtual_ps_controller/local/lib/python3.10/dist-packages/virtual_ps_controller/srv/_set_button.py
[7.059s] -- Up-to-date: /home/raz/tehiru/Tehiru-Homework-assignment/drone_ws/install/virtual_ps_controller/local/lib/python3.10/dist-packages/virtual_ps_controller/srv/__init__.py
[7.059s] -- Up-to-date: /home/raz/tehiru/Tehiru-Homework-assignment/drone_ws/install/virtual_ps_controller/local/lib/python3.10/dist-packages/virtual_ps_controller/srv/_set_button_s.c
[7.059s] -- Up-to-date: /home/raz/tehiru/Tehiru-Homework-assignment/drone_ws/install/virtual_ps_controller/local/lib/python3.10/dist-packages/virtual_ps_controller/libvirtual_ps_controller__rosidl_generator_py.so
[7.082s] Listing '/home/raz/tehiru/Tehiru-Homework-assignment/drone_ws/install/virtual_ps_controller/local/lib/python3.10/dist-packages/virtual_ps_controller'...
[7.082s] Compiling '/home/raz/tehiru/Tehiru-Homework-assignment/drone_ws/install/virtual_ps_controller/local/lib/python3.10/dist-packages/virtual_ps_controller/__init__.py'...
[7.082s] Listing '/home/raz/tehiru/Tehiru-Homework-assignment/drone_ws/install/virtual_ps_controller/local/lib/python3.10/dist-packages/virtual_ps_controller/msg'...
[7.082s] Listing '/home/raz/tehiru/Tehiru-Homework-assignment/drone_ws/install/virtual_ps_controller/local/lib/python3.10/dist-packages/virtual_ps_controller/srv'...
[7.085s] -- Up-to-date: /home/raz/tehiru/Tehiru-Homework-assignment/drone_ws/install/virtual_ps_controller/local/lib/python3.10/dist-packages/virtual_ps_controller/virtual_ps_controller_s__rosidl_typesupport_fastrtps_c.cpython-310-x86_64-linux-gnu.so
[7.086s] -- Up-to-date: /home/raz/tehiru/Tehiru-Homework-assignment/drone_ws/install/virtual_ps_controller/local/lib/python3.10/dist-packages/virtual_ps_controller/virtual_ps_controller_s__rosidl_typesupport_introspection_c.cpython-310-x86_64-linux-gnu.so
[7.086s] -- Up-to-date: /home/raz/tehiru/Tehiru-Homework-assignment/drone_ws/install/virtual_ps_controller/local/lib/python3.10/dist-packages/virtual_ps_controller/virtual_ps_controller_s__rosidl_typesupport_c.cpython-310-x86_64-linux-gnu.so
[7.086s] -- Up-to-date: /home/raz/tehiru/Tehiru-Homework-assignment/drone_ws/install/virtual_ps_controller/lib/libvirtual_ps_controller__rosidl_generator_py.so
[7.086s] -- Up-to-date: /home/raz/tehiru/Tehiru-Homework-assignment/drone_ws/install/virtual_ps_controller/share/virtual_ps_controller/msg/ButtonState.idl
[7.086s] -- Up-to-date: /home/raz/tehiru/Tehiru-Homework-assignment/drone_ws/install/virtual_ps_controller/share/virtual_ps_controller/msg/ControllerState.idl
[7.086s] -- Up-to-date: /home/raz/tehiru/Tehiru-Homework-assignment/drone_ws/install/virtual_ps_controller/share/virtual_ps_controller/srv/SetButton.idl
[7.086s] -- Up-to-date: /home/raz/tehiru/Tehiru-Homework-assignment/drone_ws/install/virtual_ps_controller/share/virtual_ps_controller/msg/ButtonState.msg
[7.086s] -- Up-to-date: /home/raz/tehiru/Tehiru-Homework-assignment/drone_ws/install/virtual_ps_controller/share/virtual_ps_controller/msg/ControllerState.msg
[7.086s] -- Up-to-date: /home/raz/tehiru/Tehiru-Homework-assignment/drone_ws/install/virtual_ps_controller/share/virtual_ps_controller/srv/SetButton.srv
[7.086s] -- Up-to-date: /home/raz/tehiru/Tehiru-Homework-assignment/drone_ws/install/virtual_ps_controller/share/virtual_ps_controller/srv/SetButton_Request.msg
[7.086s] -- Up-to-date: /home/raz/tehiru/Tehiru-Homework-assignment/drone_ws/install/virtual_ps_controller/share/virtual_ps_controller/srv/SetButton_Response.msg
[7.086s] -- Installing: /home/raz/tehiru/Tehiru-Homework-assignment/drone_ws/install/virtual_ps_controller/lib/virtual_ps_controller/ps_controller_node
[7.089s] -- Set runtime path of "/home/raz/tehiru/Tehiru-Homework-assignment/drone_ws/install/virtual_ps_controller/lib/virtual_ps_controller/ps_controller_node" to ""
[7.089s] -- Up-to-date: /home/raz/tehiru/Tehiru-Homework-assignment/drone_ws/install/virtual_ps_controller/include/include
[7.089s] -- Up-to-date: /home/raz/tehiru/Tehiru-Homework-assignment/drone_ws/install/virtual_ps_controller/include/include/virtual_ps_controller
[7.089s] -- Installing: /home/raz/tehiru/Tehiru-Homework-assignment/drone_ws/install/virtual_ps_controller/include/include/virtual_ps_controller/ps_controller.hpp
[7.089s] -- Up-to-date: /home/raz/tehiru/Tehiru-Homework-assignment/drone_ws/install/virtual_ps_controller/include/include/virtual_ps_controller/controller.hpp
[7.089s] -- Up-to-date: /home/raz/tehiru/Tehiru-Homework-assignment/drone_ws/install/virtual_ps_controller/share/virtual_ps_controller/launch
[7.089s] -- Up-to-date: /home/raz/tehiru/Tehiru-Homework-assignment/drone_ws/install/virtual_ps_controller/share/virtual_ps_controller/launch/virtual_ps_controller.launch.py
[7.089s] -- Up-to-date: /home/raz/tehiru/Tehiru-Homework-assignment/drone_ws/install/virtual_ps_controller/share/virtual_ps_controller/config
[7.089s] -- Up-to-date: /home/raz/tehiru/Tehiru-Homework-assignment/drone_ws/install/virtual_ps_controller/share/ament_index/resource_index/package_run_dependencies/virtual_ps_controller
[7.089s] -- Installing: /home/raz/tehiru/Tehiru-Homework-assignment/drone_ws/install/virtual_ps_controller/share/ament_index/resource_index/parent_prefix_path/virtual_ps_controller
[7.089s] -- Up-to-date: /home/raz/tehiru/Tehiru-Homework-assignment/drone_ws/install/virtual_ps_controller/share/virtual_ps_controller/environment/ament_prefix_path.sh
[7.089s] -- Installing: /home/raz/tehiru/Tehiru-Homework-assignment/drone_ws/install/virtual_ps_controller/share/virtual_ps_controller/environment/ament_prefix_path.dsv
[7.089s] -- Up-to-date: /home/raz/tehiru/Tehiru-Homework-assignment/drone_ws/install/virtual_ps_controller/share/virtual_ps_controller/environment/path.sh
[7.089s] -- Installing: /home/raz/tehiru/Tehiru-Homework-assignment/drone_ws/install/virtual_ps_controller/share/virtual_ps_controller/environment/path.dsv
[7.089s] -- Up-to-date: /home/raz/tehiru/Tehiru-Homework-assignment/drone_ws/install/virtual_ps_controller/share/virtual_ps_controller/local_setup.bash
[7.089s] -- Up-to-date: /home/raz/tehiru/Tehiru-Homework-assignment/drone_ws/install/virtual_ps_controller/share/virtual_ps_controller/local_setup.sh
[7.089s] -- Up-to-date: /home/raz/tehiru/Tehiru-Homework-assignment/drone_ws/install/virtual_ps_controller/share/virtual_ps_controller/local_setup.zsh
[7.089s] -- Installing: /home/raz/tehiru/Tehiru-Homework-assignment/drone_ws/install/virtual_ps_controller/share/virtual_ps_controller/local_setup.dsv
[7.089s] -- Installing: /home/raz/tehiru/Tehiru-Homework-assignment/drone_ws/install/virtual_ps_controller/share/virtual_ps_controller/package.dsv
[7.089s] -- Up-to-date: /home/raz/tehiru/Tehiru-Homework-assignment/drone_ws/install/virtual_ps_controller/share/ament_index/resource_index/packages/virtual_ps_controller
[7.089s] -- Up-to-date: /home/raz/tehiru/Tehiru-Homework-assignment/drone_ws/install/virtual_ps_controller/share/virtual_ps_controller/cmake/export_virtual_ps_controller__rosidl_generator_cExport.cmake
[7.089s] -- Up-to-date: /home/raz/tehiru/Tehiru-Homework-assignment/drone_ws/install/virtual_ps_controller/share/virtual_ps_controller/cmake/export_virtual_ps_controller__rosidl_generator_cExport-noconfig.cmake
[7.089s] -- Up-to-date: /home/raz/tehiru/Tehiru-Homework-assignment/drone_ws/install/virtual_ps_controller/share/virtual_ps_controller/cmake/export_virtual_ps_controller__rosidl_typesupport_fastrtps_cExport.cmake
[7.090s] -- Up-to-date: /home/raz/tehiru/Tehiru-Homework-assignment/drone_ws/install/virtual_ps_controller/share/virtual_ps_controller/cmake/export_virtual_ps_controller__rosidl_typesupport_fastrtps_cExport-noconfig.cmake
[7.090s] -- Up-to-date: /home/raz/tehiru/Tehiru-Homework-assignment/drone_ws/install/virtual_ps_controller/share/virtual_ps_controller/cmake/export_virtual_ps_controller__rosidl_generator_cppExport.cmake
[7.090s] -- Up-to-date: /home/raz/tehiru/Tehiru-Homework-assignment/drone_ws/install/virtual_ps_controller/share/virtual_ps_controller/cmake/export_virtual_ps_controller__rosidl_typesupport_fastrtps_cppExport.cmake
[7.090s] -- Up-to-date: /home/raz/tehiru/Tehiru-Homework-assignment/drone_ws/install/virtual_ps_controller/share/virtual_ps_controller/cmake/export_virtual_ps_controller__rosidl_typesupport_fastrtps_cppExport-noconfig.cmake
[7.090s] -- Up-to-date: /home/raz/tehiru/Tehiru-Homework-assignment/drone_ws/install/virtual_ps_controller/share/virtual_ps_controller/cmake/virtual_ps_controller__rosidl_typesupport_introspection_cExport.cmake
[7.090s] -- Up-to-date: /home/raz/tehiru/Tehiru-Homework-assignment/drone_ws/install/virtual_ps_controller/share/virtual_ps_controller/cmake/virtual_ps_controller__rosidl_typesupport_introspection_cExport-noconfig.cmake
[7.090s] -- Up-to-date: /home/raz/tehiru/Tehiru-Homework-assignment/drone_ws/install/virtual_ps_controller/share/virtual_ps_controller/cmake/virtual_ps_controller__rosidl_typesupport_cExport.cmake
[7.090s] -- Up-to-date: /home/raz/tehiru/Tehiru-Homework-assignment/drone_ws/install/virtual_ps_controller/share/virtual_ps_controller/cmake/virtual_ps_controller__rosidl_typesupport_cExport-noconfig.cmake
[7.090s] -- Up-to-date: /home/raz/tehiru/Tehiru-Homework-assignment/drone_ws/install/virtual_ps_controller/share/virtual_ps_controller/cmake/virtual_ps_controller__rosidl_typesupport_introspection_cppExport.cmake
[7.090s] -- Up-to-date: /home/raz/tehiru/Tehiru-Homework-assignment/drone_ws/install/virtual_ps_controller/share/virtual_ps_controller/cmake/virtual_ps_controller__rosidl_typesupport_introspection_cppExport-noconfig.cmake
[7.090s] -- Up-to-date: /home/raz/tehiru/Tehiru-Homework-assignment/drone_ws/install/virtual_ps_controller/share/virtual_ps_controller/cmake/virtual_ps_controller__rosidl_typesupport_cppExport.cmake
[7.090s] -- Up-to-date: /home/raz/tehiru/Tehiru-Homework-assignment/drone_ws/install/virtual_ps_controller/share/virtual_ps_controller/cmake/virtual_ps_controller__rosidl_typesupport_cppExport-noconfig.cmake
[7.090s] -- Up-to-date: /home/raz/tehiru/Tehiru-Homework-assignment/drone_ws/install/virtual_ps_controller/share/virtual_ps_controller/cmake/export_virtual_ps_controller__rosidl_generator_pyExport.cmake
[7.090s] -- Up-to-date: /home/raz/tehiru/Tehiru-Homework-assignment/drone_ws/install/virtual_ps_controller/share/virtual_ps_controller/cmake/export_virtual_ps_controller__rosidl_generator_pyExport-noconfig.cmake
[7.090s] -- Up-to-date: /home/raz/tehiru/Tehiru-Homework-assignment/drone_ws/install/virtual_ps_controller/share/virtual_ps_controller/cmake/rosidl_cmake-extras.cmake
[7.090s] -- Up-to-date: /home/raz/tehiru/Tehiru-Homework-assignment/drone_ws/install/virtual_ps_controller/share/virtual_ps_controller/cmake/ament_cmake_export_dependencies-extras.cmake
[7.090s] -- Up-to-date: /home/raz/tehiru/Tehiru-Homework-assignment/drone_ws/install/virtual_ps_controller/share/virtual_ps_controller/cmake/ament_cmake_export_include_directories-extras.cmake
[7.090s] -- Up-to-date: /home/raz/tehiru/Tehiru-Homework-assignment/drone_ws/install/virtual_ps_controller/share/virtual_ps_controller/cmake/ament_cmake_export_libraries-extras.cmake
[7.090s] -- Up-to-date: /home/raz/tehiru/Tehiru-Homework-assignment/drone_ws/install/virtual_ps_controller/share/virtual_ps_controller/cmake/ament_cmake_export_targets-extras.cmake
[7.090s] -- Up-to-date: /home/raz/tehiru/Tehiru-Homework-assignment/drone_ws/install/virtual_ps_controller/share/virtual_ps_controller/cmake/rosidl_cmake_export_typesupport_targets-extras.cmake
[7.090s] -- Up-to-date: /home/raz/tehiru/Tehiru-Homework-assignment/drone_ws/install/virtual_ps_controller/share/virtual_ps_controller/cmake/rosidl_cmake_export_typesupport_libraries-extras.cmake
[7.090s] -- Up-to-date: /home/raz/tehiru/Tehiru-Homework-assignment/drone_ws/install/virtual_ps_controller/share/virtual_ps_controller/cmake/virtual_ps_controllerConfig.cmake
[7.090s] -- Up-to-date: /home/raz/tehiru/Tehiru-Homework-assignment/drone_ws/install/virtual_ps_controller/share/virtual_ps_controller/cmake/virtual_ps_controllerConfig-version.cmake
[7.090s] -- Up-to-date: /home/raz/tehiru/Tehiru-Homework-assignment/drone_ws/install/virtual_ps_controller/share/virtual_ps_controller/package.xml
[7.091s] Invoked command in '/home/raz/tehiru/Tehiru-Homework-assignment/drone_ws/build/virtual_ps_controller' returned '0': CMAKE_PREFIX_PATH=${CMAKE_PREFIX_PATH}:/home/raz/tehiru/Tehiru-Homework-assignment/drone_ws/install/virtual_controller:/home/raz/tehiru/Tehiru-Homework-assignment/drone_ws/install/liftoff_telemetry:/home/raz/tehiru/Tehiru-Homework-assignment/drone_ws/install/liftoff_interface:/opt/ros/humble /usr/bin/cmake --install /home/raz/tehiru/Tehiru-Homework-assignment/drone_ws/build/virtual_ps_controller
