[0.759s] Invoking command in '/home/raz/tehiru/Tehiru-Homework-assignment/drone_ws/build/virtual_controller': PYTHONPATH=/home/raz/tehiru/Tehiru-Homework-assignment/drone_ws/build/virtual_controller/prefix_override:/usr/lib/python3/dist-packages/colcon_core/task/python/colcon_distutils_commands:/home/raz/tehiru/Tehiru-Homework-assignment/drone_ws/install/virtual_controller/lib/python3.10/site-packages:${PYTHONPATH} /usr/bin/python3 -W ignore:setup.py install is deprecated -W ignore:easy_install command is deprecated setup.py develop --uninstall --editable --build-directory /home/raz/tehiru/Tehiru-Homework-assignment/drone_ws/build/virtual_controller/build
[0.919s] running develop
[1.024s] Removing /home/raz/tehiru/Tehiru-Homework-assignment/drone_ws/install/virtual_controller/lib/python3.10/site-packages/virtual-controller.egg-link (link to .)
[1.047s] Invoked command in '/home/raz/tehiru/Tehiru-Homework-assignment/drone_ws/build/virtual_controller' returned '0': PYTHONPATH=/home/raz/tehiru/Tehiru-Homework-assignment/drone_ws/build/virtual_controller/prefix_override:/usr/lib/python3/dist-packages/colcon_core/task/python/colcon_distutils_commands:/home/raz/tehiru/Tehiru-Homework-assignment/drone_ws/install/virtual_controller/lib/python3.10/site-packages:${PYTHONPATH} /usr/bin/python3 -W ignore:setup.py install is deprecated -W ignore:easy_install command is deprecated setup.py develop --uninstall --editable --build-directory /home/raz/tehiru/Tehiru-Homework-assignment/drone_ws/build/virtual_controller/build
[1.048s] Invoking command in '/home/raz/tehiru/Tehiru-Homework-assignment/drone_ws/src/virtual_controller': PYTHONPATH=/home/raz/tehiru/Tehiru-Homework-assignment/drone_ws/build/virtual_controller/prefix_override:/usr/lib/python3/dist-packages/colcon_core/task/python/colcon_distutils_commands:/home/raz/tehiru/Tehiru-Homework-assignment/drone_ws/install/virtual_controller/lib/python3.10/site-packages:${PYTHONPATH} /usr/bin/python3 -W ignore:setup.py install is deprecated -W ignore:easy_install command is deprecated setup.py egg_info --egg-base ../../build/virtual_controller build --build-base /home/raz/tehiru/Tehiru-Homework-assignment/drone_ws/build/virtual_controller/build install --record /home/raz/tehiru/Tehiru-Homework-assignment/drone_ws/build/virtual_controller/install.log --single-version-externally-managed install_data --force
[1.193s] running egg_info
[1.194s] writing ../../build/virtual_controller/virtual_controller.egg-info/PKG-INFO
[1.194s] writing dependency_links to ../../build/virtual_controller/virtual_controller.egg-info/dependency_links.txt
[1.194s] writing entry points to ../../build/virtual_controller/virtual_controller.egg-info/entry_points.txt
[1.194s] writing requirements to ../../build/virtual_controller/virtual_controller.egg-info/requires.txt
[1.194s] writing top-level names to ../../build/virtual_controller/virtual_controller.egg-info/top_level.txt
[1.195s] reading manifest file '../../build/virtual_controller/virtual_controller.egg-info/SOURCES.txt'
[1.195s] writing manifest file '../../build/virtual_controller/virtual_controller.egg-info/SOURCES.txt'
[1.195s] running build
[1.195s] running build_py
[1.195s] copying virtual_controller/virtual_controller_node.py -> /home/raz/tehiru/Tehiru-Homework-assignment/drone_ws/build/virtual_controller/build/lib/virtual_controller
[1.196s] running install
[1.196s] running install_lib
[1.196s] creating /home/raz/tehiru/Tehiru-Homework-assignment/drone_ws/install/virtual_controller/lib/python3.10/site-packages/virtual_controller
[1.196s] copying /home/raz/tehiru/Tehiru-Homework-assignment/drone_ws/build/virtual_controller/build/lib/virtual_controller/__init__.py -> /home/raz/tehiru/Tehiru-Homework-assignment/drone_ws/install/virtual_controller/lib/python3.10/site-packages/virtual_controller
[1.196s] copying /home/raz/tehiru/Tehiru-Homework-assignment/drone_ws/build/virtual_controller/build/lib/virtual_controller/virtual_controller_node.py -> /home/raz/tehiru/Tehiru-Homework-assignment/drone_ws/install/virtual_controller/lib/python3.10/site-packages/virtual_controller
[1.196s] byte-compiling /home/raz/tehiru/Tehiru-Homework-assignment/drone_ws/install/virtual_controller/lib/python3.10/site-packages/virtual_controller/__init__.py to __init__.cpython-310.pyc
[1.197s] byte-compiling /home/raz/tehiru/Tehiru-Homework-assignment/drone_ws/install/virtual_controller/lib/python3.10/site-packages/virtual_controller/virtual_controller_node.py to virtual_controller_node.cpython-310.pyc
[1.197s] running install_data
[1.197s] copying resource/virtual_controller -> /home/raz/tehiru/Tehiru-Homework-assignment/drone_ws/install/virtual_controller/share/ament_index/resource_index/packages
[1.197s] copying package.xml -> /home/raz/tehiru/Tehiru-Homework-assignment/drone_ws/install/virtual_controller/share/virtual_controller
[1.198s] running install_egg_info
[1.199s] Copying ../../build/virtual_controller/virtual_controller.egg-info to /home/raz/tehiru/Tehiru-Homework-assignment/drone_ws/install/virtual_controller/lib/python3.10/site-packages/virtual_controller-0.0.0-py3.10.egg-info
[1.199s] running install_scripts
[1.212s] Installing virtual_controller_node script to /home/raz/tehiru/Tehiru-Homework-assignment/drone_ws/install/virtual_controller/lib/virtual_controller
[1.212s] writing list of installed files to '/home/raz/tehiru/Tehiru-Homework-assignment/drone_ws/build/virtual_controller/install.log'
[1.230s] Invoked command in '/home/raz/tehiru/Tehiru-Homework-assignment/drone_ws/src/virtual_controller' returned '0': PYTHONPATH=/home/raz/tehiru/Tehiru-Homework-assignment/drone_ws/build/virtual_controller/prefix_override:/usr/lib/python3/dist-packages/colcon_core/task/python/colcon_distutils_commands:/home/raz/tehiru/Tehiru-Homework-assignment/drone_ws/install/virtual_controller/lib/python3.10/site-packages:${PYTHONPATH} /usr/bin/python3 -W ignore:setup.py install is deprecated -W ignore:easy_install command is deprecated setup.py egg_info --egg-base ../../build/virtual_controller build --build-base /home/raz/tehiru/Tehiru-Homework-assignment/drone_ws/build/virtual_controller/build install --record /home/raz/tehiru/Tehiru-Homework-assignment/drone_ws/build/virtual_controller/install.log --single-version-externally-managed install_data --force
